<?xml version="1.0" encoding="UTF-8"?>
<TestRun id="725830ad-5770-46fa-9dcb-ca51288f967b" name="dmorales@2CFDHS1 2018-02-28 08:26:25" runUser="NOVACOMP\dmorales" xmlns="http://microsoft.com/schemas/VisualStudio/TeamTest/2010">
  <TestSettings name="Local" id="08daa5cd-975a-458b-9aa8-97caecb1c000">
    <Description>These are default test settings for a local test run.</Description>
    <Execution>
      <TestTypeSpecific />
      <AgentRule name="Execution Agents">
      </AgentRule>
    </Execution>
    <Deployment runDeploymentRoot="dmorales_2CFDHS1 2018-02-28 08_26_25" />
    <Properties>
      <Property name="TestSettingsUIType" value="LoadTest" />
    </Properties>
  </TestSettings>
  <Times creation="2018-02-28T08:26:25.0735173-06:00" queuing="2018-02-28T08:26:25.8843002-06:00" start="2018-02-28T08:26:26.2952935-06:00" finish="2018-02-28T08:26:46.9405171-06:00" />
  <ResultSummary outcome="Failed">
    <Counters total="1" executed="1" error="0" failed="1" timeout="0" aborted="0" inconclusive="0" passedButRunAborted="0" notRunnable="0" notExecuted="0" disconnected="0" warning="0" passed="0" completed="0" inProgress="0" pending="0" />
  </ResultSummary>
  <TestDefinitions>
    <WebTest name="WebTest1" storage="e:\users\dmorales\documents\visual studio 2015\projects\codeduitestproject2\webandloadtestproject1\webtest1.webtest" id="ce52c5be-b2c3-472c-bc59-73318cd1e4ec" persistedWebTest="77u/PD94bWwgdmVyc2lvbj0iMS4wIiBlbmNvZGluZz0iVVRGLTgiIHN0YW5kYWxvbmU9InllcyI/Pg0KPFdlYlRlc3QgTmFtZT0iV2ViVGVzdDEiIElkPSJjZTUyYzViZS1iMmMzLTQ3MmMtYmM1OS03MzMxOGNkMWU0ZWMiIE93bmVyPSIiIFByaW9yaXR5PSIyMTQ3NDgzNjQ3IiBFbmFibGVkPSJUcnVlIiBDc3NQcm9qZWN0U3RydWN0dXJlPSIiIENzc0l0ZXJhdGlvbj0iIiBUaW1lb3V0PSIwIiBXb3JrSXRlbUlkcz0iIiB4bWxucz0iaHR0cDovL21pY3Jvc29mdC5jb20vc2NoZW1hcy9WaXN1YWxTdHVkaW8vVGVhbVRlc3QvMjAxMCIgRGVzY3JpcHRpb249IiIgQ3JlZGVudGlhbFVzZXJOYW1lPSIiIENyZWRlbnRpYWxQYXNzd29yZD0iIiBQcmVBdXRoZW50aWNhdGU9IlRydWUiIFByb3h5PSJkZWZhdWx0IiBTdG9wT25FcnJvcj0iRmFsc2UiIFJlY29yZGVkUmVzdWx0RmlsZT0iV2ViVGVzdDEuNDMxZTk3ZWYtZTQ2Mi00N2U5LWJiOWUtYjEyYjczOWE1NTcxLnJlYy53ZWJ0ZXN0cmVzdWx0IiBSZXN1bHRzTG9jYWxlPSIiPg0KICA8SXRlbXM+DQogICAgPFJlcXVlc3QgTWV0aG9kPSJHRVQiIEd1aWQ9IjlkZWMzMTlhLTRkY2EtNGNjNS05ODA0LWI2MTc1YTJjYjg4ZSIgVmVyc2lvbj0iMS4xIiBVcmw9Imh0dHA6Ly9hcGkuYmluZy5jb20vcXNtbC5hc3B4IiBUaGlua1RpbWU9IjAiIFRpbWVvdXQ9IjMwMCIgUGFyc2VEZXBlbmRlbnRSZXF1ZXN0cz0iVHJ1ZSIgRm9sbG93UmVkaXJlY3RzPSJUcnVlIiBSZWNvcmRSZXN1bHQ9IlRydWUiIENhY2hlPSJGYWxzZSIgUmVzcG9uc2VUaW1lR29hbD0iMCIgRW5jb2Rpbmc9InV0Zi04IiBFeHBlY3RlZEh0dHBTdGF0dXNDb2RlPSIwIiBFeHBlY3RlZFJlc3BvbnNlVXJsPSJodHRwczovL2FwaS5iaW5nLmNvbS9xc21sLmFzcHg/cXVlcnk9biZhbXA7bWF4d2lkdGg9MzI3NjUmYW1wO3Jvd2hlaWdodD0yMCZhbXA7c2VjdGlvbkhlaWdodD0xNjAmYW1wO0ZPUk09SUVTUzRBJmFtcDttYXJrZXQ9ZW4tVVMiIFJlcG9ydGluZ05hbWU9IiIgSWdub3JlSHR0cFN0YXR1c0NvZGU9IkZhbHNlIj4NCiAgICAgIDxRdWVyeVN0cmluZ1BhcmFtZXRlcnM+DQogICAgICAgIDxRdWVyeVN0cmluZ1BhcmFtZXRlciBOYW1lPSJxdWVyeSIgVmFsdWU9Im4iIFJlY29yZGVkVmFsdWU9Im4iIENvcnJlbGF0aW9uQmluZGluZz0iIiBVcmxFbmNvZGU9IkZhbHNlIiBVc2VUb0dyb3VwUmVzdWx0cz0iRmFsc2UiIC8+DQogICAgICAgIDxRdWVyeVN0cmluZ1BhcmFtZXRlciBOYW1lPSJtYXh3aWR0aCIgVmFsdWU9IjMyNzY1IiBSZWNvcmRlZFZhbHVlPSIzMjc2NSIgQ29ycmVsYXRpb25CaW5kaW5nPSIiIFVybEVuY29kZT0iRmFsc2UiIFVzZVRvR3JvdXBSZXN1bHRzPSJGYWxzZSIgLz4NCiAgICAgICAgPFF1ZXJ5U3RyaW5nUGFyYW1ldGVyIE5hbWU9InJvd2hlaWdodCIgVmFsdWU9IjIwIiBSZWNvcmRlZFZhbHVlPSIyMCIgQ29ycmVsYXRpb25CaW5kaW5nPSIiIFVybEVuY29kZT0iRmFsc2UiIFVzZVRvR3JvdXBSZXN1bHRzPSJGYWxzZSIgLz4NCiAgICAgICAgPFF1ZXJ5U3RyaW5nUGFyYW1ldGVyIE5hbWU9InNlY3Rpb25IZWlnaHQiIFZhbHVlPSIxNjAiIFJlY29yZGVkVmFsdWU9IjE2MCIgQ29ycmVsYXRpb25CaW5kaW5nPSIiIFVybEVuY29kZT0iRmFsc2UiIFVzZVRvR3JvdXBSZXN1bHRzPSJGYWxzZSIgLz4NCiAgICAgICAgPFF1ZXJ5U3RyaW5nUGFyYW1ldGVyIE5hbWU9IkZPUk0iIFZhbHVlPSJJRVNTNEEiIFJlY29yZGVkVmFsdWU9IklFU1M0QSIgQ29ycmVsYXRpb25CaW5kaW5nPSIiIFVybEVuY29kZT0iRmFsc2UiIFVzZVRvR3JvdXBSZXN1bHRzPSJGYWxzZSIgLz4NCiAgICAgICAgPFF1ZXJ5U3RyaW5nUGFyYW1ldGVyIE5hbWU9Im1hcmtldCIgVmFsdWU9ImVuLVVTIiBSZWNvcmRlZFZhbHVlPSJlbi1VUyIgQ29ycmVsYXRpb25CaW5kaW5nPSIiIFVybEVuY29kZT0iRmFsc2UiIFVzZVRvR3JvdXBSZXN1bHRzPSJGYWxzZSIgLz4NCiAgICAgIDwvUXVlcnlTdHJpbmdQYXJhbWV0ZXJzPg0KICAgIDwvUmVxdWVzdD4NCiAgICA8UmVxdWVzdCBNZXRob2Q9IkdFVCIgR3VpZD0iOGFjZDI1OGEtOTZmMC00ZTVkLWFhZWUtNDc5NGFhOWI1OWQyIiBWZXJzaW9uPSIxLjEiIFVybD0iaHR0cDovL2FwaS5iaW5nLmNvbS9xc21sLmFzcHgiIFRoaW5rVGltZT0iMCIgVGltZW91dD0iMzAwIiBQYXJzZURlcGVuZGVudFJlcXVlc3RzPSJUcnVlIiBGb2xsb3dSZWRpcmVjdHM9IlRydWUiIFJlY29yZFJlc3VsdD0iVHJ1ZSIgQ2FjaGU9IkZhbHNlIiBSZXNwb25zZVRpbWVHb2FsPSIwIiBFbmNvZGluZz0idXRmLTgiIEV4cGVjdGVkSHR0cFN0YXR1c0NvZGU9IjAiIEV4cGVjdGVkUmVzcG9uc2VVcmw9Imh0dHBzOi8vYXBpLmJpbmcuY29tL3FzbWwuYXNweD9xdWVyeT1uVSZhbXA7bWF4d2lkdGg9MzI3NjUmYW1wO3Jvd2hlaWdodD0yMCZhbXA7c2VjdGlvbkhlaWdodD0xNjAmYW1wO0ZPUk09SUVTUzRBJmFtcDttYXJrZXQ9ZW4tVVMiIFJlcG9ydGluZ05hbWU9IiIgSWdub3JlSHR0cFN0YXR1c0NvZGU9IkZhbHNlIj4NCiAgICAgIDxRdWVyeVN0cmluZ1BhcmFtZXRlcnM+DQogICAgICAgIDxRdWVyeVN0cmluZ1BhcmFtZXRlciBOYW1lPSJxdWVyeSIgVmFsdWU9Im5VIiBSZWNvcmRlZFZhbHVlPSJuVSIgQ29ycmVsYXRpb25CaW5kaW5nPSIiIFVybEVuY29kZT0iRmFsc2UiIFVzZVRvR3JvdXBSZXN1bHRzPSJGYWxzZSIgLz4NCiAgICAgICAgPFF1ZXJ5U3RyaW5nUGFyYW1ldGVyIE5hbWU9Im1heHdpZHRoIiBWYWx1ZT0iMzI3NjUiIFJlY29yZGVkVmFsdWU9IjMyNzY1IiBDb3JyZWxhdGlvbkJpbmRpbmc9IiIgVXJsRW5jb2RlPSJGYWxzZSIgVXNlVG9Hcm91cFJlc3VsdHM9IkZhbHNlIiAvPg0KICAgICAgICA8UXVlcnlTdHJpbmdQYXJhbWV0ZXIgTmFtZT0icm93aGVpZ2h0IiBWYWx1ZT0iMjAiIFJlY29yZGVkVmFsdWU9IjIwIiBDb3JyZWxhdGlvbkJpbmRpbmc9IiIgVXJsRW5jb2RlPSJGYWxzZSIgVXNlVG9Hcm91cFJlc3VsdHM9IkZhbHNlIiAvPg0KICAgICAgICA8UXVlcnlTdHJpbmdQYXJhbWV0ZXIgTmFtZT0ic2VjdGlvbkhlaWdodCIgVmFsdWU9IjE2MCIgUmVjb3JkZWRWYWx1ZT0iMTYwIiBDb3JyZWxhdGlvbkJpbmRpbmc9IiIgVXJsRW5jb2RlPSJGYWxzZSIgVXNlVG9Hcm91cFJlc3VsdHM9IkZhbHNlIiAvPg0KICAgICAgICA8UXVlcnlTdHJpbmdQYXJhbWV0ZXIgTmFtZT0iRk9STSIgVmFsdWU9IklFU1M0QSIgUmVjb3JkZWRWYWx1ZT0iSUVTUzRBIiBDb3JyZWxhdGlvbkJpbmRpbmc9IiIgVXJsRW5jb2RlPSJGYWxzZSIgVXNlVG9Hcm91cFJlc3VsdHM9IkZhbHNlIiAvPg0KICAgICAgICA8UXVlcnlTdHJpbmdQYXJhbWV0ZXIgTmFtZT0ibWFya2V0IiBWYWx1ZT0iZW4tVVMiIFJlY29yZGVkVmFsdWU9ImVuLVVTIiBDb3JyZWxhdGlvbkJpbmRpbmc9IiIgVXJsRW5jb2RlPSJGYWxzZSIgVXNlVG9Hcm91cFJlc3VsdHM9IkZhbHNlIiAvPg0KICAgICAgPC9RdWVyeVN0cmluZ1BhcmFtZXRlcnM+DQogICAgPC9SZXF1ZXN0Pg0KICAgIDxSZXF1ZXN0IE1ldGhvZD0iR0VUIiBHdWlkPSJkYzJlYzllNi1lYTIwLTQxNTAtYjI4Ny1kNmI3N2QyNDM1MmYiIFZlcnNpb249IjEuMSIgVXJsPSJodHRwOi8vYXBpLmJpbmcuY29tL3FzbWwuYXNweCIgVGhpbmtUaW1lPSIwIiBUaW1lb3V0PSIzMDAiIFBhcnNlRGVwZW5kZW50UmVxdWVzdHM9IlRydWUiIEZvbGxvd1JlZGlyZWN0cz0iVHJ1ZSIgUmVjb3JkUmVzdWx0PSJUcnVlIiBDYWNoZT0iRmFsc2UiIFJlc3BvbnNlVGltZUdvYWw9IjAiIEVuY29kaW5nPSJ1dGYtOCIgRXhwZWN0ZWRIdHRwU3RhdHVzQ29kZT0iMCIgRXhwZWN0ZWRSZXNwb25zZVVybD0iaHR0cHM6Ly9hcGkuYmluZy5jb20vcXNtbC5hc3B4P3F1ZXJ5PW5VRSZhbXA7bWF4d2lkdGg9MzI3NjUmYW1wO3Jvd2hlaWdodD0yMCZhbXA7c2VjdGlvbkhlaWdodD0xNjAmYW1wO0ZPUk09SUVTUzRBJmFtcDttYXJrZXQ9ZW4tVVMiIFJlcG9ydGluZ05hbWU9IiIgSWdub3JlSHR0cFN0YXR1c0NvZGU9IkZhbHNlIj4NCiAgICAgIDxRdWVyeVN0cmluZ1BhcmFtZXRlcnM+DQogICAgICAgIDxRdWVyeVN0cmluZ1BhcmFtZXRlciBOYW1lPSJxdWVyeSIgVmFsdWU9Im5VRSIgUmVjb3JkZWRWYWx1ZT0iblVFIiBDb3JyZWxhdGlvbkJpbmRpbmc9IiIgVXJsRW5jb2RlPSJGYWxzZSIgVXNlVG9Hcm91cFJlc3VsdHM9IkZhbHNlIiAvPg0KICAgICAgICA8UXVlcnlTdHJpbmdQYXJhbWV0ZXIgTmFtZT0ibWF4d2lkdGgiIFZhbHVlPSIzMjc2NSIgUmVjb3JkZWRWYWx1ZT0iMzI3NjUiIENvcnJlbGF0aW9uQmluZGluZz0iIiBVcmxFbmNvZGU9IkZhbHNlIiBVc2VUb0dyb3VwUmVzdWx0cz0iRmFsc2UiIC8+DQogICAgICAgIDxRdWVyeVN0cmluZ1BhcmFtZXRlciBOYW1lPSJyb3doZWlnaHQiIFZhbHVlPSIyMCIgUmVjb3JkZWRWYWx1ZT0iMjAiIENvcnJlbGF0aW9uQmluZGluZz0iIiBVcmxFbmNvZGU9IkZhbHNlIiBVc2VUb0dyb3VwUmVzdWx0cz0iRmFsc2UiIC8+DQogICAgICAgIDxRdWVyeVN0cmluZ1BhcmFtZXRlciBOYW1lPSJzZWN0aW9uSGVpZ2h0IiBWYWx1ZT0iMTYwIiBSZWNvcmRlZFZhbHVlPSIxNjAiIENvcnJlbGF0aW9uQmluZGluZz0iIiBVcmxFbmNvZGU9IkZhbHNlIiBVc2VUb0dyb3VwUmVzdWx0cz0iRmFsc2UiIC8+DQogICAgICAgIDxRdWVyeVN0cmluZ1BhcmFtZXRlciBOYW1lPSJGT1JNIiBWYWx1ZT0iSUVTUzRBIiBSZWNvcmRlZFZhbHVlPSJJRVNTNEEiIENvcnJlbGF0aW9uQmluZGluZz0iIiBVcmxFbmNvZGU9IkZhbHNlIiBVc2VUb0dyb3VwUmVzdWx0cz0iRmFsc2UiIC8+DQogICAgICAgIDxRdWVyeVN0cmluZ1BhcmFtZXRlciBOYW1lPSJtYXJrZXQiIFZhbHVlPSJlbi1VUyIgUmVjb3JkZWRWYWx1ZT0iZW4tVVMiIENvcnJlbGF0aW9uQmluZGluZz0iIiBVcmxFbmNvZGU9IkZhbHNlIiBVc2VUb0dyb3VwUmVzdWx0cz0iRmFsc2UiIC8+DQogICAgICA8L1F1ZXJ5U3RyaW5nUGFyYW1ldGVycz4NCiAgICA8L1JlcXVlc3Q+DQogICAgPFJlcXVlc3QgTWV0aG9kPSJHRVQiIEd1aWQ9ImFlYzU4N2UxLTRkMTQtNDJmYS1hZmRmLTViMjhlODg5ZDc2MiIgVmVyc2lvbj0iMS4xIiBVcmw9Imh0dHA6Ly9hcGkuYmluZy5jb20vcXNtbC5hc3B4IiBUaGlua1RpbWU9IjAiIFRpbWVvdXQ9IjMwMCIgUGFyc2VEZXBlbmRlbnRSZXF1ZXN0cz0iVHJ1ZSIgRm9sbG93UmVkaXJlY3RzPSJUcnVlIiBSZWNvcmRSZXN1bHQ9IlRydWUiIENhY2hlPSJGYWxzZSIgUmVzcG9uc2VUaW1lR29hbD0iMCIgRW5jb2Rpbmc9InV0Zi04IiBFeHBlY3RlZEh0dHBTdGF0dXNDb2RlPSIwIiBFeHBlY3RlZFJlc3BvbnNlVXJsPSJodHRwczovL2FwaS5iaW5nLmNvbS9xc21sLmFzcHg/cXVlcnk9blVFViZhbXA7bWF4d2lkdGg9MzI3NjUmYW1wO3Jvd2hlaWdodD0yMCZhbXA7c2VjdGlvbkhlaWdodD0xNjAmYW1wO0ZPUk09SUVTUzRBJmFtcDttYXJrZXQ9ZW4tVVMiIFJlcG9ydGluZ05hbWU9IiIgSWdub3JlSHR0cFN0YXR1c0NvZGU9IkZhbHNlIj4NCiAgICAgIDxRdWVyeVN0cmluZ1BhcmFtZXRlcnM+DQogICAgICAgIDxRdWVyeVN0cmluZ1BhcmFtZXRlciBOYW1lPSJxdWVyeSIgVmFsdWU9Im5VRVYiIFJlY29yZGVkVmFsdWU9Im5VRVYiIENvcnJlbGF0aW9uQmluZGluZz0iIiBVcmxFbmNvZGU9IkZhbHNlIiBVc2VUb0dyb3VwUmVzdWx0cz0iRmFsc2UiIC8+DQogICAgICAgIDxRdWVyeVN0cmluZ1BhcmFtZXRlciBOYW1lPSJtYXh3aWR0aCIgVmFsdWU9IjMyNzY1IiBSZWNvcmRlZFZhbHVlPSIzMjc2NSIgQ29ycmVsYXRpb25CaW5kaW5nPSIiIFVybEVuY29kZT0iRmFsc2UiIFVzZVRvR3JvdXBSZXN1bHRzPSJGYWxzZSIgLz4NCiAgICAgICAgPFF1ZXJ5U3RyaW5nUGFyYW1ldGVyIE5hbWU9InJvd2hlaWdodCIgVmFsdWU9IjIwIiBSZWNvcmRlZFZhbHVlPSIyMCIgQ29ycmVsYXRpb25CaW5kaW5nPSIiIFVybEVuY29kZT0iRmFsc2UiIFVzZVRvR3JvdXBSZXN1bHRzPSJGYWxzZSIgLz4NCiAgICAgICAgPFF1ZXJ5U3RyaW5nUGFyYW1ldGVyIE5hbWU9InNlY3Rpb25IZWlnaHQiIFZhbHVlPSIxNjAiIFJlY29yZGVkVmFsdWU9IjE2MCIgQ29ycmVsYXRpb25CaW5kaW5nPSIiIFVybEVuY29kZT0iRmFsc2UiIFVzZVRvR3JvdXBSZXN1bHRzPSJGYWxzZSIgLz4NCiAgICAgICAgPFF1ZXJ5U3RyaW5nUGFyYW1ldGVyIE5hbWU9IkZPUk0iIFZhbHVlPSJJRVNTNEEiIFJlY29yZGVkVmFsdWU9IklFU1M0QSIgQ29ycmVsYXRpb25CaW5kaW5nPSIiIFVybEVuY29kZT0iRmFsc2UiIFVzZVRvR3JvdXBSZXN1bHRzPSJGYWxzZSIgLz4NCiAgICAgICAgPFF1ZXJ5U3RyaW5nUGFyYW1ldGVyIE5hbWU9Im1hcmtldCIgVmFsdWU9ImVuLVVTIiBSZWNvcmRlZFZhbHVlPSJlbi1VUyIgQ29ycmVsYXRpb25CaW5kaW5nPSIiIFVybEVuY29kZT0iRmFsc2UiIFVzZVRvR3JvdXBSZXN1bHRzPSJGYWxzZSIgLz4NCiAgICAgIDwvUXVlcnlTdHJpbmdQYXJhbWV0ZXJzPg0KICAgIDwvUmVxdWVzdD4NCiAgICA8UmVxdWVzdCBNZXRob2Q9IkdFVCIgR3VpZD0iOGExZGRhMTgtNzJiMy00ODZkLWFhMDQtYWNkZTIzOWUwZmZjIiBWZXJzaW9uPSIxLjEiIFVybD0iaHR0cDovL2FwaS5iaW5nLmNvbS9xc21sLmFzcHgiIFRoaW5rVGltZT0iMCIgVGltZW91dD0iMzAwIiBQYXJzZURlcGVuZGVudFJlcXVlc3RzPSJUcnVlIiBGb2xsb3dSZWRpcmVjdHM9IlRydWUiIFJlY29yZFJlc3VsdD0iVHJ1ZSIgQ2FjaGU9IkZhbHNlIiBSZXNwb25zZVRpbWVHb2FsPSIwIiBFbmNvZGluZz0idXRmLTgiIEV4cGVjdGVkSHR0cFN0YXR1c0NvZGU9IjAiIEV4cGVjdGVkUmVzcG9uc2VVcmw9Imh0dHBzOi8vYXBpLmJpbmcuY29tL3FzbWwuYXNweD9xdWVyeT1uVUVWTyZhbXA7bWF4d2lkdGg9MzI3NjUmYW1wO3Jvd2hlaWdodD0yMCZhbXA7c2VjdGlvbkhlaWdodD0xNjAmYW1wO0ZPUk09SUVTUzRBJmFtcDttYXJrZXQ9ZW4tVVMiIFJlcG9ydGluZ05hbWU9IiIgSWdub3JlSHR0cFN0YXR1c0NvZGU9IkZhbHNlIj4NCiAgICAgIDxRdWVyeVN0cmluZ1BhcmFtZXRlcnM+DQogICAgICAgIDxRdWVyeVN0cmluZ1BhcmFtZXRlciBOYW1lPSJxdWVyeSIgVmFsdWU9Im5VRVZPIiBSZWNvcmRlZFZhbHVlPSJuVUVWTyIgQ29ycmVsYXRpb25CaW5kaW5nPSIiIFVybEVuY29kZT0iRmFsc2UiIFVzZVRvR3JvdXBSZXN1bHRzPSJGYWxzZSIgLz4NCiAgICAgICAgPFF1ZXJ5U3RyaW5nUGFyYW1ldGVyIE5hbWU9Im1heHdpZHRoIiBWYWx1ZT0iMzI3NjUiIFJlY29yZGVkVmFsdWU9IjMyNzY1IiBDb3JyZWxhdGlvbkJpbmRpbmc9IiIgVXJsRW5jb2RlPSJGYWxzZSIgVXNlVG9Hcm91cFJlc3VsdHM9IkZhbHNlIiAvPg0KICAgICAgICA8UXVlcnlTdHJpbmdQYXJhbWV0ZXIgTmFtZT0icm93aGVpZ2h0IiBWYWx1ZT0iMjAiIFJlY29yZGVkVmFsdWU9IjIwIiBDb3JyZWxhdGlvbkJpbmRpbmc9IiIgVXJsRW5jb2RlPSJGYWxzZSIgVXNlVG9Hcm91cFJlc3VsdHM9IkZhbHNlIiAvPg0KICAgICAgICA8UXVlcnlTdHJpbmdQYXJhbWV0ZXIgTmFtZT0ic2VjdGlvbkhlaWdodCIgVmFsdWU9IjE2MCIgUmVjb3JkZWRWYWx1ZT0iMTYwIiBDb3JyZWxhdGlvbkJpbmRpbmc9IiIgVXJsRW5jb2RlPSJGYWxzZSIgVXNlVG9Hcm91cFJlc3VsdHM9IkZhbHNlIiAvPg0KICAgICAgICA8UXVlcnlTdHJpbmdQYXJhbWV0ZXIgTmFtZT0iRk9STSIgVmFsdWU9IklFU1M0QSIgUmVjb3JkZWRWYWx1ZT0iSUVTUzRBIiBDb3JyZWxhdGlvbkJpbmRpbmc9IiIgVXJsRW5jb2RlPSJGYWxzZSIgVXNlVG9Hcm91cFJlc3VsdHM9IkZhbHNlIiAvPg0KICAgICAgICA8UXVlcnlTdHJpbmdQYXJhbWV0ZXIgTmFtZT0ibWFya2V0IiBWYWx1ZT0iZW4tVVMiIFJlY29yZGVkVmFsdWU9ImVuLVVTIiBDb3JyZWxhdGlvbkJpbmRpbmc9IiIgVXJsRW5jb2RlPSJGYWxzZSIgVXNlVG9Hcm91cFJlc3VsdHM9IkZhbHNlIiAvPg0KICAgICAgPC9RdWVyeVN0cmluZ1BhcmFtZXRlcnM+DQogICAgPC9SZXF1ZXN0Pg0KICAgIDxSZXF1ZXN0IE1ldGhvZD0iR0VUIiBHdWlkPSJjZTk2MWFiYS0zZGMxLTQxODMtOWY0YS1jMzc4ZGNiMmNhMmMiIFZlcnNpb249IjEuMSIgVXJsPSJodHRwOi8vd3d3LmJpbmcuY29tL3NlYXJjaCIgVGhpbmtUaW1lPSIwIiBUaW1lb3V0PSIzMDAiIFBhcnNlRGVwZW5kZW50UmVxdWVzdHM9IlRydWUiIEZvbGxvd1JlZGlyZWN0cz0iVHJ1ZSIgUmVjb3JkUmVzdWx0PSJUcnVlIiBDYWNoZT0iRmFsc2UiIFJlc3BvbnNlVGltZUdvYWw9IjAiIEVuY29kaW5nPSJ1dGYtOCIgRXhwZWN0ZWRIdHRwU3RhdHVzQ29kZT0iMCIgRXhwZWN0ZWRSZXNwb25zZVVybD0iaHR0cHM6Ly93d3cuYmluZy5jb20vc2VhcmNoP3E9blVFVk8mYW1wO3NyYz1JRS1TZWFyY2hCb3gmYW1wO0ZPUk09SUVTUjRBIiBSZXBvcnRpbmdOYW1lPSIiIElnbm9yZUh0dHBTdGF0dXNDb2RlPSJGYWxzZSI+DQogICAgICA8RXh0cmFjdGlvblJ1bGVzPg0KICAgICAgICA8RXh0cmFjdGlvblJ1bGUgQ2xhc3NuYW1lPSJNaWNyb3NvZnQuVmlzdWFsU3R1ZGlvLlRlc3RUb29scy5XZWJUZXN0aW5nLlJ1bGVzLkV4dHJhY3RIaWRkZW5GaWVsZHMsIE1pY3Jvc29mdC5WaXN1YWxTdHVkaW8uUXVhbGl0eVRvb2xzLldlYlRlc3RGcmFtZXdvcmssIFZlcnNpb249MTAuMC4wLjAsIEN1bHR1cmU9bmV1dHJhbCwgUHVibGljS2V5VG9rZW49YjAzZjVmN2YxMWQ1MGEzYSIgVmFyaWFibGVOYW1lPSIxIiBEaXNwbGF5TmFtZT0iRXh0cmFjdCBIaWRkZW4gRmllbGRzIiBEZXNjcmlwdGlvbj0iRXh0cmFjdCBhbGwgaGlkZGVuIGZpZWxkcyBmcm9tIHRoZSByZXNwb25zZSBhbmQgcGxhY2UgdGhlbSBpbnRvIHRoZSB0ZXN0IGNvbnRleHQuIj4NCiAgICAgICAgICA8UnVsZVBhcmFtZXRlcnM+DQogICAgICAgICAgICA8UnVsZVBhcmFtZXRlciBOYW1lPSJSZXF1aXJlZCIgVmFsdWU9IlRydWUiIC8+DQogICAgICAgICAgICA8UnVsZVBhcmFtZXRlciBOYW1lPSJIdG1sRGVjb2RlIiBWYWx1ZT0iVHJ1ZSIgLz4NCiAgICAgICAgICA8L1J1bGVQYXJhbWV0ZXJzPg0KICAgICAgICA8L0V4dHJhY3Rpb25SdWxlPg0KICAgICAgPC9FeHRyYWN0aW9uUnVsZXM+DQogICAgICA8Q29ycmVsYXRpb25FeHRyYWN0aW9uUnVsZXM+DQogICAgICAgIDxFeHRyYWN0aW9uUnVsZSBDbGFzc25hbWU9Ik1pY3Jvc29mdC5WaXN1YWxTdHVkaW8uVGVzdFRvb2xzLldlYlRlc3RpbmcuUnVsZXMuRXh0cmFjdFRleHQsIE1pY3Jvc29mdC5WaXN1YWxTdHVkaW8uUXVhbGl0eVRvb2xzLldlYlRlc3RGcmFtZXdvcmssIFZlcnNpb249MTAuMC4wLjAsIEN1bHR1cmU9bmV1dHJhbCwgUHVibGljS2V5VG9rZW49YjAzZjVmN2YxMWQ1MGEzYSIgVmFyaWFibGVOYW1lPSJRdWVyeVN0cmluZ1BhcmFtMjMuSUciIERpc3BsYXlOYW1lPSIiIERlc2NyaXB0aW9uPSIiPg0KICAgICAgICAgIDxSdWxlUGFyYW1ldGVycz4NCiAgICAgICAgICAgIDxSdWxlUGFyYW1ldGVyIE5hbWU9IlN0YXJ0c1dpdGgiIFZhbHVlPSImYW1wO2FtcDtJRz0iIC8+DQogICAgICAgICAgICA8UnVsZVBhcmFtZXRlciBOYW1lPSJFbmRzV2l0aCIgVmFsdWU9IiZhbXA7IiAvPg0KICAgICAgICAgICAgPFJ1bGVQYXJhbWV0ZXIgTmFtZT0iSW5kZXgiIFZhbHVlPSIwIiAvPg0KICAgICAgICAgICAgPFJ1bGVQYXJhbWV0ZXIgTmFtZT0iSWdub3JlQ2FzZSIgVmFsdWU9IkZhbHNlIiAvPg0KICAgICAgICAgICAgPFJ1bGVQYXJhbWV0ZXIgTmFtZT0iVXNlUmVndWxhckV4cHJlc3Npb24iIFZhbHVlPSJGYWxzZSIgLz4NCiAgICAgICAgICAgIDxSdWxlUGFyYW1ldGVyIE5hbWU9Ikh0bWxEZWNvZGUiIFZhbHVlPSJUcnVlIiAvPg0KICAgICAgICAgICAgPFJ1bGVQYXJhbWV0ZXIgTmFtZT0iUmVxdWlyZWQiIFZhbHVlPSJGYWxzZSIgLz4NCiAgICAgICAgICA8L1J1bGVQYXJhbWV0ZXJzPg0KICAgICAgICA8L0V4dHJhY3Rpb25SdWxlPg0KICAgICAgICA8RXh0cmFjdGlvblJ1bGUgQ2xhc3NuYW1lPSJNaWNyb3NvZnQuVmlzdWFsU3R1ZGlvLlRlc3RUb29scy5XZWJUZXN0aW5nLlJ1bGVzLkV4dHJhY3RUZXh0LCBNaWNyb3NvZnQuVmlzdWFsU3R1ZGlvLlF1YWxpdHlUb29scy5XZWJUZXN0RnJhbWV3b3JrLCBWZXJzaW9uPTEwLjAuMC4wLCBDdWx0dXJlPW5ldXRyYWwsIFB1YmxpY0tleVRva2VuPWIwM2Y1ZjdmMTFkNTBhM2EiIFZhcmlhYmxlTmFtZT0iUXVlcnlTdHJpbmdQYXJhbTI0LlR5cGUiIERpc3BsYXlOYW1lPSIiIERlc2NyaXB0aW9uPSIiPg0KICAgICAgICAgIDxSdWxlUGFyYW1ldGVycz4NCiAgICAgICAgICAgIDxSdWxlUGFyYW1ldGVyIE5hbWU9IlN0YXJ0c1dpdGgiIFZhbHVlPSImYW1wO1R5cGU9IiAvPg0KICAgICAgICAgICAgPFJ1bGVQYXJhbWV0ZXIgTmFtZT0iRW5kc1dpdGgiIFZhbHVlPSImYW1wOyIgLz4NCiAgICAgICAgICAgIDxSdWxlUGFyYW1ldGVyIE5hbWU9IkluZGV4IiBWYWx1ZT0iMyIgLz4NCiAgICAgICAgICAgIDxSdWxlUGFyYW1ldGVyIE5hbWU9Iklnbm9yZUNhc2UiIFZhbHVlPSJGYWxzZSIgLz4NCiAgICAgICAgICAgIDxSdWxlUGFyYW1ldGVyIE5hbWU9IlVzZVJlZ3VsYXJFeHByZXNzaW9uIiBWYWx1ZT0iRmFsc2UiIC8+DQogICAgICAgICAgICA8UnVsZVBhcmFtZXRlciBOYW1lPSJIdG1sRGVjb2RlIiBWYWx1ZT0iVHJ1ZSIgLz4NCiAgICAgICAgICAgIDxSdWxlUGFyYW1ldGVyIE5hbWU9IlJlcXVpcmVkIiBWYWx1ZT0iRmFsc2UiIC8+DQogICAgICAgICAgPC9SdWxlUGFyYW1ldGVycz4NCiAgICAgICAgPC9FeHRyYWN0aW9uUnVsZT4NCiAgICAgICAgPEV4dHJhY3Rpb25SdWxlIENsYXNzbmFtZT0iTWljcm9zb2Z0LlZpc3VhbFN0dWRpby5UZXN0VG9vbHMuV2ViVGVzdGluZy5SdWxlcy5FeHRyYWN0VGV4dCwgTWljcm9zb2Z0LlZpc3VhbFN0dWRpby5RdWFsaXR5VG9vbHMuV2ViVGVzdEZyYW1ld29yaywgVmVyc2lvbj0xMC4wLjAuMCwgQ3VsdHVyZT1uZXV0cmFsLCBQdWJsaWNLZXlUb2tlbj1iMDNmNWY3ZjExZDUwYTNhIiBWYXJpYWJsZU5hbWU9IlF1ZXJ5U3RyaW5nUGFyYW0zMS51cGRhdGUiIERpc3BsYXlOYW1lPSIiIERlc2NyaXB0aW9uPSIiPg0KICAgICAgICAgIDxSdWxlUGFyYW1ldGVycz4NCiAgICAgICAgICAgIDxSdWxlUGFyYW1ldGVyIE5hbWU9IlN0YXJ0c1dpdGgiIFZhbHVlPSI/dXBkYXRlPSIgLz4NCiAgICAgICAgICAgIDxSdWxlUGFyYW1ldGVyIE5hbWU9IkVuZHNXaXRoIiBWYWx1ZT0iJnF1b3Q7IiAvPg0KICAgICAgICAgICAgPFJ1bGVQYXJhbWV0ZXIgTmFtZT0iSW5kZXgiIFZhbHVlPSIwIiAvPg0KICAgICAgICAgICAgPFJ1bGVQYXJhbWV0ZXIgTmFtZT0iSWdub3JlQ2FzZSIgVmFsdWU9IkZhbHNlIiAvPg0KICAgICAgICAgICAgPFJ1bGVQYXJhbWV0ZXIgTmFtZT0iVXNlUmVndWxhckV4cHJlc3Npb24iIFZhbHVlPSJGYWxzZSIgLz4NCiAgICAgICAgICAgIDxSdWxlUGFyYW1ldGVyIE5hbWU9Ikh0bWxEZWNvZGUiIFZhbHVlPSJUcnVlIiAvPg0KICAgICAgICAgICAgPFJ1bGVQYXJhbWV0ZXIgTmFtZT0iUmVxdWlyZWQiIFZhbHVlPSJGYWxzZSIgLz4NCiAgICAgICAgICA8L1J1bGVQYXJhbWV0ZXJzPg0KICAgICAgICA8L0V4dHJhY3Rpb25SdWxlPg0KICAgICAgICA8RXh0cmFjdGlvblJ1bGUgQ2xhc3NuYW1lPSJNaWNyb3NvZnQuVmlzdWFsU3R1ZGlvLlRlc3RUb29scy5XZWJUZXN0aW5nLlJ1bGVzLkV4dHJhY3RUZXh0LCBNaWNyb3NvZnQuVmlzdWFsU3R1ZGlvLlF1YWxpdHlUb29scy5XZWJUZXN0RnJhbWV3b3JrLCBWZXJzaW9uPTEwLjAuMC4wLCBDdWx0dXJlPW5ldXRyYWwsIFB1YmxpY0tleVRva2VuPWIwM2Y1ZjdmMTFkNTBhM2EiIFZhcmlhYmxlTmFtZT0iUXVlcnlTdHJpbmdQYXJhbTMyLndhIiBEaXNwbGF5TmFtZT0iIiBEZXNjcmlwdGlvbj0iIj4NCiAgICAgICAgICA8UnVsZVBhcmFtZXRlcnM+DQogICAgICAgICAgICA8UnVsZVBhcmFtZXRlciBOYW1lPSJTdGFydHNXaXRoIiBWYWx1ZT0iP3dhPSIgLz4NCiAgICAgICAgICAgIDxSdWxlUGFyYW1ldGVyIE5hbWU9IkVuZHNXaXRoIiBWYWx1ZT0iXCIgLz4NCiAgICAgICAgICAgIDxSdWxlUGFyYW1ldGVyIE5hbWU9IkluZGV4IiBWYWx1ZT0iMCIgLz4NCiAgICAgICAgICAgIDxSdWxlUGFyYW1ldGVyIE5hbWU9Iklnbm9yZUNhc2UiIFZhbHVlPSJGYWxzZSIgLz4NCiAgICAgICAgICAgIDxSdWxlUGFyYW1ldGVyIE5hbWU9IlVzZVJlZ3VsYXJFeHByZXNzaW9uIiBWYWx1ZT0iRmFsc2UiIC8+DQogICAgICAgICAgICA8UnVsZVBhcmFtZXRlciBOYW1lPSJIdG1sRGVjb2RlIiBWYWx1ZT0iVHJ1ZSIgLz4NCiAgICAgICAgICAgIDxSdWxlUGFyYW1ldGVyIE5hbWU9IlJlcXVpcmVkIiBWYWx1ZT0iRmFsc2UiIC8+DQogICAgICAgICAgPC9SdWxlUGFyYW1ldGVycz4NCiAgICAgICAgPC9FeHRyYWN0aW9uUnVsZT4NCiAgICAgICAgPEV4dHJhY3Rpb25SdWxlIENsYXNzbmFtZT0iTWljcm9zb2Z0LlZpc3VhbFN0dWRpby5UZXN0VG9vbHMuV2ViVGVzdGluZy5SdWxlcy5FeHRyYWN0VGV4dCwgTWljcm9zb2Z0LlZpc3VhbFN0dWRpby5RdWFsaXR5VG9vbHMuV2ViVGVzdEZyYW1ld29yaywgVmVyc2lvbj0xMC4wLjAuMCwgQ3VsdHVyZT1uZXV0cmFsLCBQdWJsaWNLZXlUb2tlbj1iMDNmNWY3ZjExZDUwYTNhIiBWYXJpYWJsZU5hbWU9IlF1ZXJ5U3RyaW5nUGFyYW0zMy5ycHNudiIgRGlzcGxheU5hbWU9IiIgRGVzY3JpcHRpb249IiI+DQogICAgICAgICAgPFJ1bGVQYXJhbWV0ZXJzPg0KICAgICAgICAgICAgPFJ1bGVQYXJhbWV0ZXIgTmFtZT0iU3RhcnRzV2l0aCIgVmFsdWU9Ilx1MDAyNnJwc252PSIgLz4NCiAgICAgICAgICAgIDxSdWxlUGFyYW1ldGVyIE5hbWU9IkVuZHNXaXRoIiBWYWx1ZT0iXCIgLz4NCiAgICAgICAgICAgIDxSdWxlUGFyYW1ldGVyIE5hbWU9IkluZGV4IiBWYWx1ZT0iMCIgLz4NCiAgICAgICAgICAgIDxSdWxlUGFyYW1ldGVyIE5hbWU9Iklnbm9yZUNhc2UiIFZhbHVlPSJGYWxzZSIgLz4NCiAgICAgICAgICAgIDxSdWxlUGFyYW1ldGVyIE5hbWU9IlVzZVJlZ3VsYXJFeHByZXNzaW9uIiBWYWx1ZT0iRmFsc2UiIC8+DQogICAgICAgICAgICA8UnVsZVBhcmFtZXRlciBOYW1lPSJIdG1sRGVjb2RlIiBWYWx1ZT0iVHJ1ZSIgLz4NCiAgICAgICAgICAgIDxSdWxlUGFyYW1ldGVyIE5hbWU9IlJlcXVpcmVkIiBWYWx1ZT0iRmFsc2UiIC8+DQogICAgICAgICAgPC9SdWxlUGFyYW1ldGVycz4NCiAgICAgICAgPC9FeHRyYWN0aW9uUnVsZT4NCiAgICAgICAgPEV4dHJhY3Rpb25SdWxlIENsYXNzbmFtZT0iTWljcm9zb2Z0LlZpc3VhbFN0dWRpby5UZXN0VG9vbHMuV2ViVGVzdGluZy5SdWxlcy5FeHRyYWN0VGV4dCwgTWljcm9zb2Z0LlZpc3VhbFN0dWRpby5RdWFsaXR5VG9vbHMuV2ViVGVzdEZyYW1ld29yaywgVmVyc2lvbj0xMC4wLjAuMCwgQ3VsdHVyZT1uZXV0cmFsLCBQdWJsaWNLZXlUb2tlbj1iMDNmNWY3ZjExZDUwYTNhIiBWYXJpYWJsZU5hbWU9IlF1ZXJ5U3RyaW5nUGFyYW0zNC5jdCIgRGlzcGxheU5hbWU9IiIgRGVzY3JpcHRpb249IiI+DQogICAgICAgICAgPFJ1bGVQYXJhbWV0ZXJzPg0KICAgICAgICAgICAgPFJ1bGVQYXJhbWV0ZXIgTmFtZT0iU3RhcnRzV2l0aCIgVmFsdWU9Ilx1MDAyNmN0PSIgLz4NCiAgICAgICAgICAgIDxSdWxlUGFyYW1ldGVyIE5hbWU9IkVuZHNXaXRoIiBWYWx1ZT0iXCIgLz4NCiAgICAgICAgICAgIDxSdWxlUGFyYW1ldGVyIE5hbWU9IkluZGV4IiBWYWx1ZT0iMCIgLz4NCiAgICAgICAgICAgIDxSdWxlUGFyYW1ldGVyIE5hbWU9Iklnbm9yZUNhc2UiIFZhbHVlPSJGYWxzZSIgLz4NCiAgICAgICAgICAgIDxSdWxlUGFyYW1ldGVyIE5hbWU9IlVzZVJlZ3VsYXJFeHByZXNzaW9uIiBWYWx1ZT0iRmFsc2UiIC8+DQogICAgICAgICAgICA8UnVsZVBhcmFtZXRlciBOYW1lPSJIdG1sRGVjb2RlIiBWYWx1ZT0iVHJ1ZSIgLz4NCiAgICAgICAgICAgIDxSdWxlUGFyYW1ldGVyIE5hbWU9IlJlcXVpcmVkIiBWYWx1ZT0iRmFsc2UiIC8+DQogICAgICAgICAgPC9SdWxlUGFyYW1ldGVycz4NCiAgICAgICAgPC9FeHRyYWN0aW9uUnVsZT4NCiAgICAgICAgPEV4dHJhY3Rpb25SdWxlIENsYXNzbmFtZT0iTWljcm9zb2Z0LlZpc3VhbFN0dWRpby5UZXN0VG9vbHMuV2ViVGVzdGluZy5SdWxlcy5FeHRyYWN0VGV4dCwgTWljcm9zb2Z0LlZpc3VhbFN0dWRpby5RdWFsaXR5VG9vbHMuV2ViVGVzdEZyYW1ld29yaywgVmVyc2lvbj0xMC4wLjAuMCwgQ3VsdHVyZT1uZXV0cmFsLCBQdWJsaWNLZXlUb2tlbj1iMDNmNWY3ZjExZDUwYTNhIiBWYXJpYWJsZU5hbWU9IlF1ZXJ5U3RyaW5nUGFyYW0zNS5ydmVyIiBEaXNwbGF5TmFtZT0iIiBEZXNjcmlwdGlvbj0iIj4NCiAgICAgICAgICA8UnVsZVBhcmFtZXRlcnM+DQogICAgICAgICAgICA8UnVsZVBhcmFtZXRlciBOYW1lPSJTdGFydHNXaXRoIiBWYWx1ZT0iXHUwMDI2cnZlcj0iIC8+DQogICAgICAgICAgICA8UnVsZVBhcmFtZXRlciBOYW1lPSJFbmRzV2l0aCIgVmFsdWU9IlwiIC8+DQogICAgICAgICAgICA8UnVsZVBhcmFtZXRlciBOYW1lPSJJbmRleCIgVmFsdWU9IjAiIC8+DQogICAgICAgICAgICA8UnVsZVBhcmFtZXRlciBOYW1lPSJJZ25vcmVDYXNlIiBWYWx1ZT0iRmFsc2UiIC8+DQogICAgICAgICAgICA8UnVsZVBhcmFtZXRlciBOYW1lPSJVc2VSZWd1bGFyRXhwcmVzc2lvbiIgVmFsdWU9IkZhbHNlIiAvPg0KICAgICAgICAgICAgPFJ1bGVQYXJhbWV0ZXIgTmFtZT0iSHRtbERlY29kZSIgVmFsdWU9IlRydWUiIC8+DQogICAgICAgICAgICA8UnVsZVBhcmFtZXRlciBOYW1lPSJSZXF1aXJlZCIgVmFsdWU9IkZhbHNlIiAvPg0KICAgICAgICAgIDwvUnVsZVBhcmFtZXRlcnM+DQogICAgICAgIDwvRXh0cmFjdGlvblJ1bGU+DQogICAgICAgIDxFeHRyYWN0aW9uUnVsZSBDbGFzc25hbWU9Ik1pY3Jvc29mdC5WaXN1YWxTdHVkaW8uVGVzdFRvb2xzLldlYlRlc3RpbmcuUnVsZXMuRXh0cmFjdFRleHQsIE1pY3Jvc29mdC5WaXN1YWxTdHVkaW8uUXVhbGl0eVRvb2xzLldlYlRlc3RGcmFtZXdvcmssIFZlcnNpb249MTAuMC4wLjAsIEN1bHR1cmU9bmV1dHJhbCwgUHVibGljS2V5VG9rZW49YjAzZjVmN2YxMWQ1MGEzYSIgVmFyaWFibGVOYW1lPSJRdWVyeVN0cmluZ1BhcmFtMzYud3AiIERpc3BsYXlOYW1lPSIiIERlc2NyaXB0aW9uPSIiPg0KICAgICAgICAgIDxSdWxlUGFyYW1ldGVycz4NCiAgICAgICAgICAgIDxSdWxlUGFyYW1ldGVyIE5hbWU9IlN0YXJ0c1dpdGgiIFZhbHVlPSJcdTAwMjZ3cD0iIC8+DQogICAgICAgICAgICA8UnVsZVBhcmFtZXRlciBOYW1lPSJFbmRzV2l0aCIgVmFsdWU9IlwiIC8+DQogICAgICAgICAgICA8UnVsZVBhcmFtZXRlciBOYW1lPSJJbmRleCIgVmFsdWU9IjAiIC8+DQogICAgICAgICAgICA8UnVsZVBhcmFtZXRlciBOYW1lPSJJZ25vcmVDYXNlIiBWYWx1ZT0iRmFsc2UiIC8+DQogICAgICAgICAgICA8UnVsZVBhcmFtZXRlciBOYW1lPSJVc2VSZWd1bGFyRXhwcmVzc2lvbiIgVmFsdWU9IkZhbHNlIiAvPg0KICAgICAgICAgICAgPFJ1bGVQYXJhbWV0ZXIgTmFtZT0iSHRtbERlY29kZSIgVmFsdWU9IlRydWUiIC8+DQogICAgICAgICAgICA8UnVsZVBhcmFtZXRlciBOYW1lPSJSZXF1aXJlZCIgVmFsdWU9IkZhbHNlIiAvPg0KICAgICAgICAgIDwvUnVsZVBhcmFtZXRlcnM+DQogICAgICAgIDwvRXh0cmFjdGlvblJ1bGU+DQogICAgICAgIDxFeHRyYWN0aW9uUnVsZSBDbGFzc25hbWU9Ik1pY3Jvc29mdC5WaXN1YWxTdHVkaW8uVGVzdFRvb2xzLldlYlRlc3RpbmcuUnVsZXMuRXh0cmFjdFRleHQsIE1pY3Jvc29mdC5WaXN1YWxTdHVkaW8uUXVhbGl0eVRvb2xzLldlYlRlc3RGcmFtZXdvcmssIFZlcnNpb249MTAuMC4wLjAsIEN1bHR1cmU9bmV1dHJhbCwgUHVibGljS2V5VG9rZW49YjAzZjVmN2YxMWQ1MGEzYSIgVmFyaWFibGVOYW1lPSJRdWVyeVN0cmluZ1BhcmFtMzcud3JlcGx5IiBEaXNwbGF5TmFtZT0iIiBEZXNjcmlwdGlvbj0iIj4NCiAgICAgICAgICA8UnVsZVBhcmFtZXRlcnM+DQogICAgICAgICAgICA8UnVsZVBhcmFtZXRlciBOYW1lPSJTdGFydHNXaXRoIiBWYWx1ZT0iXHUwMDI2d3JlcGx5PSIgLz4NCiAgICAgICAgICAgIDxSdWxlUGFyYW1ldGVyIE5hbWU9IkVuZHNXaXRoIiBWYWx1ZT0iXCIgLz4NCiAgICAgICAgICAgIDxSdWxlUGFyYW1ldGVyIE5hbWU9IkluZGV4IiBWYWx1ZT0iMCIgLz4NCiAgICAgICAgICAgIDxSdWxlUGFyYW1ldGVyIE5hbWU9Iklnbm9yZUNhc2UiIFZhbHVlPSJGYWxzZSIgLz4NCiAgICAgICAgICAgIDxSdWxlUGFyYW1ldGVyIE5hbWU9IlVzZVJlZ3VsYXJFeHByZXNzaW9uIiBWYWx1ZT0iRmFsc2UiIC8+DQogICAgICAgICAgICA8UnVsZVBhcmFtZXRlciBOYW1lPSJIdG1sRGVjb2RlIiBWYWx1ZT0iVHJ1ZSIgLz4NCiAgICAgICAgICAgIDxSdWxlUGFyYW1ldGVyIE5hbWU9IlJlcXVpcmVkIiBWYWx1ZT0iRmFsc2UiIC8+DQogICAgICAgICAgPC9SdWxlUGFyYW1ldGVycz4NCiAgICAgICAgPC9FeHRyYWN0aW9uUnVsZT4NCiAgICAgICAgPEV4dHJhY3Rpb25SdWxlIENsYXNzbmFtZT0iTWljcm9zb2Z0LlZpc3VhbFN0dWRpby5UZXN0VG9vbHMuV2ViVGVzdGluZy5SdWxlcy5FeHRyYWN0VGV4dCwgTWljcm9zb2Z0LlZpc3VhbFN0dWRpby5RdWFsaXR5VG9vbHMuV2ViVGVzdEZyYW1ld29yaywgVmVyc2lvbj0xMC4wLjAuMCwgQ3VsdHVyZT1uZXV0cmFsLCBQdWJsaWNLZXlUb2tlbj1iMDNmNWY3ZjExZDUwYTNhIiBWYXJpYWJsZU5hbWU9IlF1ZXJ5U3RyaW5nUGFyYW0zOC5sYyIgRGlzcGxheU5hbWU9IiIgRGVzY3JpcHRpb249IiI+DQogICAgICAgICAgPFJ1bGVQYXJhbWV0ZXJzPg0KICAgICAgICAgICAgPFJ1bGVQYXJhbWV0ZXIgTmFtZT0iU3RhcnRzV2l0aCIgVmFsdWU9Ilx1MDAyNmxjPSIgLz4NCiAgICAgICAgICAgIDxSdWxlUGFyYW1ldGVyIE5hbWU9IkVuZHNXaXRoIiBWYWx1ZT0iXCIgLz4NCiAgICAgICAgICAgIDxSdWxlUGFyYW1ldGVyIE5hbWU9IkluZGV4IiBWYWx1ZT0iMCIgLz4NCiAgICAgICAgICAgIDxSdWxlUGFyYW1ldGVyIE5hbWU9Iklnbm9yZUNhc2UiIFZhbHVlPSJGYWxzZSIgLz4NCiAgICAgICAgICAgIDxSdWxlUGFyYW1ldGVyIE5hbWU9IlVzZVJlZ3VsYXJFeHByZXNzaW9uIiBWYWx1ZT0iRmFsc2UiIC8+DQogICAgICAgICAgICA8UnVsZVBhcmFtZXRlciBOYW1lPSJIdG1sRGVjb2RlIiBWYWx1ZT0iVHJ1ZSIgLz4NCiAgICAgICAgICAgIDxSdWxlUGFyYW1ldGVyIE5hbWU9IlJlcXVpcmVkIiBWYWx1ZT0iRmFsc2UiIC8+DQogICAgICAgICAgPC9SdWxlUGFyYW1ldGVycz4NCiAgICAgICAgPC9FeHRyYWN0aW9uUnVsZT4NCiAgICAgICAgPEV4dHJhY3Rpb25SdWxlIENsYXNzbmFtZT0iTWljcm9zb2Z0LlZpc3VhbFN0dWRpby5UZXN0VG9vbHMuV2ViVGVzdGluZy5SdWxlcy5FeHRyYWN0VGV4dCwgTWljcm9zb2Z0LlZpc3VhbFN0dWRpby5RdWFsaXR5VG9vbHMuV2ViVGVzdEZyYW1ld29yaywgVmVyc2lvbj0xMC4wLjAuMCwgQ3VsdHVyZT1uZXV0cmFsLCBQdWJsaWNLZXlUb2tlbj1iMDNmNWY3ZjExZDUwYTNhIiBWYXJpYWJsZU5hbWU9IlF1ZXJ5U3RyaW5nUGFyYW0zOS5pZCIgRGlzcGxheU5hbWU9IiIgRGVzY3JpcHRpb249IiI+DQogICAgICAgICAgPFJ1bGVQYXJhbWV0ZXJzPg0KICAgICAgICAgICAgPFJ1bGVQYXJhbWV0ZXIgTmFtZT0iU3RhcnRzV2l0aCIgVmFsdWU9Ilx1MDAyNmlkPSIgLz4NCiAgICAgICAgICAgIDxSdWxlUGFyYW1ldGVyIE5hbWU9IkVuZHNXaXRoIiBWYWx1ZT0iJnF1b3Q7IiAvPg0KICAgICAgICAgICAgPFJ1bGVQYXJhbWV0ZXIgTmFtZT0iSW5kZXgiIFZhbHVlPSIwIiAvPg0KICAgICAgICAgICAgPFJ1bGVQYXJhbWV0ZXIgTmFtZT0iSWdub3JlQ2FzZSIgVmFsdWU9IkZhbHNlIiAvPg0KICAgICAgICAgICAgPFJ1bGVQYXJhbWV0ZXIgTmFtZT0iVXNlUmVndWxhckV4cHJlc3Npb24iIFZhbHVlPSJGYWxzZSIgLz4NCiAgICAgICAgICAgIDxSdWxlUGFyYW1ldGVyIE5hbWU9Ikh0bWxEZWNvZGUiIFZhbHVlPSJUcnVlIiAvPg0KICAgICAgICAgICAgPFJ1bGVQYXJhbWV0ZXIgTmFtZT0iUmVxdWlyZWQiIFZhbHVlPSJGYWxzZSIgLz4NCiAgICAgICAgICA8L1J1bGVQYXJhbWV0ZXJzPg0KICAgICAgICA8L0V4dHJhY3Rpb25SdWxlPg0KICAgICAgICA8RXh0cmFjdGlvblJ1bGUgQ2xhc3NuYW1lPSJNaWNyb3NvZnQuVmlzdWFsU3R1ZGlvLlRlc3RUb29scy5XZWJUZXN0aW5nLlJ1bGVzLkV4dHJhY3RUZXh0LCBNaWNyb3NvZnQuVmlzdWFsU3R1ZGlvLlF1YWxpdHlUb29scy5XZWJUZXN0RnJhbWV3b3JrLCBWZXJzaW9uPTEwLjAuMC4wLCBDdWx0dXJlPW5ldXRyYWwsIFB1YmxpY0tleVRva2VuPWIwM2Y1ZjdmMTFkNTBhM2EiIFZhcmlhYmxlTmFtZT0iUXVlcnlTdHJpbmdQYXJhbTQwLmNoZWNrZGEiIERpc3BsYXlOYW1lPSIiIERlc2NyaXB0aW9uPSIiPg0KICAgICAgICAgIDxSdWxlUGFyYW1ldGVycz4NCiAgICAgICAgICAgIDxSdWxlUGFyYW1ldGVyIE5hbWU9IlN0YXJ0c1dpdGgiIFZhbHVlPSImYW1wO2NoZWNrZGE9IiAvPg0KICAgICAgICAgICAgPFJ1bGVQYXJhbWV0ZXIgTmFtZT0iRW5kc1dpdGgiIFZhbHVlPSImcXVvdDsiIC8+DQogICAgICAgICAgICA8UnVsZVBhcmFtZXRlciBOYW1lPSJJbmRleCIgVmFsdWU9IjAiIC8+DQogICAgICAgICAgICA8UnVsZVBhcmFtZXRlciBOYW1lPSJJZ25vcmVDYXNlIiBWYWx1ZT0iRmFsc2UiIC8+DQogICAgICAgICAgICA8UnVsZVBhcmFtZXRlciBOYW1lPSJVc2VSZWd1bGFyRXhwcmVzc2lvbiIgVmFsdWU9IkZhbHNlIiAvPg0KICAgICAgICAgICAgPFJ1bGVQYXJhbWV0ZXIgTmFtZT0iSHRtbERlY29kZSIgVmFsdWU9IlRydWUiIC8+DQogICAgICAgICAgICA8UnVsZVBhcmFtZXRlciBOYW1lPSJSZXF1aXJlZCIgVmFsdWU9IkZhbHNlIiAvPg0KICAgICAgICAgIDwvUnVsZVBhcmFtZXRlcnM+DQogICAgICAgIDwvRXh0cmFjdGlvblJ1bGU+DQogICAgICA8L0NvcnJlbGF0aW9uRXh0cmFjdGlvblJ1bGVzPg0KICAgICAgPFF1ZXJ5U3RyaW5nUGFyYW1ldGVycz4NCiAgICAgICAgPFF1ZXJ5U3RyaW5nUGFyYW1ldGVyIE5hbWU9InEiIFZhbHVlPSJuVUVWTyIgUmVjb3JkZWRWYWx1ZT0iblVFVk8iIENvcnJlbGF0aW9uQmluZGluZz0iIiBVcmxFbmNvZGU9IkZhbHNlIiBVc2VUb0dyb3VwUmVzdWx0cz0iRmFsc2UiIC8+DQogICAgICAgIDxRdWVyeVN0cmluZ1BhcmFtZXRlciBOYW1lPSJzcmMiIFZhbHVlPSJJRS1TZWFyY2hCb3giIFJlY29yZGVkVmFsdWU9IklFLVNlYXJjaEJveCIgQ29ycmVsYXRpb25CaW5kaW5nPSIiIFVybEVuY29kZT0iRmFsc2UiIFVzZVRvR3JvdXBSZXN1bHRzPSJGYWxzZSIgLz4NCiAgICAgICAgPFF1ZXJ5U3RyaW5nUGFyYW1ldGVyIE5hbWU9IkZPUk0iIFZhbHVlPSJJRVNSNEEiIFJlY29yZGVkVmFsdWU9IklFU1I0QSIgQ29ycmVsYXRpb25CaW5kaW5nPSIiIFVybEVuY29kZT0iRmFsc2UiIFVzZVRvR3JvdXBSZXN1bHRzPSJGYWxzZSIgLz4NCiAgICAgIDwvUXVlcnlTdHJpbmdQYXJhbWV0ZXJzPg0KICAgIDwvUmVxdWVzdD4NCiAgICA8UmVxdWVzdCBNZXRob2Q9IkdFVCIgR3VpZD0iNGNjOWVhYzYtOGE5Yy00N2QxLThjNTUtOGM5MThlMDA0YWI2IiBWZXJzaW9uPSIxLjEiIFVybD0iaHR0cHM6Ly93d3cuYmluZy5jb20vZmQvbHMvbCIgVGhpbmtUaW1lPSIwIiBUaW1lb3V0PSIzMDAiIFBhcnNlRGVwZW5kZW50UmVxdWVzdHM9IlRydWUiIEZvbGxvd1JlZGlyZWN0cz0iVHJ1ZSIgUmVjb3JkUmVzdWx0PSJUcnVlIiBDYWNoZT0iRmFsc2UiIFJlc3BvbnNlVGltZUdvYWw9IjAiIEVuY29kaW5nPSJ1dGYtOCIgRXhwZWN0ZWRIdHRwU3RhdHVzQ29kZT0iMCIgRXhwZWN0ZWRSZXNwb25zZVVybD0iIiBSZXBvcnRpbmdOYW1lPSIiIElnbm9yZUh0dHBTdGF0dXNDb2RlPSJGYWxzZSI+DQogICAgICA8SGVhZGVycz4NCiAgICAgICAgPEhlYWRlciBOYW1lPSJSZWZlcmVyIiBWYWx1ZT0iaHR0cHM6Ly93d3cuYmluZy5jb20vIiAvPg0KICAgICAgPC9IZWFkZXJzPg0KICAgICAgPFF1ZXJ5U3RyaW5nUGFyYW1ldGVycz4NCiAgICAgICAgPFF1ZXJ5U3RyaW5nUGFyYW1ldGVyIE5hbWU9IklHIiBWYWx1ZT0iREM3QkU5RkIwRkJFNEUzOUEzRDIzQzc1RUE1RkRBQ0MiIFJlY29yZGVkVmFsdWU9IkRDN0JFOUZCMEZCRTRFMzlBM0QyM0M3NUVBNUZEQUNDIiBDb3JyZWxhdGlvbkJpbmRpbmc9Int7UXVlcnlTdHJpbmdQYXJhbTIzLklHfX0iIFVybEVuY29kZT0iRmFsc2UiIFVzZVRvR3JvdXBSZXN1bHRzPSJGYWxzZSIgLz4NCiAgICAgICAgPFF1ZXJ5U3RyaW5nUGFyYW1ldGVyIE5hbWU9IlR5cGUiIFZhbHVlPSJFdmVudC5DUFQiIFJlY29yZGVkVmFsdWU9IkV2ZW50LkNQVCIgQ29ycmVsYXRpb25CaW5kaW5nPSJ7e1F1ZXJ5U3RyaW5nUGFyYW0yNC5UeXBlfX0iIFVybEVuY29kZT0iRmFsc2UiIFVzZVRvR3JvdXBSZXN1bHRzPSJGYWxzZSIgLz4NCiAgICAgICAgPFF1ZXJ5U3RyaW5nUGFyYW1ldGVyIE5hbWU9IkRBVEEiIFZhbHVlPSJ7JTIycHAlMjI6eyUyMlMlMjI6JTIyTCUyMiwlMjJGQyUyMjoxMDgsJTIyQkMlMjI6MTY4LCUyMlNFJTIyOi0xLCUyMlRDJTIyOi0xLCUyMkglMjI6MjAwLCUyMkJQJTIyOjM5NywlMjJDVCUyMjo0MDQsJTIySUwlMjI6Mn0sJTIyYWQlMjI6Wy0xLC0xLDExNjEsNzgyLDExNjEsMTQ0NCw2OF19IiBSZWNvcmRlZFZhbHVlPSJ7JTIycHAlMjI6eyUyMlMlMjI6JTIyTCUyMiwlMjJGQyUyMjoxMDgsJTIyQkMlMjI6MTY4LCUyMlNFJTIyOi0xLCUyMlRDJTIyOi0xLCUyMkglMjI6MjAwLCUyMkJQJTIyOjM5NywlMjJDVCUyMjo0MDQsJTIySUwlMjI6Mn0sJTIyYWQlMjI6Wy0xLC0xLDExNjEsNzgyLDExNjEsMTQ0NCw2OF19IiBDb3JyZWxhdGlvbkJpbmRpbmc9IiIgVXJsRW5jb2RlPSJGYWxzZSIgVXNlVG9Hcm91cFJlc3VsdHM9IkZhbHNlIiAvPg0KICAgICAgICA8UXVlcnlTdHJpbmdQYXJhbWV0ZXIgTmFtZT0iUCIgVmFsdWU9IlNFUlAiIFJlY29yZGVkVmFsdWU9IlNFUlAiIENvcnJlbGF0aW9uQmluZGluZz0iIiBVcmxFbmNvZGU9IkZhbHNlIiBVc2VUb0dyb3VwUmVzdWx0cz0iRmFsc2UiIC8+DQogICAgICAgIDxRdWVyeVN0cmluZ1BhcmFtZXRlciBOYW1lPSJEQSIgVmFsdWU9IkhLMiIgUmVjb3JkZWRWYWx1ZT0iSEsyIiBDb3JyZWxhdGlvbkJpbmRpbmc9IiIgVXJsRW5jb2RlPSJGYWxzZSIgVXNlVG9Hcm91cFJlc3VsdHM9IkZhbHNlIiAvPg0KICAgICAgPC9RdWVyeVN0cmluZ1BhcmFtZXRlcnM+DQogICAgPC9SZXF1ZXN0Pg0KICAgIDxSZXF1ZXN0IE1ldGhvZD0iUE9TVCIgR3VpZD0iYmFlOGU2NzMtNTA0OS00NTk4LWIwNzEtNjMwNmRhYTczMGJkIiBWZXJzaW9uPSIxLjEiIFVybD0iaHR0cHM6Ly93d3cuYmluZy5jb20vZmQvbHMvbHNwLmFzcHgiIFRoaW5rVGltZT0iMCIgVGltZW91dD0iMzAwIiBQYXJzZURlcGVuZGVudFJlcXVlc3RzPSJUcnVlIiBGb2xsb3dSZWRpcmVjdHM9IlRydWUiIFJlY29yZFJlc3VsdD0iVHJ1ZSIgQ2FjaGU9IkZhbHNlIiBSZXNwb25zZVRpbWVHb2FsPSIwIiBFbmNvZGluZz0idXRmLTgiIEV4cGVjdGVkSHR0cFN0YXR1c0NvZGU9IjAiIEV4cGVjdGVkUmVzcG9uc2VVcmw9IiIgUmVwb3J0aW5nTmFtZT0iIiBJZ25vcmVIdHRwU3RhdHVzQ29kZT0iRmFsc2UiPg0KICAgICAgPEhlYWRlcnM+DQogICAgICAgIDxIZWFkZXIgTmFtZT0iUmVmZXJlciIgVmFsdWU9Imh0dHBzOi8vd3d3LmJpbmcuY29tLyIgLz4NCiAgICAgIDwvSGVhZGVycz4NCiAgICAgIDxRdWVyeVN0cmluZ1BhcmFtZXRlcnM+DQogICAgICAgIDxRdWVyeVN0cmluZ1BhcmFtZXRlciBOYW1lPSIiIFZhbHVlPSIiIFJlY29yZGVkVmFsdWU9IiIgQ29ycmVsYXRpb25CaW5kaW5nPSIiIFVybEVuY29kZT0iRmFsc2UiIFVzZVRvR3JvdXBSZXN1bHRzPSJGYWxzZSIgLz4NCiAgICAgIDwvUXVlcnlTdHJpbmdQYXJhbWV0ZXJzPg0KICAgICAgPFN0cmluZ0h0dHBCb2R5IENvbnRlbnRUeXBlPSJ0ZXh0L3htbCIgSW5zZXJ0Qnl0ZU9yZGVyTWFyaz0iRmFsc2UiPlBBQkRBR3dBYVFCbEFHNEFkQUJKQUc0QWN3QjBBRklBWlFCeEFIVUFaUUJ6QUhRQVBnQThBRVVBZGdCbEFHNEFkQUJ6QUQ0QVBBQkZBRDRBUEFCVUFENEFSUUIyQUdVQWJnQjBBQzRBUXdCc0FHa0FaUUJ1QUhRQVNRQnVBSE1BZEFBOEFDOEFWQUErQUR3QVNRQkhBRDRBUkFCREFEY0FRZ0JGQURrQVJnQkNBREFBUmdCQ0FFVUFOQUJGQURNQU9RQkJBRE1BUkFBeUFETUFRd0EzQURVQVJRQkJBRFVBUmdCRUFFRUFRd0JEQUR3QUx3QkpBRWNBUGdBOEFGUUFVd0ErQURFQU5RQXhBRGtBT0FBeUFEY0FPUUExQURRQU9BQTNBRFVBUEFBdkFGUUFVd0ErQUR3QVJBQStBRHdBSVFCYkFFTUFSQUJCQUZRQVFRQmJBSHNBYVFCa0FEb0FNUUF5QURNQU1BQXNBRkFBT2dBaUFEY0FPZ0JsQUdVQUxBQTFBRG9BWlFCbEFDd0FNUUExQURvQWNRQnBBQ3dBTVFBMEFEb0FiZ0IyQUN3QU1RQXpBRG9BYmdCMkFDd0FNUUF5QURvQWJnQjJBQ3dBTVFBeEFEb0FaUUJuQUN3QU5BQTZBR1VBWlFBc0FETUFPZ0JsQUdVQUxBQXlBRG9BWlFCbEFDd0FNUUEzQURvQWRBQmhBQ3dBTVFBMkFEb0FkQUE1QUN3QU1nQTBBRG9BYWdCMEFDd0FPQUE2QUdVQVpnQXNBREVBTUFBNkFHNEFNZ0FzQURrQU9nQmxBR2NBSWdBc0FGTUFPZ0FpQUc0QVlRQjJBRG9BTUFBaUFDd0FkZ0E2QURFQUxnQXhBQ3dBVkFBNkFDSUFRd0JKQUM0QVVBQmxBSElBWmdBaUFDd0FSZ0JKQUVRQU9nQWlBRU1BU1FBaUFDd0FUZ0JoQUcwQVpRQTZBQ0lBVUFCbEFISUFaZ0JXQURJQUlnQjlBRjBBWFFBK0FEd0FMd0JFQUQ0QVBBQXZBRVVBUGdBOEFDOEFSUUIyQUdVQWJnQjBBSE1BUGdBOEFGTUFWQUJUQUQ0QU1RQTFBREVBT1FBNEFESUFOd0E1QURVQU5BQTRBRGNBTlFBOEFDOEFVd0JVQUZNQVBnQThBQzhBUXdCc0FHa0FaUUJ1QUhRQVNRQnVBSE1BZEFCU0FHVUFjUUIxQUdVQWN3QjBBRDRBPC9TdHJpbmdIdHRwQm9keT4NCiAgICA8L1JlcXVlc3Q+DQogICAgPFJlcXVlc3QgTWV0aG9kPSJHRVQiIEd1aWQ9Ijk2ZmJhNGQ3LTRmYWMtNDQ3Ny04YTVmLWM1MmZlODNlY2U2YiIgVmVyc2lvbj0iMS4xIiBVcmw9Imh0dHBzOi8vd3d3LmJpbmcuY29tL3dvcmsvYXBpL3YyL3VzZXIvZGlzY292ZXIiIFRoaW5rVGltZT0iMCIgVGltZW91dD0iMzAwIiBQYXJzZURlcGVuZGVudFJlcXVlc3RzPSJUcnVlIiBGb2xsb3dSZWRpcmVjdHM9IlRydWUiIFJlY29yZFJlc3VsdD0iVHJ1ZSIgQ2FjaGU9IkZhbHNlIiBSZXNwb25zZVRpbWVHb2FsPSIwIiBFbmNvZGluZz0idXRmLTgiIEV4cGVjdGVkSHR0cFN0YXR1c0NvZGU9IjAiIEV4cGVjdGVkUmVzcG9uc2VVcmw9IiIgUmVwb3J0aW5nTmFtZT0iIiBJZ25vcmVIdHRwU3RhdHVzQ29kZT0iRmFsc2UiPg0KICAgICAgPEhlYWRlcnM+DQogICAgICAgIDxIZWFkZXIgTmFtZT0iUmVmZXJlciIgVmFsdWU9Imh0dHBzOi8vd3d3LmJpbmcuY29tLyIgLz4NCiAgICAgIDwvSGVhZGVycz4NCiAgICAgIDxRdWVyeVN0cmluZ1BhcmFtZXRlcnM+DQogICAgICAgIDxRdWVyeVN0cmluZ1BhcmFtZXRlciBOYW1lPSJ1cGRhdGUiIFZhbHVlPSJ0cnVlIiBSZWNvcmRlZFZhbHVlPSJ0cnVlIiBDb3JyZWxhdGlvbkJpbmRpbmc9Int7UXVlcnlTdHJpbmdQYXJhbTMxLnVwZGF0ZX19IiBVcmxFbmNvZGU9IkZhbHNlIiBVc2VUb0dyb3VwUmVzdWx0cz0iRmFsc2UiIC8+DQogICAgICA8L1F1ZXJ5U3RyaW5nUGFyYW1ldGVycz4NCiAgICA8L1JlcXVlc3Q+DQogICAgPFJlcXVlc3QgTWV0aG9kPSJHRVQiIEd1aWQ9IjMyNDcyMjcxLWVjOTEtNDU1Yy04NTUyLTJkNzY3YjMzMGM1ZSIgVmVyc2lvbj0iMS4xIiBVcmw9Imh0dHBzOi8vbG9naW4ubGl2ZS5jb20vbG9naW4uc3JmIiBUaGlua1RpbWU9IjAiIFRpbWVvdXQ9IjMwMCIgUGFyc2VEZXBlbmRlbnRSZXF1ZXN0cz0iVHJ1ZSIgRm9sbG93UmVkaXJlY3RzPSJUcnVlIiBSZWNvcmRSZXN1bHQ9IlRydWUiIENhY2hlPSJGYWxzZSIgUmVzcG9uc2VUaW1lR29hbD0iMCIgRW5jb2Rpbmc9InV0Zi04IiBFeHBlY3RlZEh0dHBTdGF0dXNDb2RlPSIwIiBFeHBlY3RlZFJlc3BvbnNlVXJsPSIiIFJlcG9ydGluZ05hbWU9IiIgSWdub3JlSHR0cFN0YXR1c0NvZGU9IkZhbHNlIj4NCiAgICAgIDxIZWFkZXJzPg0KICAgICAgICA8SGVhZGVyIE5hbWU9IlJlZmVyZXIiIFZhbHVlPSJodHRwczovL3d3dy5iaW5nLmNvbS8iIC8+DQogICAgICA8L0hlYWRlcnM+DQogICAgICA8Q29ycmVsYXRpb25FeHRyYWN0aW9uUnVsZXM+DQogICAgICAgIDxFeHRyYWN0aW9uUnVsZSBDbGFzc25hbWU9Ik1pY3Jvc29mdC5WaXN1YWxTdHVkaW8uVGVzdFRvb2xzLldlYlRlc3RpbmcuUnVsZXMuRXh0cmFjdFRleHQsIE1pY3Jvc29mdC5WaXN1YWxTdHVkaW8uUXVhbGl0eVRvb2xzLldlYlRlc3RGcmFtZXdvcmssIFZlcnNpb249MTAuMC4wLjAsIEN1bHR1cmU9bmV1dHJhbCwgUHVibGljS2V5VG9rZW49YjAzZjVmN2YxMWQ1MGEzYSIgVmFyaWFibGVOYW1lPSJRdWVyeVN0cmluZ1BhcmFtMTcucG9wdXAiIERpc3BsYXlOYW1lPSIiIERlc2NyaXB0aW9uPSIiPg0KICAgICAgICAgIDxSdWxlUGFyYW1ldGVycz4NCiAgICAgICAgICAgIDxSdWxlUGFyYW1ldGVyIE5hbWU9IlN0YXJ0c1dpdGgiIFZhbHVlPSI/cG9wdXA9IiAvPg0KICAgICAgICAgICAgPFJ1bGVQYXJhbWV0ZXIgTmFtZT0iRW5kc1dpdGgiIFZhbHVlPSImYW1wOyIgLz4NCiAgICAgICAgICAgIDxSdWxlUGFyYW1ldGVyIE5hbWU9IkluZGV4IiBWYWx1ZT0iMCIgLz4NCiAgICAgICAgICAgIDxSdWxlUGFyYW1ldGVyIE5hbWU9Iklnbm9yZUNhc2UiIFZhbHVlPSJGYWxzZSIgLz4NCiAgICAgICAgICAgIDxSdWxlUGFyYW1ldGVyIE5hbWU9IlVzZVJlZ3VsYXJFeHByZXNzaW9uIiBWYWx1ZT0iRmFsc2UiIC8+DQogICAgICAgICAgICA8UnVsZVBhcmFtZXRlciBOYW1lPSJIdG1sRGVjb2RlIiBWYWx1ZT0iVHJ1ZSIgLz4NCiAgICAgICAgICAgIDxSdWxlUGFyYW1ldGVyIE5hbWU9IlJlcXVpcmVkIiBWYWx1ZT0iRmFsc2UiIC8+DQogICAgICAgICAgPC9SdWxlUGFyYW1ldGVycz4NCiAgICAgICAgPC9FeHRyYWN0aW9uUnVsZT4NCiAgICAgICAgPEV4dHJhY3Rpb25SdWxlIENsYXNzbmFtZT0iTWljcm9zb2Z0LlZpc3VhbFN0dWRpby5UZXN0VG9vbHMuV2ViVGVzdGluZy5SdWxlcy5FeHRyYWN0VGV4dCwgTWljcm9zb2Z0LlZpc3VhbFN0dWRpby5RdWFsaXR5VG9vbHMuV2ViVGVzdEZyYW1ld29yaywgVmVyc2lvbj0xMC4wLjAuMCwgQ3VsdHVyZT1uZXV0cmFsLCBQdWJsaWNLZXlUb2tlbj1iMDNmNWY3ZjExZDUwYTNhIiBWYXJpYWJsZU5hbWU9IlF1ZXJ5U3RyaW5nUGFyYW0xOC5zc2wiIERpc3BsYXlOYW1lPSIiIERlc2NyaXB0aW9uPSIiPg0KICAgICAgICAgIDxSdWxlUGFyYW1ldGVycz4NCiAgICAgICAgICAgIDxSdWxlUGFyYW1ldGVyIE5hbWU9IlN0YXJ0c1dpdGgiIFZhbHVlPSImYW1wO3NzbD0iIC8+DQogICAgICAgICAgICA8UnVsZVBhcmFtZXRlciBOYW1lPSJFbmRzV2l0aCIgVmFsdWU9IiZhbXA7IiAvPg0KICAgICAgICAgICAgPFJ1bGVQYXJhbWV0ZXIgTmFtZT0iSW5kZXgiIFZhbHVlPSIwIiAvPg0KICAgICAgICAgICAgPFJ1bGVQYXJhbWV0ZXIgTmFtZT0iSWdub3JlQ2FzZSIgVmFsdWU9IkZhbHNlIiAvPg0KICAgICAgICAgICAgPFJ1bGVQYXJhbWV0ZXIgTmFtZT0iVXNlUmVndWxhckV4cHJlc3Npb24iIFZhbHVlPSJGYWxzZSIgLz4NCiAgICAgICAgICAgIDxSdWxlUGFyYW1ldGVyIE5hbWU9Ikh0bWxEZWNvZGUiIFZhbHVlPSJUcnVlIiAvPg0KICAgICAgICAgICAgPFJ1bGVQYXJhbWV0ZXIgTmFtZT0iUmVxdWlyZWQiIFZhbHVlPSJGYWxzZSIgLz4NCiAgICAgICAgICA8L1J1bGVQYXJhbWV0ZXJzPg0KICAgICAgICA8L0V4dHJhY3Rpb25SdWxlPg0KICAgICAgICA8RXh0cmFjdGlvblJ1bGUgQ2xhc3NuYW1lPSJNaWNyb3NvZnQuVmlzdWFsU3R1ZGlvLlRlc3RUb29scy5XZWJUZXN0aW5nLlJ1bGVzLkV4dHJhY3RUZXh0LCBNaWNyb3NvZnQuVmlzdWFsU3R1ZGlvLlF1YWxpdHlUb29scy5XZWJUZXN0RnJhbWV3b3JrLCBWZXJzaW9uPTEwLjAuMC4wLCBDdWx0dXJlPW5ldXRyYWwsIFB1YmxpY0tleVRva2VuPWIwM2Y1ZjdmMTFkNTBhM2EiIFZhcmlhYmxlTmFtZT0iUXVlcnlTdHJpbmdQYXJhbTE5LndhIiBEaXNwbGF5TmFtZT0iIiBEZXNjcmlwdGlvbj0iIj4NCiAgICAgICAgICA8UnVsZVBhcmFtZXRlcnM+DQogICAgICAgICAgICA8UnVsZVBhcmFtZXRlciBOYW1lPSJTdGFydHNXaXRoIiBWYWx1ZT0iJmFtcDt3YT0iIC8+DQogICAgICAgICAgICA8UnVsZVBhcmFtZXRlciBOYW1lPSJFbmRzV2l0aCIgVmFsdWU9IiZxdW90OyIgLz4NCiAgICAgICAgICAgIDxSdWxlUGFyYW1ldGVyIE5hbWU9IkluZGV4IiBWYWx1ZT0iMCIgLz4NCiAgICAgICAgICAgIDxSdWxlUGFyYW1ldGVyIE5hbWU9Iklnbm9yZUNhc2UiIFZhbHVlPSJGYWxzZSIgLz4NCiAgICAgICAgICAgIDxSdWxlUGFyYW1ldGVyIE5hbWU9IlVzZVJlZ3VsYXJFeHByZXNzaW9uIiBWYWx1ZT0iRmFsc2UiIC8+DQogICAgICAgICAgICA8UnVsZVBhcmFtZXRlciBOYW1lPSJIdG1sRGVjb2RlIiBWYWx1ZT0iVHJ1ZSIgLz4NCiAgICAgICAgICAgIDxSdWxlUGFyYW1ldGVyIE5hbWU9IlJlcXVpcmVkIiBWYWx1ZT0iRmFsc2UiIC8+DQogICAgICAgICAgPC9SdWxlUGFyYW1ldGVycz4NCiAgICAgICAgPC9FeHRyYWN0aW9uUnVsZT4NCiAgICAgICAgPEV4dHJhY3Rpb25SdWxlIENsYXNzbmFtZT0iTWljcm9zb2Z0LlZpc3VhbFN0dWRpby5UZXN0VG9vbHMuV2ViVGVzdGluZy5SdWxlcy5FeHRyYWN0Rm9ybUZpZWxkLCBNaWNyb3NvZnQuVmlzdWFsU3R1ZGlvLlF1YWxpdHlUb29scy5XZWJUZXN0RnJhbWV3b3JrLCBWZXJzaW9uPTEwLjAuMC4wLCBDdWx0dXJlPW5ldXRyYWwsIFB1YmxpY0tleVRva2VuPWIwM2Y1ZjdmMTFkNTBhM2EiIFZhcmlhYmxlTmFtZT0iRm9ybVBvc3RQYXJhbTEuTkFQRXhwIiBEaXNwbGF5TmFtZT0iIiBEZXNjcmlwdGlvbj0iIj4NCiAgICAgICAgICA8UnVsZVBhcmFtZXRlcnM+DQogICAgICAgICAgICA8UnVsZVBhcmFtZXRlciBOYW1lPSJOYW1lIiBWYWx1ZT0iTkFQRXhwIiAvPg0KICAgICAgICAgICAgPFJ1bGVQYXJhbWV0ZXIgTmFtZT0iSHRtbERlY29kZSIgVmFsdWU9IlRydWUiIC8+DQogICAgICAgICAgICA8UnVsZVBhcmFtZXRlciBOYW1lPSJSZXF1aXJlZCIgVmFsdWU9IkZhbHNlIiAvPg0KICAgICAgICAgICAgPFJ1bGVQYXJhbWV0ZXIgTmFtZT0iSW5kZXgiIFZhbHVlPSIwIiAvPg0KICAgICAgICAgIDwvUnVsZVBhcmFtZXRlcnM+DQogICAgICAgIDwvRXh0cmFjdGlvblJ1bGU+DQogICAgICAgIDxFeHRyYWN0aW9uUnVsZSBDbGFzc25hbWU9Ik1pY3Jvc29mdC5WaXN1YWxTdHVkaW8uVGVzdFRvb2xzLldlYlRlc3RpbmcuUnVsZXMuRXh0cmFjdEZvcm1GaWVsZCwgTWljcm9zb2Z0LlZpc3VhbFN0dWRpby5RdWFsaXR5VG9vbHMuV2ViVGVzdEZyYW1ld29yaywgVmVyc2lvbj0xMC4wLjAuMCwgQ3VsdHVyZT1uZXV0cmFsLCBQdWJsaWNLZXlUb2tlbj1iMDNmNWY3ZjExZDUwYTNhIiBWYXJpYWJsZU5hbWU9IkZvcm1Qb3N0UGFyYW0yLk5BUCIgRGlzcGxheU5hbWU9IiIgRGVzY3JpcHRpb249IiI+DQogICAgICAgICAgPFJ1bGVQYXJhbWV0ZXJzPg0KICAgICAgICAgICAgPFJ1bGVQYXJhbWV0ZXIgTmFtZT0iTmFtZSIgVmFsdWU9Ik5BUCIgLz4NCiAgICAgICAgICAgIDxSdWxlUGFyYW1ldGVyIE5hbWU9Ikh0bWxEZWNvZGUiIFZhbHVlPSJUcnVlIiAvPg0KICAgICAgICAgICAgPFJ1bGVQYXJhbWV0ZXIgTmFtZT0iUmVxdWlyZWQiIFZhbHVlPSJGYWxzZSIgLz4NCiAgICAgICAgICAgIDxSdWxlUGFyYW1ldGVyIE5hbWU9IkluZGV4IiBWYWx1ZT0iMCIgLz4NCiAgICAgICAgICA8L1J1bGVQYXJhbWV0ZXJzPg0KICAgICAgICA8L0V4dHJhY3Rpb25SdWxlPg0KICAgICAgICA8RXh0cmFjdGlvblJ1bGUgQ2xhc3NuYW1lPSJNaWNyb3NvZnQuVmlzdWFsU3R1ZGlvLlRlc3RUb29scy5XZWJUZXN0aW5nLlJ1bGVzLkV4dHJhY3RGb3JtRmllbGQsIE1pY3Jvc29mdC5WaXN1YWxTdHVkaW8uUXVhbGl0eVRvb2xzLldlYlRlc3RGcmFtZXdvcmssIFZlcnNpb249MTAuMC4wLjAsIEN1bHR1cmU9bmV1dHJhbCwgUHVibGljS2V5VG9rZW49YjAzZjVmN2YxMWQ1MGEzYSIgVmFyaWFibGVOYW1lPSJGb3JtUG9zdFBhcmFtMy5BTk9OIiBEaXNwbGF5TmFtZT0iIiBEZXNjcmlwdGlvbj0iIj4NCiAgICAgICAgICA8UnVsZVBhcmFtZXRlcnM+DQogICAgICAgICAgICA8UnVsZVBhcmFtZXRlciBOYW1lPSJOYW1lIiBWYWx1ZT0iQU5PTiIgLz4NCiAgICAgICAgICAgIDxSdWxlUGFyYW1ldGVyIE5hbWU9Ikh0bWxEZWNvZGUiIFZhbHVlPSJUcnVlIiAvPg0KICAgICAgICAgICAgPFJ1bGVQYXJhbWV0ZXIgTmFtZT0iUmVxdWlyZWQiIFZhbHVlPSJGYWxzZSIgLz4NCiAgICAgICAgICAgIDxSdWxlUGFyYW1ldGVyIE5hbWU9IkluZGV4IiBWYWx1ZT0iMCIgLz4NCiAgICAgICAgICA8L1J1bGVQYXJhbWV0ZXJzPg0KICAgICAgICA8L0V4dHJhY3Rpb25SdWxlPg0KICAgICAgICA8RXh0cmFjdGlvblJ1bGUgQ2xhc3NuYW1lPSJNaWNyb3NvZnQuVmlzdWFsU3R1ZGlvLlRlc3RUb29scy5XZWJUZXN0aW5nLlJ1bGVzLkV4dHJhY3RGb3JtRmllbGQsIE1pY3Jvc29mdC5WaXN1YWxTdHVkaW8uUXVhbGl0eVRvb2xzLldlYlRlc3RGcmFtZXdvcmssIFZlcnNpb249MTAuMC4wLjAsIEN1bHR1cmU9bmV1dHJhbCwgUHVibGljS2V5VG9rZW49YjAzZjVmN2YxMWQ1MGEzYSIgVmFyaWFibGVOYW1lPSJGb3JtUG9zdFBhcmFtNC5BTk9ORXhwIiBEaXNwbGF5TmFtZT0iIiBEZXNjcmlwdGlvbj0iIj4NCiAgICAgICAgICA8UnVsZVBhcmFtZXRlcnM+DQogICAgICAgICAgICA8UnVsZVBhcmFtZXRlciBOYW1lPSJOYW1lIiBWYWx1ZT0iQU5PTkV4cCIgLz4NCiAgICAgICAgICAgIDxSdWxlUGFyYW1ldGVyIE5hbWU9Ikh0bWxEZWNvZGUiIFZhbHVlPSJUcnVlIiAvPg0KICAgICAgICAgICAgPFJ1bGVQYXJhbWV0ZXIgTmFtZT0iUmVxdWlyZWQiIFZhbHVlPSJGYWxzZSIgLz4NCiAgICAgICAgICAgIDxSdWxlUGFyYW1ldGVyIE5hbWU9IkluZGV4IiBWYWx1ZT0iMCIgLz4NCiAgICAgICAgICA8L1J1bGVQYXJhbWV0ZXJzPg0KICAgICAgICA8L0V4dHJhY3Rpb25SdWxlPg0KICAgICAgICA8RXh0cmFjdGlvblJ1bGUgQ2xhc3NuYW1lPSJNaWNyb3NvZnQuVmlzdWFsU3R1ZGlvLlRlc3RUb29scy5XZWJUZXN0aW5nLlJ1bGVzLkV4dHJhY3RGb3JtRmllbGQsIE1pY3Jvc29mdC5WaXN1YWxTdHVkaW8uUXVhbGl0eVRvb2xzLldlYlRlc3RGcmFtZXdvcmssIFZlcnNpb249MTAuMC4wLjAsIEN1bHR1cmU9bmV1dHJhbCwgUHVibGljS2V5VG9rZW49YjAzZjVmN2YxMWQ1MGEzYSIgVmFyaWFibGVOYW1lPSJGb3JtUG9zdFBhcmFtNS50IiBEaXNwbGF5TmFtZT0iIiBEZXNjcmlwdGlvbj0iIj4NCiAgICAgICAgICA8UnVsZVBhcmFtZXRlcnM+DQogICAgICAgICAgICA8UnVsZVBhcmFtZXRlciBOYW1lPSJOYW1lIiBWYWx1ZT0idCIgLz4NCiAgICAgICAgICAgIDxSdWxlUGFyYW1ldGVyIE5hbWU9Ikh0bWxEZWNvZGUiIFZhbHVlPSJUcnVlIiAvPg0KICAgICAgICAgICAgPFJ1bGVQYXJhbWV0ZXIgTmFtZT0iUmVxdWlyZWQiIFZhbHVlPSJGYWxzZSIgLz4NCiAgICAgICAgICAgIDxSdWxlUGFyYW1ldGVyIE5hbWU9IkluZGV4IiBWYWx1ZT0iMCIgLz4NCiAgICAgICAgICA8L1J1bGVQYXJhbWV0ZXJzPg0KICAgICAgICA8L0V4dHJhY3Rpb25SdWxlPg0KICAgICAgPC9Db3JyZWxhdGlvbkV4dHJhY3Rpb25SdWxlcz4NCiAgICAgIDxRdWVyeVN0cmluZ1BhcmFtZXRlcnM+DQogICAgICAgIDxRdWVyeVN0cmluZ1BhcmFtZXRlciBOYW1lPSJ3YSIgVmFsdWU9IndzaWduaW4xLjAiIFJlY29yZGVkVmFsdWU9IndzaWduaW4xLjAiIENvcnJlbGF0aW9uQmluZGluZz0ie3tRdWVyeVN0cmluZ1BhcmFtMzIud2F9fSIgVXJsRW5jb2RlPSJGYWxzZSIgVXNlVG9Hcm91cFJlc3VsdHM9IkZhbHNlIiAvPg0KICAgICAgICA8UXVlcnlTdHJpbmdQYXJhbWV0ZXIgTmFtZT0icnBzbnYiIFZhbHVlPSIxMSIgUmVjb3JkZWRWYWx1ZT0iMTEiIENvcnJlbGF0aW9uQmluZGluZz0ie3tRdWVyeVN0cmluZ1BhcmFtMzMucnBzbnZ9fSIgVXJsRW5jb2RlPSJGYWxzZSIgVXNlVG9Hcm91cFJlc3VsdHM9IkZhbHNlIiAvPg0KICAgICAgICA8UXVlcnlTdHJpbmdQYXJhbWV0ZXIgTmFtZT0iY3QiIFZhbHVlPSIxNTE5ODI4MDYyIiBSZWNvcmRlZFZhbHVlPSIxNTE5ODI4MDYyIiBDb3JyZWxhdGlvbkJpbmRpbmc9Int7UXVlcnlTdHJpbmdQYXJhbTM0LmN0fX0iIFVybEVuY29kZT0iRmFsc2UiIFVzZVRvR3JvdXBSZXN1bHRzPSJGYWxzZSIgLz4NCiAgICAgICAgPFF1ZXJ5U3RyaW5nUGFyYW1ldGVyIE5hbWU9InJ2ZXIiIFZhbHVlPSI2LjAuNTI4Ni4wIiBSZWNvcmRlZFZhbHVlPSI2LjAuNTI4Ni4wIiBDb3JyZWxhdGlvbkJpbmRpbmc9Int7UXVlcnlTdHJpbmdQYXJhbTM1LnJ2ZXJ9fSIgVXJsRW5jb2RlPSJGYWxzZSIgVXNlVG9Hcm91cFJlc3VsdHM9IkZhbHNlIiAvPg0KICAgICAgICA8UXVlcnlTdHJpbmdQYXJhbWV0ZXIgTmFtZT0id3AiIFZhbHVlPSJNQkkiIFJlY29yZGVkVmFsdWU9Ik1CSSIgQ29ycmVsYXRpb25CaW5kaW5nPSJ7e1F1ZXJ5U3RyaW5nUGFyYW0zNi53cH19IiBVcmxFbmNvZGU9IkZhbHNlIiBVc2VUb0dyb3VwUmVzdWx0cz0iRmFsc2UiIC8+DQogICAgICAgIDxRdWVyeVN0cmluZ1BhcmFtZXRlciBOYW1lPSJ3cmVwbHkiIFZhbHVlPSJodHRwczolMkYlMmZ3d3cuYmluZy5jb20lMkZzZWN1cmUlMkZQYXNzcG9ydC5hc3B4JTNGcG9wdXAlM0QxJTI2c3NsJTNEMSIgUmVjb3JkZWRWYWx1ZT0iaHR0cHM6JTJGJTJmd3d3LmJpbmcuY29tJTJGc2VjdXJlJTJGUGFzc3BvcnQuYXNweCUzRnBvcHVwJTNEMSUyNnNzbCUzRDEiIENvcnJlbGF0aW9uQmluZGluZz0ie3tRdWVyeVN0cmluZ1BhcmFtMzcud3JlcGx5fX0iIFVybEVuY29kZT0iRmFsc2UiIFVzZVRvR3JvdXBSZXN1bHRzPSJGYWxzZSIgLz4NCiAgICAgICAgPFF1ZXJ5U3RyaW5nUGFyYW1ldGVyIE5hbWU9ImxjIiBWYWx1ZT0iNDA5NiIgUmVjb3JkZWRWYWx1ZT0iNDA5NiIgQ29ycmVsYXRpb25CaW5kaW5nPSJ7e1F1ZXJ5U3RyaW5nUGFyYW0zOC5sY319IiBVcmxFbmNvZGU9IkZhbHNlIiBVc2VUb0dyb3VwUmVzdWx0cz0iRmFsc2UiIC8+DQogICAgICAgIDxRdWVyeVN0cmluZ1BhcmFtZXRlciBOYW1lPSJpZCIgVmFsdWU9IjI2NDk2MCIgUmVjb3JkZWRWYWx1ZT0iMjY0OTYwIiBDb3JyZWxhdGlvbkJpbmRpbmc9Int7UXVlcnlTdHJpbmdQYXJhbTM5LmlkfX0iIFVybEVuY29kZT0iRmFsc2UiIFVzZVRvR3JvdXBSZXN1bHRzPSJGYWxzZSIgLz4NCiAgICAgICAgPFF1ZXJ5U3RyaW5nUGFyYW1ldGVyIE5hbWU9ImNoZWNrZGEiIFZhbHVlPSIxIiBSZWNvcmRlZFZhbHVlPSIxIiBDb3JyZWxhdGlvbkJpbmRpbmc9Int7UXVlcnlTdHJpbmdQYXJhbTQwLmNoZWNrZGF9fSIgVXJsRW5jb2RlPSJGYWxzZSIgVXNlVG9Hcm91cFJlc3VsdHM9IkZhbHNlIiAvPg0KICAgICAgPC9RdWVyeVN0cmluZ1BhcmFtZXRlcnM+DQogICAgPC9SZXF1ZXN0Pg0KICAgIDxSZXF1ZXN0IE1ldGhvZD0iUE9TVCIgR3VpZD0iMzkwZWUwMDMtNmMxMi00NWQxLTkxZDktMjQwZWNhZjYyYTZhIiBWZXJzaW9uPSIxLjEiIFVybD0iaHR0cHM6Ly93d3cuYmluZy5jb20vc2VjdXJlL1Bhc3Nwb3J0LmFzcHgiIFRoaW5rVGltZT0iMCIgVGltZW91dD0iMzAwIiBQYXJzZURlcGVuZGVudFJlcXVlc3RzPSJUcnVlIiBGb2xsb3dSZWRpcmVjdHM9IlRydWUiIFJlY29yZFJlc3VsdD0iVHJ1ZSIgQ2FjaGU9IkZhbHNlIiBSZXNwb25zZVRpbWVHb2FsPSIwIiBFbmNvZGluZz0idXRmLTgiIEV4cGVjdGVkSHR0cFN0YXR1c0NvZGU9IjAiIEV4cGVjdGVkUmVzcG9uc2VVcmw9IiIgUmVwb3J0aW5nTmFtZT0iIiBJZ25vcmVIdHRwU3RhdHVzQ29kZT0iRmFsc2UiPg0KICAgICAgPEhlYWRlcnM+DQogICAgICAgIDxIZWFkZXIgTmFtZT0iUmVmZXJlciIgVmFsdWU9Imh0dHBzOi8vbG9naW4ubGl2ZS5jb20vbG9naW4uc3JmP3dhPXdzaWduaW4xLjAmYW1wO3Jwc252PTExJmFtcDtjdD0xNTE5ODI4MDYyJmFtcDtydmVyPTYuMC41Mjg2LjAmYW1wO3dwPU1CSSZhbXA7d3JlcGx5PWh0dHBzOiUyRiUyZnd3dy5iaW5nLmNvbSUyRnNlY3VyZSUyRlBhc3Nwb3J0LmFzcHglM0Zwb3B1cCUzRDElMjZzc2wlM0QxJmFtcDtsYz00MDk2JmFtcDtpZD0yNjQ5NjAmYW1wO2NoZWNrZGE9MSIgLz4NCiAgICAgIDwvSGVhZGVycz4NCiAgICAgIDxRdWVyeVN0cmluZ1BhcmFtZXRlcnM+DQogICAgICAgIDxRdWVyeVN0cmluZ1BhcmFtZXRlciBOYW1lPSJwb3B1cCIgVmFsdWU9IjEiIFJlY29yZGVkVmFsdWU9IjEiIENvcnJlbGF0aW9uQmluZGluZz0ie3tRdWVyeVN0cmluZ1BhcmFtMTcucG9wdXB9fSIgVXJsRW5jb2RlPSJGYWxzZSIgVXNlVG9Hcm91cFJlc3VsdHM9IkZhbHNlIiAvPg0KICAgICAgICA8UXVlcnlTdHJpbmdQYXJhbWV0ZXIgTmFtZT0ic3NsIiBWYWx1ZT0iMSIgUmVjb3JkZWRWYWx1ZT0iMSIgQ29ycmVsYXRpb25CaW5kaW5nPSJ7e1F1ZXJ5U3RyaW5nUGFyYW0xOC5zc2x9fSIgVXJsRW5jb2RlPSJGYWxzZSIgVXNlVG9Hcm91cFJlc3VsdHM9IkZhbHNlIiAvPg0KICAgICAgICA8UXVlcnlTdHJpbmdQYXJhbWV0ZXIgTmFtZT0id2EiIFZhbHVlPSJ3c2lnbmluMS4wIiBSZWNvcmRlZFZhbHVlPSJ3c2lnbmluMS4wIiBDb3JyZWxhdGlvbkJpbmRpbmc9Int7UXVlcnlTdHJpbmdQYXJhbTE5LndhfX0iIFVybEVuY29kZT0iRmFsc2UiIFVzZVRvR3JvdXBSZXN1bHRzPSJGYWxzZSIgLz4NCiAgICAgIDwvUXVlcnlTdHJpbmdQYXJhbWV0ZXJzPg0KICAgICAgPEZvcm1Qb3N0SHR0cEJvZHk+DQogICAgICAgIDxGb3JtUG9zdFBhcmFtZXRlciBOYW1lPSJOQVBFeHAiIFZhbHVlPSJGcmksIDA4LUp1bi0yMDE4IDIxOjI3OjQ0IEdNVCIgUmVjb3JkZWRWYWx1ZT0iRnJpLCAwOC1KdW4tMjAxOCAyMToyNzo0NCBHTVQiIENvcnJlbGF0aW9uQmluZGluZz0ie3tGb3JtUG9zdFBhcmFtMS5OQVBFeHB9fSIgVXJsRW5jb2RlPSJUcnVlIiAvPg0KICAgICAgICA8Rm9ybVBvc3RQYXJhbWV0ZXIgTmFtZT0iTkFQIiBWYWx1ZT0iViUzRDEuOSUyNkUlM0QxNDhlJTI2QyUzRFppVnRnSTNPVC1rSmdjeEhCRHdSUnkwby1OUUdScWpMNkNxTFFpalBIUmJMS29wc2I4MHE2dyUyNlclM0QyIiBSZWNvcmRlZFZhbHVlPSJWJTNEMS45JTI2RSUzRDE0OGUlMjZDJTNEWmlWdGdJM09ULWtKZ2N4SEJEd1JSeTBvLU5RR1Jxakw2Q3FMUWlqUEhSYkxLb3BzYjgwcTZ3JTI2VyUzRDIiIENvcnJlbGF0aW9uQmluZGluZz0ie3tGb3JtUG9zdFBhcmFtMi5OQVB9fSIgVXJsRW5jb2RlPSJUcnVlIiAvPg0KICAgICAgICA8Rm9ybVBvc3RQYXJhbWV0ZXIgTmFtZT0iQU5PTiIgVmFsdWU9IkElM0QwM0U5MEY1MjVFOEQwMkJFMURDNjYzQTFGRkZGRkZGRiUyNkUlM0QxNGU4JTI2VyUzRDIiIFJlY29yZGVkVmFsdWU9IkElM0QwM0U5MEY1MjVFOEQwMkJFMURDNjYzQTFGRkZGRkZGRiUyNkUlM0QxNGU4JTI2VyUzRDIiIENvcnJlbGF0aW9uQmluZGluZz0ie3tGb3JtUG9zdFBhcmFtMy5BTk9OfX0iIFVybEVuY29kZT0iVHJ1ZSIgLz4NCiAgICAgICAgPEZvcm1Qb3N0UGFyYW1ldGVyIE5hbWU9IkFOT05FeHAiIFZhbHVlPSJTdW4sIDE2LVNlcC0yMDE4IDIxOjI3OjQ0IEdNVCIgUmVjb3JkZWRWYWx1ZT0iU3VuLCAxNi1TZXAtMjAxOCAyMToyNzo0NCBHTVQiIENvcnJlbGF0aW9uQmluZGluZz0ie3tGb3JtUG9zdFBhcmFtNC5BTk9ORXhwfX0iIFVybEVuY29kZT0iVHJ1ZSIgLz4NCiAgICAgICAgPEZvcm1Qb3N0UGFyYW1ldGVyIE5hbWU9InQiIFZhbHVlPSJFZ0FxQWdNQUFBQUVnQUFBREFBQklpK2VnK3pSeEEvRGtYNjlWdHRpQzFJSVhoZTV6NXRXVUh5SHc4SnA1QjVPM1lEUWxXeVhmT0g3dTZXSkRpK3o5NDIxSWNOc0lWNlQycmR0YjU1Z2lrOHhlNlJOTkhQOHF0Q1FQM0hPdHpIQlhkd29STm9Pbit4dXpYdWRVc2ovZ01FTENMYjZkK09welJWTWxleWhxQnlGNXZRSmNGbzNZd1l0aEdWYTZtcmlXSmVRMEc5SzlUMWMvUVdSTklDZGM0RlpvOTQ2Z0NLZ3FidTEwT0JLd0U0cXdUelZOYWN4ZjIxTFZHVmFYb0tsRStrQU1vTXkwZ2xqSVE3S1R2WFhtSWtjM1JNbEFRVzVucmxYRU9JSFhpenl2Yi9hOHdCT2hob01paUFRdEtBcXl6T2x2MVZhbDh6RjFpRXhZS1ZqNkRLdFlqa3VxUHYvSW1NQjVmRWoyaGtCZUFBWkFRQUFBd0NwcHpiL1hyeVdXam00bGxvQUN3UUFBQk1BQUJBVUFHUnRiM0poYkdWelFHTnlibTkyWVM1amIyMEFZUUFBSUdSdGIzSmhiR1Z6SldOeWJtOTJZUzVqYjIxQWNHRnpjM0J2Y25RdVkyOXRBQUFBQkVOU0FBQUFBQUFBQkFrQUFBQUFBRlZBSUFaQkFBWkVZVzVwWld3QURVMXZjbUZzWlhNZ1FtVnBkR0VBQUFBQUFBQUFBQUFBQUFBQUFBQUFBQURBanJSWGtJMEVzZ0FBWHJ5V1d0NHNsMW9BQUFBQUFBQUFBQUFBQUFBUEFERTVNQzR5TkRFdU1UZ3pMakU0QUFVQkFBQUFBVUFZQU1Scis1WUFBUVFBQUFBQUFBQUFBQUFBQUFBQUFBQXJ5ZDA5ZkFYNEF2Ky9HQUJWOG1lUi83OFlBRlB5WjVFQUFBQUFBQUFBQUFBQUFBQUFBQUFBQUFBQUFBQUFBQUFBQUFBPSIgUmVjb3JkZWRWYWx1ZT0iRWdBcUFnTUFBQUFFZ0FBQURBQUJJaStlZyt6UnhBL0RrWDY5VnR0aUMxSUlYaGU1ejV0V1VIeUh3OEpwNUI1TzNZRFFsV3lYZk9IN3U2V0pEaSt6OTQyMUljTnNJVjZUMnJkdGI1NWdpazh4ZTZSTk5IUDhxdENRUDNIT3R6SEJYZHdvUk5vT24reHV6WHVkVXNqL2dNRUxDTGI2ZCtPcHpSVk1sZXlocUJ5RjV2UUpjRm8zWXdZdGhHVmE2bXJpV0plUTBHOUs5VDFjL1FXUk5JQ2RjNEZabzk0NmdDS2dxYnUxME9CS3dFNHF3VHpWTmFjeGYyMUxWR1ZhWG9LbEUra0FNb015MGdsaklRN0tUdlhYbUlrYzNSTWxBUVc1bnJsWEVPSUhYaXp5dmIvYTh3Qk9oaG9NaWlBUXRLQXF5ek9sdjFWYWw4ekYxaUV4WUtWajZES3RZamt1cVB2L0ltTUI1ZkVqMmhrQmVBQVpBUUFBQXdDcHB6Yi9YcnlXV2ptNGxsb0FDd1FBQUJNQUFCQVVBR1J0YjNKaGJHVnpRR055Ym05MllTNWpiMjBBWVFBQUlHUnRiM0poYkdWekpXTnlibTkyWVM1amIyMUFjR0Z6YzNCdmNuUXVZMjl0QUFBQUJFTlNBQUFBQUFBQUJBa0FBQUFBQUZWQUlBWkJBQVpFWVc1cFpXd0FEVTF2Y21Gc1pYTWdRbVZwZEdFQUFBQUFBQUFBQUFBQUFBQUFBQUFBQUFEQWpyUlhrSTBFc2dBQVhyeVdXdDRzbDFvQUFBQUFBQUFBQUFBQUFBQVBBREU1TUM0eU5ERXVNVGd6TGpFNEFBVUJBQUFBQVVBWUFNUnIrNVlBQVFRQUFBQUFBQUFBQUFBQUFBQUFBQUFyeWQwOWZBWDRBdisvR0FCVjhtZVIvNzhZQUZQeVo1RUFBQUFBQUFBQUFBQUFBQUFBQUFBQUFBQUFBQUFBQUFBQUFBQT0iIENvcnJlbGF0aW9uQmluZGluZz0ie3tGb3JtUG9zdFBhcmFtNS50fX0iIFVybEVuY29kZT0iVHJ1ZSIgLz4NCiAgICAgIDwvRm9ybVBvc3RIdHRwQm9keT4NCiAgICA8L1JlcXVlc3Q+DQogICAgPFJlcXVlc3QgTWV0aG9kPSJQT1NUIiBHdWlkPSI1MjExODBjNy02MTVkLTRiMTMtODU2Zi0xNWEzMmE4YTg0OGYiIFZlcnNpb249IjEuMSIgVXJsPSJodHRwczovL3d3dy5iaW5nLmNvbS9mZC9scy9sc3AuYXNweCIgVGhpbmtUaW1lPSIxIiBUaW1lb3V0PSIzMDAiIFBhcnNlRGVwZW5kZW50UmVxdWVzdHM9IlRydWUiIEZvbGxvd1JlZGlyZWN0cz0iVHJ1ZSIgUmVjb3JkUmVzdWx0PSJUcnVlIiBDYWNoZT0iRmFsc2UiIFJlc3BvbnNlVGltZUdvYWw9IjAiIEVuY29kaW5nPSJ1dGYtOCIgRXhwZWN0ZWRIdHRwU3RhdHVzQ29kZT0iMCIgRXhwZWN0ZWRSZXNwb25zZVVybD0iIiBSZXBvcnRpbmdOYW1lPSIiIElnbm9yZUh0dHBTdGF0dXNDb2RlPSJGYWxzZSI+DQogICAgICA8SGVhZGVycz4NCiAgICAgICAgPEhlYWRlciBOYW1lPSJSZWZlcmVyIiBWYWx1ZT0iaHR0cHM6Ly93d3cuYmluZy5jb20vIiAvPg0KICAgICAgPC9IZWFkZXJzPg0KICAgICAgPFN0cmluZ0h0dHBCb2R5IENvbnRlbnRUeXBlPSJ0ZXh0L3htbCIgSW5zZXJ0Qnl0ZU9yZGVyTWFyaz0iRmFsc2UiPlBBQkRBR3dBYVFCbEFHNEFkQUJKQUc0QWN3QjBBRklBWlFCeEFIVUFaUUJ6QUhRQVBnQThBRVVBZGdCbEFHNEFkQUJ6QUQ0QVBBQkZBRDRBUEFCVUFENEFSUUIyQUdVQWJnQjBBQzRBUXdCc0FHa0FaUUJ1QUhRQVNRQnVBSE1BZEFBOEFDOEFWQUErQUR3QVNRQkhBRDRBUkFCREFEY0FRZ0JGQURrQVJnQkNBREFBUmdCQ0FFVUFOQUJGQURNQU9RQkJBRE1BUkFBeUFETUFRd0EzQURVQVJRQkJBRFVBUmdCRUFFRUFRd0JEQUR3QUx3QkpBRWNBUGdBOEFGUUFVd0ErQURFQU5RQXhBRGtBT0FBeUFEY0FPUUExQURjQU1RQXdBREVBUEFBdkFGUUFVd0ErQUR3QVJBQStBRHdBSVFCYkFFTUFSQUJCQUZRQVFRQmJBRnNBZXdBaUFGUUFJZ0E2QUNJQVF3QkpBQzRBUWdCdkFIZ0FUUUJ2QUdRQVpRQnNBQ0lBTEFBaUFFWUFTUUJFQUNJQU9nQWlBRU1BU1FBaUFDd0FJZ0JPQUdFQWJRQmxBQ0lBT2dBaUFIWUFNZ0F1QURnQUlnQXNBQ0lBVXdCV0FDSUFPZ0FpQURRQUlnQXNBQ0lBVUFBaUFEb0Fld0FpQUVNQUlnQTZBRGtBTkFBc0FDSUFUZ0FpQURvQU1RQXNBQ0lBU1FBaUFEb0FJZ0F5QUdzQWFBQWlBQ3dBSWdCVEFDSUFPZ0FpQUZRQUt3QkRBQ3NBUWdCRUFDSUFMQUFpQUUwQUlnQTZBQ0lBVmdBckFFd0FLd0JOQUNzQVRRQlVBQ3NBUlFBckFFNEFLd0JEQUNzQVN3QXJBRUlBUkFBaUFDd0FJZ0JVQUNJQU9nQXpBRFFBTmdBM0FDd0FJZ0JMQUNJQU9nQWlBRk1BVUFCQkFFNEFMZ0JtQUhRQWNnQkNBQ3NBVEFCSkFDNEFZZ0JmQUdFQWJBQm5BRzhBS3dCTUFFa0FMZ0JpQUY4QVlRQnVBSE1BS3dBeEFEUUFOQUFyQUZNQVJRQlNBRkFBTEFBMUFEQUFNZ0F4QUM0QU1RQXJBRElBYlFCNEFDc0Fkd0IzQUhjQUxnQmlBR2tBYmdCbkFDNEFZd0J2QUcwQUt3QnBBRzBBWndBckFHZ0FkQUIwQUhBQWN3QXJBREVBTUFCMEFDc0FNUUF3QUdzQUt3QXhBRGdBZHdBckFERUFZUUExQUNzQU1RQmhBSElBS3dBeEFHRUFlQUFyQURFQVlnQTRBQ3NBTVFCaUFIQUFLd0F4QUdNQWFBQXJBREVBWkFCckFDc0FNUUJsQURBQUt3QXhBR1VBYkFBckFERUFaZ0JoQUNzQVJnQnlBR0VBYlFCbEFIY0Fid0J5QUdzQUt3QnpBR01BY2dCcEFIQUFkQUFyQURFQVpnQm9BQ3NBU1FCa0FHVUFiZ0IwQUdrQWRBQjVBQ1VBTWdBMUFESUFNQUJDQUd3QWRRQmxBQ1VBTWdBMEFFSUFiQUIxQUdVQVNRQmtBR1VBYmdCMEFHa0FkQUI1QUVRQWNnQnZBSEFBWkFCdkFIY0FiZ0JDQUc4QWJ3QjBBRk1BZEFCeUFHRUFjQUJmQUZJQVpRQmtBR2tBY2dCbEFHTUFkQUFyQURFQVp3QjFBQ3NBU1FCa0FHVUFiZ0IwQUdrQWRBQjVBQ1VBTWdBMUFESUFNQUJDQUd3QWRRQmxBQ1VBTWdBMEFFSUFiQUIxQUdVQVNRQmtBR1VBYmdCMEFHa0FkQUI1QUVnQVpRQmhBR1FBWlFCeUFDc0FNUUJuQUhnQUt3QkpBR1FBWlFCdUFIUUFhUUIwQUhrQUpRQXlBRFVBTWdBd0FGTUFiZ0J5QUZjQWFRQnVBR1FBYndCM0FITUFUQUJwQUhZQVpRQkRBRzhBYmdCdUFHVUFZd0IwQUVJQWJ3QnZBSFFBY3dCMEFISUFZUUJ3QUNzQU1RQm9BRElBS3dCTUFHRUFiZ0JuQUhVQVlRQm5BR1VBVXdCM0FHa0FkQUJqQUdnQUt3QXhBR2dBTmdBckFGTUFaUUJuQUcwQVpRQnVBSFFBUmdCcEFHd0FkQUJsQUhJQWN3QWxBRElBTlFBeUFEQUFRZ0JzQUhVQVpRQWxBRElBTkFCSEFHVUFiZ0JsQUhJQWFRQmpBRVFBY2dCdkFIQUFSQUJ2QUhjQWJnQk5BRzhBWkFCbEFISUFiZ0JEQUdFQWJBQmxBRzRBWkFCaEFISUFLd0F4QUdvQU9BQXJBRUlBYVFCdUFHY0FRUUIwQUZjQWJ3QnlBR3NBSlFBeUFEVUFNZ0F3QUZVQWN3QmxBSElBUkFCcEFITUFZd0J2QUhZQVpRQnlBSGtBS3dBeEFHd0FNZ0FyQUhnQWJRQnNBR2dBZEFCMEFIQUFjZ0JsQUhFQWRRQmxBSE1BZEFBckFERUFiZ0ExQUNzQVZ3QmxBR0lBVWdCbEFITUFkUUJzQUhRQUpRQXlBRFVBTWdBd0FFSUFiQUIxQUdVQUpRQXlBRFFBVndCbEFHSUFVZ0JsQUhNQWRRQnNBSFFBVkFCdkFHOEFiQUJpQUc4QWVBQkNBR3dBZFFCbEFDc0FNUUJzQUdVQUt3QldBR2tBY3dCMUFHRUFiQUJUQUhrQWN3QjBBR1VBYlFBbEFESUFOUUF5QURBQVJnQnZBRzhBZEFCbEFISUFKUUF5QURRQVNRQlFBSFlBTmdCVUFHVUFjd0IwQUZNQVl3QnlBR2tBY0FCMEFDc0FNUUJ0QUcwQUt3QlhBR1VBWWdBbEFESUFOUUF5QURBQVV3QmxBSElBY0FCTEFHVUFlUUJpQUc4QVlRQnlBR1FBVGdCaEFIWUFhUUJuQUdFQWRBQnBBRzhBYmdCZkFGTUFaUUJzQUdVQVl3QjBBRzhBY2dCSUFHVUFZUUJrQUdVQWNnQlFBR3dBZFFCekFFRUFiQUJuQUc4QUt3QXhBRzBBZHdBckFGY0FaUUJpQUNVQU1nQTFBRElBTUFCVEFHVUFjZ0J3QUVzQVpRQjVBR0lBYndCaEFISUFaQUJPQUdFQWRnQnBBR2NBWVFCMEFHa0Fid0J1QUNzQU1RQnRBSG9BS3dBeEFIWUFNd0FyQUhBQWJ3QnBBRzRBZEFCbEFISUFiUUJ2QUhZQVpRQWlBQ3dBSWdCR0FDSUFPZ0F3QUgwQUxBQWlBRllBSWdBNkFDSUFiQUE0QUM4QU1BQXZBREFBTHdCM0FIRUFMd0JzQUhFQUx3QjNBRGtBTHdBekFHSUFMd0F4QUM4QVpBQXZBSFlBYVFCekFHa0FZZ0JzQUdVQUx3QmtBR1VBWmdCaEFIVUFiQUIwQUNzQWJnQndBQzhBTHdBdkFDOEFMd0F2QUVBQU13QXZBQzhBTHdBdkFDSUFMQUFpQUV3QUlnQTZBQ0lBYkFBNUFDOEFNQUF2QUU0QVFRQldBQzRBWWdCZkFITUFZd0J2QUhBQVpRQmlBR0VBY2dBdkFGTUFSUUJTQUZBQUxBQTFBREFBTVFBMkFDNEFNUUF2QURJQWN3QXZBRElBTndBdkFIUUFhQUF2QURFQU13QXZBRElBTHdCVUFDOEFMUUF4QUNzQWJBQTVBQzhBTVFBdkFFZ0FNUUF1QUdJQVh3QnNBRzhBWndCdkFDOEFMd0F4QUcwQUx3Qm5BQzhBY3dBdkFERUFNQUF2QURRQUx3QlVBQzhBTFFBeEFDc0FiQUE1QUM4QU1nQXZBRVFBU1FCV0FDNEFZZ0JmQUhNQVpRQmhBSElBWXdCb0FHSUFid0I0QUVZQWJ3QnlBRzBBTHdBdkFESUFjd0F2QUdVQUx3Qm1BR3NBTHdBeEFEUUFMd0F6QUM4QVZBQXZBQzBBTVFBckFHd0FPUUF2QURNQUx3QkVBRWtBVmdBakFHa0FaQUJmQUdnQUx3QkFBRFFBTHdBd0FDOEFNQUF2QURBQUx3QXdBQzhBTWdBdkFGUUFMd0F5QUNzQWJnQnpBQzhBTkFBdkFGTUFVQUJCQUU0QUxnQnpBR0lBWHdCakFHOEFkUUJ1QUhRQUx3QXZBRE1BWXdBdkFETUFid0F2QURNQWF3QXZBSFVBTHdBekFDOEFWQUF2QUMwQU1RQXJBRzRBY3dBdkFEVUFMd0JBQURBQUx3QlRBRVVBVWdCUUFDd0FOUUF5QURVQU1BQXVBREVBTHdBMkFIY0FMd0F6QUc4QUx3QXlBSEVBTHdCMUFDOEFNd0F2QUZRQUx3QXRBREVBS3dCdUFITUFMd0EyQUM4QVFBQXdBQzhBVXdCRkFGSUFVQUFzQURVQU1nQTFBRGdBTGdBeEFDOEFPUUJ1QUM4QU13QnZBQzhBTXdCcEFDOEFkUUF2QURNQUx3QlVBQzhBTFFBeEFDc0FiZ0J6QUM4QU53QXZBRUFBTUFBdkFGTUFSUUJTQUZBQUxBQTFBRElBTmdBeUFDNEFNUUF2QUdRQU5RQXZBRE1BYndBdkFESUFaUUF2QUhVQUx3QXpBQzhBVkFBdkFDMEFNUUFyQUc0QWN3QXZBRGdBTHdCQUFERUFMd0JUQUVVQVVnQlFBQ3dBTlFBd0FEa0FPQUF1QURFQUx3QXlBSE1BTHdBMEFHa0FMd0JtQUdzQUx3QXlBSElBTHdBekFDOEFWQUF2QUMwQU1RQXJBRzRBY3dBdkFEa0FMd0JBQURFQUx3QlRBRVVBVWdCUUFDd0FOUUF4QURFQU1BQXVBREVBTHdBeUFITUFMd0EzQUdJQUx3Qm1BR3NBTHdBeUFEZ0FMd0F6QUM4QVZBQXZBQzBBTVFBckFHNEFjd0F2QUdFQUx3QkFBREVBTHdCVEFFVUFVZ0JRQUN3QU5RQXhBRElBTVFBdUFERUFMd0F5QUhNQUx3QTVBR3dBTHdCbUFHc0FMd0F5QUhBQUx3QXpBQzhBVkFBdkFDMEFNUUFyQUc0QWN3QXZBR0lBTHdCQUFERUFMd0JUQUVVQVVnQlFBQ3dBTlFBeEFETUFNd0F1QURFQUx3QXlBSE1BTHdCakFHTUFMd0JtQUdzQUx3QXlBRGdBTHdBekFDOEFWQUF2QUMwQU1RQXJBRzRBY3dBdkFHTUFMd0JBQURFQUx3QlRBRVVBVWdCUUFDd0FOUUF4QURRQU5nQXVBREVBTHdBeUFITUFMd0JsQUcwQUx3Qm1BR3NBTHdBeUFIQUFMd0F6QUM4QVZBQXZBQzBBTVFBckFHNEFjd0F2QUdRQUx3QkFBREVBTHdCVEFFVUFVZ0JRQUN3QU5RQXhBRFVBT1FBdUFERUFMd0F5QUhNQUx3Qm9BR1FBTHdCbUFHc0FMd0F5QUhBQUx3QXpBQzhBVkFBdkFDMEFNUUFyQUc0QWN3QXZBR1VBTHdCQUFERUFMd0JUQUVVQVVnQlFBQ3dBTlFBeEFEY0FNUUF1QURFQUx3QXlBSE1BTHdCckFEUUFMd0JtQUdzQUx3QXlBSEFBTHdBekFDOEFWQUF2QUMwQU1RQXJBRzRBY3dBdkFHWUFMd0JBQURFQUx3QlRBRVVBVWdCUUFDd0FOUUF4QURnQU13QXVBREVBTHdBeUFITUFMd0J0QUhZQUx3Qm1BR3NBTHdBeUFIQUFMd0F6QUM4QVZBQXZBQzBBTVFBckFHNEFjd0F2QUdjQUx3QkFBREVBTHdCVEFFVUFVZ0JRQUN3QU5RQXhBRGtBTmdBdUFERUFMd0F5QUhNQUx3QndBRzBBTHdCbUFHc0FMd0F6QURZQUx3QXpBQzhBVkFBdkFDMEFNUUFyQUc0QWN3QXZBR2dBTHdCQUFERUFMd0JUQUVVQVVnQlFBQ3dBTlFBeUFEQUFPQUF1QURFQUx3QXlBSE1BTHdCekFIVUFMd0JtQUdzQUx3QXlBSEFBTHdBekFDOEFWQUF2QUMwQU1RQXJBRzRBY3dBdkFHa0FMd0JBQURJQUx3QlRBRVVBVWdCUUFDd0FOUUF5QURrQU1nQXVBREVBTHdBeUFITUFMd0IyQUd3QUx3Qm1BR3NBTHdBMUFEVUFMd0F6QUM4QVZBQXZBQzBBTVFBckFHNEFjd0F2QUdvQUx3Qk1BRWtBTGdCaUFGOEFjQUJoQUdjQUx3QlRBRVVBVWdCUUFDd0FOUUF6QURFQU1nQXVBREVBTHdBeUFITUFMd0F4QURBQWN3QXZBR1lBYXdBdkFESUFjUUF2QURNQUx3QlVBQzhBTFFBeEFDc0FiZ0J6QUM4QWF3QXZBRUFBTWdBdkFGTUFSUUJTQUZBQUxBQTFBRE1BTUFBeUFDNEFNUUF2QUdvQVp3QXZBRFFBYVFBdkFHRUFid0F2QURVQWJBQXZBRE1BTHdCVUFDOEFMUUF4QUNzQWJnQnpBQzhBYkFBdkFFWUFUd0JQQUZRQVJRQlNBQ01BWWdCZkFHWUFid0J2QUhRQVpRQnlBQzhBVXdCRkFGSUFVQUFzQURVQU1BQXpBRFVBTGdBeEFDOEFNQUF2QUVBQU13QXZBSGNBT1FBdkFERUFZd0F2QURFQUx3QlVBQzhBTFFBeEFDc0FiQUE1QUM4QWJRQXZBRWtBVFFCSEFDOEFMd0F4QUcwQUx3Qm5BQzhBYWdCaUFDOEFNUUJ4QUM4QU5RQXZBRlFBTHdBdEFERUFLd0JzQURrQUx3QnVBQzhBU1FCTkFFY0FJd0JwQUdRQVh3QndBQzhBUUFBMEFDOEFNQUF2QURBQUx3QXdBQzhBTUFBdkFEUUFMd0JVQUM4QU1nQXJBRUFBTlFBdkFETUFMd0F2QUM4QWNnQXdBQzhBWVFBdkFEUUFOUUF2QURFQVpRQXZBQzhBVWdBdkFDc0FRQUExQUM4QWJnQXZBQzhBTHdCekFHZ0FMd0JxQUM4QWR3QXZBSGNBTHdBdkFGSUFMd0FpQUN3QUlnQk9BQ0lBT2dBaUFDMEFNUUF2QURBQUx3QXZBQzhBWkFCdkFHTUFkUUJ0QUdVQWJnQjBBQzhBTHdCMEFHRUFMd0F2QUdVQVpRQXZBQzBBTVFBdkFHVUFaUUF2QUdVQVpnQXZBR1VBWndBdkFHNEFNZ0FyQUdvQWJ3QXZBREVBTHdCdEFDOEFRQUEyQUM4QWN3QnBBRzBBWndBbEFESUFSZ0JUQUdnQVlRQnlBR1VBWkFCVEFIQUFjZ0JwQUhRQVpRQkVBR1VBY3dCckFIUUFid0J3QUZRQWR3QnZBRlFBYndCdUFHVUFUQUJ2QUdjQWJ3QlVBR1VBWVFCc0FGTUFjQUI1QUY4QU1BQTRBREVBTndBdUFIQUFiZ0JuQUM4QVFBQTNBQzhBZWdBdkFFQUFPQUF2QUdzQWF3QXZBQzBBTVFBdkFHc0Fhd0F2QUdzQWF3QXZBR3NBYXdBdkFHc0FiZ0FyQUhrQWFRQXZBRElBTHdBdkFFQUFOZ0F2QUdNQWNBQjBBQzhBUUFBM0FDOEFNZ0E1QUM4QVFBQTRBQzhBZVFCckFDOEFMUUF4QUM4QWVRQnJBQzhBZVFCckFDOEFMUUF4QUM4QU1RQXdBSElBS3dCNUFIa0FMd0F6QUM4QUx3QkFBRFlBTHdCc0FITUFKUUF5QUVZQWJBQnpBSEFBTGdCaEFITUFjQUI0QUM4QVFBQXhBREVBTHdCdkFEVUFMd0JBQURnQUx3QkFBRGtBTHdBdEFERUFMd0JBQURrQUx3QXhBREVBT1FBdkFERUFiZ0F6QUM4QU1RQnVBRFFBS3dCNkFERUFMd0EwQUM4QUx3QkFBRFlBTHdCQ0FHa0FiZ0JuQUVNQWJ3QnlBR1VBTGdCQ0FIVUFiZ0JrQUd3QVpRQXZBRUFBYmdBdkFERUFhZ0F2QUVBQU9BQXZBRUFBWVFBdkFDMEFNUUF2QUVBQVlRQXZBRUFBWVFBdkFFQUFZUUF2QURFQU1BQnNBQ3NBTVFBM0FHc0FMd0ExQUM4QUx3QkFBRFlBTHdCQUFHMEFMd0JBQURjQUx3QXlBR1VBTHdCQUFEZ0FMd0JBQUdJQUx3QXRBREVBTHdCQUFHSUFMd0JBQUdJQUx3QkFBR0lBTHdBeEFEa0FlZ0FyQURFQVlRQXdBQzhBTmdBdkFDOEFRQUEyQUM4QVFBQndBQzhBUUFBM0FDOEFOUUF2QUVBQU9BQXZBRUFBWXdBdkFDMEFNUUF2QUVBQVl3QXZBRUFBWXdBdkFFQUFZd0F2QUVBQVl3QXJBREVBWVFBM0FDOEFOd0F2QUM4QVFBQTJBQzhBUUFCeUFDOEFRQUEzQUM4QWF3QXZBRUFBT0FBdkFFQUFaQUF2QUMwQU1RQXZBRUFBWkFBdkFFQUFaQUF2QUVBQVpBQXZBREVBWVFCekFDc0FNUUJoQUhRQUx3QTRBQzhBTHdCQUFEWUFMd0JBQUhRQUx3QkFBRGNBTHdBMEFDOEFRQUE0QUM4QVFBQmxBQzhBTFFBeEFDOEFRQUJsQUM4QVFBQmxBQzhBUUFCbEFDOEFNUUJoQUhrQUt3QXhBR0VBZWdBdkFEa0FMd0F2QUVBQU5nQXZBRUFBZGdBdkFFQUFOd0F2QURrQUx3QkFBRGdBTHdCQUFHWUFMd0F0QURFQUx3QkFBR1lBTHdCQUFHWUFMd0JBQUdZQUx3QkFBR1lBS3dBeEFHSUFPUUF2QUdFQUx3QXZBRUFBTmdBdkFFQUFlQUF2QUVBQU53QXZBR2NBTHdCQUFEZ0FMd0JBQUdjQUx3QXRBREVBTHdCQUFHY0FMd0JBQUdjQUx3QkFBR2NBTHdBeEFHSUFjUUFyQURFQVlnQnlBQzhBWWdBdkFDOEFRQUEyQUM4QVFBQjZBQzhBUUFBM0FDOEFjUUF2QUVBQU9BQXZBRUFBYUFBdkFDMEFNUUF2QUVBQWFBQXZBRUFBYUFBdkFFQUFhQUF2QURFQVl3QnBBQ3NBTVFCakFHb0FMd0JqQUM4QUx3QkFBRFlBTHdCQUFERUFNd0F2QUVBQU53QXZBREVBTVFBdkFFQUFPQUF2QUVBQWFRQXZBQzBBTVFBdkFFQUFhUUF2QUVBQWFRQXZBRUFBYVFBdkFERUFaQUJzQUNzQU1RQmtBRzBBTHdCa0FDOEFMd0JBQURZQUx3QkFBREVBTlFBdkFFQUFOd0F2QUdVQUx3QkFBRGdBTHdCQUFHb0FMd0F0QURFQUx3QkFBR29BTHdCQUFHb0FMd0JBQUdvQUx3QXhBR1VBTVFBckFERUFaUUF5QUM4QVpRQXZBQzhBUUFBMkFDOEFRQUF4QURjQUx3QkFBRGNBTHdCcUFDOEFRQUE0QUM4QVFBQnJBQzhBTFFBeEFDOEFRQUJyQUM4QVFBQnJBQzhBUUFCckFDOEFNUUJsQUcwQUt3QXhBR1VBYndBdkFHWUFMd0F2QUVBQU5nQXZBRUFBTVFBNUFDOEFRQUEzQUM4QWJnQXZBRUFBT0FBdkFFQUFiQUF2QUMwQU1RQXZBRUFBYkFBdkFFQUFiQUF2QUVBQWJBQXZBREVBWmdCaUFDc0FNUUJtQUdRQUx3Qm5BQzhBTHdCQUFEWUFMd0JBQUcwQUx3QkFBRzRBTHdBMUFDOEFRQUE0QUM4QVFBQnZBQzhBTFFBeEFDOEFRQUJ2QUM4QVFBQnZBQzhBUUFCdkFDOEFNUUJtQUdrQUt3QXhBR2NBY2dBdkFHZ0FMd0F2QUVBQU5nQXZBRUFBY0FBdkFFQUFiZ0F2QURJQUx3QkFBRGdBTHdCQUFIRUFMd0F0QURFQUx3QkFBSEVBTHdCQUFIRUFMd0JBQUhFQUx3QkFBSEVBS3dBeEFHY0FkZ0F2QUdrQUx3QXZBRUFBTmdBdkFFQUFjZ0F2QUVBQWJnQXZBRElBTHdCQUFEZ0FMd0JBQUhNQUx3QXRBREVBTHdCQUFITUFMd0JBQUhNQUx3QkFBSE1BTHdBeEFHY0FlUUFyQURFQWFBQXdBQzhBYWdBdkFDOEFRQUEyQUM4QVFBQjBBQzhBUUFCdUFDOEFNZ0F2QUVBQU9BQXZBRUFBZFFBdkFDMEFNUUF2QUVBQWRRQXZBRUFBZFFBdkFFQUFkUUF2QUVBQWRRQXJBREVBYUFBekFDOEFhd0F2QUM4QVFBQTJBQzhBUUFCMkFDOEFRQUJ1QUM4QU1nQXZBRUFBT0FBdkFFQUFkd0F2QUMwQU1RQXZBRUFBZHdBdkFFQUFkd0F2QUVBQWR3QXZBRUFBZHdBckFERUFhZ0ExQUM4QWJBQXZBQzhBUUFBMkFDOEFRQUI0QUM4QVFBQnVBQzhBTXdBdkFFQUFPQUF2QUVBQWVRQXZBQzBBTVFBdkFFQUFlUUF2QUVBQWVRQXZBRUFBZVFBdkFFQUFlUUFyQURFQWF3QjZBQzhBYlFBdkFDOEFRQUEyQUM4QVFBQjZBQzhBUUFCdUFDOEFNd0F2QUVBQU9BQXZBRUFBTVFBd0FDOEFMUUF4QUM4QVFBQXhBREFBTHdCQUFERUFNQUF2QUVBQU1RQXdBQzhBTVFCc0FETUFLd0F4QUd3QU5nQXZBRzRBTHdBdkFFQUFOZ0F2QUhVQWN3QmxBSElBSlFBeUFFWUFaQUJwQUhNQVl3QnZBSFlBWlFCeUFDOEFRQUF4QURFQUx3QXpBR1FBTHdCQUFEZ0FMd0JBQURFQU1nQXZBQzBBTVFBdkFFQUFNUUF5QUM4QVFBQXhBRElBTHdBeEFHOEFhUUF2QURFQWJ3QnJBQ3NBTVFCc0FEZ0FMd0J2QUM4QUx3QkFBRFlBTHdCQUFERUFNd0F2QUVBQWJnQXZBRFlBTHdCQUFEZ0FMd0JBQURFQU5BQXZBQzBBTVFBdkFFQUFNUUEwQUM4QVFBQXhBRFFBTHdCQUFERUFOQUF2QURFQWJBQm1BQ3NBTVFCdEFHb0FMd0J3QUM4QUx3QkFBRFlBTHdCQUFERUFOUUF2QUVBQWJnQXZBRE1BTHdCQUFEZ0FMd0JBQURFQU5nQXZBQzBBTVFBdkFFQUFNUUEyQUM4QVFBQXhBRFlBTHdCQUFERUFOZ0F2QUVBQU1RQTJBQ3NBTVFCdEFIVUFMd0J4QUM4QUx3QkFBRFlBTHdCQUFERUFOd0F2QUVBQWJnQXZBRElBTHdCQUFEZ0FMd0JBQURFQU9BQXZBQzBBTVFBdkFFQUFNUUE0QUM4QVFBQXhBRGdBTHdCQUFERUFPQUF2QUVBQU1RQTRBQ3NBTVFCdEFIa0FMd0J5QUM4QUx3QkFBRFlBTHdCQUFERUFPUUF2QUVBQWJnQXZBREVBTHdCQUFEZ0FMd0JBQURFQVlRQXZBQzBBTVFBdkFFQUFNUUJoQUM4QVFBQXhBR0VBTHdCQUFERUFZUUF2QURFQWJnQXdBQ3NBTVFCeEFHTUFMd0J6QUM4QUx3QnNBRzhBWndCcEFHNEFMZ0JzQUdrQWRnQmxBQzRBWXdCdkFHMEFMd0JzQUc4QVp3QnBBRzRBTGdCekFISUFaZ0F2QUhNQWRRQmlBR1FBYndCakFIVUFiUUJsQUc0QWRBQXZBR1FBY1FBdkFFQUFPQUF2QUMwQU1RQXZBQzBBTVFBdkFDMEFNUUF2QUMwQU1RQXZBQzBBTVFBdkFESUFOQUF5QUNzQU1nQmxBRzhBTHdCMEFDOEFMd0J6QUhRQWJ3QnlBR0VBWndCbEFDNEFiQUJwQUhZQVpRQXVBR01BYndCdEFDOEFjQUJ5QUc4QVpnQnBBR3dBWlFCd0FHZ0Fid0IwQUc4QUpRQXpBRUVBVlFCekFHVUFjZ0JVQUdrQWJBQmxBRk1BZEFCaEFIUUFhUUJqQUNVQU1nQkdBSEFBTHdCQUFEY0FMd0F3QUM4QVFBQTRBQzhBTFFBeEFDOEFMUUF4QUM4QUxRQXhBQzhBTFFBeEFDOEFMUUF4QUM4QUxRQXhBQ0lBTEFBaUFFTUFJZ0E2QUNJQVFBQXhBR0lBTHdBdkFFQUFNUUJqQUM4QWJRQnZBSFVBY3dCbEFDOEFMUUF4QUM4QU1BQXZBRE1BTkFBdkFEQUFLd0F4QUhZQWFnQXZBQzhBTHdBdkFDOEFaZ0F2QURNQU1BQXZBQ3NBTVFCMkFISUFMd0F2QUM4QUx3QXZBSEVBTHdBeUFIb0FMd0FyQURFQWRnQjZBQzhBTHdBdkFDOEFMd0F4QURBQUx3QXlBSGdBTHdBckFERUFkd0EzQUM4QUx3QXZBQzhBTHdBeEFHb0FMd0F5QUhZQUx3QXJBREVBZHdCbUFDOEFMd0F2QUM4QUx3QXlBRFlBTHdBeUFITUFMd0FyQURFQWR3QnVBQzhBTUFBdkFDOEFMd0F2QURJQWRRQXZBRElBYndBdkFDc0FNUUIzQUhjQUx3QXZBQzhBTHdBdkFETUFZd0F2QURJQWJBQXZBQ3NBTVFCNEFETUFMd0F2QUM4QUx3QXZBRE1BZVFBdkFESUFhd0F2QUNzQU1RQjRBR01BTHdBdkFDOEFMd0F2QURRQWF3QXZBRElBWmdBdkFDc0FNUUI0QUd3QUx3QXZBQzhBTHdBdkFEUUFlQUF2QURJQVpRQXZBQ3NBTVFCNEFIWUFMd0F2QUM4QUx3QXZBRFVBWVFBdkFESUFaQUF2QUNzQU1RQjVBREVBTHdBdkFDOEFMd0F2QURVQWJ3QXZBRElBWVFBdkFDc0FNUUI1QURnQUx3QXZBQzhBTHdBdkFEVUFlUUF2QURJQU9RQXZBQ3NBTVFCNUFHWUFMd0F2QUM4QUx3QXZBRFlBT0FBdkFESUFOd0F2QUNzQU1RQjVBRzRBTHdBdkFDOEFMd0F2QURZQWF3QXZBRElBTkFBdkFDc0FNUUI1QUhZQUx3QXZBQzhBTHdBdkFEWUFkZ0F2QURJQU13QXZBQ3NBTVFCNkFETUFMd0F2QUM4QUx3QXZBRGNBTmdBdkFESUFNQUF2QUNzQU1RQjZBR29BTHdBdkFDOEFMd0F2QURjQWJnQXZBREVBZVFBdkFDc0FNUUI2QUhvQUx3QXZBQzhBTHdBdkFEZ0FNd0F2QURFQWRnQXZBQ3NBTWdBd0FHWUFMd0F2QUM4QUx3QXZBRGdBWmdBdkFERUFkQUF2QUNzQU1nQXhBRE1BTHdBdkFDOEFMd0F2QURnQWNRQXZBREVBY3dBdkFDc0FNZ0F4QUhJQUx3QXZBQzhBTHdBdkFEZ0FkZ0F2QURFQWNnQXZBQ0lBTEFBaUFFSUFSQUFpQURvQUlnQkFBREVBWWdBdkFFQUFNUUJqQUM4QU1RQTFBREVBT1FBNEFESUFOd0E1QURVQU5nQWlBSDBBWFFCZEFGMEFQZ0E4QUM4QVJBQStBRHdBTHdCRkFENEFQQUF2QUVVQWRnQmxBRzRBZEFCekFENEFQQUJUQUZRQVV3QStBREVBTlFBeEFEa0FPQUF5QURjQU9RQTFBRGNBTVFBd0FERUFQQUF2QUZNQVZBQlRBRDRBUEFBdkFFTUFiQUJwQUdVQWJnQjBBRWtBYmdCekFIUUFVZ0JsQUhFQWRRQmxBSE1BZEFBK0FBPT08L1N0cmluZ0h0dHBCb2R5Pg0KICAgIDwvUmVxdWVzdD4NCiAgICA8UmVxdWVzdCBNZXRob2Q9IkdFVCIgR3VpZD0iNjM4ZmUxMGQtMDk0OC00YjFjLTkwZjEtN2NkNGE2OGNmMGM2IiBWZXJzaW9uPSIxLjEiIFVybD0iaHR0cHM6Ly93d3cyLmJpbmcuY29tL2lwdjZ0ZXN0L3Rlc3QiIFRoaW5rVGltZT0iMyIgVGltZW91dD0iMzAwIiBQYXJzZURlcGVuZGVudFJlcXVlc3RzPSJUcnVlIiBGb2xsb3dSZWRpcmVjdHM9IlRydWUiIFJlY29yZFJlc3VsdD0iVHJ1ZSIgQ2FjaGU9IkZhbHNlIiBSZXNwb25zZVRpbWVHb2FsPSIwIiBFbmNvZGluZz0idXRmLTgiIEV4cGVjdGVkSHR0cFN0YXR1c0NvZGU9IjAiIEV4cGVjdGVkUmVzcG9uc2VVcmw9IiIgUmVwb3J0aW5nTmFtZT0iIiBJZ25vcmVIdHRwU3RhdHVzQ29kZT0iRmFsc2UiPg0KICAgICAgPEhlYWRlcnM+DQogICAgICAgIDxIZWFkZXIgTmFtZT0iUmVmZXJlciIgVmFsdWU9Imh0dHBzOi8vd3d3LmJpbmcuY29tLyIgLz4NCiAgICAgIDwvSGVhZGVycz4NCiAgICA8L1JlcXVlc3Q+DQogICAgPFJlcXVlc3QgTWV0aG9kPSJHRVQiIEd1aWQ9IjZkMmI2MDU3LWI1ZGMtNGZjNy1hNmVkLTBmYTVhYzQ5M2Q2MCIgVmVyc2lvbj0iMS4xIiBVcmw9Imh0dHBzOi8vd3d3LmJpbmcuY29tL0FTL1N1Z2dlc3Rpb25zIiBUaGlua1RpbWU9IjAiIFRpbWVvdXQ9IjMwMCIgUGFyc2VEZXBlbmRlbnRSZXF1ZXN0cz0iVHJ1ZSIgRm9sbG93UmVkaXJlY3RzPSJUcnVlIiBSZWNvcmRSZXN1bHQ9IlRydWUiIENhY2hlPSJGYWxzZSIgUmVzcG9uc2VUaW1lR29hbD0iMCIgRW5jb2Rpbmc9InV0Zi04IiBFeHBlY3RlZEh0dHBTdGF0dXNDb2RlPSIwIiBFeHBlY3RlZFJlc3BvbnNlVXJsPSIiIFJlcG9ydGluZ05hbWU9IiIgSWdub3JlSHR0cFN0YXR1c0NvZGU9IkZhbHNlIj4NCiAgICAgIDxIZWFkZXJzPg0KICAgICAgICA8SGVhZGVyIE5hbWU9IlJlZmVyZXIiIFZhbHVlPSJodHRwczovL3d3dy5iaW5nLmNvbS8iIC8+DQogICAgICA8L0hlYWRlcnM+DQogICAgICA8Q29ycmVsYXRpb25FeHRyYWN0aW9uUnVsZXM+DQogICAgICAgIDxFeHRyYWN0aW9uUnVsZSBDbGFzc25hbWU9Ik1pY3Jvc29mdC5WaXN1YWxTdHVkaW8uVGVzdFRvb2xzLldlYlRlc3RpbmcuUnVsZXMuRXh0cmFjdFRleHQsIE1pY3Jvc29mdC5WaXN1YWxTdHVkaW8uUXVhbGl0eVRvb2xzLldlYlRlc3RGcmFtZXdvcmssIFZlcnNpb249MTAuMC4wLjAsIEN1bHR1cmU9bmV1dHJhbCwgUHVibGljS2V5VG9rZW49YjAzZjVmN2YxMWQ1MGEzYSIgVmFyaWFibGVOYW1lPSJRdWVyeVN0cmluZ1BhcmFtODEuY3ZpZCIgRGlzcGxheU5hbWU9IiIgRGVzY3JpcHRpb249IiI+DQogICAgICAgICAgPFJ1bGVQYXJhbWV0ZXJzPg0KICAgICAgICAgICAgPFJ1bGVQYXJhbWV0ZXIgTmFtZT0iU3RhcnRzV2l0aCIgVmFsdWU9IiZhbXA7YW1wO2N2aWQ9IiAvPg0KICAgICAgICAgICAgPFJ1bGVQYXJhbWV0ZXIgTmFtZT0iRW5kc1dpdGgiIFZhbHVlPSImYW1wOyIgLz4NCiAgICAgICAgICAgIDxSdWxlUGFyYW1ldGVyIE5hbWU9IkluZGV4IiBWYWx1ZT0iMCIgLz4NCiAgICAgICAgICAgIDxSdWxlUGFyYW1ldGVyIE5hbWU9Iklnbm9yZUNhc2UiIFZhbHVlPSJGYWxzZSIgLz4NCiAgICAgICAgICAgIDxSdWxlUGFyYW1ldGVyIE5hbWU9IlVzZVJlZ3VsYXJFeHByZXNzaW9uIiBWYWx1ZT0iRmFsc2UiIC8+DQogICAgICAgICAgICA8UnVsZVBhcmFtZXRlciBOYW1lPSJIdG1sRGVjb2RlIiBWYWx1ZT0iVHJ1ZSIgLz4NCiAgICAgICAgICAgIDxSdWxlUGFyYW1ldGVyIE5hbWU9IlJlcXVpcmVkIiBWYWx1ZT0iRmFsc2UiIC8+DQogICAgICAgICAgPC9SdWxlUGFyYW1ldGVycz4NCiAgICAgICAgPC9FeHRyYWN0aW9uUnVsZT4NCiAgICAgIDwvQ29ycmVsYXRpb25FeHRyYWN0aW9uUnVsZXM+DQogICAgICA8UXVlcnlTdHJpbmdQYXJhbWV0ZXJzPg0KICAgICAgICA8UXVlcnlTdHJpbmdQYXJhbWV0ZXIgTmFtZT0icHQiIFZhbHVlPSJwYWdlLnNlcnAiIFJlY29yZGVkVmFsdWU9InBhZ2Uuc2VycCIgQ29ycmVsYXRpb25CaW5kaW5nPSIiIFVybEVuY29kZT0iRmFsc2UiIFVzZVRvR3JvdXBSZXN1bHRzPSJGYWxzZSIgLz4NCiAgICAgICAgPFF1ZXJ5U3RyaW5nUGFyYW1ldGVyIE5hbWU9ImJxIiBWYWx1ZT0iblVFVk8iIFJlY29yZGVkVmFsdWU9Im5VRVZPIiBDb3JyZWxhdGlvbkJpbmRpbmc9IiIgVXJsRW5jb2RlPSJGYWxzZSIgVXNlVG9Hcm91cFJlc3VsdHM9IkZhbHNlIiAvPg0KICAgICAgICA8UXVlcnlTdHJpbmdQYXJhbWV0ZXIgTmFtZT0ibWt0IiBWYWx1ZT0iZXMtY3IiIFJlY29yZGVkVmFsdWU9ImVzLWNyIiBDb3JyZWxhdGlvbkJpbmRpbmc9IiIgVXJsRW5jb2RlPSJGYWxzZSIgVXNlVG9Hcm91cFJlc3VsdHM9IkZhbHNlIiAvPg0KICAgICAgICA8UXVlcnlTdHJpbmdQYXJhbWV0ZXIgTmFtZT0icXJ5IiBWYWx1ZT0iZ28iIFJlY29yZGVkVmFsdWU9ImdvIiBDb3JyZWxhdGlvbkJpbmRpbmc9IiIgVXJsRW5jb2RlPSJGYWxzZSIgVXNlVG9Hcm91cFJlc3VsdHM9IkZhbHNlIiAvPg0KICAgICAgICA8UXVlcnlTdHJpbmdQYXJhbWV0ZXIgTmFtZT0iY3AiIFZhbHVlPSIwIiBSZWNvcmRlZFZhbHVlPSIwIiBDb3JyZWxhdGlvbkJpbmRpbmc9IiIgVXJsRW5jb2RlPSJGYWxzZSIgVXNlVG9Hcm91cFJlc3VsdHM9IkZhbHNlIiAvPg0KICAgICAgICA8UXVlcnlTdHJpbmdQYXJhbWV0ZXIgTmFtZT0iY3NzIiBWYWx1ZT0iMSIgUmVjb3JkZWRWYWx1ZT0iMSIgQ29ycmVsYXRpb25CaW5kaW5nPSIiIFVybEVuY29kZT0iRmFsc2UiIFVzZVRvR3JvdXBSZXN1bHRzPSJGYWxzZSIgLz4NCiAgICAgICAgPFF1ZXJ5U3RyaW5nUGFyYW1ldGVyIE5hbWU9ImN2aWQiIFZhbHVlPSJEQzdCRTlGQjBGQkU0RTM5QTNEMjNDNzVFQTVGREFDQyIgUmVjb3JkZWRWYWx1ZT0iREM3QkU5RkIwRkJFNEUzOUEzRDIzQzc1RUE1RkRBQ0MiIENvcnJlbGF0aW9uQmluZGluZz0iIiBVcmxFbmNvZGU9IkZhbHNlIiBVc2VUb0dyb3VwUmVzdWx0cz0iRmFsc2UiIC8+DQogICAgICA8L1F1ZXJ5U3RyaW5nUGFyYW1ldGVycz4NCiAgICA8L1JlcXVlc3Q+DQogICAgPFJlcXVlc3QgTWV0aG9kPSJHRVQiIEd1aWQ9IjMwMDQ3Zjg2LWQ5YWUtNDU2Yy1hMjBjLWI1MmE0NTkyNGNiZiIgVmVyc2lvbj0iMS4xIiBVcmw9Imh0dHBzOi8vd3d3LmJpbmcuY29tL0FTL1N1Z2dlc3Rpb25zIiBUaGlua1RpbWU9IjAiIFRpbWVvdXQ9IjMwMCIgUGFyc2VEZXBlbmRlbnRSZXF1ZXN0cz0iVHJ1ZSIgRm9sbG93UmVkaXJlY3RzPSJUcnVlIiBSZWNvcmRSZXN1bHQ9IlRydWUiIENhY2hlPSJGYWxzZSIgUmVzcG9uc2VUaW1lR29hbD0iMCIgRW5jb2Rpbmc9InV0Zi04IiBFeHBlY3RlZEh0dHBTdGF0dXNDb2RlPSIwIiBFeHBlY3RlZFJlc3BvbnNlVXJsPSIiIFJlcG9ydGluZ05hbWU9IiIgSWdub3JlSHR0cFN0YXR1c0NvZGU9IkZhbHNlIj4NCiAgICAgIDxIZWFkZXJzPg0KICAgICAgICA8SGVhZGVyIE5hbWU9IlJlZmVyZXIiIFZhbHVlPSJodHRwczovL3d3dy5iaW5nLmNvbS8iIC8+DQogICAgICA8L0hlYWRlcnM+DQogICAgICA8Q29ycmVsYXRpb25FeHRyYWN0aW9uUnVsZXM+DQogICAgICAgIDxFeHRyYWN0aW9uUnVsZSBDbGFzc25hbWU9Ik1pY3Jvc29mdC5WaXN1YWxTdHVkaW8uVGVzdFRvb2xzLldlYlRlc3RpbmcuUnVsZXMuRXh0cmFjdFRleHQsIE1pY3Jvc29mdC5WaXN1YWxTdHVkaW8uUXVhbGl0eVRvb2xzLldlYlRlc3RGcmFtZXdvcmssIFZlcnNpb249MTAuMC4wLjAsIEN1bHR1cmU9bmV1dHJhbCwgUHVibGljS2V5VG9rZW49YjAzZjVmN2YxMWQ1MGEzYSIgVmFyaWFibGVOYW1lPSJRdWVyeVN0cmluZ1BhcmFtMTEyLmN2aWQiIERpc3BsYXlOYW1lPSIiIERlc2NyaXB0aW9uPSIiPg0KICAgICAgICAgIDxSdWxlUGFyYW1ldGVycz4NCiAgICAgICAgICAgIDxSdWxlUGFyYW1ldGVyIE5hbWU9IlN0YXJ0c1dpdGgiIFZhbHVlPSImYW1wO2FtcDtjdmlkPSIgLz4NCiAgICAgICAgICAgIDxSdWxlUGFyYW1ldGVyIE5hbWU9IkVuZHNXaXRoIiBWYWx1ZT0iJmFtcDsiIC8+DQogICAgICAgICAgICA8UnVsZVBhcmFtZXRlciBOYW1lPSJJbmRleCIgVmFsdWU9IjAiIC8+DQogICAgICAgICAgICA8UnVsZVBhcmFtZXRlciBOYW1lPSJJZ25vcmVDYXNlIiBWYWx1ZT0iRmFsc2UiIC8+DQogICAgICAgICAgICA8UnVsZVBhcmFtZXRlciBOYW1lPSJVc2VSZWd1bGFyRXhwcmVzc2lvbiIgVmFsdWU9IkZhbHNlIiAvPg0KICAgICAgICAgICAgPFJ1bGVQYXJhbWV0ZXIgTmFtZT0iSHRtbERlY29kZSIgVmFsdWU9IlRydWUiIC8+DQogICAgICAgICAgICA8UnVsZVBhcmFtZXRlciBOYW1lPSJSZXF1aXJlZCIgVmFsdWU9IkZhbHNlIiAvPg0KICAgICAgICAgIDwvUnVsZVBhcmFtZXRlcnM+DQogICAgICAgIDwvRXh0cmFjdGlvblJ1bGU+DQogICAgICA8L0NvcnJlbGF0aW9uRXh0cmFjdGlvblJ1bGVzPg0KICAgICAgPFF1ZXJ5U3RyaW5nUGFyYW1ldGVycz4NCiAgICAgICAgPFF1ZXJ5U3RyaW5nUGFyYW1ldGVyIE5hbWU9InB0IiBWYWx1ZT0icGFnZS5zZXJwIiBSZWNvcmRlZFZhbHVlPSJwYWdlLnNlcnAiIENvcnJlbGF0aW9uQmluZGluZz0iIiBVcmxFbmNvZGU9IkZhbHNlIiBVc2VUb0dyb3VwUmVzdWx0cz0iRmFsc2UiIC8+DQogICAgICAgIDxRdWVyeVN0cmluZ1BhcmFtZXRlciBOYW1lPSJicSIgVmFsdWU9Im5VRVZPIiBSZWNvcmRlZFZhbHVlPSJuVUVWTyIgQ29ycmVsYXRpb25CaW5kaW5nPSIiIFVybEVuY29kZT0iRmFsc2UiIFVzZVRvR3JvdXBSZXN1bHRzPSJGYWxzZSIgLz4NCiAgICAgICAgPFF1ZXJ5U3RyaW5nUGFyYW1ldGVyIE5hbWU9Im1rdCIgVmFsdWU9ImVzLWNyIiBSZWNvcmRlZFZhbHVlPSJlcy1jciIgQ29ycmVsYXRpb25CaW5kaW5nPSIiIFVybEVuY29kZT0iRmFsc2UiIFVzZVRvR3JvdXBSZXN1bHRzPSJGYWxzZSIgLz4NCiAgICAgICAgPFF1ZXJ5U3RyaW5nUGFyYW1ldGVyIE5hbWU9InFyeSIgVmFsdWU9ImdvbyIgUmVjb3JkZWRWYWx1ZT0iZ29vIiBDb3JyZWxhdGlvbkJpbmRpbmc9IiIgVXJsRW5jb2RlPSJGYWxzZSIgVXNlVG9Hcm91cFJlc3VsdHM9IkZhbHNlIiAvPg0KICAgICAgICA8UXVlcnlTdHJpbmdQYXJhbWV0ZXIgTmFtZT0iY3AiIFZhbHVlPSIwIiBSZWNvcmRlZFZhbHVlPSIwIiBDb3JyZWxhdGlvbkJpbmRpbmc9IiIgVXJsRW5jb2RlPSJGYWxzZSIgVXNlVG9Hcm91cFJlc3VsdHM9IkZhbHNlIiAvPg0KICAgICAgICA8UXVlcnlTdHJpbmdQYXJhbWV0ZXIgTmFtZT0iY3ZpZCIgVmFsdWU9IkRDN0JFOUZCMEZCRTRFMzlBM0QyM0M3NUVBNUZEQUNDIiBSZWNvcmRlZFZhbHVlPSJEQzdCRTlGQjBGQkU0RTM5QTNEMjNDNzVFQTVGREFDQyIgQ29ycmVsYXRpb25CaW5kaW5nPSJ7e1F1ZXJ5U3RyaW5nUGFyYW04MS5jdmlkfX0iIFVybEVuY29kZT0iRmFsc2UiIFVzZVRvR3JvdXBSZXN1bHRzPSJGYWxzZSIgLz4NCiAgICAgIDwvUXVlcnlTdHJpbmdQYXJhbWV0ZXJzPg0KICAgIDwvUmVxdWVzdD4NCiAgICA8UmVxdWVzdCBNZXRob2Q9IkdFVCIgR3VpZD0iZTY4OWZiMzctN2RhNC00NGRhLWEzYWEtNDE3N2Y1OTZhNmE2IiBWZXJzaW9uPSIxLjEiIFVybD0iaHR0cHM6Ly93d3cuYmluZy5jb20vQVMvU3VnZ2VzdGlvbnMiIFRoaW5rVGltZT0iMCIgVGltZW91dD0iMzAwIiBQYXJzZURlcGVuZGVudFJlcXVlc3RzPSJUcnVlIiBGb2xsb3dSZWRpcmVjdHM9IlRydWUiIFJlY29yZFJlc3VsdD0iVHJ1ZSIgQ2FjaGU9IkZhbHNlIiBSZXNwb25zZVRpbWVHb2FsPSIwIiBFbmNvZGluZz0idXRmLTgiIEV4cGVjdGVkSHR0cFN0YXR1c0NvZGU9IjAiIEV4cGVjdGVkUmVzcG9uc2VVcmw9IiIgUmVwb3J0aW5nTmFtZT0iIiBJZ25vcmVIdHRwU3RhdHVzQ29kZT0iRmFsc2UiPg0KICAgICAgPEhlYWRlcnM+DQogICAgICAgIDxIZWFkZXIgTmFtZT0iUmVmZXJlciIgVmFsdWU9Imh0dHBzOi8vd3d3LmJpbmcuY29tLyIgLz4NCiAgICAgIDwvSGVhZGVycz4NCiAgICAgIDxDb3JyZWxhdGlvbkV4dHJhY3Rpb25SdWxlcz4NCiAgICAgICAgPEV4dHJhY3Rpb25SdWxlIENsYXNzbmFtZT0iTWljcm9zb2Z0LlZpc3VhbFN0dWRpby5UZXN0VG9vbHMuV2ViVGVzdGluZy5SdWxlcy5FeHRyYWN0VGV4dCwgTWljcm9zb2Z0LlZpc3VhbFN0dWRpby5RdWFsaXR5VG9vbHMuV2ViVGVzdEZyYW1ld29yaywgVmVyc2lvbj0xMC4wLjAuMCwgQ3VsdHVyZT1uZXV0cmFsLCBQdWJsaWNLZXlUb2tlbj1iMDNmNWY3ZjExZDUwYTNhIiBWYXJpYWJsZU5hbWU9IlF1ZXJ5U3RyaW5nUGFyYW0xNDguY3ZpZCIgRGlzcGxheU5hbWU9IiIgRGVzY3JpcHRpb249IiI+DQogICAgICAgICAgPFJ1bGVQYXJhbWV0ZXJzPg0KICAgICAgICAgICAgPFJ1bGVQYXJhbWV0ZXIgTmFtZT0iU3RhcnRzV2l0aCIgVmFsdWU9IiZhbXA7YW1wO2N2aWQ9IiAvPg0KICAgICAgICAgICAgPFJ1bGVQYXJhbWV0ZXIgTmFtZT0iRW5kc1dpdGgiIFZhbHVlPSImYW1wOyIgLz4NCiAgICAgICAgICAgIDxSdWxlUGFyYW1ldGVyIE5hbWU9IkluZGV4IiBWYWx1ZT0iMCIgLz4NCiAgICAgICAgICAgIDxSdWxlUGFyYW1ldGVyIE5hbWU9Iklnbm9yZUNhc2UiIFZhbHVlPSJGYWxzZSIgLz4NCiAgICAgICAgICAgIDxSdWxlUGFyYW1ldGVyIE5hbWU9IlVzZVJlZ3VsYXJFeHByZXNzaW9uIiBWYWx1ZT0iRmFsc2UiIC8+DQogICAgICAgICAgICA8UnVsZVBhcmFtZXRlciBOYW1lPSJIdG1sRGVjb2RlIiBWYWx1ZT0iVHJ1ZSIgLz4NCiAgICAgICAgICAgIDxSdWxlUGFyYW1ldGVyIE5hbWU9IlJlcXVpcmVkIiBWYWx1ZT0iRmFsc2UiIC8+DQogICAgICAgICAgPC9SdWxlUGFyYW1ldGVycz4NCiAgICAgICAgPC9FeHRyYWN0aW9uUnVsZT4NCiAgICAgIDwvQ29ycmVsYXRpb25FeHRyYWN0aW9uUnVsZXM+DQogICAgICA8UXVlcnlTdHJpbmdQYXJhbWV0ZXJzPg0KICAgICAgICA8UXVlcnlTdHJpbmdQYXJhbWV0ZXIgTmFtZT0icHQiIFZhbHVlPSJwYWdlLnNlcnAiIFJlY29yZGVkVmFsdWU9InBhZ2Uuc2VycCIgQ29ycmVsYXRpb25CaW5kaW5nPSIiIFVybEVuY29kZT0iRmFsc2UiIFVzZVRvR3JvdXBSZXN1bHRzPSJGYWxzZSIgLz4NCiAgICAgICAgPFF1ZXJ5U3RyaW5nUGFyYW1ldGVyIE5hbWU9ImJxIiBWYWx1ZT0iblVFVk8iIFJlY29yZGVkVmFsdWU9Im5VRVZPIiBDb3JyZWxhdGlvbkJpbmRpbmc9IiIgVXJsRW5jb2RlPSJGYWxzZSIgVXNlVG9Hcm91cFJlc3VsdHM9IkZhbHNlIiAvPg0KICAgICAgICA8UXVlcnlTdHJpbmdQYXJhbWV0ZXIgTmFtZT0ibWt0IiBWYWx1ZT0iZXMtY3IiIFJlY29yZGVkVmFsdWU9ImVzLWNyIiBDb3JyZWxhdGlvbkJpbmRpbmc9IiIgVXJsRW5jb2RlPSJGYWxzZSIgVXNlVG9Hcm91cFJlc3VsdHM9IkZhbHNlIiAvPg0KICAgICAgICA8UXVlcnlTdHJpbmdQYXJhbWV0ZXIgTmFtZT0icXJ5IiBWYWx1ZT0iZ29vZyIgUmVjb3JkZWRWYWx1ZT0iZ29vZyIgQ29ycmVsYXRpb25CaW5kaW5nPSIiIFVybEVuY29kZT0iRmFsc2UiIFVzZVRvR3JvdXBSZXN1bHRzPSJGYWxzZSIgLz4NCiAgICAgICAgPFF1ZXJ5U3RyaW5nUGFyYW1ldGVyIE5hbWU9ImNwIiBWYWx1ZT0iMCIgUmVjb3JkZWRWYWx1ZT0iMCIgQ29ycmVsYXRpb25CaW5kaW5nPSIiIFVybEVuY29kZT0iRmFsc2UiIFVzZVRvR3JvdXBSZXN1bHRzPSJGYWxzZSIgLz4NCiAgICAgICAgPFF1ZXJ5U3RyaW5nUGFyYW1ldGVyIE5hbWU9ImN2aWQiIFZhbHVlPSJEQzdCRTlGQjBGQkU0RTM5QTNEMjNDNzVFQTVGREFDQyIgUmVjb3JkZWRWYWx1ZT0iREM3QkU5RkIwRkJFNEUzOUEzRDIzQzc1RUE1RkRBQ0MiIENvcnJlbGF0aW9uQmluZGluZz0ie3tRdWVyeVN0cmluZ1BhcmFtMTEyLmN2aWR9fSIgVXJsRW5jb2RlPSJGYWxzZSIgVXNlVG9Hcm91cFJlc3VsdHM9IkZhbHNlIiAvPg0KICAgICAgPC9RdWVyeVN0cmluZ1BhcmFtZXRlcnM+DQogICAgPC9SZXF1ZXN0Pg0KICAgIDxSZXF1ZXN0IE1ldGhvZD0iR0VUIiBHdWlkPSI2NWI1MGFjOS1hOTU2LTRiMTUtYWQwZC1lNTcyMTJjNjI3MmMiIFZlcnNpb249IjEuMSIgVXJsPSJodHRwczovL3d3dy5iaW5nLmNvbS9BUy9TdWdnZXN0aW9ucyIgVGhpbmtUaW1lPSIwIiBUaW1lb3V0PSIzMDAiIFBhcnNlRGVwZW5kZW50UmVxdWVzdHM9IlRydWUiIEZvbGxvd1JlZGlyZWN0cz0iVHJ1ZSIgUmVjb3JkUmVzdWx0PSJUcnVlIiBDYWNoZT0iRmFsc2UiIFJlc3BvbnNlVGltZUdvYWw9IjAiIEVuY29kaW5nPSJ1dGYtOCIgRXhwZWN0ZWRIdHRwU3RhdHVzQ29kZT0iMCIgRXhwZWN0ZWRSZXNwb25zZVVybD0iIiBSZXBvcnRpbmdOYW1lPSIiIElnbm9yZUh0dHBTdGF0dXNDb2RlPSJGYWxzZSI+DQogICAgICA8SGVhZGVycz4NCiAgICAgICAgPEhlYWRlciBOYW1lPSJSZWZlcmVyIiBWYWx1ZT0iaHR0cHM6Ly93d3cuYmluZy5jb20vIiAvPg0KICAgICAgPC9IZWFkZXJzPg0KICAgICAgPENvcnJlbGF0aW9uRXh0cmFjdGlvblJ1bGVzPg0KICAgICAgICA8RXh0cmFjdGlvblJ1bGUgQ2xhc3NuYW1lPSJNaWNyb3NvZnQuVmlzdWFsU3R1ZGlvLlRlc3RUb29scy5XZWJUZXN0aW5nLlJ1bGVzLkV4dHJhY3RUZXh0LCBNaWNyb3NvZnQuVmlzdWFsU3R1ZGlvLlF1YWxpdHlUb29scy5XZWJUZXN0RnJhbWV3b3JrLCBWZXJzaW9uPTEwLjAuMC4wLCBDdWx0dXJlPW5ldXRyYWwsIFB1YmxpY0tleVRva2VuPWIwM2Y1ZjdmMTFkNTBhM2EiIFZhcmlhYmxlTmFtZT0iUXVlcnlTdHJpbmdQYXJhbTE4OS5jdmlkIiBEaXNwbGF5TmFtZT0iIiBEZXNjcmlwdGlvbj0iIj4NCiAgICAgICAgICA8UnVsZVBhcmFtZXRlcnM+DQogICAgICAgICAgICA8UnVsZVBhcmFtZXRlciBOYW1lPSJTdGFydHNXaXRoIiBWYWx1ZT0iJmFtcDthbXA7Y3ZpZD0iIC8+DQogICAgICAgICAgICA8UnVsZVBhcmFtZXRlciBOYW1lPSJFbmRzV2l0aCIgVmFsdWU9IiZhbXA7IiAvPg0KICAgICAgICAgICAgPFJ1bGVQYXJhbWV0ZXIgTmFtZT0iSW5kZXgiIFZhbHVlPSIwIiAvPg0KICAgICAgICAgICAgPFJ1bGVQYXJhbWV0ZXIgTmFtZT0iSWdub3JlQ2FzZSIgVmFsdWU9IkZhbHNlIiAvPg0KICAgICAgICAgICAgPFJ1bGVQYXJhbWV0ZXIgTmFtZT0iVXNlUmVndWxhckV4cHJlc3Npb24iIFZhbHVlPSJGYWxzZSIgLz4NCiAgICAgICAgICAgIDxSdWxlUGFyYW1ldGVyIE5hbWU9Ikh0bWxEZWNvZGUiIFZhbHVlPSJUcnVlIiAvPg0KICAgICAgICAgICAgPFJ1bGVQYXJhbWV0ZXIgTmFtZT0iUmVxdWlyZWQiIFZhbHVlPSJGYWxzZSIgLz4NCiAgICAgICAgICA8L1J1bGVQYXJhbWV0ZXJzPg0KICAgICAgICA8L0V4dHJhY3Rpb25SdWxlPg0KICAgICAgPC9Db3JyZWxhdGlvbkV4dHJhY3Rpb25SdWxlcz4NCiAgICAgIDxRdWVyeVN0cmluZ1BhcmFtZXRlcnM+DQogICAgICAgIDxRdWVyeVN0cmluZ1BhcmFtZXRlciBOYW1lPSJwdCIgVmFsdWU9InBhZ2Uuc2VycCIgUmVjb3JkZWRWYWx1ZT0icGFnZS5zZXJwIiBDb3JyZWxhdGlvbkJpbmRpbmc9IiIgVXJsRW5jb2RlPSJGYWxzZSIgVXNlVG9Hcm91cFJlc3VsdHM9IkZhbHNlIiAvPg0KICAgICAgICA8UXVlcnlTdHJpbmdQYXJhbWV0ZXIgTmFtZT0iYnEiIFZhbHVlPSJuVUVWTyIgUmVjb3JkZWRWYWx1ZT0iblVFVk8iIENvcnJlbGF0aW9uQmluZGluZz0iIiBVcmxFbmNvZGU9IkZhbHNlIiBVc2VUb0dyb3VwUmVzdWx0cz0iRmFsc2UiIC8+DQogICAgICAgIDxRdWVyeVN0cmluZ1BhcmFtZXRlciBOYW1lPSJta3QiIFZhbHVlPSJlcy1jciIgUmVjb3JkZWRWYWx1ZT0iZXMtY3IiIENvcnJlbGF0aW9uQmluZGluZz0iIiBVcmxFbmNvZGU9IkZhbHNlIiBVc2VUb0dyb3VwUmVzdWx0cz0iRmFsc2UiIC8+DQogICAgICAgIDxRdWVyeVN0cmluZ1BhcmFtZXRlciBOYW1lPSJxcnkiIFZhbHVlPSJnb29nbCIgUmVjb3JkZWRWYWx1ZT0iZ29vZ2wiIENvcnJlbGF0aW9uQmluZGluZz0iIiBVcmxFbmNvZGU9IkZhbHNlIiBVc2VUb0dyb3VwUmVzdWx0cz0iRmFsc2UiIC8+DQogICAgICAgIDxRdWVyeVN0cmluZ1BhcmFtZXRlciBOYW1lPSJjcCIgVmFsdWU9IjAiIFJlY29yZGVkVmFsdWU9IjAiIENvcnJlbGF0aW9uQmluZGluZz0iIiBVcmxFbmNvZGU9IkZhbHNlIiBVc2VUb0dyb3VwUmVzdWx0cz0iRmFsc2UiIC8+DQogICAgICAgIDxRdWVyeVN0cmluZ1BhcmFtZXRlciBOYW1lPSJjdmlkIiBWYWx1ZT0iREM3QkU5RkIwRkJFNEUzOUEzRDIzQzc1RUE1RkRBQ0MiIFJlY29yZGVkVmFsdWU9IkRDN0JFOUZCMEZCRTRFMzlBM0QyM0M3NUVBNUZEQUNDIiBDb3JyZWxhdGlvbkJpbmRpbmc9Int7UXVlcnlTdHJpbmdQYXJhbTE0OC5jdmlkfX0iIFVybEVuY29kZT0iRmFsc2UiIFVzZVRvR3JvdXBSZXN1bHRzPSJGYWxzZSIgLz4NCiAgICAgIDwvUXVlcnlTdHJpbmdQYXJhbWV0ZXJzPg0KICAgIDwvUmVxdWVzdD4NCiAgICA8UmVxdWVzdCBNZXRob2Q9IkdFVCIgR3VpZD0iMmQ4MWY1NWEtNGEwNi00NmQ3LTllNDAtYWQ4ODA1ODMwM2I1IiBWZXJzaW9uPSIxLjEiIFVybD0iaHR0cHM6Ly93d3cuYmluZy5jb20vQVMvU3VnZ2VzdGlvbnMiIFRoaW5rVGltZT0iMCIgVGltZW91dD0iMzAwIiBQYXJzZURlcGVuZGVudFJlcXVlc3RzPSJUcnVlIiBGb2xsb3dSZWRpcmVjdHM9IlRydWUiIFJlY29yZFJlc3VsdD0iVHJ1ZSIgQ2FjaGU9IkZhbHNlIiBSZXNwb25zZVRpbWVHb2FsPSIwIiBFbmNvZGluZz0idXRmLTgiIEV4cGVjdGVkSHR0cFN0YXR1c0NvZGU9IjAiIEV4cGVjdGVkUmVzcG9uc2VVcmw9IiIgUmVwb3J0aW5nTmFtZT0iIiBJZ25vcmVIdHRwU3RhdHVzQ29kZT0iRmFsc2UiPg0KICAgICAgPEhlYWRlcnM+DQogICAgICAgIDxIZWFkZXIgTmFtZT0iUmVmZXJlciIgVmFsdWU9Imh0dHBzOi8vd3d3LmJpbmcuY29tLyIgLz4NCiAgICAgIDwvSGVhZGVycz4NCiAgICAgIDxDb3JyZWxhdGlvbkV4dHJhY3Rpb25SdWxlcz4NCiAgICAgICAgPEV4dHJhY3Rpb25SdWxlIENsYXNzbmFtZT0iTWljcm9zb2Z0LlZpc3VhbFN0dWRpby5UZXN0VG9vbHMuV2ViVGVzdGluZy5SdWxlcy5FeHRyYWN0VGV4dCwgTWljcm9zb2Z0LlZpc3VhbFN0dWRpby5RdWFsaXR5VG9vbHMuV2ViVGVzdEZyYW1ld29yaywgVmVyc2lvbj0xMC4wLjAuMCwgQ3VsdHVyZT1uZXV0cmFsLCBQdWJsaWNLZXlUb2tlbj1iMDNmNWY3ZjExZDUwYTNhIiBWYXJpYWJsZU5hbWU9IlF1ZXJ5U3RyaW5nUGFyYW0yMzIucHEiIERpc3BsYXlOYW1lPSIiIERlc2NyaXB0aW9uPSIiPg0KICAgICAgICAgIDxSdWxlUGFyYW1ldGVycz4NCiAgICAgICAgICAgIDxSdWxlUGFyYW1ldGVyIE5hbWU9IlN0YXJ0c1dpdGgiIFZhbHVlPSImYW1wO2FtcDtwcT0iIC8+DQogICAgICAgICAgICA8UnVsZVBhcmFtZXRlciBOYW1lPSJFbmRzV2l0aCIgVmFsdWU9IiZhbXA7IiAvPg0KICAgICAgICAgICAgPFJ1bGVQYXJhbWV0ZXIgTmFtZT0iSW5kZXgiIFZhbHVlPSIwIiAvPg0KICAgICAgICAgICAgPFJ1bGVQYXJhbWV0ZXIgTmFtZT0iSWdub3JlQ2FzZSIgVmFsdWU9IkZhbHNlIiAvPg0KICAgICAgICAgICAgPFJ1bGVQYXJhbWV0ZXIgTmFtZT0iVXNlUmVndWxhckV4cHJlc3Npb24iIFZhbHVlPSJGYWxzZSIgLz4NCiAgICAgICAgICAgIDxSdWxlUGFyYW1ldGVyIE5hbWU9Ikh0bWxEZWNvZGUiIFZhbHVlPSJUcnVlIiAvPg0KICAgICAgICAgICAgPFJ1bGVQYXJhbWV0ZXIgTmFtZT0iUmVxdWlyZWQiIFZhbHVlPSJGYWxzZSIgLz4NCiAgICAgICAgICA8L1J1bGVQYXJhbWV0ZXJzPg0KICAgICAgICA8L0V4dHJhY3Rpb25SdWxlPg0KICAgICAgICA8RXh0cmFjdGlvblJ1bGUgQ2xhc3NuYW1lPSJNaWNyb3NvZnQuVmlzdWFsU3R1ZGlvLlRlc3RUb29scy5XZWJUZXN0aW5nLlJ1bGVzLkV4dHJhY3RUZXh0LCBNaWNyb3NvZnQuVmlzdWFsU3R1ZGlvLlF1YWxpdHlUb29scy5XZWJUZXN0RnJhbWV3b3JrLCBWZXJzaW9uPTEwLjAuMC4wLCBDdWx0dXJlPW5ldXRyYWwsIFB1YmxpY0tleVRva2VuPWIwM2Y1ZjdmMTFkNTBhM2EiIFZhcmlhYmxlTmFtZT0iUXVlcnlTdHJpbmdQYXJhbTIzMy5zYyIgRGlzcGxheU5hbWU9IiIgRGVzY3JpcHRpb249IiI+DQogICAgICAgICAgPFJ1bGVQYXJhbWV0ZXJzPg0KICAgICAgICAgICAgPFJ1bGVQYXJhbWV0ZXIgTmFtZT0iU3RhcnRzV2l0aCIgVmFsdWU9IiZhbXA7YW1wO3NjPSIgLz4NCiAgICAgICAgICAgIDxSdWxlUGFyYW1ldGVyIE5hbWU9IkVuZHNXaXRoIiBWYWx1ZT0iJmFtcDsiIC8+DQogICAgICAgICAgICA8UnVsZVBhcmFtZXRlciBOYW1lPSJJbmRleCIgVmFsdWU9IjAiIC8+DQogICAgICAgICAgICA8UnVsZVBhcmFtZXRlciBOYW1lPSJJZ25vcmVDYXNlIiBWYWx1ZT0iRmFsc2UiIC8+DQogICAgICAgICAgICA8UnVsZVBhcmFtZXRlciBOYW1lPSJVc2VSZWd1bGFyRXhwcmVzc2lvbiIgVmFsdWU9IkZhbHNlIiAvPg0KICAgICAgICAgICAgPFJ1bGVQYXJhbWV0ZXIgTmFtZT0iSHRtbERlY29kZSIgVmFsdWU9IlRydWUiIC8+DQogICAgICAgICAgICA8UnVsZVBhcmFtZXRlciBOYW1lPSJSZXF1aXJlZCIgVmFsdWU9IkZhbHNlIiAvPg0KICAgICAgICAgIDwvUnVsZVBhcmFtZXRlcnM+DQogICAgICAgIDwvRXh0cmFjdGlvblJ1bGU+DQogICAgICAgIDxFeHRyYWN0aW9uUnVsZSBDbGFzc25hbWU9Ik1pY3Jvc29mdC5WaXN1YWxTdHVkaW8uVGVzdFRvb2xzLldlYlRlc3RpbmcuUnVsZXMuRXh0cmFjdFRleHQsIE1pY3Jvc29mdC5WaXN1YWxTdHVkaW8uUXVhbGl0eVRvb2xzLldlYlRlc3RGcmFtZXdvcmssIFZlcnNpb249MTAuMC4wLjAsIEN1bHR1cmU9bmV1dHJhbCwgUHVibGljS2V5VG9rZW49YjAzZjVmN2YxMWQ1MGEzYSIgVmFyaWFibGVOYW1lPSJRdWVyeVN0cmluZ1BhcmFtMjM0LmN2aWQiIERpc3BsYXlOYW1lPSIiIERlc2NyaXB0aW9uPSIiPg0KICAgICAgICAgIDxSdWxlUGFyYW1ldGVycz4NCiAgICAgICAgICAgIDxSdWxlUGFyYW1ldGVyIE5hbWU9IlN0YXJ0c1dpdGgiIFZhbHVlPSImYW1wO2FtcDtjdmlkPSIgLz4NCiAgICAgICAgICAgIDxSdWxlUGFyYW1ldGVyIE5hbWU9IkVuZHNXaXRoIiBWYWx1ZT0iJmFtcDsiIC8+DQogICAgICAgICAgICA8UnVsZVBhcmFtZXRlciBOYW1lPSJJbmRleCIgVmFsdWU9IjAiIC8+DQogICAgICAgICAgICA8UnVsZVBhcmFtZXRlciBOYW1lPSJJZ25vcmVDYXNlIiBWYWx1ZT0iRmFsc2UiIC8+DQogICAgICAgICAgICA8UnVsZVBhcmFtZXRlciBOYW1lPSJVc2VSZWd1bGFyRXhwcmVzc2lvbiIgVmFsdWU9IkZhbHNlIiAvPg0KICAgICAgICAgICAgPFJ1bGVQYXJhbWV0ZXIgTmFtZT0iSHRtbERlY29kZSIgVmFsdWU9IlRydWUiIC8+DQogICAgICAgICAgICA8UnVsZVBhcmFtZXRlciBOYW1lPSJSZXF1aXJlZCIgVmFsdWU9IkZhbHNlIiAvPg0KICAgICAgICAgIDwvUnVsZVBhcmFtZXRlcnM+DQogICAgICAgIDwvRXh0cmFjdGlvblJ1bGU+DQogICAgICA8L0NvcnJlbGF0aW9uRXh0cmFjdGlvblJ1bGVzPg0KICAgICAgPFF1ZXJ5U3RyaW5nUGFyYW1ldGVycz4NCiAgICAgICAgPFF1ZXJ5U3RyaW5nUGFyYW1ldGVyIE5hbWU9InB0IiBWYWx1ZT0icGFnZS5zZXJwIiBSZWNvcmRlZFZhbHVlPSJwYWdlLnNlcnAiIENvcnJlbGF0aW9uQmluZGluZz0iIiBVcmxFbmNvZGU9IkZhbHNlIiBVc2VUb0dyb3VwUmVzdWx0cz0iRmFsc2UiIC8+DQogICAgICAgIDxRdWVyeVN0cmluZ1BhcmFtZXRlciBOYW1lPSJicSIgVmFsdWU9Im5VRVZPIiBSZWNvcmRlZFZhbHVlPSJuVUVWTyIgQ29ycmVsYXRpb25CaW5kaW5nPSIiIFVybEVuY29kZT0iRmFsc2UiIFVzZVRvR3JvdXBSZXN1bHRzPSJGYWxzZSIgLz4NCiAgICAgICAgPFF1ZXJ5U3RyaW5nUGFyYW1ldGVyIE5hbWU9Im1rdCIgVmFsdWU9ImVzLWNyIiBSZWNvcmRlZFZhbHVlPSJlcy1jciIgQ29ycmVsYXRpb25CaW5kaW5nPSIiIFVybEVuY29kZT0iRmFsc2UiIFVzZVRvR3JvdXBSZXN1bHRzPSJGYWxzZSIgLz4NCiAgICAgICAgPFF1ZXJ5U3RyaW5nUGFyYW1ldGVyIE5hbWU9InFyeSIgVmFsdWU9Imdvb2dsZSIgUmVjb3JkZWRWYWx1ZT0iZ29vZ2xlIiBDb3JyZWxhdGlvbkJpbmRpbmc9IiIgVXJsRW5jb2RlPSJGYWxzZSIgVXNlVG9Hcm91cFJlc3VsdHM9IkZhbHNlIiAvPg0KICAgICAgICA8UXVlcnlTdHJpbmdQYXJhbWV0ZXIgTmFtZT0iY3AiIFZhbHVlPSIwIiBSZWNvcmRlZFZhbHVlPSIwIiBDb3JyZWxhdGlvbkJpbmRpbmc9IiIgVXJsRW5jb2RlPSJGYWxzZSIgVXNlVG9Hcm91cFJlc3VsdHM9IkZhbHNlIiAvPg0KICAgICAgICA8UXVlcnlTdHJpbmdQYXJhbWV0ZXIgTmFtZT0iY3ZpZCIgVmFsdWU9IkRDN0JFOUZCMEZCRTRFMzlBM0QyM0M3NUVBNUZEQUNDIiBSZWNvcmRlZFZhbHVlPSJEQzdCRTlGQjBGQkU0RTM5QTNEMjNDNzVFQTVGREFDQyIgQ29ycmVsYXRpb25CaW5kaW5nPSJ7e1F1ZXJ5U3RyaW5nUGFyYW0xODkuY3ZpZH19IiBVcmxFbmNvZGU9IkZhbHNlIiBVc2VUb0dyb3VwUmVzdWx0cz0iRmFsc2UiIC8+DQogICAgICA8L1F1ZXJ5U3RyaW5nUGFyYW1ldGVycz4NCiAgICA8L1JlcXVlc3Q+DQogICAgPFJlcXVlc3QgTWV0aG9kPSJQT1NUIiBHdWlkPSJhZDc4ODQzNC0wNmEzLTRkOGEtYjI3MC1iZjg0OTNlYjgyYzQiIFZlcnNpb249IjEuMSIgVXJsPSJodHRwczovL3d3dy5iaW5nLmNvbS9mZC9scy9sc3AuYXNweCIgVGhpbmtUaW1lPSIwIiBUaW1lb3V0PSIzMDAiIFBhcnNlRGVwZW5kZW50UmVxdWVzdHM9IlRydWUiIEZvbGxvd1JlZGlyZWN0cz0iVHJ1ZSIgUmVjb3JkUmVzdWx0PSJUcnVlIiBDYWNoZT0iRmFsc2UiIFJlc3BvbnNlVGltZUdvYWw9IjAiIEVuY29kaW5nPSJ1dGYtOCIgRXhwZWN0ZWRIdHRwU3RhdHVzQ29kZT0iMCIgRXhwZWN0ZWRSZXNwb25zZVVybD0iIiBSZXBvcnRpbmdOYW1lPSIiIElnbm9yZUh0dHBTdGF0dXNDb2RlPSJGYWxzZSI+DQogICAgICA8SGVhZGVycz4NCiAgICAgICAgPEhlYWRlciBOYW1lPSJSZWZlcmVyIiBWYWx1ZT0iaHR0cHM6Ly93d3cuYmluZy5jb20vIiAvPg0KICAgICAgPC9IZWFkZXJzPg0KICAgICAgPFN0cmluZ0h0dHBCb2R5IENvbnRlbnRUeXBlPSJ0ZXh0L3htbCIgSW5zZXJ0Qnl0ZU9yZGVyTWFyaz0iRmFsc2UiPlBBQkRBR3dBYVFCbEFHNEFkQUJKQUc0QWN3QjBBRklBWlFCeEFIVUFaUUJ6QUhRQVBnQThBRVVBZGdCbEFHNEFkQUJ6QUQ0QVBBQkZBRDRBUEFCVUFENEFSUUIyQUdVQWJnQjBBQzRBUXdCc0FHa0FaUUJ1QUhRQVNRQnVBSE1BZEFBOEFDOEFWQUErQUR3QVNRQkhBRDRBUkFCREFEY0FRZ0JGQURrQVJnQkNBREFBUmdCQ0FFVUFOQUJGQURNQU9RQkJBRE1BUkFBeUFETUFRd0EzQURVQVJRQkJBRFVBUmdCRUFFRUFRd0JEQUR3QUx3QkpBRWNBUGdBOEFGUUFVd0ErQURFQU5RQXhBRGtBT0FBeUFEY0FPUUEyQURJQU1nQXdBREVBUEFBdkFGUUFVd0ErQUR3QVJBQStBRHdBSVFCYkFFTUFSQUJCQUZRQVFRQmJBRnNBZXdBaUFGUUFJZ0E2QUNJQVF3QkpBQzRBUWdCdkFIZ0FUUUJ2QUdRQVpRQnNBQ0lBTEFBaUFFWUFTUUJFQUNJQU9nQWlBRU1BU1FBaUFDd0FJZ0JPQUdFQWJRQmxBQ0lBT2dBaUFIWUFNZ0F1QURnQUlnQXNBQ0lBVXdCV0FDSUFPZ0FpQURRQUlnQXNBQ0lBVUFBaUFEb0Fld0FpQUVNQUlnQTZBREVBTmdBc0FDSUFUZ0FpQURvQU1nQXNBQ0lBU1FBaUFEb0FJZ0F5QUdzQWFBQWlBQ3dBSWdCVEFDSUFPZ0FpQUVNQUt3QkxBQ3NBVFFCVUFDc0FWUUFpQUN3QUlnQk5BQ0lBT2dBaUFGWUFLd0JNQUNzQVRRQXJBRTBBVkFBckFFVUFLd0JPQUNzQVF3QXJBRXNBS3dCQ0FFUUFJZ0FzQUNJQVZBQWlBRG9BT0FBMUFEZ0FNQUFzQUNJQVN3QWlBRG9BSWdBeUFHOEFkUUFyQURVQWNBQjBBQ3NBTmdBeEFESUFLd0JCQUZNQUpRQXlBRVlBVXdCMUFHY0Fad0JsQUhNQWRBQnBBRzhBYmdCekFDc0FOZ0EyQUc0QUt3QTJBRGtBWlFBckFEWUFZd0JsQUNzQU5nQmxBSGdBS3dBMUFIRUFNd0FyQUdzQVpRQjVBR1FBYndCM0FHNEFLd0JyQUdVQWVRQndBSElBWlFCekFITUFLd0EyQURZQWN3QXJBRFlBWVFCaUFDc0FOZ0JxQURjQUlnQXNBQ0lBUmdBaUFEb0FNUUI5QUN3QUlnQk1BQ0lBT2dBaUFFQUFNUUJzQUM4QWJ3QXZBRWtBVGdCUUFGVUFWQUFqQUhNQVlnQmZBR1lBYndCeUFHMEFYd0J4QUM4QUx3QXpBR01BTHdCcUFDOEFaQUIzQUM4QWRRQXZBRFFBTHdCTEFDOEFMUUF4QUNzQU5nQXhBREVBTHdCd0FDOEFSQUJKQUZZQUl3QmhBR29BWVFCNEFGTUFkQUI1QUd3QVpRQnpBQzhBTHdBd0FDOEFNQUF2QUhjQU9RQXZBREFBTHdBeEFDOEFUUUJVQUM4QUxRQXhBQ3NBTmdBMEFIa0FMd0J4QUM4QVZRQk1BQ01BY3dCaEFGOEFkUUJzQUM4QUx3QXlBSE1BTHdBeEFHa0FMd0JtQUdzQUx3QTJBRzhBTHdBMkFDOEFUUUJVQUM4QU1nQXJBRFlBYkFCNUFDOEFjUUF2QUM4QUx3QXdBQzhBTUFBdkFEQUFMd0F3QUM4QU1BQXZBRklBTHdBaUFDd0FJZ0JOQUNJQU9nQWlBR29BYndBckFERUFkZ0F6QUNzQWFnQjBBQ3NBTmdCdEFERUFLd0F4QURJQUt3QXdBQ3NBTUFBckFERUFLd0F3QUNzQWFRQTJBQ3NBTVFBaUFDd0FJZ0JPQUNJQU9nQWlBRElBYndCeUFDOEFkUUF2QUM4QVFBQTJBQzhBYkFCekFDVUFNZ0JHQUd3QWN3QndBQzRBWVFCekFIQUFlQUF2QUVBQU1RQXhBQzhBTXdBMkFDOEFRQUE0QUM4QVFBQXhBR1FBTHdBdEFERUFMd0JBQURFQVpBQXZBRElBY2dCdkFDOEFNZ0J5QUhjQUx3QXlBSElBZVFBckFETUFOZ0J3QUM4QWRnQXZBQzhBZHdCM0FIY0FNZ0F1QUdJQWFRQnVBR2NBTGdCakFHOEFiUUF2QUdrQWNBQjJBRFlBZEFCbEFITUFkQUFsQURJQVJnQjBBR1VBY3dCMEFDOEFRQUJ1QUM4QU9RQjFBQzhBUUFBNEFDOEFMUUF4QUM4QUxRQXhBQzhBTFFBeEFDOEFMUUF4QUM4QUxRQXhBQzhBTXdCbkFHc0FLd0ExQUhBQWN3QXZBSGNBTHdBdkFFQUFOZ0F2QUVFQWRRQjBBRzhBVXdCMUFHY0FMd0JBQUc0QUx3QmhBRGNBTHdCQUFEZ0FMd0JBQURFQVpRQXZBQzBBTVFBdkFFQUFNUUJsQUM4QU5RQndBSFVBTHdBMUFIb0FhQUF2QURVQWVnQjZBQ3NBTmdBd0FIb0FMd0I0QUM4QUx3QkFBRFlBTHdCQUFERUFad0F2QUVBQU1RQXhBQzhBTXdCa0FDOEFRQUE0QUM4QVFBQXhBR1lBTHdBdEFERUFMd0JBQURFQVpnQXZBRUFBTVFCbUFDOEFOZ0EwQUdFQUx3QTJBRFFBWkFBckFEWUFOZ0J0QUM4QWVRQXZBQzhBUUFBMkFDOEFRQUF4QUdjQUx3QkFBREVBTVFBdkFEUUFiZ0F2QUVBQU9BQXZBRUFBTVFCb0FDOEFMUUF4QUM4QVFBQXhBR2dBTHdCQUFERUFhQUF2QURZQVlnQTRBQzhBTmdCaUFEa0FLd0EyQURrQVl3QXZBSG9BTHdBdkFFQUFOZ0F2QUVBQU1RQm5BQzhBUUFBeEFERUFMd0EyQUdjQUx3QkFBRGdBTHdCQUFERUFhUUF2QUMwQU1RQXZBRUFBTVFCcEFDOEFRQUF4QUdrQUx3QTJBR1lBY1FBdkFEWUFaZ0J6QUNzQU5nQmpBR01BTHdBeEFEQUFMd0F2QUVBQU5nQXZBRUFBTVFCbkFDOEFRQUF4QURFQUx3QXpBR01BTHdCQUFEZ0FMd0JBQURFQWFnQXZBQzBBTVFBdkFFQUFNUUJxQUM4QVFBQXhBR29BTHdBMkFHWUFiZ0F2QURZQVpnQndBQ3NBTmdCbEFIWUFMd0F4QURFQUx3QXZBRUFBTmdBdkFFQUFNUUJuQUM4QVFBQXhBREVBTHdBekFITUFMd0JBQURnQUx3QkFBREVBYXdBdkFDMEFNUUF2QUVBQU1RQnJBQzhBUUFBeEFHc0FMd0EyQUdrQWJnQXZBRFlBYVFCdkFDSUFMQUFpQUVNQUlnQTZBQ0lBTkFCc0FETUFMd0F2QUM4QUx3QXZBQzhBTVFCd0FDOEFLd0EwQUcwQWJnQXZBRElBTHdBdkFDOEFMd0E0QUhBQUx3QXhBR1lBTHdBckFEUUFkQUF6QUM4QWJ3QXZBQzhBTHdBdkFEZ0FiQUF2QURFQU5RQXZBQ3NBTkFCNUFHY0FMd0F2QUhBQWJ3QnBBRzRBZEFCbEFISUFaQUJ2QUhjQWJnQXZBQzhBTUFBdkFDOEFlZ0F2QURFQUt3QTFBREFBTUFBdkFDOEFRQUF4QUdNQUx3QXZBQzBBTVFBdkFEZ0FOZ0F2QUhZQUx3QXJBRFVBTUFCbUFDOEFMd0F2QUM4QUx3QTNBRzhBTHdCeEFDOEFLd0ExQURBQWJnQXZBQzhBTHdBdkFDOEFOd0JqQUM4QWJnQXZBQ3NBTlFBd0FIWUFMd0F2QUM4QUx3QXZBRFlBZVFBdkFHc0FMd0FyQURVQU1RQTBBQzhBTWdBdkFDOEFMd0F2QURZQWJBQXZBR2tBTHdBckFEVUFNUUJpQUM4QUx3QXZBQzhBTHdBMkFEWUFMd0JuQUM4QUt3QTFBREVBYWdBdkFDOEFMd0F2QUM4QU5RQndBQzhBWmdBdkFDc0FOUUF4QUhJQUx3QXZBQzhBTHdBdkFEVUFPQUF2QUM4QUt3QTFBREVBZWdBdkFDOEFMd0F2QUM4QU5BQnRBQzhBTHdBckFEVUFNZ0EzQUM4QUx3QXZBQzhBTHdBMEFEQUFMd0F2QUNzQU5RQXlBR1lBTHdBdkFDOEFMd0F2QURNQWFBQXZBQzhBS3dBMUFESUFiZ0F2QUM4QUx3QXZBQzhBTWdCNUFDOEFMd0FyQURVQU1nQjNBQzhBTHdBdkFDOEFMd0F5QUdZQUx3QXZBQ3NBTlFBekFETUFMd0F2QUM4QUx3QXZBRElBTUFBdkFDOEFLd0ExQURNQVlnQXZBQzhBTHdBdkFDOEFNUUJ1QUM4QUx3QXJBRFVBTXdCcUFDOEFMd0F2QUM4QUx3QXhBR01BTHdBdkFDc0FOUUF6QUhvQUx3QXZBQzhBTHdBdkFIa0FMd0F2QUNzQU5RQTBBR1lBTHdBdkFDOEFMd0F2QUc0QUx3QXZBQ3NBTlFBMUFISUFMd0F2QUM4QUx3QXZBR1FBTHdCaUFDOEFLd0ExQURjQVlnQXZBQzhBY0FCdkFHa0FiZ0IwQUdVQWNnQjFBSEFBTHdBdkFEQUFMd0F2QURrQUx3QXdBQ0lBTEFBaUFFc0FJZ0E2QUNJQVFBQXhBR3dBTHdCdkFDOEFRQUF4QUcwQUx3QXdBQ3NBTlFCeEFEY0FMd0J2QUM4QVFBQXhBRzRBTHdBd0FDc0FOUUI1QUhvQUx3QnZBQzhBUUFBeEFHMEFMd0F3QUNzQU5RQjZBREFBTHdCdkFDOEFRQUF4QUc0QUx3QXdBQ3NBTmdBMEFETUFMd0J2QUM4QVFBQXhBRzBBTHdBd0FDc0FOZ0EwQURRQUx3QnZBQzhBUUFBeEFHNEFMd0F3QUNzQVFBQXhBRzhBTHdCdkFDOEFRQUF4QUcwQUx3QXdBQ3NBUUFBeEFHOEFMd0J2QUM4QVFBQXhBRzRBTHdBd0FDc0FRQUF4QUhBQUx3QnZBQzhBUUFBeEFHMEFMd0F3QUNzQVFBQXhBSEFBTHdCdkFDOEFRQUF4QUc0QUx3QXdBQ3NBTmdCbEFETUFMd0J2QUM4QVFBQXhBRzBBTHdBd0FDc0FOZ0JsQURRQUx3QnZBQzhBUUFBeEFHNEFMd0F3QUNzQVFBQXhBSEVBTHdCdkFDOEFRQUF4QUcwQUx3QXdBQ3NBUUFBeEFIRUFMd0J2QUM4QVFBQXhBRzRBTHdBd0FDSUFmUUJkQUYwQVhRQStBRHdBTHdCRUFENEFQQUF2QUVVQVBnQThBQzhBUlFCMkFHVUFiZ0IwQUhNQVBnQThBRk1BVkFCVEFENEFNUUExQURFQU9RQTRBRElBTndBNUFEWUFNZ0F5QURBQU1RQThBQzhBVXdCVUFGTUFQZ0E4QUM4QVF3QnNBR2tBWlFCdUFIUUFTUUJ1QUhNQWRBQlNBR1VBY1FCMUFHVUFjd0IwQUQ0QTwvU3RyaW5nSHR0cEJvZHk+DQogICAgPC9SZXF1ZXN0Pg0KICAgIDxSZXF1ZXN0IE1ldGhvZD0iR0VUIiBHdWlkPSJmOWRlMTJlYS04MTE2LTQxNzgtOWI0NS0zZjdlYzY0YmIyNjgiIFZlcnNpb249IjEuMSIgVXJsPSJodHRwczovL3d3dy5iaW5nLmNvbS9zZWFyY2giIFRoaW5rVGltZT0iMCIgVGltZW91dD0iMzAwIiBQYXJzZURlcGVuZGVudFJlcXVlc3RzPSJUcnVlIiBGb2xsb3dSZWRpcmVjdHM9IlRydWUiIFJlY29yZFJlc3VsdD0iVHJ1ZSIgQ2FjaGU9IkZhbHNlIiBSZXNwb25zZVRpbWVHb2FsPSIwIiBFbmNvZGluZz0idXRmLTgiIEV4cGVjdGVkSHR0cFN0YXR1c0NvZGU9IjAiIEV4cGVjdGVkUmVzcG9uc2VVcmw9IiIgUmVwb3J0aW5nTmFtZT0iIiBJZ25vcmVIdHRwU3RhdHVzQ29kZT0iRmFsc2UiPg0KICAgICAgPEhlYWRlcnM+DQogICAgICAgIDxIZWFkZXIgTmFtZT0iUmVmZXJlciIgVmFsdWU9Imh0dHBzOi8vd3d3LmJpbmcuY29tLyIgLz4NCiAgICAgIDwvSGVhZGVycz4NCiAgICAgIDxDb3JyZWxhdGlvbkV4dHJhY3Rpb25SdWxlcz4NCiAgICAgICAgPEV4dHJhY3Rpb25SdWxlIENsYXNzbmFtZT0iTWljcm9zb2Z0LlZpc3VhbFN0dWRpby5UZXN0VG9vbHMuV2ViVGVzdGluZy5SdWxlcy5FeHRyYWN0VGV4dCwgTWljcm9zb2Z0LlZpc3VhbFN0dWRpby5RdWFsaXR5VG9vbHMuV2ViVGVzdEZyYW1ld29yaywgVmVyc2lvbj0xMC4wLjAuMCwgQ3VsdHVyZT1uZXV0cmFsLCBQdWJsaWNLZXlUb2tlbj1iMDNmNWY3ZjExZDUwYTNhIiBWYXJpYWJsZU5hbWU9IlF1ZXJ5U3RyaW5nUGFyYW0yNTMuSUciIERpc3BsYXlOYW1lPSIiIERlc2NyaXB0aW9uPSIiPg0KICAgICAgICAgIDxSdWxlUGFyYW1ldGVycz4NCiAgICAgICAgICAgIDxSdWxlUGFyYW1ldGVyIE5hbWU9IlN0YXJ0c1dpdGgiIFZhbHVlPSImYW1wO2FtcDtJRz0iIC8+DQogICAgICAgICAgICA8UnVsZVBhcmFtZXRlciBOYW1lPSJFbmRzV2l0aCIgVmFsdWU9IiZhbXA7IiAvPg0KICAgICAgICAgICAgPFJ1bGVQYXJhbWV0ZXIgTmFtZT0iSW5kZXgiIFZhbHVlPSIwIiAvPg0KICAgICAgICAgICAgPFJ1bGVQYXJhbWV0ZXIgTmFtZT0iSWdub3JlQ2FzZSIgVmFsdWU9IkZhbHNlIiAvPg0KICAgICAgICAgICAgPFJ1bGVQYXJhbWV0ZXIgTmFtZT0iVXNlUmVndWxhckV4cHJlc3Npb24iIFZhbHVlPSJGYWxzZSIgLz4NCiAgICAgICAgICAgIDxSdWxlUGFyYW1ldGVyIE5hbWU9Ikh0bWxEZWNvZGUiIFZhbHVlPSJUcnVlIiAvPg0KICAgICAgICAgICAgPFJ1bGVQYXJhbWV0ZXIgTmFtZT0iUmVxdWlyZWQiIFZhbHVlPSJGYWxzZSIgLz4NCiAgICAgICAgICA8L1J1bGVQYXJhbWV0ZXJzPg0KICAgICAgICA8L0V4dHJhY3Rpb25SdWxlPg0KICAgICAgICA8RXh0cmFjdGlvblJ1bGUgQ2xhc3NuYW1lPSJNaWNyb3NvZnQuVmlzdWFsU3R1ZGlvLlRlc3RUb29scy5XZWJUZXN0aW5nLlJ1bGVzLkV4dHJhY3RUZXh0LCBNaWNyb3NvZnQuVmlzdWFsU3R1ZGlvLlF1YWxpdHlUb29scy5XZWJUZXN0RnJhbWV3b3JrLCBWZXJzaW9uPTEwLjAuMC4wLCBDdWx0dXJlPW5ldXRyYWwsIFB1YmxpY0tleVRva2VuPWIwM2Y1ZjdmMTFkNTBhM2EiIFZhcmlhYmxlTmFtZT0iUXVlcnlTdHJpbmdQYXJhbTI1NC5UeXBlIiBEaXNwbGF5TmFtZT0iIiBEZXNjcmlwdGlvbj0iIj4NCiAgICAgICAgICA8UnVsZVBhcmFtZXRlcnM+DQogICAgICAgICAgICA8UnVsZVBhcmFtZXRlciBOYW1lPSJTdGFydHNXaXRoIiBWYWx1ZT0iJmFtcDtUeXBlPSIgLz4NCiAgICAgICAgICAgIDxSdWxlUGFyYW1ldGVyIE5hbWU9IkVuZHNXaXRoIiBWYWx1ZT0iJmFtcDsiIC8+DQogICAgICAgICAgICA8UnVsZVBhcmFtZXRlciBOYW1lPSJJbmRleCIgVmFsdWU9IjMiIC8+DQogICAgICAgICAgICA8UnVsZVBhcmFtZXRlciBOYW1lPSJJZ25vcmVDYXNlIiBWYWx1ZT0iRmFsc2UiIC8+DQogICAgICAgICAgICA8UnVsZVBhcmFtZXRlciBOYW1lPSJVc2VSZWd1bGFyRXhwcmVzc2lvbiIgVmFsdWU9IkZhbHNlIiAvPg0KICAgICAgICAgICAgPFJ1bGVQYXJhbWV0ZXIgTmFtZT0iSHRtbERlY29kZSIgVmFsdWU9IlRydWUiIC8+DQogICAgICAgICAgICA8UnVsZVBhcmFtZXRlciBOYW1lPSJSZXF1aXJlZCIgVmFsdWU9IkZhbHNlIiAvPg0KICAgICAgICAgIDwvUnVsZVBhcmFtZXRlcnM+DQogICAgICAgIDwvRXh0cmFjdGlvblJ1bGU+DQogICAgICA8L0NvcnJlbGF0aW9uRXh0cmFjdGlvblJ1bGVzPg0KICAgICAgPFF1ZXJ5U3RyaW5nUGFyYW1ldGVycz4NCiAgICAgICAgPFF1ZXJ5U3RyaW5nUGFyYW1ldGVyIE5hbWU9InEiIFZhbHVlPSJHT09HTEUiIFJlY29yZGVkVmFsdWU9IkdPT0dMRSIgQ29ycmVsYXRpb25CaW5kaW5nPSIiIFVybEVuY29kZT0iRmFsc2UiIFVzZVRvR3JvdXBSZXN1bHRzPSJGYWxzZSIgLz4NCiAgICAgICAgPFF1ZXJ5U3RyaW5nUGFyYW1ldGVyIE5hbWU9InFzIiBWYWx1ZT0ie3skSElEREVOMS5xc319IiBSZWNvcmRlZFZhbHVlPSJuIiBDb3JyZWxhdGlvbkJpbmRpbmc9IiIgVXJsRW5jb2RlPSJGYWxzZSIgVXNlVG9Hcm91cFJlc3VsdHM9IkZhbHNlIiAvPg0KICAgICAgICA8UXVlcnlTdHJpbmdQYXJhbWV0ZXIgTmFtZT0iZm9ybSIgVmFsdWU9Int7JEhJRERFTjEuZm9ybX19IiBSZWNvcmRlZFZhbHVlPSJRQlJFIiBDb3JyZWxhdGlvbkJpbmRpbmc9IiIgVXJsRW5jb2RlPSJGYWxzZSIgVXNlVG9Hcm91cFJlc3VsdHM9IkZhbHNlIiAvPg0KICAgICAgICA8UXVlcnlTdHJpbmdQYXJhbWV0ZXIgTmFtZT0ic3AiIFZhbHVlPSItMSIgUmVjb3JkZWRWYWx1ZT0iLTEiIENvcnJlbGF0aW9uQmluZGluZz0iIiBVcmxFbmNvZGU9IkZhbHNlIiBVc2VUb0dyb3VwUmVzdWx0cz0iRmFsc2UiIC8+DQogICAgICAgIDxRdWVyeVN0cmluZ1BhcmFtZXRlciBOYW1lPSJwcSIgVmFsdWU9Imdvb2dsZSIgUmVjb3JkZWRWYWx1ZT0iZ29vZ2xlIiBDb3JyZWxhdGlvbkJpbmRpbmc9Int7UXVlcnlTdHJpbmdQYXJhbTIzMi5wcX19IiBVcmxFbmNvZGU9IkZhbHNlIiBVc2VUb0dyb3VwUmVzdWx0cz0iRmFsc2UiIC8+DQogICAgICAgIDxRdWVyeVN0cmluZ1BhcmFtZXRlciBOYW1lPSJzYyIgVmFsdWU9IjgtNiIgUmVjb3JkZWRWYWx1ZT0iOC02IiBDb3JyZWxhdGlvbkJpbmRpbmc9Int7UXVlcnlTdHJpbmdQYXJhbTIzMy5zY319IiBVcmxFbmNvZGU9IkZhbHNlIiBVc2VUb0dyb3VwUmVzdWx0cz0iRmFsc2UiIC8+DQogICAgICAgIDxRdWVyeVN0cmluZ1BhcmFtZXRlciBOYW1lPSJzayIgVmFsdWU9Int7JEhJRERFTjEuc2t9fSIgUmVjb3JkZWRWYWx1ZT0iIiBDb3JyZWxhdGlvbkJpbmRpbmc9IiIgVXJsRW5jb2RlPSJGYWxzZSIgVXNlVG9Hcm91cFJlc3VsdHM9IkZhbHNlIiAvPg0KICAgICAgICA8UXVlcnlTdHJpbmdQYXJhbWV0ZXIgTmFtZT0iY3ZpZCIgVmFsdWU9IkRDN0JFOUZCMEZCRTRFMzlBM0QyM0M3NUVBNUZEQUNDIiBSZWNvcmRlZFZhbHVlPSJEQzdCRTlGQjBGQkU0RTM5QTNEMjNDNzVFQTVGREFDQyIgQ29ycmVsYXRpb25CaW5kaW5nPSJ7e1F1ZXJ5U3RyaW5nUGFyYW0yMzQuY3ZpZH19IiBVcmxFbmNvZGU9IkZhbHNlIiBVc2VUb0dyb3VwUmVzdWx0cz0iRmFsc2UiIC8+DQogICAgICA8L1F1ZXJ5U3RyaW5nUGFyYW1ldGVycz4NCiAgICA8L1JlcXVlc3Q+DQogICAgPFJlcXVlc3QgTWV0aG9kPSJHRVQiIEd1aWQ9ImEzZTU3YTJmLTUyYTItNDY5Mi1iMWMzLWI4NDZkNDkxNjE2NSIgVmVyc2lvbj0iMS4xIiBVcmw9Imh0dHBzOi8vd3d3LmJpbmcuY29tL2ZkL2xzL2wiIFRoaW5rVGltZT0iMCIgVGltZW91dD0iMzAwIiBQYXJzZURlcGVuZGVudFJlcXVlc3RzPSJUcnVlIiBGb2xsb3dSZWRpcmVjdHM9IlRydWUiIFJlY29yZFJlc3VsdD0iVHJ1ZSIgQ2FjaGU9IkZhbHNlIiBSZXNwb25zZVRpbWVHb2FsPSIwIiBFbmNvZGluZz0idXRmLTgiIEV4cGVjdGVkSHR0cFN0YXR1c0NvZGU9IjAiIEV4cGVjdGVkUmVzcG9uc2VVcmw9IiIgUmVwb3J0aW5nTmFtZT0iIiBJZ25vcmVIdHRwU3RhdHVzQ29kZT0iRmFsc2UiPg0KICAgICAgPEhlYWRlcnM+DQogICAgICAgIDxIZWFkZXIgTmFtZT0iUmVmZXJlciIgVmFsdWU9Imh0dHBzOi8vd3d3LmJpbmcuY29tLyIgLz4NCiAgICAgIDwvSGVhZGVycz4NCiAgICAgIDxRdWVyeVN0cmluZ1BhcmFtZXRlcnM+DQogICAgICAgIDxRdWVyeVN0cmluZ1BhcmFtZXRlciBOYW1lPSJJRyIgVmFsdWU9IjAxMTczNTc2MEM5NjRDRTVBQTk4REIzNzFBNkU2N0ZDIiBSZWNvcmRlZFZhbHVlPSIwMTE3MzU3NjBDOTY0Q0U1QUE5OERCMzcxQTZFNjdGQyIgQ29ycmVsYXRpb25CaW5kaW5nPSJ7e1F1ZXJ5U3RyaW5nUGFyYW0yNTMuSUd9fSIgVXJsRW5jb2RlPSJGYWxzZSIgVXNlVG9Hcm91cFJlc3VsdHM9IkZhbHNlIiAvPg0KICAgICAgICA8UXVlcnlTdHJpbmdQYXJhbWV0ZXIgTmFtZT0iVHlwZSIgVmFsdWU9IkV2ZW50LkNQVCIgUmVjb3JkZWRWYWx1ZT0iRXZlbnQuQ1BUIiBDb3JyZWxhdGlvbkJpbmRpbmc9Int7UXVlcnlTdHJpbmdQYXJhbTI1NC5UeXBlfX0iIFVybEVuY29kZT0iRmFsc2UiIFVzZVRvR3JvdXBSZXN1bHRzPSJGYWxzZSIgLz4NCiAgICAgICAgPFF1ZXJ5U3RyaW5nUGFyYW1ldGVyIE5hbWU9IkRBVEEiIFZhbHVlPSJ7JTIycHAlMjI6eyUyMlMlMjI6JTIyTCUyMiwlMjJGQyUyMjoxOCwlMjJCQyUyMjoxOCwlMjJTRSUyMjotMSwlMjJUQyUyMjotMSwlMjJIJTIyOjMzLCUyMkJQJTIyOjExOSwlMjJDVCUyMjoxMjUsJTIySUwlMjI6MX0sJTIyYWQlMjI6WzE2Miw4MSwxMTYxLDc4MiwxMTYxLDE1NTgsMF19IiBSZWNvcmRlZFZhbHVlPSJ7JTIycHAlMjI6eyUyMlMlMjI6JTIyTCUyMiwlMjJGQyUyMjoxOCwlMjJCQyUyMjoxOCwlMjJTRSUyMjotMSwlMjJUQyUyMjotMSwlMjJIJTIyOjMzLCUyMkJQJTIyOjExOSwlMjJDVCUyMjoxMjUsJTIySUwlMjI6MX0sJTIyYWQlMjI6WzE2Miw4MSwxMTYxLDc4MiwxMTYxLDE1NTgsMF19IiBDb3JyZWxhdGlvbkJpbmRpbmc9IiIgVXJsRW5jb2RlPSJGYWxzZSIgVXNlVG9Hcm91cFJlc3VsdHM9IkZhbHNlIiAvPg0KICAgICAgICA8UXVlcnlTdHJpbmdQYXJhbWV0ZXIgTmFtZT0iUCIgVmFsdWU9IlNFUlAiIFJlY29yZGVkVmFsdWU9IlNFUlAiIENvcnJlbGF0aW9uQmluZGluZz0iIiBVcmxFbmNvZGU9IkZhbHNlIiBVc2VUb0dyb3VwUmVzdWx0cz0iRmFsc2UiIC8+DQogICAgICAgIDxRdWVyeVN0cmluZ1BhcmFtZXRlciBOYW1lPSJEQSIgVmFsdWU9IkNIMDEiIFJlY29yZGVkVmFsdWU9IkNIMDEiIENvcnJlbGF0aW9uQmluZGluZz0iIiBVcmxFbmNvZGU9IkZhbHNlIiBVc2VUb0dyb3VwUmVzdWx0cz0iRmFsc2UiIC8+DQogICAgICA8L1F1ZXJ5U3RyaW5nUGFyYW1ldGVycz4NCiAgICA8L1JlcXVlc3Q+DQogICAgPFJlcXVlc3QgTWV0aG9kPSJQT1NUIiBHdWlkPSI0YzdkZDc1Mi04ZWFhLTQ1NzktYmYxYS0xYjVlNjM2NGIzOGQiIFZlcnNpb249IjEuMSIgVXJsPSJodHRwczovL3d3dy5iaW5nLmNvbS9mZC9scy9sc3AuYXNweCIgVGhpbmtUaW1lPSIyIiBUaW1lb3V0PSIzMDAiIFBhcnNlRGVwZW5kZW50UmVxdWVzdHM9IlRydWUiIEZvbGxvd1JlZGlyZWN0cz0iVHJ1ZSIgUmVjb3JkUmVzdWx0PSJUcnVlIiBDYWNoZT0iRmFsc2UiIFJlc3BvbnNlVGltZUdvYWw9IjAiIEVuY29kaW5nPSJ1dGYtOCIgRXhwZWN0ZWRIdHRwU3RhdHVzQ29kZT0iMCIgRXhwZWN0ZWRSZXNwb25zZVVybD0iIiBSZXBvcnRpbmdOYW1lPSIiIElnbm9yZUh0dHBTdGF0dXNDb2RlPSJGYWxzZSI+DQogICAgICA8SGVhZGVycz4NCiAgICAgICAgPEhlYWRlciBOYW1lPSJSZWZlcmVyIiBWYWx1ZT0iaHR0cHM6Ly93d3cuYmluZy5jb20vIiAvPg0KICAgICAgPC9IZWFkZXJzPg0KICAgICAgPFF1ZXJ5U3RyaW5nUGFyYW1ldGVycz4NCiAgICAgICAgPFF1ZXJ5U3RyaW5nUGFyYW1ldGVyIE5hbWU9IiIgVmFsdWU9IiIgUmVjb3JkZWRWYWx1ZT0iIiBDb3JyZWxhdGlvbkJpbmRpbmc9IiIgVXJsRW5jb2RlPSJGYWxzZSIgVXNlVG9Hcm91cFJlc3VsdHM9IkZhbHNlIiAvPg0KICAgICAgPC9RdWVyeVN0cmluZ1BhcmFtZXRlcnM+DQogICAgICA8U3RyaW5nSHR0cEJvZHkgQ29udGVudFR5cGU9InRleHQveG1sIiBJbnNlcnRCeXRlT3JkZXJNYXJrPSJGYWxzZSI+UEFCREFHd0FhUUJsQUc0QWRBQkpBRzRBY3dCMEFGSUFaUUJ4QUhVQVpRQnpBSFFBUGdBOEFFVUFkZ0JsQUc0QWRBQnpBRDRBUEFCRkFENEFQQUJVQUQ0QVJRQjJBR1VBYmdCMEFDNEFRd0JzQUdrQVpRQnVBSFFBU1FCdUFITUFkQUE4QUM4QVZBQStBRHdBU1FCSEFENEFNQUF4QURFQU53QXpBRFVBTndBMkFEQUFRd0E1QURZQU5BQkRBRVVBTlFCQkFFRUFPUUE0QUVRQVFnQXpBRGNBTVFCQkFEWUFSUUEyQURjQVJnQkRBRHdBTHdCSkFFY0FQZ0E4QUZRQVV3QStBREVBTlFBeEFEa0FPQUF5QURjQU9RQTJBRE1BTUFBNEFERUFQQUF2QUZRQVV3QStBRHdBUkFBK0FEd0FJUUJiQUVNQVJBQkJBRlFBUVFCYkFIc0FhUUJrQURvQU1RQXlBRFVBTWdBc0FGQUFPZ0FpQURjQU9nQXpBQ3dBTlFBNkFETUFMQUF4QURVQU9nQnVBSG9BTEFBeEFEUUFPZ0JzQUhNQUxBQXhBRE1BT2dCc0FITUFMQUF4QURJQU9nQnNBSE1BTEFBeEFERUFPZ0EwQUcwQUxBQTBBRG9BTXdBc0FETUFPZ0F6QUN3QU1nQTZBRE1BTEFBeEFEY0FPZ0J2QURRQUxBQXhBRFlBT2dCdkFEUUFMQUF5QURRQU9nQnRBREVBTEFBNEFEb0FOQUJ0QUN3QU1RQXdBRG9BYVFCd0FDd0FPUUE2QURRQWJRQXNBREVBT1FBNkFHa0FjUUFzQURFQU9BQTZBR2tBY1FBaUFDd0FVd0E2QUNJQWJnQmhBSFlBT2dBd0FDSUFMQUIyQURvQU1RQXVBREVBTEFCVUFEb0FJZ0JEQUVrQUxnQlFBR1VBY2dCbUFDSUFMQUJHQUVrQVJBQTZBQ0lBUXdCSkFDSUFMQUJPQUdFQWJRQmxBRG9BSWdCUUFHVUFjZ0JtQUZZQU1nQWlBSDBBWFFCZEFENEFQQUF2QUVRQVBnQThBQzhBUlFBK0FEd0FMd0JGQUhZQVpRQnVBSFFBY3dBK0FEd0FVd0JVQUZNQVBnQXhBRFVBTVFBNUFEZ0FNZ0EzQURrQU5nQXpBREFBT0FBeEFEd0FMd0JUQUZRQVV3QStBRHdBTHdCREFHd0FhUUJsQUc0QWRBQkpBRzRBY3dCMEFGSUFaUUJ4QUhVQVpRQnpBSFFBUGdBPTwvU3RyaW5nSHR0cEJvZHk+DQogICAgPC9SZXF1ZXN0Pg0KICAgIDxSZXF1ZXN0IE1ldGhvZD0iUE9TVCIgR3VpZD0iOWRkMzQ5OTctZDc5OC00MjQ1LTk5YzgtMGUyOWNjZGQzNTBkIiBWZXJzaW9uPSIxLjEiIFVybD0iaHR0cHM6Ly93d3cuYmluZy5jb20vZmQvbHMvbHNwLmFzcHgiIFRoaW5rVGltZT0iMCIgVGltZW91dD0iMzAwIiBQYXJzZURlcGVuZGVudFJlcXVlc3RzPSJUcnVlIiBGb2xsb3dSZWRpcmVjdHM9IlRydWUiIFJlY29yZFJlc3VsdD0iVHJ1ZSIgQ2FjaGU9IkZhbHNlIiBSZXNwb25zZVRpbWVHb2FsPSIwIiBFbmNvZGluZz0idXRmLTgiIEV4cGVjdGVkSHR0cFN0YXR1c0NvZGU9IjAiIEV4cGVjdGVkUmVzcG9uc2VVcmw9IiIgUmVwb3J0aW5nTmFtZT0iIiBJZ25vcmVIdHRwU3RhdHVzQ29kZT0iRmFsc2UiPg0KICAgICAgPEhlYWRlcnM+DQogICAgICAgIDxIZWFkZXIgTmFtZT0iUmVmZXJlciIgVmFsdWU9Imh0dHBzOi8vd3d3LmJpbmcuY29tLyIgLz4NCiAgICAgIDwvSGVhZGVycz4NCiAgICAgIDxTdHJpbmdIdHRwQm9keSBDb250ZW50VHlwZT0idGV4dC94bWwiIEluc2VydEJ5dGVPcmRlck1hcms9IkZhbHNlIj5QQUJEQUd3QWFRQmxBRzRBZEFCSkFHNEFjd0IwQUZJQVpRQnhBSFVBWlFCekFIUUFQZ0E4QUVVQWRnQmxBRzRBZEFCekFENEFQQUJGQUQ0QVBBQlVBRDRBUlFCMkFHVUFiZ0IwQUM0QVF3QnNBR2tBWlFCdUFIUUFTUUJ1QUhNQWRBQThBQzhBVkFBK0FEd0FTUUJIQUQ0QU1BQXhBREVBTndBekFEVUFOd0EyQURBQVF3QTVBRFlBTkFCREFFVUFOUUJCQUVFQU9RQTRBRVFBUWdBekFEY0FNUUJCQURZQVJRQTJBRGNBUmdCREFEd0FMd0JKQUVjQVBnQThBRlFBVXdBK0FERUFOUUF4QURrQU9BQXlBRGNBT1FBMkFEVUFNQUE0QURnQVBBQXZBRlFBVXdBK0FEd0FSQUErQUR3QUlRQmJBRU1BUkFCQkFGUUFRUUJiQUZzQWV3QWlBRlFBSWdBNkFDSUFRd0JKQUM0QVFnQnZBSGdBVFFCdkFHUUFaUUJzQUNJQUxBQWlBRVlBU1FCRUFDSUFPZ0FpQUVNQVNRQWlBQ3dBSWdCT0FHRUFiUUJsQUNJQU9nQWlBSFlBTWdBdUFEZ0FJZ0FzQUNJQVV3QldBQ0lBT2dBaUFEUUFJZ0FzQUNJQVVBQWlBRG9BZXdBaUFFTUFJZ0E2QURJQU1nQXNBQ0lBVGdBaUFEb0FNUUFzQUNJQVNRQWlBRG9BSWdCMEFEY0FJZ0FzQUNJQVV3QWlBRG9BSWdCVUFDc0FRd0FyQUVJQVJBQXJBRlVBSWdBc0FDSUFUUUFpQURvQUlnQldBQ3NBVEFBckFFMEFLd0JOQUZRQUt3QkZBQ3NBVGdBckFFTUFLd0JMQUNzQVFnQkVBQ0lBTEFBaUFGUUFJZ0E2QURJQU9BQTNBRGNBTEFBaUFFc0FJZ0E2QUNJQVV3QlFBRUVBVGdBdUFHWUFkQUJ5QUVJQUt3Qk1BRWtBTGdCaUFGOEFZUUJzQUdjQWJ3QXJBRXdBU1FBdUFHSUFYd0JoQUc0QWN3QXJBREVBTndCaEFDc0FVd0JGQUZJQVVBQXNBRFVBTXdBeEFEY0FMZ0F4QUN3QVFRQmtBSE1BS3dCTUFFa0FMZ0JpQUY4QVlRQmtBRXdBWVFCekFIUUFRd0JvQUdrQWJBQmtBQ3NBVXdCRkFGSUFVQUFzQURVQU13QXhBRGtBTGdBeEFDd0FRUUJrQUhNQUt3QnBBRzBBWndBckFHZ0FkQUIwQUhBQWN3QXJBSGNBZHdCM0FDNEFZZ0JwQUc0QVp3QXVBR01BYndCdEFDc0FSZ0J5QUdFQWJRQmxBSGNBYndCeUFHc0FLd0J6QUdNQWNnQnBBSEFBZEFBckFFa0FaQUJsQUc0QWRBQnBBSFFBZVFBbEFESUFOUUF5QURBQVFnQnNBSFVBWlFBbEFESUFOQUJDQUd3QWRRQmxBRWtBWkFCbEFHNEFkQUJwQUhRQWVRQkVBSElBYndCd0FHUUFid0IzQUc0QVFnQnZBRzhBZEFCVEFIUUFjZ0JoQUhBQVh3QlNBR1VBWkFCcEFISUFaUUJqQUhRQUt3QkpBR1FBWlFCdUFIUUFhUUIwQUhrQUpRQXlBRFVBTWdBd0FFSUFiQUIxQUdVQUpRQXlBRFFBUWdCc0FIVUFaUUJKQUdRQVpRQnVBSFFBYVFCMEFIa0FTQUJsQUdFQVpBQmxBSElBS3dCTUFHRUFiZ0JuQUhVQVlRQm5BR1VBVXdCM0FHa0FkQUJqQUdnQUt3QlRBR1VBWndCdEFHVUFiZ0IwQUVZQWFRQnNBSFFBWlFCeUFITUFKUUF5QURVQU1nQXdBRUlBYkFCMUFHVUFKUUF5QURRQVJ3QmxBRzRBWlFCeUFHa0FZd0JFQUhJQWJ3QndBRVFBYndCM0FHNEFUUUJ2QUdRQVpRQnlBRzRBUXdCaEFHd0FaUUJ1QUdRQVlRQnlBQ3NBVndCbEFHSUFVZ0JsQUhNQWRRQnNBSFFBSlFBeUFEVUFNZ0F3QUVJQWJBQjFBR1VBSlFBeUFEUUFWd0JsQUdJQVVnQmxBSE1BZFFCc0FIUUFWQUJ2QUc4QWJBQmlBRzhBZUFCQ0FHd0FkUUJsQUNzQVZ3QmxBR0lBSlFBeUFEVUFNZ0F3QUZNQVpRQnlBSEFBU3dCbEFIa0FZZ0J2QUdFQWNnQmtBRTRBWVFCMkFHa0Fad0JoQUhRQWFRQnZBRzRBWHdCVEFHVUFiQUJsQUdNQWRBQnZBSElBU0FCbEFHRUFaQUJsQUhJQVVBQnNBSFVBY3dCQkFHd0Fad0J2QUNzQVZ3QmxBR0lBSlFBeUFEVUFNZ0F3QUZNQVpRQnlBSEFBU3dCbEFIa0FZZ0J2QUdFQWNnQmtBRTRBWVFCMkFHa0Fad0JoQUhRQWFRQnZBRzRBS3dBeUFEVUFkQUFyQURJQU53QnBBQ3NBY0FCdkFHa0FiZ0IwQUdVQWNnQnRBRzhBZGdCbEFDSUFMQUFpQUVZQUlnQTZBREVBZlFBc0FDSUFWZ0FpQURvQUlnQnNBR0VBTHdBd0FDOEFNQUF2QUhjQWNRQXZBR3dBY1FBdkFIY0FPUUF2QURNQVlnQXZBREVBTHdCa0FDOEFkZ0JwQUhNQWFRQmlBR3dBWlFBdkFHUUFaUUJtQUdFQWRRQnNBSFFBS3dCc0FHOEFMd0F2QUM4QUx3QXZBQzhBUUFBekFDOEFMd0F2QUM4QUlnQXNBQ0lBVEFBaUFEb0FJZ0JzQUdJQUx3QXdBQzhBVGdCQkFGWUFMZ0JpQUY4QWN3QmpBRzhBY0FCbEFHSUFZUUJ5QUM4QVV3QkZBRklBVUFBc0FEVUFNQUF4QURZQUxnQXhBQzhBTWdCekFDOEFNZ0EzQUM4QWRBQm9BQzhBTVFBekFDOEFNZ0F2QUZRQUx3QXRBREVBS3dCc0FHSUFMd0F4QUM4QVNBQXhBQzRBWWdCZkFHd0Fid0JuQUc4QUx3QXZBREVBYlFBdkFHY0FMd0J6QUM4QU1RQXdBQzhBTkFBdkFGUUFMd0F0QURFQUt3QnNBR0lBTHdBeUFDOEFSQUJKQUZZQUxnQmlBRjhBY3dCbEFHRUFjZ0JqQUdnQVlnQnZBSGdBUmdCdkFISUFiUUF2QUM4QU1nQnpBQzhBWlFBdkFHWUFhd0F2QURFQU5BQXZBRE1BTHdCVUFDOEFMUUF4QUNzQWJBQmlBQzhBTXdBdkFFUUFTUUJXQUNNQWFRQmtBRjhBYUFBdkFGTUFSUUJTQUZBQUxBQTFBREFBTWdBeEFDNEFNUUF2QURBQUx3QXdBQzhBTUFBdkFEQUFMd0F5QUM4QVZBQXZBRElBS3dCc0FIRUFMd0EwQUM4QVV3QlFBRUVBVGdBdUFITUFZZ0JmQUdNQWJ3QjFBRzRBZEFBdkFDOEFNd0JqQUM4QU13QnZBQzhBTXdCckFDOEFkUUF2QURNQUx3QlVBQzhBTFFBeEFDc0FiQUJ4QUM4QU5RQXZBRUFBTUFBdkFGTUFSUUJTQUZBQUxBQTFBRElBTkFBM0FDNEFNUUF2QURZQWR3QXZBRE1BYndBdkFESUFjUUF2QUhVQUx3QXpBQzhBVkFBdkFDMEFNUUFyQUd3QWNRQXZBRFlBTHdCQUFEQUFMd0JUQUVVQVVnQlFBQ3dBTlFBeUFEVUFOUUF1QURFQUx3QTVBRzRBTHdBekFHOEFMd0F6QUdrQUx3QjFBQzhBTXdBdkFGUUFMd0F0QURFQUt3QnNBSEVBTHdBM0FDOEFRQUF3QUM4QVV3QkZBRklBVUFBc0FEVUFNZ0ExQURrQUxnQXhBQzhBWkFBMUFDOEFNd0J2QUM4QU1nQmxBQzhBZFFBdkFETUFMd0JVQUM4QUxRQXhBQ3NBYkFCeEFDOEFPQUF2QUV3QVNRQXVBR0lBWHdCaEFHUUFMd0JBQURRQUx3QXlBSE1BTHdBMEFHa0FMd0JtQUdzQUx3QXlBRGtBTHdBekFDOEFWQUF2QUMwQU1RQXJBR3dBY1FBdkFEa0FMd0JBQURFQUx3QlRBRVVBVWdCUUFDd0FOUUF3QURrQU5nQXVBREVBTHdBeUFITUFMd0EyQUhJQUx3Qm1BR3NBTHdBeUFEZ0FMd0F6QUM4QVZBQXZBQzBBTVFBckFHd0FjUUF2QUdFQUx3QkFBREVBTHdCVEFFVUFVZ0JRQUN3QU5RQXhBREFBTndBdUFERUFMd0F5QUhNQUx3QTVBREVBTHdCbUFHc0FMd0F5QUhRQUx3QXpBQzhBVkFBdkFDMEFNUUFyQUd3QWNRQXZBR0lBTHdCQUFERUFMd0JUQUVVQVVnQlFBQ3dBTlFBeEFERUFOd0F1QURFQUx3QXlBSE1BTHdCaUFIY0FMd0JtQUdzQUx3QXlBRGdBTHdBekFDOEFWQUF2QUMwQU1RQXJBR3dBY1FBdkFHTUFMd0JBQURFQUx3QlRBRVVBVWdCUUFDd0FOUUF4QURNQU1BQXVBREVBTHdBeUFITUFMd0JsQURZQUx3Qm1BR3NBTHdBeUFIQUFMd0F6QUM4QVZBQXZBQzBBTVFBckFHd0FjUUF2QUdRQUx3QkFBREVBTHdCVEFFVUFVZ0JRQUN3QU5RQXhBRFFBTXdBdUFERUFMd0F5QUhNQUx3Qm5BSGdBTHdCbUFHc0FMd0F5QURnQUx3QXpBQzhBVkFBdkFDMEFNUUFyQUd3QWNRQXZBR1VBTHdCQUFERUFMd0JUQUVVQVVnQlFBQ3dBTlFBeEFEVUFPQUF1QURFQUx3QXlBSE1BTHdCcUFEY0FMd0JtQUdzQUx3QXlBSEFBTHdBekFDOEFWQUF2QUMwQU1RQXJBR3dBY1FBdkFHWUFMd0JBQURFQUx3QlRBRVVBVWdCUUFDd0FOUUF4QURjQU1RQXVBREVBTHdBeUFITUFMd0JzQUhrQUx3Qm1BR3NBTHdBeUFIQUFMd0F6QUM4QVZBQXZBQzBBTVFBckFHd0FjUUF2QUdjQUx3QkFBREVBTHdCVEFFVUFVZ0JRQUN3QU5RQXhBRGdBTXdBdUFERUFMd0F5QUhNQUx3QnZBSEFBTHdCbUFHc0FMd0F5QUhBQUx3QXpBQzhBVkFBdkFDMEFNUUFyQUd3QWNRQXZBR2dBTHdCQUFERUFMd0JUQUVVQVVnQlFBQ3dBTlFBeEFEa0FOUUF1QURFQUx3QXlBSE1BTHdCeUFHY0FMd0JtQUdzQUx3QXlBRGdBTHdBekFDOEFWQUF2QUMwQU1RQXJBR3dBY1FBdkFHa0FMd0JBQURFQUx3QlRBRVVBVWdCUUFDd0FOUUF5QURBQU9BQXVBREVBTHdBeUFITUFMd0IwQUhFQUx3Qm1BR3NBTHdBeUFIQUFMd0F6QUM4QVZBQXZBQzBBTVFBckFHd0FjUUF2QUdvQUx3Qk1BRWtBTGdCaUFGOEFZUUJrQUNBQVlnQmZBR0VBWkFCQ0FHOEFkQUIwQUc4QWJRQXZBRUFBTmdBdkFESUFjd0F2QUhjQWFBQXZBR1lBYXdBdkFESUFZUUF2QURNQUx3QlVBQzhBTFFBeEFDc0FiQUJ4QUM4QWF3QXZBRUFBTWdBdkFGTUFSUUJTQUZBQUxBQTFBRElBT1FBNEFDNEFNUUF2QURJQWN3QXZBSGtBY2dBdkFHWUFhd0F2QURVQU5RQXZBRE1BTHdCVUFDOEFMUUF4QUNzQWJBQnhBQzhBYkFBdkFFd0FTUUF1QUdJQVh3QndBR0VBWndBdkFGTUFSUUJTQUZBQUxBQTFBRE1BTXdBekFDNEFNUUF2QURJQWN3QXZBREVBTXdCNUFDOEFaZ0JyQUM4QU1nQnhBQzhBTXdBdkFGUUFMd0F0QURFQUt3QnNBSEVBTHdCdEFDOEFRQUF5QUM4QVV3QkZBRklBVUFBc0FEVUFNd0F5QURNQUxnQXhBQzhBYWdCbkFDOEFOQUJwQUM4QVlRQnZBQzhBTlFCc0FDOEFNd0F2QUZRQUx3QXRBREVBS3dCc0FIRUFMd0J1QUM4QVJnQlBBRThBVkFCRkFGSUFJd0JpQUY4QVpnQnZBRzhBZEFCbEFISUFMd0JUQUVVQVVnQlFBQ3dBTlFBd0FETUFOQUF1QURFQUx3QXdBQzhBUUFBekFDOEFkd0E1QUM4QU1RQmpBQzhBTVFBdkFGUUFMd0F0QURFQUt3QnNBR0lBTHdCdkFDOEFTUUJOQUVjQUx3QXZBREVBYlFBdkFHY0FMd0JxQUdJQUx3QXhBSEVBTHdBMUFDOEFWQUF2QUMwQU1RQXJBR3dBY1FBdkFIQUFMd0JBQURVQUx3QkFBRFFBTHdBekFHTUFMd0EwQUhNQUx3QmxBR2NBTHdBeEFIRUFMd0ExQUM4QVZBQXZBQzBBTVFBckFHd0FjUUF2QUhFQUx3QkFBRFVBTHdCQUFEWUFMd0F6QUdNQUx3QjNBSFFBTHdCbEFHY0FMd0F4QUhFQUx3QTFBQzhBVkFBdkFDMEFNUUFyQURJQU53QnlBQzhBTXdBdkFDOEFMd0J5QURBQUx3QmhBQzhBTkFBMUFDOEFNUUJsQUM4QUx3QlNBQzhBSWdBc0FDSUFUUUFpQURvQUlnQnBBSEVBS3dCNkFIQUFLd0J0QURFQUt3QXlBRGNBZEFBckFHNEFLd0F3QUNzQU1BQXJBREFBS3dBd0FDc0FZZ0JpQUNzQU1RQWlBQ3dBSWdCT0FDSUFPZ0FpQUMwQU1RQXZBREFBTHdBdkFDOEFaQUJ2QUdNQWRRQnRBR1VBYmdCMEFDOEFMd0J2QURRQUx3QXZBRE1BTHdBdEFERUFMd0F6QUM4QU5BQnRBQzhBTkFCdEFDOEFhUUJ3QUNzQWFRQnhBQzhBTVFBdkFHOEFMd0JBQURrQUx3QnpBR2tBYlFCbkFDVUFNZ0JHQUZNQWFBQmhBSElBWlFCa0FGTUFjQUJ5QUdrQWRBQmxBRVFBWlFCekFHc0FkQUJ2QUhBQVZBQjNBRzhBVkFCdkFHNEFaUUJNQUc4QVp3QnZBRlFBWlFCaEFHd0FVd0J3QUhrQVh3QXdBRGdBTVFBM0FDNEFjQUJ1QUdjQUx3QkFBRGNBTHdBd0FDOEFRQUE0QUM4QWFRQnhBQzhBTFFBeEFDOEFhUUJ4QUM4QWFRQnhBQzhBYVFCeEFDOEFhUUJ4QUNzQWFRQnhBQzhBTWdBdkFDOEFjd0IwQUc4QWNnQmhBR2NBWlFBdUFHd0FhUUIyQUdVQUxnQmpBRzhBYlFBdkFIQUFjZ0J2QUdZQWFRQnNBR1VBY0FCb0FHOEFkQUJ2QUNVQU13QkJBRlVBY3dCbEFISUFWQUJwQUd3QVpRQlRBSFFBWVFCMEFHa0FZd0FsQURJQVJnQndBQzhBUUFBM0FDOEFOQUJ3QUM4QVFBQTRBQzhBTFFBeEFDOEFMUUF4QUM4QUxRQXhBQzhBTFFBeEFDOEFMUUF4QUM4QWJnQm5BQ3NBYndCaEFDOEFNd0F2QUM4QVFBQTVBQzhBWXdCd0FIUUFMd0JBQURjQUx3QXhBSEFBTHdCQUFEZ0FMd0J2QUdJQUx3QXRBREVBTHdCdkFHSUFMd0J2QUdJQUx3QXRBREVBTHdCeEFEQUFLd0J2QUdNQUx3QTBBQzhBTHdCQUFEa0FMd0JzQUhNQUpRQXlBRVlBYkFCekFIQUFMZ0JoQUhNQWNBQjRBQzhBZUFCdEFHd0FhQUIwQUhRQWNBQnlBR1VBY1FCMUFHVUFjd0IwQUM4QU13Qm1BQzhBUUFBNEFDOEFid0JvQUM4QUxRQXhBQzhBYndCb0FDOEFjZ0JoQUM4QWNnQnhBQzhBY2dCeUFDc0Fid0JsQUM4QU5RQXZBQzhBUUFBNUFDOEFRZ0JwQUc0QVp3QkRBRzhBY2dCbEFDNEFRZ0IxQUc0QVpBQnNBR1VBTHdCQUFHSUFMd0F4QUM4QVFBQTRBQzhBYndCbkFDOEFMUUF4QUM4QWJ3Qm5BQzhBYndCbkFDOEFid0JuQUM4QWJ3Qm5BQ3NBY3dBekFDOEFOZ0F2QUM4QVFBQTVBQzhBUUFCaEFDOEFRQUEzQUM4QU13QXZBRUFBT0FBdkFITUFOZ0F2QUMwQU1RQXZBSE1BTmdBdkFITUFOZ0F2QUhNQU5nQXZBSE1BTmdBckFITUFOd0F2QURjQUx3QXZBRUFBT1FBdkFFQUFZd0F2QUVBQU53QXZBRElBTHdCQUFEZ0FMd0J6QUdFQUx3QXRBREVBTHdCekFHRUFMd0J6QUdFQUx3QnpBR0VBTHdCekFHRUFLd0J6QUdJQUx3QTRBQzhBTHdCQUFEa0FMd0JBQUdRQUx3QkFBRGNBTHdBekFDOEFRQUE0QUM4QWN3QmxBQzhBTFFBeEFDOEFjd0JsQUM4QWN3QmxBQzhBY3dCbEFDOEFjd0JsQUNzQWN3Qm5BQzhBT1FBdkFDOEFRQUE1QUM4QVFBQmxBQzhBUUFBM0FDOEFOUUF2QUVBQU9BQXZBSE1BYWdBdkFDMEFNUUF2QUhNQWFnQXZBSE1BYWdBdkFITUFhZ0F2QUhNQWJRQXJBSE1BYmdBdkFHRUFMd0F2QUVBQU9RQXZBRUFBWmdBdkFFQUFOd0F2QURNQUx3QkFBRGdBTHdCekFIRUFMd0F0QURFQUx3QnpBSEVBTHdCekFIRUFMd0J6QUhFQUx3QnpBSEVBS3dCekFISUFMd0JpQUM4QUx3QkFBRGtBTHdCQUFHY0FMd0JBQURjQUx3QXlBQzhBUUFBNEFDOEFjd0IwQUM4QUxRQXhBQzhBY3dCMEFDOEFjd0IwQUM4QWN3QjBBQzhBY3dCMEFDc0Fjd0IxQUM4QVl3QXZBQzhBUUFBNUFDOEFRQUJvQUM4QVFBQTNBQzhBTWdBdkFFQUFPQUF2QUhNQWR3QXZBQzBBTVFBdkFITUFkd0F2QUhNQWR3QXZBSE1BZHdBdkFITUFkd0FyQUhNQWVBQXZBR1FBTHdBdkFFQUFPUUF2QUVBQWFRQXZBRUFBTndBdkFERUFMd0JBQURnQUx3QnpBSG9BTHdBdEFERUFMd0J6QUhvQUx3QnpBSG9BTHdCekFIb0FMd0J6QUhvQUt3QjBBREFBTHdCbEFDOEFMd0JBQURrQUx3QkFBR0VBTHdCQUFHSUFMd0F4QUM4QVFBQTRBQzhBZEFBeEFDOEFMUUF4QUM4QWRBQXhBQzhBZEFBeEFDOEFkQUF4QUM4QWRBQXlBQ3NBZEFCcEFDOEFaZ0F2QUM4QVFBQTVBQzhBUUFCakFDOEFRQUJpQUM4QU1RQXZBRUFBT0FBdkFIUUFhd0F2QUMwQU1RQXZBSFFBYXdBdkFIUUFhd0F2QUhRQWF3QXZBSFFBYXdBckFIUUFiUUF2QUdjQUx3QXZBRUFBT1FBdkFFQUFaQUF2QUVBQVlnQXZBREVBTHdCQUFEZ0FMd0IwQUc0QUx3QXRBREVBTHdCMEFHNEFMd0IwQUc0QUx3QjBBRzRBTHdCMEFHOEFLd0IwQUhBQUx3Qm9BQzhBTHdCQUFEa0FMd0JBQUdVQUx3QkFBR0lBTHdBeEFDOEFRQUE0QUM4QWRBQnlBQzhBTFFBeEFDOEFkQUJ5QUM4QWRBQnlBQzhBZEFCeUFDOEFkQUJ5QUNzQWRBQjNBQzhBYVFBdkFDOEFRQUE1QUM4QVFBQm1BQzhBUUFCaUFDOEFNUUF2QUVBQU9BQXZBSFFBZUFBdkFDMEFNUUF2QUhRQWVBQXZBSFFBZUFBdkFIUUFlQUF2QUhRQWVRQXJBSFVBTXdBdkFHb0FMd0F2QUVBQU9RQXZBRUFBWndBdkFFQUFZZ0F2QURFQUx3QkFBRGdBTHdCMUFEVUFMd0F0QURFQUx3QjFBRFVBTHdCMUFEVUFMd0IxQURVQUx3QjFBRFVBS3dCMUFHa0FMd0JyQUM4QUx3QkFBRGtBTHdCQUFHZ0FMd0JBQUdJQUx3QXhBQzhBUUFBNEFDOEFkUUJyQUM4QUxRQXhBQzhBZFFCckFDOEFkUUJyQUM4QWRRQnJBQzhBZFFCckFDc0FkUUJ2QUM4QWJBQXZBQzhBUUFBNUFDOEFRQUJwQUM4QVFBQmlBQzhBTVFBdkFFQUFPQUF2QUhVQWNRQXZBQzBBTVFBdkFIVUFjUUF2QUhVQWNRQXZBSFVBY1FBdkFIVUFjUUFyQURJQU5RQnlBQzhBYlFBdkFDOEFRQUE1QUM4QWJBQnpBQ1VBTWdCR0FFY0FUQUJwQUc0QWF3QlFBR2tBYmdCbkFDNEFZUUJ6QUhBQWVBQXZBRUFBTndBdkFERUFkQUF2QUVBQU9BQXZBRUFBYWdBdkFDMEFNUUF2QUVBQWFnQXZBRUFBYWdBdkFFQUFhd0F2QURJQU53QnNBQ0lBTEFBaUFFTUFJZ0E2QUNJQWVnQndBQzhBTHdCQUFHd0FMd0J0QUc4QWRRQnpBR1VBTHdBdEFERUFMd0F3QUM4QU5BQm5BQzhBTUFBckFIb0FlQUF2QUM4QUx3QXZBQzhBWndBdkFEUUFiQUF2QUNzQU1RQXdBRFVBTHdBdkFDOEFMd0F2QURFQU5RQXZBRFFBY2dBdkFDc0FNUUF3QUdRQUx3QXZBQzhBTHdBdkFERUFid0F2QURRQWR3QXZBQ3NBTVFBd0FHd0FMd0F2QUM4QUx3QXZBRElBTmdBdkFEVUFNQUF2QUNzQU1RQXdBSFFBTHdBNEFDOEFMd0F2QUM4QU1nQjBBQzhBTlFCaUFDOEFLd0F4QURFQU1RQXZBQzhBTHdBdkFDOEFNd0E0QUM4QU5RQm9BQzhBS3dBeEFERUFPUUF2QUhBQUx3QXZBQzhBTHdBekFHb0FMd0ExQUcwQUx3QXJBREVBTVFCb0FDOEFMd0F2QUM4QUx3QXpBSFFBTHdBMUFITUFMd0FyQURFQU1RQndBQzhBTHdBdkFDOEFMd0EwQURNQUx3QTFBSG9BTHdBckFERUFNZ0ExQUM4QUx3QXZBQzhBTHdBMEFHVUFMd0EyQURnQUx3QXJBREVBTWdCMEFDOEFPQUF2QUM4QUx3QXZBRFFBYkFBdkFEWUFhUUF2QUNzQU1RQXpBSGdBTHdBNUFDOEFMd0F2QUM4QUx3QTJBSFFBTHdBckFERUFOQUJzQUM4QUx3QXZBQzhBTHdBMEFHb0FMd0EzQURNQUx3QXJBREVBTlFBNUFDOEFMd0F2QUM4QUx3QTBBR1lBTHdBM0FHWUFMd0FyQURFQU5nQjBBQzhBTHdBdkFDOEFMd0EwQURZQUx3QTNBRzhBTHdBckFERUFOd0J3QUM4QUx3QXZBQzhBTHdBekFIZ0FMd0EzQUhVQUx3QXJBREVBT0FCc0FDOEFMd0F2QUM4QUx3QXpBSFFBTHdBNEFEVUFMd0FyQURFQVl3QmtBQzhBTHdBdkFDOEFMd0F6QUhrQUx3QTNBSGNBTHdBckFERUFhUUJzQUM4QUx3QXZBQzhBTHdBMEFESUFMd0E0QUdRQUx3QXJBREVBYVFCMEFDOEFMd0F2QUM4QUx3QTBBRFVBTHdBNEFHNEFMd0FyQURFQWFnQXhBQzhBTHdBdkFDOEFMd0EwQURrQUx3QTVBREFBTHdBckFERUFhZ0JwQUM4QVlRQXZBQzhBTHdBdkFEUUFaUUF2QURrQWJBQXZBQ3NBTVFCcUFITUFMd0F2QUM4QUx3QXZBRFFBYWdBdkFEa0Fkd0F2QUNzQU1RQnJBREVBTHdBdkFDOEFMd0F2QURRQWJnQXZBR0VBTmdBdkFDc0FNUUJyQURVQUx3QXZBQzhBTHdBdkFEUUFjQUF2QUdFQVp3QXZBQ3NBTVFCckFHd0FMd0F2QUM4QUx3QXZBRFFBZFFBdkFHRUFjZ0F2QUNzQU1RQndBR0VBTHdBdkFDOEFMd0F2QURRQWNnQXZBR0VBWndBdkFDc0FNUUJ4QUdRQUx3QXZBQzhBTHdBdkFEUUFhd0F2QUdFQU53QXZBQ3NBTVFCMkFERUFMd0F2QUM4QUx3QXZBRFFBWkFBdkFEa0FlZ0F2QUNzQU1nQTFBSEVBTHdBdkFIQUFid0JwQUc0QWRBQmxBSElBWkFCdkFIY0FiZ0F2QUM4QU1BQXZBQzhBT1FCNEFDOEFNUUFyQURJQU53Qm9BQzhBTHdCd0FHOEFhUUJ1QUhRQVpRQnlBSFVBY0FBdkFDOEFMd0F2QUM4QU1BQXJBRUFBYXdBdkFDOEFZd0JzQUdrQVl3QnJBQzhBTHdBdkFDOEFMd0FpQUN3QUlnQkNBRVFBSWdBNkFDSUFlZ0J3QUM4QVFBQnNBQzhBTVFBMUFERUFPUUE0QURJQU53QTVBRFlBTXdBaUFIMEFYUUJkQUYwQVBnQThBQzhBUkFBK0FEd0FMd0JGQUQ0QVBBQXZBRVVBZGdCbEFHNEFkQUJ6QUQ0QVBBQlRBRlFBVXdBK0FERUFOUUF4QURrQU9BQXlBRGNBT1FBMkFEVUFNQUE0QURnQVBBQXZBRk1BVkFCVEFENEFQQUF2QUVNQWJBQnBBR1VBYmdCMEFFa0FiZ0J6QUhRQVVnQmxBSEVBZFFCbEFITUFkQUErQUE9PTwvU3RyaW5nSHR0cEJvZHk+DQogICAgPC9SZXF1ZXN0Pg0KICAgIDxSZXF1ZXN0IE1ldGhvZD0iR0VUIiBHdWlkPSJlNjVjOTU2ZS0xMGRkLTRhYTUtYTk4MC0wZDUzZDcyMzg0ZTciIFZlcnNpb249IjEuMSIgVXJsPSJodHRwOi8vd3d3Lmdvb2dsZS5jb20vaW50bC9qdy8iIFRoaW5rVGltZT0iMCIgVGltZW91dD0iMzAwIiBQYXJzZURlcGVuZGVudFJlcXVlc3RzPSJUcnVlIiBGb2xsb3dSZWRpcmVjdHM9IlRydWUiIFJlY29yZFJlc3VsdD0iVHJ1ZSIgQ2FjaGU9IkZhbHNlIiBSZXNwb25zZVRpbWVHb2FsPSIwIiBFbmNvZGluZz0idXRmLTgiIEV4cGVjdGVkSHR0cFN0YXR1c0NvZGU9IjAiIEV4cGVjdGVkUmVzcG9uc2VVcmw9Imh0dHBzOi8vd3d3Lmdvb2dsZS5jb20vP2hsPWp3JmFtcDtnd3NfcmQ9c3NsIiBSZXBvcnRpbmdOYW1lPSIiIElnbm9yZUh0dHBTdGF0dXNDb2RlPSJGYWxzZSI+DQogICAgICA8RGVwZW5kZW50UmVxdWVzdHM+DQogICAgICAgIDxSZXF1ZXN0IE1ldGhvZD0iR0VUIiBHdWlkPSJlODFmYjUzYy0wMDY0LTQ3ZjYtOWM2Yy0zMWVhZTQ1MDAyYzkiIFZlcnNpb249IjEuMSIgVXJsPSJodHRwczovL3d3dy5nb29nbGUuY29tL2dlbl8yMDQiIFRoaW5rVGltZT0iMCIgVGltZW91dD0iMzAwIiBQYXJzZURlcGVuZGVudFJlcXVlc3RzPSJUcnVlIiBGb2xsb3dSZWRpcmVjdHM9IlRydWUiIFJlY29yZFJlc3VsdD0iVHJ1ZSIgQ2FjaGU9IkZhbHNlIiBSZXNwb25zZVRpbWVHb2FsPSIwIiBFbmNvZGluZz0idXRmLTgiIEV4cGVjdGVkSHR0cFN0YXR1c0NvZGU9IjAiIEV4cGVjdGVkUmVzcG9uc2VVcmw9IiIgUmVwb3J0aW5nTmFtZT0iIiBJZ25vcmVIdHRwU3RhdHVzQ29kZT0iRmFsc2UiPg0KICAgICAgICAgIDxIZWFkZXJzPg0KICAgICAgICAgICAgPEhlYWRlciBOYW1lPSJSZWZlcmVyIiBWYWx1ZT0iaHR0cHM6Ly93d3cuZ29vZ2xlLmNvbS8/aGw9ancmYW1wO2d3c19yZD1zc2wiIC8+DQogICAgICAgICAgPC9IZWFkZXJzPg0KICAgICAgICAgIDxRdWVyeVN0cmluZ1BhcmFtZXRlcnM+DQogICAgICAgICAgICA8UXVlcnlTdHJpbmdQYXJhbWV0ZXIgTmFtZT0icyIgVmFsdWU9IndlYmFmdCIgUmVjb3JkZWRWYWx1ZT0id2ViYWZ0IiBDb3JyZWxhdGlvbkJpbmRpbmc9Int7UXVlcnlTdHJpbmdQYXJhbTI4OC5zfX0iIFVybEVuY29kZT0iRmFsc2UiIFVzZVRvR3JvdXBSZXN1bHRzPSJGYWxzZSIgLz4NCiAgICAgICAgICAgIDxRdWVyeVN0cmluZ1BhcmFtZXRlciBOYW1lPSJhdHlwIiBWYWx1ZT0iY3NpIiBSZWNvcmRlZFZhbHVlPSJjc2kiIENvcnJlbGF0aW9uQmluZGluZz0ie3tRdWVyeVN0cmluZ1BhcmFtMjg5LmF0eXB9fSIgVXJsRW5jb2RlPSJGYWxzZSIgVXNlVG9Hcm91cFJlc3VsdHM9IkZhbHNlIiAvPg0KICAgICAgICAgICAgPFF1ZXJ5U3RyaW5nUGFyYW1ldGVyIE5hbWU9ImVpIiBWYWx1ZT0ie3skSElEREVOMS5laX19IiBSZWNvcmRlZFZhbHVlPSJhYnlXV29xNkxNbW41Z0tSN29fUURnIiBDb3JyZWxhdGlvbkJpbmRpbmc9IiIgVXJsRW5jb2RlPSJGYWxzZSIgVXNlVG9Hcm91cFJlc3VsdHM9IkZhbHNlIiAvPg0KICAgICAgICAgICAgPFF1ZXJ5U3RyaW5nUGFyYW1ldGVyIE5hbWU9InJ0IiBWYWx1ZT0id3NydC43NTMsYWZ0LjMzNixwcnQuMzM2IiBSZWNvcmRlZFZhbHVlPSJ3c3J0Ljc1MyxhZnQuMzM2LHBydC4zMzYiIENvcnJlbGF0aW9uQmluZGluZz0iIiBVcmxFbmNvZGU9IkZhbHNlIiBVc2VUb0dyb3VwUmVzdWx0cz0iRmFsc2UiIC8+DQogICAgICAgICAgPC9RdWVyeVN0cmluZ1BhcmFtZXRlcnM+DQogICAgICAgIDwvUmVxdWVzdD4NCiAgICAgIDwvRGVwZW5kZW50UmVxdWVzdHM+DQogICAgICA8SGVhZGVycz4NCiAgICAgICAgPEhlYWRlciBOYW1lPSJSZWZlcmVyIiBWYWx1ZT0iaHR0cHM6Ly93d3cuYmluZy5jb20vIiAvPg0KICAgICAgPC9IZWFkZXJzPg0KICAgICAgPEV4dHJhY3Rpb25SdWxlcz4NCiAgICAgICAgPEV4dHJhY3Rpb25SdWxlIENsYXNzbmFtZT0iTWljcm9zb2Z0LlZpc3VhbFN0dWRpby5UZXN0VG9vbHMuV2ViVGVzdGluZy5SdWxlcy5FeHRyYWN0SGlkZGVuRmllbGRzLCBNaWNyb3NvZnQuVmlzdWFsU3R1ZGlvLlF1YWxpdHlUb29scy5XZWJUZXN0RnJhbWV3b3JrLCBWZXJzaW9uPTEwLjAuMC4wLCBDdWx0dXJlPW5ldXRyYWwsIFB1YmxpY0tleVRva2VuPWIwM2Y1ZjdmMTFkNTBhM2EiIFZhcmlhYmxlTmFtZT0iMSIgRGlzcGxheU5hbWU9IkV4dHJhY3QgSGlkZGVuIEZpZWxkcyIgRGVzY3JpcHRpb249IkV4dHJhY3QgYWxsIGhpZGRlbiBmaWVsZHMgZnJvbSB0aGUgcmVzcG9uc2UgYW5kIHBsYWNlIHRoZW0gaW50byB0aGUgdGVzdCBjb250ZXh0LiI+DQogICAgICAgICAgPFJ1bGVQYXJhbWV0ZXJzPg0KICAgICAgICAgICAgPFJ1bGVQYXJhbWV0ZXIgTmFtZT0iUmVxdWlyZWQiIFZhbHVlPSJUcnVlIiAvPg0KICAgICAgICAgICAgPFJ1bGVQYXJhbWV0ZXIgTmFtZT0iSHRtbERlY29kZSIgVmFsdWU9IlRydWUiIC8+DQogICAgICAgICAgPC9SdWxlUGFyYW1ldGVycz4NCiAgICAgICAgPC9FeHRyYWN0aW9uUnVsZT4NCiAgICAgIDwvRXh0cmFjdGlvblJ1bGVzPg0KICAgICAgPENvcnJlbGF0aW9uRXh0cmFjdGlvblJ1bGVzPg0KICAgICAgICA8RXh0cmFjdGlvblJ1bGUgQ2xhc3NuYW1lPSJNaWNyb3NvZnQuVmlzdWFsU3R1ZGlvLlRlc3RUb29scy5XZWJUZXN0aW5nLlJ1bGVzLkV4dHJhY3RUZXh0LCBNaWNyb3NvZnQuVmlzdWFsU3R1ZGlvLlF1YWxpdHlUb29scy5XZWJUZXN0RnJhbWV3b3JrLCBWZXJzaW9uPTEwLjAuMC4wLCBDdWx0dXJlPW5ldXRyYWwsIFB1YmxpY0tleVRva2VuPWIwM2Y1ZjdmMTFkNTBhM2EiIFZhcmlhYmxlTmFtZT0iUXVlcnlTdHJpbmdQYXJhbTI4OC5zIiBEaXNwbGF5TmFtZT0iIiBEZXNjcmlwdGlvbj0iIj4NCiAgICAgICAgICA8UnVsZVBhcmFtZXRlcnM+DQogICAgICAgICAgICA8UnVsZVBhcmFtZXRlciBOYW1lPSJTdGFydHNXaXRoIiBWYWx1ZT0iP3M9IiAvPg0KICAgICAgICAgICAgPFJ1bGVQYXJhbWV0ZXIgTmFtZT0iRW5kc1dpdGgiIFZhbHVlPSImYW1wOyIgLz4NCiAgICAgICAgICAgIDxSdWxlUGFyYW1ldGVyIE5hbWU9IkluZGV4IiBWYWx1ZT0iMCIgLz4NCiAgICAgICAgICAgIDxSdWxlUGFyYW1ldGVyIE5hbWU9Iklnbm9yZUNhc2UiIFZhbHVlPSJGYWxzZSIgLz4NCiAgICAgICAgICAgIDxSdWxlUGFyYW1ldGVyIE5hbWU9IlVzZVJlZ3VsYXJFeHByZXNzaW9uIiBWYWx1ZT0iRmFsc2UiIC8+DQogICAgICAgICAgICA8UnVsZVBhcmFtZXRlciBOYW1lPSJIdG1sRGVjb2RlIiBWYWx1ZT0iVHJ1ZSIgLz4NCiAgICAgICAgICAgIDxSdWxlUGFyYW1ldGVyIE5hbWU9IlJlcXVpcmVkIiBWYWx1ZT0iRmFsc2UiIC8+DQogICAgICAgICAgPC9SdWxlUGFyYW1ldGVycz4NCiAgICAgICAgPC9FeHRyYWN0aW9uUnVsZT4NCiAgICAgICAgPEV4dHJhY3Rpb25SdWxlIENsYXNzbmFtZT0iTWljcm9zb2Z0LlZpc3VhbFN0dWRpby5UZXN0VG9vbHMuV2ViVGVzdGluZy5SdWxlcy5FeHRyYWN0VGV4dCwgTWljcm9zb2Z0LlZpc3VhbFN0dWRpby5RdWFsaXR5VG9vbHMuV2ViVGVzdEZyYW1ld29yaywgVmVyc2lvbj0xMC4wLjAuMCwgQ3VsdHVyZT1uZXV0cmFsLCBQdWJsaWNLZXlUb2tlbj1iMDNmNWY3ZjExZDUwYTNhIiBWYXJpYWJsZU5hbWU9IlF1ZXJ5U3RyaW5nUGFyYW0yODkuYXR5cCIgRGlzcGxheU5hbWU9IiIgRGVzY3JpcHRpb249IiI+DQogICAgICAgICAgPFJ1bGVQYXJhbWV0ZXJzPg0KICAgICAgICAgICAgPFJ1bGVQYXJhbWV0ZXIgTmFtZT0iU3RhcnRzV2l0aCIgVmFsdWU9IiZhbXA7YXR5cD0iIC8+DQogICAgICAgICAgICA8UnVsZVBhcmFtZXRlciBOYW1lPSJFbmRzV2l0aCIgVmFsdWU9IiZhbXA7IiAvPg0KICAgICAgICAgICAgPFJ1bGVQYXJhbWV0ZXIgTmFtZT0iSW5kZXgiIFZhbHVlPSIwIiAvPg0KICAgICAgICAgICAgPFJ1bGVQYXJhbWV0ZXIgTmFtZT0iSWdub3JlQ2FzZSIgVmFsdWU9IkZhbHNlIiAvPg0KICAgICAgICAgICAgPFJ1bGVQYXJhbWV0ZXIgTmFtZT0iVXNlUmVndWxhckV4cHJlc3Npb24iIFZhbHVlPSJGYWxzZSIgLz4NCiAgICAgICAgICAgIDxSdWxlUGFyYW1ldGVyIE5hbWU9Ikh0bWxEZWNvZGUiIFZhbHVlPSJUcnVlIiAvPg0KICAgICAgICAgICAgPFJ1bGVQYXJhbWV0ZXIgTmFtZT0iUmVxdWlyZWQiIFZhbHVlPSJGYWxzZSIgLz4NCiAgICAgICAgICA8L1J1bGVQYXJhbWV0ZXJzPg0KICAgICAgICA8L0V4dHJhY3Rpb25SdWxlPg0KICAgICAgICA8RXh0cmFjdGlvblJ1bGUgQ2xhc3NuYW1lPSJNaWNyb3NvZnQuVmlzdWFsU3R1ZGlvLlRlc3RUb29scy5XZWJUZXN0aW5nLlJ1bGVzLkV4dHJhY3RUZXh0LCBNaWNyb3NvZnQuVmlzdWFsU3R1ZGlvLlF1YWxpdHlUb29scy5XZWJUZXN0RnJhbWV3b3JrLCBWZXJzaW9uPTEwLjAuMC4wLCBDdWx0dXJlPW5ldXRyYWwsIFB1YmxpY0tleVRva2VuPWIwM2Y1ZjdmMTFkNTBhM2EiIFZhcmlhYmxlTmFtZT0iUXVlcnlTdHJpbmdQYXJhbTMxOC5hdHlwIiBEaXNwbGF5TmFtZT0iIiBEZXNjcmlwdGlvbj0iIj4NCiAgICAgICAgICA8UnVsZVBhcmFtZXRlcnM+DQogICAgICAgICAgICA8UnVsZVBhcmFtZXRlciBOYW1lPSJTdGFydHNXaXRoIiBWYWx1ZT0iJmFtcDthdHlwPSIgLz4NCiAgICAgICAgICAgIDxSdWxlUGFyYW1ldGVyIE5hbWU9IkVuZHNXaXRoIiBWYWx1ZT0iJmFtcDsiIC8+DQogICAgICAgICAgICA8UnVsZVBhcmFtZXRlciBOYW1lPSJJbmRleCIgVmFsdWU9IjAiIC8+DQogICAgICAgICAgICA8UnVsZVBhcmFtZXRlciBOYW1lPSJJZ25vcmVDYXNlIiBWYWx1ZT0iRmFsc2UiIC8+DQogICAgICAgICAgICA8UnVsZVBhcmFtZXRlciBOYW1lPSJVc2VSZWd1bGFyRXhwcmVzc2lvbiIgVmFsdWU9IkZhbHNlIiAvPg0KICAgICAgICAgICAgPFJ1bGVQYXJhbWV0ZXIgTmFtZT0iSHRtbERlY29kZSIgVmFsdWU9IlRydWUiIC8+DQogICAgICAgICAgICA8UnVsZVBhcmFtZXRlciBOYW1lPSJSZXF1aXJlZCIgVmFsdWU9IkZhbHNlIiAvPg0KICAgICAgICAgIDwvUnVsZVBhcmFtZXRlcnM+DQogICAgICAgIDwvRXh0cmFjdGlvblJ1bGU+DQogICAgICA8L0NvcnJlbGF0aW9uRXh0cmFjdGlvblJ1bGVzPg0KICAgIDwvUmVxdWVzdD4NCiAgICA8UmVxdWVzdCBNZXRob2Q9IkdFVCIgR3VpZD0iYmM0YTQzNzQtMGMxYi00MGRkLTkxYTQtYTJlYzQyNzljNzMyIiBWZXJzaW9uPSIxLjEiIFVybD0iaHR0cHM6Ly93d3cuZ29vZ2xlLmNvbS94anMvXy9qcy9rPXhqcy5zLmVuLmx5cjRybjh5Z2xnLk8vbT1zeCxzYixjZG9zLGNyLGVsb2csaHNtLGpzYSxyLGQsY3NpL2FtPXdDTGtkRUVBeVA4SmdvZ0VLd2dzUUlwZ0dCQS9ydD1qL2Q9MS90PXpjbXMvcnM9QUNUOTBvRTl4ZzVKWE5vcGNBWnRaUFYtdWZJUlozalBaQSIgVGhpbmtUaW1lPSIwIiBUaW1lb3V0PSIzMDAiIFBhcnNlRGVwZW5kZW50UmVxdWVzdHM9IlRydWUiIEZvbGxvd1JlZGlyZWN0cz0iVHJ1ZSIgUmVjb3JkUmVzdWx0PSJUcnVlIiBDYWNoZT0iRmFsc2UiIFJlc3BvbnNlVGltZUdvYWw9IjAiIEVuY29kaW5nPSJ1dGYtOCIgRXhwZWN0ZWRIdHRwU3RhdHVzQ29kZT0iMCIgRXhwZWN0ZWRSZXNwb25zZVVybD0iIiBSZXBvcnRpbmdOYW1lPSIiIElnbm9yZUh0dHBTdGF0dXNDb2RlPSJGYWxzZSI+DQogICAgICA8SGVhZGVycz4NCiAgICAgICAgPEhlYWRlciBOYW1lPSJSZWZlcmVyIiBWYWx1ZT0iaHR0cHM6Ly93d3cuZ29vZ2xlLmNvbS8/aGw9ancmYW1wO2d3c19yZD1zc2wiIC8+DQogICAgICA8L0hlYWRlcnM+DQogICAgPC9SZXF1ZXN0Pg0KICAgIDxSZXF1ZXN0IE1ldGhvZD0iR0VUIiBHdWlkPSI0OTNmY2EwMS0yZDBkLTQwMzMtYTgxYS0xYTYyNDUzODY1NDciIFZlcnNpb249IjEuMSIgVXJsPSJodHRwczovL3d3dy5nc3RhdGljLmNvbS9vZy9fL2pzL2s9b2cub2cyLmVuX1VTLlBoalh1Qks2NXdBLk8vcnQ9ai9tPWRlZi9leG09aW4sZm90L2Q9MS9lZD0xL3JzPUFBMllyVHZ5bnpRVzJoeDFjNTQ1SDd3TTNQdHVlb0ZrN1EiIFRoaW5rVGltZT0iMCIgVGltZW91dD0iMzAwIiBQYXJzZURlcGVuZGVudFJlcXVlc3RzPSJUcnVlIiBGb2xsb3dSZWRpcmVjdHM9IlRydWUiIFJlY29yZFJlc3VsdD0iVHJ1ZSIgQ2FjaGU9IkZhbHNlIiBSZXNwb25zZVRpbWVHb2FsPSIwIiBFbmNvZGluZz0idXRmLTgiIEV4cGVjdGVkSHR0cFN0YXR1c0NvZGU9IjAiIEV4cGVjdGVkUmVzcG9uc2VVcmw9IiIgUmVwb3J0aW5nTmFtZT0iIiBJZ25vcmVIdHRwU3RhdHVzQ29kZT0iRmFsc2UiPg0KICAgICAgPEhlYWRlcnM+DQogICAgICAgIDxIZWFkZXIgTmFtZT0iUmVmZXJlciIgVmFsdWU9Imh0dHBzOi8vd3d3Lmdvb2dsZS5jb20vP2hsPWp3JmFtcDtnd3NfcmQ9c3NsIiAvPg0KICAgICAgPC9IZWFkZXJzPg0KICAgIDwvUmVxdWVzdD4NCiAgICA8UmVxdWVzdCBNZXRob2Q9IkdFVCIgR3VpZD0iOWE5YmI5MTgtNjg1MS00NWZjLWEzOTEtYjg4Y2JiYjhjZDA5IiBWZXJzaW9uPSIxLjEiIFVybD0iaHR0cHM6Ly9hcGlzLmdvb2dsZS5jb20vXy9zY3MvYWJjLXN0YXRpYy9fL2pzL2s9Z2FwaS5nYXBpLmVuLjgxcWNOVkFkUFAwLk8vbT1nYXBpX2lmcmFtZXMsZ29vZ2xlYXBpc19jbGllbnQscGx1c29uZS9ydD1qL3N2PTEvZD0xL2VkPTEvYW09QUFFL3JzPUFIcE9vby1ybmpIcWN2UkFseHRHLTlnTWZUclY5MGJvSUEvY2I9Z2FwaS5sb2FkZWRfMCIgVGhpbmtUaW1lPSIwIiBUaW1lb3V0PSIzMDAiIFBhcnNlRGVwZW5kZW50UmVxdWVzdHM9IlRydWUiIEZvbGxvd1JlZGlyZWN0cz0iVHJ1ZSIgUmVjb3JkUmVzdWx0PSJUcnVlIiBDYWNoZT0iRmFsc2UiIFJlc3BvbnNlVGltZUdvYWw9IjAiIEVuY29kaW5nPSJ1dGYtOCIgRXhwZWN0ZWRIdHRwU3RhdHVzQ29kZT0iMCIgRXhwZWN0ZWRSZXNwb25zZVVybD0iIiBSZXBvcnRpbmdOYW1lPSIiIElnbm9yZUh0dHBTdGF0dXNDb2RlPSJGYWxzZSI+DQogICAgICA8SGVhZGVycz4NCiAgICAgICAgPEhlYWRlciBOYW1lPSJSZWZlcmVyIiBWYWx1ZT0iaHR0cHM6Ly93d3cuZ29vZ2xlLmNvbS8/aGw9ancmYW1wO2d3c19yZD1zc2wiIC8+DQogICAgICA8L0hlYWRlcnM+DQogICAgPC9SZXF1ZXN0Pg0KICAgIDxSZXF1ZXN0IE1ldGhvZD0iR0VUIiBHdWlkPSJmYTIzMzAyZi0zNDExLTQzMGUtOTcyNC1mZGI0YjgxYzFkNTgiIFZlcnNpb249IjEuMSIgVXJsPSJodHRwczovL3d3dy5nb29nbGUuY29tL3hqcy9fL2pzL2s9eGpzLnMuZW4uemxiUzFKWkJIMGsuTy9tPWFhLGFiZCxhc3luYyxkdmwsZm9vdCxmcGUsaXB2NixsdSxtLG11LHNmLHNvbmljLGQzbCxXZ0R2dmMvYW09d0NMa2RFRUF5UDhKZ29nRUt3Z3NRSXBnR0JBL2V4bT1zeCxzYixjZG9zLGNyLGVsb2csaHNtLGpzYSxyLGQsY3NpL3J0PWovZD0xL2VkPTEvdD16Y21zL3JzPUFDVDkwb0hLRmxrdlJ1RUNZWU5aWjVINmdQd0tPbkIyNGciIFRoaW5rVGltZT0iMCIgVGltZW91dD0iMzAwIiBQYXJzZURlcGVuZGVudFJlcXVlc3RzPSJUcnVlIiBGb2xsb3dSZWRpcmVjdHM9IlRydWUiIFJlY29yZFJlc3VsdD0iVHJ1ZSIgQ2FjaGU9IkZhbHNlIiBSZXNwb25zZVRpbWVHb2FsPSIwIiBFbmNvZGluZz0idXRmLTgiIEV4cGVjdGVkSHR0cFN0YXR1c0NvZGU9IjAiIEV4cGVjdGVkUmVzcG9uc2VVcmw9IiIgUmVwb3J0aW5nTmFtZT0iIiBJZ25vcmVIdHRwU3RhdHVzQ29kZT0iRmFsc2UiPg0KICAgICAgPEhlYWRlcnM+DQogICAgICAgIDxIZWFkZXIgTmFtZT0iUmVmZXJlciIgVmFsdWU9Imh0dHBzOi8vd3d3Lmdvb2dsZS5jb20vP2hsPWp3JmFtcDtnd3NfcmQ9c3NsIiAvPg0KICAgICAgPC9IZWFkZXJzPg0KICAgICAgPFF1ZXJ5U3RyaW5nUGFyYW1ldGVycz4NCiAgICAgICAgPFF1ZXJ5U3RyaW5nUGFyYW1ldGVyIE5hbWU9InhqcyIgVmFsdWU9InMxIiBSZWNvcmRlZFZhbHVlPSJzMSIgQ29ycmVsYXRpb25CaW5kaW5nPSIiIFVybEVuY29kZT0iRmFsc2UiIFVzZVRvR3JvdXBSZXN1bHRzPSJGYWxzZSIgLz4NCiAgICAgIDwvUXVlcnlTdHJpbmdQYXJhbWV0ZXJzPg0KICAgIDwvUmVxdWVzdD4NCiAgICA8UmVxdWVzdCBNZXRob2Q9IkdFVCIgR3VpZD0iMDA4NDllYTAtNDU1MC00ZTM3LWI3ODAtZGJjZDJjNTE2MDliIiBWZXJzaW9uPSIxLjEiIFVybD0iaHR0cHM6Ly93d3cuZ29vZ2xlLmNvbS9nZW5fMjA0IiBUaGlua1RpbWU9IjAiIFRpbWVvdXQ9IjMwMCIgUGFyc2VEZXBlbmRlbnRSZXF1ZXN0cz0iVHJ1ZSIgRm9sbG93UmVkaXJlY3RzPSJUcnVlIiBSZWNvcmRSZXN1bHQ9IlRydWUiIENhY2hlPSJGYWxzZSIgUmVzcG9uc2VUaW1lR29hbD0iMCIgRW5jb2Rpbmc9InV0Zi04IiBFeHBlY3RlZEh0dHBTdGF0dXNDb2RlPSIwIiBFeHBlY3RlZFJlc3BvbnNlVXJsPSIiIFJlcG9ydGluZ05hbWU9IiIgSWdub3JlSHR0cFN0YXR1c0NvZGU9IkZhbHNlIj4NCiAgICAgIDxIZWFkZXJzPg0KICAgICAgICA8SGVhZGVyIE5hbWU9IlJlZmVyZXIiIFZhbHVlPSJodHRwczovL3d3dy5nb29nbGUuY29tLz9obD1qdyZhbXA7Z3dzX3JkPXNzbCIgLz4NCiAgICAgIDwvSGVhZGVycz4NCiAgICAgIDxRdWVyeVN0cmluZ1BhcmFtZXRlcnM+DQogICAgICAgIDxRdWVyeVN0cmluZ1BhcmFtZXRlciBOYW1lPSJhdHlwIiBWYWx1ZT0iY3NpIiBSZWNvcmRlZFZhbHVlPSJjc2kiIENvcnJlbGF0aW9uQmluZGluZz0ie3tRdWVyeVN0cmluZ1BhcmFtMzE4LmF0eXB9fSIgVXJsRW5jb2RlPSJGYWxzZSIgVXNlVG9Hcm91cFJlc3VsdHM9IkZhbHNlIiAvPg0KICAgICAgICA8UXVlcnlTdHJpbmdQYXJhbWV0ZXIgTmFtZT0iZWkiIFZhbHVlPSJ7eyRISURERU4xLmVpfX0iIFJlY29yZGVkVmFsdWU9ImFieVdXb3E2TE1tbjVnS1I3b19RRGciIENvcnJlbGF0aW9uQmluZGluZz0iIiBVcmxFbmNvZGU9IkZhbHNlIiBVc2VUb0dyb3VwUmVzdWx0cz0iRmFsc2UiIC8+DQogICAgICAgIDxRdWVyeVN0cmluZ1BhcmFtZXRlciBOYW1lPSJzIiBWYWx1ZT0id2ViaHAiIFJlY29yZGVkVmFsdWU9IndlYmhwIiBDb3JyZWxhdGlvbkJpbmRpbmc9IiIgVXJsRW5jb2RlPSJGYWxzZSIgVXNlVG9Hcm91cFJlc3VsdHM9IkZhbHNlIiAvPg0KICAgICAgICA8UXVlcnlTdHJpbmdQYXJhbWV0ZXIgTmFtZT0iaW1jIiBWYWx1ZT0iMiIgUmVjb3JkZWRWYWx1ZT0iMiIgQ29ycmVsYXRpb25CaW5kaW5nPSIiIFVybEVuY29kZT0iRmFsc2UiIFVzZVRvR3JvdXBSZXN1bHRzPSJGYWxzZSIgLz4NCiAgICAgICAgPFF1ZXJ5U3RyaW5nUGFyYW1ldGVyIE5hbWU9ImltbiIgVmFsdWU9IjIiIFJlY29yZGVkVmFsdWU9IjIiIENvcnJlbGF0aW9uQmluZGluZz0iIiBVcmxFbmNvZGU9IkZhbHNlIiBVc2VUb0dyb3VwUmVzdWx0cz0iRmFsc2UiIC8+DQogICAgICAgIDxRdWVyeVN0cmluZ1BhcmFtZXRlciBOYW1lPSJpbXAiIFZhbHVlPSIwIiBSZWNvcmRlZFZhbHVlPSIwIiBDb3JyZWxhdGlvbkJpbmRpbmc9IiIgVXJsRW5jb2RlPSJGYWxzZSIgVXNlVG9Hcm91cFJlc3VsdHM9IkZhbHNlIiAvPg0KICAgICAgICA8UXVlcnlTdHJpbmdQYXJhbWV0ZXIgTmFtZT0iYWRoIiBWYWx1ZT0iIiBSZWNvcmRlZFZhbHVlPSIiIENvcnJlbGF0aW9uQmluZGluZz0iIiBVcmxFbmNvZGU9IkZhbHNlIiBVc2VUb0dyb3VwUmVzdWx0cz0iRmFsc2UiIC8+DQogICAgICAgIDxRdWVyeVN0cmluZ1BhcmFtZXRlciBOYW1lPSJpbWEiIFZhbHVlPSIxIiBSZWNvcmRlZFZhbHVlPSIxIiBDb3JyZWxhdGlvbkJpbmRpbmc9IiIgVXJsRW5jb2RlPSJGYWxzZSIgVXNlVG9Hcm91cFJlc3VsdHM9IkZhbHNlIiAvPg0KICAgICAgICA8UXVlcnlTdHJpbmdQYXJhbWV0ZXIgTmFtZT0iaW1lIiBWYWx1ZT0iMCIgUmVjb3JkZWRWYWx1ZT0iMCIgQ29ycmVsYXRpb25CaW5kaW5nPSIiIFVybEVuY29kZT0iRmFsc2UiIFVzZVRvR3JvdXBSZXN1bHRzPSJGYWxzZSIgLz4NCiAgICAgICAgPFF1ZXJ5U3RyaW5nUGFyYW1ldGVyIE5hbWU9InJ0IiBWYWx1ZT0iYWZ0LjMzNixkY2wuMzQyLGltbC4zMzYsb2wuMzc3LHBydC4zMzYseGpzLjExMDgseGpzZWUuMTEwOCx4anNlcy45NzkseGpzbHMuNDcxLHdzcnQuNzUzLGNzdC4wLGRuc3QuMCxycXN0LjEwMSxyc3B0LjEwMCxycXN0dC43MDMsdW50LjcwMyxjc3R0LjcwMyxkaXQuMTA5NSIgUmVjb3JkZWRWYWx1ZT0iYWZ0LjMzNixkY2wuMzQyLGltbC4zMzYsb2wuMzc3LHBydC4zMzYseGpzLjExMDgseGpzZWUuMTEwOCx4anNlcy45NzkseGpzbHMuNDcxLHdzcnQuNzUzLGNzdC4wLGRuc3QuMCxycXN0LjEwMSxyc3B0LjEwMCxycXN0dC43MDMsdW50LjcwMyxjc3R0LjcwMyxkaXQuMTA5NSIgQ29ycmVsYXRpb25CaW5kaW5nPSIiIFVybEVuY29kZT0iRmFsc2UiIFVzZVRvR3JvdXBSZXN1bHRzPSJGYWxzZSIgLz4NCiAgICAgICAgPFF1ZXJ5U3RyaW5nUGFyYW1ldGVyIE5hbWU9Inp4IiBWYWx1ZT0iMTUxOTgyNzk2Njk1NSIgUmVjb3JkZWRWYWx1ZT0iMTUxOTgyNzk2Njk1NSIgQ29ycmVsYXRpb25CaW5kaW5nPSIiIFVybEVuY29kZT0iRmFsc2UiIFVzZVRvR3JvdXBSZXN1bHRzPSJGYWxzZSIgLz4NCiAgICAgIDwvUXVlcnlTdHJpbmdQYXJhbWV0ZXJzPg0KICAgIDwvUmVxdWVzdD4NCiAgICA8UmVxdWVzdCBNZXRob2Q9IkdFVCIgR3VpZD0iODBjMmQ5YTUtNzM5Yi00YzlmLWIyYjktNzZmOWEyMWE2YTdjIiBWZXJzaW9uPSIxLjEiIFVybD0iaHR0cHM6Ly9hZHNlcnZpY2UuZ29vZ2xlLmNvbS9hZHNpZC9nb29nbGUvdWkiIFRoaW5rVGltZT0iMCIgVGltZW91dD0iMzAwIiBQYXJzZURlcGVuZGVudFJlcXVlc3RzPSJUcnVlIiBGb2xsb3dSZWRpcmVjdHM9IlRydWUiIFJlY29yZFJlc3VsdD0iVHJ1ZSIgQ2FjaGU9IkZhbHNlIiBSZXNwb25zZVRpbWVHb2FsPSIwIiBFbmNvZGluZz0idXRmLTgiIEV4cGVjdGVkSHR0cFN0YXR1c0NvZGU9IjAiIEV4cGVjdGVkUmVzcG9uc2VVcmw9IiIgUmVwb3J0aW5nTmFtZT0iIiBJZ25vcmVIdHRwU3RhdHVzQ29kZT0iRmFsc2UiPg0KICAgICAgPEhlYWRlcnM+DQogICAgICAgIDxIZWFkZXIgTmFtZT0iUmVmZXJlciIgVmFsdWU9Imh0dHBzOi8vd3d3Lmdvb2dsZS5jb20vP2hsPWp3JmFtcDtnd3NfcmQ9c3NsIiAvPg0KICAgICAgPC9IZWFkZXJzPg0KICAgIDwvUmVxdWVzdD4NCiAgICA8UmVxdWVzdCBNZXRob2Q9IkdFVCIgR3VpZD0iMTIzNzBmNDktNzM4Zi00NzhkLTk5MTktZTUxNTljYjMwMzJjIiBWZXJzaW9uPSIxLjEiIFVybD0iaHR0cHM6Ly93d3cuZ29vZ2xlLmNvbS94anMvXy9qcy9rPXhqcy5zLmVuLnpsYlMxSlpCSDBrLk8vbT1STWhCZmUvYW09d0NMa2RFRUF5UDhKZ29nRUt3Z3NRSXBnR0JBL2V4bT1zeCxzYixjZG9zLGNyLGVsb2csaHNtLGpzYSxyLGQsY3NpLGFhLGFiZCxhc3luYyxkdmwsZm9vdCxmcGUsaXB2NixsdSxtLG11LHNmLHNvbmljLGQzbCxXZ0R2dmMvcnQ9ai9kPTEvZWQ9MS90PXpjbXMvcnM9QUNUOTBvSEtGbGt2UnVFQ1lZTlpaNUg2Z1B3S09uQjI0ZyIgVGhpbmtUaW1lPSIwIiBUaW1lb3V0PSIzMDAiIFBhcnNlRGVwZW5kZW50UmVxdWVzdHM9IlRydWUiIEZvbGxvd1JlZGlyZWN0cz0iVHJ1ZSIgUmVjb3JkUmVzdWx0PSJUcnVlIiBDYWNoZT0iRmFsc2UiIFJlc3BvbnNlVGltZUdvYWw9IjAiIEVuY29kaW5nPSJ1dGYtOCIgRXhwZWN0ZWRIdHRwU3RhdHVzQ29kZT0iMCIgRXhwZWN0ZWRSZXNwb25zZVVybD0iIiBSZXBvcnRpbmdOYW1lPSIiIElnbm9yZUh0dHBTdGF0dXNDb2RlPSJGYWxzZSI+DQogICAgICA8SGVhZGVycz4NCiAgICAgICAgPEhlYWRlciBOYW1lPSJSZWZlcmVyIiBWYWx1ZT0iaHR0cHM6Ly93d3cuZ29vZ2xlLmNvbS8/aGw9ancmYW1wO2d3c19yZD1zc2wiIC8+DQogICAgICA8L0hlYWRlcnM+DQogICAgPC9SZXF1ZXN0Pg0KICAgIDxSZXF1ZXN0IE1ldGhvZD0iR0VUIiBHdWlkPSI4YTc3MzI1NS1lODM4LTQxNzgtYTFhNC01NzQ0ZGNkM2Q4MjkiIFZlcnNpb249IjEuMSIgVXJsPSJodHRwczovL3d3dy5nb29nbGUuY28uY3IvZG9tYWlubGVzcy9yZWFkIiBUaGlua1RpbWU9IjAiIFRpbWVvdXQ9IjMwMCIgUGFyc2VEZXBlbmRlbnRSZXF1ZXN0cz0iVHJ1ZSIgRm9sbG93UmVkaXJlY3RzPSJUcnVlIiBSZWNvcmRSZXN1bHQ9IlRydWUiIENhY2hlPSJGYWxzZSIgUmVzcG9uc2VUaW1lR29hbD0iMCIgRW5jb2Rpbmc9InV0Zi04IiBFeHBlY3RlZEh0dHBTdGF0dXNDb2RlPSIwIiBFeHBlY3RlZFJlc3BvbnNlVXJsPSIiIFJlcG9ydGluZ05hbWU9IiIgSWdub3JlSHR0cFN0YXR1c0NvZGU9IkZhbHNlIj4NCiAgICAgIDxIZWFkZXJzPg0KICAgICAgICA8SGVhZGVyIE5hbWU9IlJlZmVyZXIiIFZhbHVlPSJodHRwczovL3d3dy5nb29nbGUuY29tLz9obD1qdyZhbXA7Z3dzX3JkPXNzbCIgLz4NCiAgICAgIDwvSGVhZGVycz4NCiAgICAgIDxRdWVyeVN0cmluZ1BhcmFtZXRlcnM+DQogICAgICAgIDxRdWVyeVN0cmluZ1BhcmFtZXRlciBOYW1lPSJpZ3UiIFZhbHVlPSIxIiBSZWNvcmRlZFZhbHVlPSIxIiBDb3JyZWxhdGlvbkJpbmRpbmc9IiIgVXJsRW5jb2RlPSJGYWxzZSIgVXNlVG9Hcm91cFJlc3VsdHM9IkZhbHNlIiAvPg0KICAgICAgPC9RdWVyeVN0cmluZ1BhcmFtZXRlcnM+DQogICAgPC9SZXF1ZXN0Pg0KICAgIDxSZXF1ZXN0IE1ldGhvZD0iR0VUIiBHdWlkPSI4ZGU4Y2Q1Ny0zOTRiLTQwN2UtYTU1NS1iNDczYWJhOWFkMWQiIFZlcnNpb249IjEuMSIgVXJsPSJodHRwczovL3d3dy5nb29nbGUuY29tL2RvbWFpbmxlc3Mvd3JpdGUiIFRoaW5rVGltZT0iOCIgVGltZW91dD0iMzAwIiBQYXJzZURlcGVuZGVudFJlcXVlc3RzPSJUcnVlIiBGb2xsb3dSZWRpcmVjdHM9IlRydWUiIFJlY29yZFJlc3VsdD0iVHJ1ZSIgQ2FjaGU9IkZhbHNlIiBSZXNwb25zZVRpbWVHb2FsPSIwIiBFbmNvZGluZz0idXRmLTgiIEV4cGVjdGVkSHR0cFN0YXR1c0NvZGU9IjAiIEV4cGVjdGVkUmVzcG9uc2VVcmw9IiIgUmVwb3J0aW5nTmFtZT0iIiBJZ25vcmVIdHRwU3RhdHVzQ29kZT0iRmFsc2UiPg0KICAgICAgPEhlYWRlcnM+DQogICAgICAgIDxIZWFkZXIgTmFtZT0iUmVmZXJlciIgVmFsdWU9Imh0dHBzOi8vd3d3Lmdvb2dsZS5jb20vP2hsPWp3JmFtcDtnd3NfcmQ9c3NsIiAvPg0KICAgICAgPC9IZWFkZXJzPg0KICAgICAgPFF1ZXJ5U3RyaW5nUGFyYW1ldGVycz4NCiAgICAgICAgPFF1ZXJ5U3RyaW5nUGFyYW1ldGVyIE5hbWU9ImlndSIgVmFsdWU9IjEiIFJlY29yZGVkVmFsdWU9IjEiIENvcnJlbGF0aW9uQmluZGluZz0iIiBVcmxFbmNvZGU9IkZhbHNlIiBVc2VUb0dyb3VwUmVzdWx0cz0iRmFsc2UiIC8+DQogICAgICAgIDxRdWVyeVN0cmluZ1BhcmFtZXRlciBOYW1lPSJkYXRhIiBWYWx1ZT0iIiBSZWNvcmRlZFZhbHVlPSIiIENvcnJlbGF0aW9uQmluZGluZz0iIiBVcmxFbmNvZGU9IkZhbHNlIiBVc2VUb0dyb3VwUmVzdWx0cz0iRmFsc2UiIC8+DQogICAgICAgIDxRdWVyeVN0cmluZ1BhcmFtZXRlciBOYW1lPSJ4c3JmIiBWYWx1ZT0iQUxBbUpkRl81SGhJbEVkMmdaM0ZaUnlOWDVSTnZQbWZEZzoxNTE5ODI4MDczNzU1IiBSZWNvcmRlZFZhbHVlPSJBTEFtSmRGXzVIaElsRWQyZ1ozRlpSeU5YNVJOdlBtZkRnOjE1MTk4MjgwNzM3NTUiIENvcnJlbGF0aW9uQmluZGluZz0iIiBVcmxFbmNvZGU9IkZhbHNlIiBVc2VUb0dyb3VwUmVzdWx0cz0iRmFsc2UiIC8+DQogICAgICA8L1F1ZXJ5U3RyaW5nUGFyYW1ldGVycz4NCiAgICA8L1JlcXVlc3Q+DQogICAgPFJlcXVlc3QgTWV0aG9kPSJHRVQiIEd1aWQ9ImM5NWZhOTZkLWMxZjctNDZmMS1iMWEzLTViZjA3OTVkYTVlZSIgVmVyc2lvbj0iMS4xIiBVcmw9Imh0dHBzOi8vd3d3Lmdvb2dsZS5jb20vc2VhcmNoIiBUaGlua1RpbWU9IjAiIFRpbWVvdXQ9IjMwMCIgUGFyc2VEZXBlbmRlbnRSZXF1ZXN0cz0iVHJ1ZSIgRm9sbG93UmVkaXJlY3RzPSJUcnVlIiBSZWNvcmRSZXN1bHQ9IlRydWUiIENhY2hlPSJGYWxzZSIgUmVzcG9uc2VUaW1lR29hbD0iMCIgRW5jb2Rpbmc9InV0Zi04IiBFeHBlY3RlZEh0dHBTdGF0dXNDb2RlPSIwIiBFeHBlY3RlZFJlc3BvbnNlVXJsPSIiIFJlcG9ydGluZ05hbWU9IiIgSWdub3JlSHR0cFN0YXR1c0NvZGU9IkZhbHNlIj4NCiAgICAgIDxIZWFkZXJzPg0KICAgICAgICA8SGVhZGVyIE5hbWU9IlJlZmVyZXIiIFZhbHVlPSJodHRwczovL3d3dy5nb29nbGUuY29tLz9obD1qdyZhbXA7Z3dzX3JkPXNzbCIgLz4NCiAgICAgIDwvSGVhZGVycz4NCiAgICAgIDxDb3JyZWxhdGlvbkV4dHJhY3Rpb25SdWxlcz4NCiAgICAgICAgPEV4dHJhY3Rpb25SdWxlIENsYXNzbmFtZT0iTWljcm9zb2Z0LlZpc3VhbFN0dWRpby5UZXN0VG9vbHMuV2ViVGVzdGluZy5SdWxlcy5FeHRyYWN0VGV4dCwgTWljcm9zb2Z0LlZpc3VhbFN0dWRpby5RdWFsaXR5VG9vbHMuV2ViVGVzdEZyYW1ld29yaywgVmVyc2lvbj0xMC4wLjAuMCwgQ3VsdHVyZT1uZXV0cmFsLCBQdWJsaWNLZXlUb2tlbj1iMDNmNWY3ZjExZDUwYTNhIiBWYXJpYWJsZU5hbWU9IlF1ZXJ5U3RyaW5nUGFyYW01MTUucyIgRGlzcGxheU5hbWU9IiIgRGVzY3JpcHRpb249IiI+DQogICAgICAgICAgPFJ1bGVQYXJhbWV0ZXJzPg0KICAgICAgICAgICAgPFJ1bGVQYXJhbWV0ZXIgTmFtZT0iU3RhcnRzV2l0aCIgVmFsdWU9Ij9zPSIgLz4NCiAgICAgICAgICAgIDxSdWxlUGFyYW1ldGVyIE5hbWU9IkVuZHNXaXRoIiBWYWx1ZT0iJmFtcDsiIC8+DQogICAgICAgICAgICA8UnVsZVBhcmFtZXRlciBOYW1lPSJJbmRleCIgVmFsdWU9IjAiIC8+DQogICAgICAgICAgICA8UnVsZVBhcmFtZXRlciBOYW1lPSJJZ25vcmVDYXNlIiBWYWx1ZT0iRmFsc2UiIC8+DQogICAgICAgICAgICA8UnVsZVBhcmFtZXRlciBOYW1lPSJVc2VSZWd1bGFyRXhwcmVzc2lvbiIgVmFsdWU9IkZhbHNlIiAvPg0KICAgICAgICAgICAgPFJ1bGVQYXJhbWV0ZXIgTmFtZT0iSHRtbERlY29kZSIgVmFsdWU9IlRydWUiIC8+DQogICAgICAgICAgICA8UnVsZVBhcmFtZXRlciBOYW1lPSJSZXF1aXJlZCIgVmFsdWU9IkZhbHNlIiAvPg0KICAgICAgICAgIDwvUnVsZVBhcmFtZXRlcnM+DQogICAgICAgIDwvRXh0cmFjdGlvblJ1bGU+DQogICAgICAgIDxFeHRyYWN0aW9uUnVsZSBDbGFzc25hbWU9Ik1pY3Jvc29mdC5WaXN1YWxTdHVkaW8uVGVzdFRvb2xzLldlYlRlc3RpbmcuUnVsZXMuRXh0cmFjdFRleHQsIE1pY3Jvc29mdC5WaXN1YWxTdHVkaW8uUXVhbGl0eVRvb2xzLldlYlRlc3RGcmFtZXdvcmssIFZlcnNpb249MTAuMC4wLjAsIEN1bHR1cmU9bmV1dHJhbCwgUHVibGljS2V5VG9rZW49YjAzZjVmN2YxMWQ1MGEzYSIgVmFyaWFibGVOYW1lPSJRdWVyeVN0cmluZ1BhcmFtNTE2LmF0eXAiIERpc3BsYXlOYW1lPSIiIERlc2NyaXB0aW9uPSIiPg0KICAgICAgICAgIDxSdWxlUGFyYW1ldGVycz4NCiAgICAgICAgICAgIDxSdWxlUGFyYW1ldGVyIE5hbWU9IlN0YXJ0c1dpdGgiIFZhbHVlPSImYW1wO2F0eXA9IiAvPg0KICAgICAgICAgICAgPFJ1bGVQYXJhbWV0ZXIgTmFtZT0iRW5kc1dpdGgiIFZhbHVlPSImYW1wOyIgLz4NCiAgICAgICAgICAgIDxSdWxlUGFyYW1ldGVyIE5hbWU9IkluZGV4IiBWYWx1ZT0iMCIgLz4NCiAgICAgICAgICAgIDxSdWxlUGFyYW1ldGVyIE5hbWU9Iklnbm9yZUNhc2UiIFZhbHVlPSJGYWxzZSIgLz4NCiAgICAgICAgICAgIDxSdWxlUGFyYW1ldGVyIE5hbWU9IlVzZVJlZ3VsYXJFeHByZXNzaW9uIiBWYWx1ZT0iRmFsc2UiIC8+DQogICAgICAgICAgICA8UnVsZVBhcmFtZXRlciBOYW1lPSJIdG1sRGVjb2RlIiBWYWx1ZT0iVHJ1ZSIgLz4NCiAgICAgICAgICAgIDxSdWxlUGFyYW1ldGVyIE5hbWU9IlJlcXVpcmVkIiBWYWx1ZT0iRmFsc2UiIC8+DQogICAgICAgICAgPC9SdWxlUGFyYW1ldGVycz4NCiAgICAgICAgPC9FeHRyYWN0aW9uUnVsZT4NCiAgICAgICAgPEV4dHJhY3Rpb25SdWxlIENsYXNzbmFtZT0iTWljcm9zb2Z0LlZpc3VhbFN0dWRpby5UZXN0VG9vbHMuV2ViVGVzdGluZy5SdWxlcy5FeHRyYWN0VGV4dCwgTWljcm9zb2Z0LlZpc3VhbFN0dWRpby5RdWFsaXR5VG9vbHMuV2ViVGVzdEZyYW1ld29yaywgVmVyc2lvbj0xMC4wLjAuMCwgQ3VsdHVyZT1uZXV0cmFsLCBQdWJsaWNLZXlUb2tlbj1iMDNmNWY3ZjExZDUwYTNhIiBWYXJpYWJsZU5hbWU9IlF1ZXJ5U3RyaW5nUGFyYW01MTcuZWkiIERpc3BsYXlOYW1lPSIiIERlc2NyaXB0aW9uPSIiPg0KICAgICAgICAgIDxSdWxlUGFyYW1ldGVycz4NCiAgICAgICAgICAgIDxSdWxlUGFyYW1ldGVyIE5hbWU9IlN0YXJ0c1dpdGgiIFZhbHVlPSImYW1wO2FtcDtlaT0iIC8+DQogICAgICAgICAgICA8UnVsZVBhcmFtZXRlciBOYW1lPSJFbmRzV2l0aCIgVmFsdWU9IiZhbXA7IiAvPg0KICAgICAgICAgICAgPFJ1bGVQYXJhbWV0ZXIgTmFtZT0iSW5kZXgiIFZhbHVlPSIwIiAvPg0KICAgICAgICAgICAgPFJ1bGVQYXJhbWV0ZXIgTmFtZT0iSWdub3JlQ2FzZSIgVmFsdWU9IkZhbHNlIiAvPg0KICAgICAgICAgICAgPFJ1bGVQYXJhbWV0ZXIgTmFtZT0iVXNlUmVndWxhckV4cHJlc3Npb24iIFZhbHVlPSJGYWxzZSIgLz4NCiAgICAgICAgICAgIDxSdWxlUGFyYW1ldGVyIE5hbWU9Ikh0bWxEZWNvZGUiIFZhbHVlPSJUcnVlIiAvPg0KICAgICAgICAgICAgPFJ1bGVQYXJhbWV0ZXIgTmFtZT0iUmVxdWlyZWQiIFZhbHVlPSJGYWxzZSIgLz4NCiAgICAgICAgICA8L1J1bGVQYXJhbWV0ZXJzPg0KICAgICAgICA8L0V4dHJhY3Rpb25SdWxlPg0KICAgICAgICA8RXh0cmFjdGlvblJ1bGUgQ2xhc3NuYW1lPSJNaWNyb3NvZnQuVmlzdWFsU3R1ZGlvLlRlc3RUb29scy5XZWJUZXN0aW5nLlJ1bGVzLkV4dHJhY3RUZXh0LCBNaWNyb3NvZnQuVmlzdWFsU3R1ZGlvLlF1YWxpdHlUb29scy5XZWJUZXN0RnJhbWV3b3JrLCBWZXJzaW9uPTEwLjAuMC4wLCBDdWx0dXJlPW5ldXRyYWwsIFB1YmxpY0tleVRva2VuPWIwM2Y1ZjdmMTFkNTBhM2EiIFZhcmlhYmxlTmFtZT0iUXVlcnlTdHJpbmdQYXJhbTU0NC5hdHlwIiBEaXNwbGF5TmFtZT0iIiBEZXNjcmlwdGlvbj0iIj4NCiAgICAgICAgICA8UnVsZVBhcmFtZXRlcnM+DQogICAgICAgICAgICA8UnVsZVBhcmFtZXRlciBOYW1lPSJTdGFydHNXaXRoIiBWYWx1ZT0iP2F0eXA9IiAvPg0KICAgICAgICAgICAgPFJ1bGVQYXJhbWV0ZXIgTmFtZT0iRW5kc1dpdGgiIFZhbHVlPSImYW1wOyIgLz4NCiAgICAgICAgICAgIDxSdWxlUGFyYW1ldGVyIE5hbWU9IkluZGV4IiBWYWx1ZT0iMCIgLz4NCiAgICAgICAgICAgIDxSdWxlUGFyYW1ldGVyIE5hbWU9Iklnbm9yZUNhc2UiIFZhbHVlPSJGYWxzZSIgLz4NCiAgICAgICAgICAgIDxSdWxlUGFyYW1ldGVyIE5hbWU9IlVzZVJlZ3VsYXJFeHByZXNzaW9uIiBWYWx1ZT0iRmFsc2UiIC8+DQogICAgICAgICAgICA8UnVsZVBhcmFtZXRlciBOYW1lPSJIdG1sRGVjb2RlIiBWYWx1ZT0iVHJ1ZSIgLz4NCiAgICAgICAgICAgIDxSdWxlUGFyYW1ldGVyIE5hbWU9IlJlcXVpcmVkIiBWYWx1ZT0iRmFsc2UiIC8+DQogICAgICAgICAgPC9SdWxlUGFyYW1ldGVycz4NCiAgICAgICAgPC9FeHRyYWN0aW9uUnVsZT4NCiAgICAgICAgPEV4dHJhY3Rpb25SdWxlIENsYXNzbmFtZT0iTWljcm9zb2Z0LlZpc3VhbFN0dWRpby5UZXN0VG9vbHMuV2ViVGVzdGluZy5SdWxlcy5FeHRyYWN0VGV4dCwgTWljcm9zb2Z0LlZpc3VhbFN0dWRpby5RdWFsaXR5VG9vbHMuV2ViVGVzdEZyYW1ld29yaywgVmVyc2lvbj0xMC4wLjAuMCwgQ3VsdHVyZT1uZXV0cmFsLCBQdWJsaWNLZXlUb2tlbj1iMDNmNWY3ZjExZDUwYTNhIiBWYXJpYWJsZU5hbWU9IlF1ZXJ5U3RyaW5nUGFyYW01NDcuZWkiIERpc3BsYXlOYW1lPSIiIERlc2NyaXB0aW9uPSIiPg0KICAgICAgICAgIDxSdWxlUGFyYW1ldGVycz4NCiAgICAgICAgICAgIDxSdWxlUGFyYW1ldGVyIE5hbWU9IlN0YXJ0c1dpdGgiIFZhbHVlPSImYW1wO2FtcDtlaT0iIC8+DQogICAgICAgICAgICA8UnVsZVBhcmFtZXRlciBOYW1lPSJFbmRzV2l0aCIgVmFsdWU9IiZhbXA7IiAvPg0KICAgICAgICAgICAgPFJ1bGVQYXJhbWV0ZXIgTmFtZT0iSW5kZXgiIFZhbHVlPSIwIiAvPg0KICAgICAgICAgICAgPFJ1bGVQYXJhbWV0ZXIgTmFtZT0iSWdub3JlQ2FzZSIgVmFsdWU9IkZhbHNlIiAvPg0KICAgICAgICAgICAgPFJ1bGVQYXJhbWV0ZXIgTmFtZT0iVXNlUmVndWxhckV4cHJlc3Npb24iIFZhbHVlPSJGYWxzZSIgLz4NCiAgICAgICAgICAgIDxSdWxlUGFyYW1ldGVyIE5hbWU9Ikh0bWxEZWNvZGUiIFZhbHVlPSJUcnVlIiAvPg0KICAgICAgICAgICAgPFJ1bGVQYXJhbWV0ZXIgTmFtZT0iUmVxdWlyZWQiIFZhbHVlPSJGYWxzZSIgLz4NCiAgICAgICAgICA8L1J1bGVQYXJhbWV0ZXJzPg0KICAgICAgICA8L0V4dHJhY3Rpb25SdWxlPg0KICAgICAgICA8RXh0cmFjdGlvblJ1bGUgQ2xhc3NuYW1lPSJNaWNyb3NvZnQuVmlzdWFsU3R1ZGlvLlRlc3RUb29scy5XZWJUZXN0aW5nLlJ1bGVzLkV4dHJhY3RUZXh0LCBNaWNyb3NvZnQuVmlzdWFsU3R1ZGlvLlF1YWxpdHlUb29scy5XZWJUZXN0RnJhbWV3b3JrLCBWZXJzaW9uPTEwLjAuMC4wLCBDdWx0dXJlPW5ldXRyYWwsIFB1YmxpY0tleVRva2VuPWIwM2Y1ZjdmMTFkNTBhM2EiIFZhcmlhYmxlTmFtZT0iUXVlcnlTdHJpbmdQYXJhbTU3Mi5hdHlwIiBEaXNwbGF5TmFtZT0iIiBEZXNjcmlwdGlvbj0iIj4NCiAgICAgICAgICA8UnVsZVBhcmFtZXRlcnM+DQogICAgICAgICAgICA8UnVsZVBhcmFtZXRlciBOYW1lPSJTdGFydHNXaXRoIiBWYWx1ZT0iJmFtcDthdHlwPSIgLz4NCiAgICAgICAgICAgIDxSdWxlUGFyYW1ldGVyIE5hbWU9IkVuZHNXaXRoIiBWYWx1ZT0iJmFtcDsiIC8+DQogICAgICAgICAgICA8UnVsZVBhcmFtZXRlciBOYW1lPSJJbmRleCIgVmFsdWU9IjAiIC8+DQogICAgICAgICAgICA8UnVsZVBhcmFtZXRlciBOYW1lPSJJZ25vcmVDYXNlIiBWYWx1ZT0iRmFsc2UiIC8+DQogICAgICAgICAgICA8UnVsZVBhcmFtZXRlciBOYW1lPSJVc2VSZWd1bGFyRXhwcmVzc2lvbiIgVmFsdWU9IkZhbHNlIiAvPg0KICAgICAgICAgICAgPFJ1bGVQYXJhbWV0ZXIgTmFtZT0iSHRtbERlY29kZSIgVmFsdWU9IlRydWUiIC8+DQogICAgICAgICAgICA8UnVsZVBhcmFtZXRlciBOYW1lPSJSZXF1aXJlZCIgVmFsdWU9IkZhbHNlIiAvPg0KICAgICAgICAgIDwvUnVsZVBhcmFtZXRlcnM+DQogICAgICAgIDwvRXh0cmFjdGlvblJ1bGU+DQogICAgICAgIDxFeHRyYWN0aW9uUnVsZSBDbGFzc25hbWU9Ik1pY3Jvc29mdC5WaXN1YWxTdHVkaW8uVGVzdFRvb2xzLldlYlRlc3RpbmcuUnVsZXMuRXh0cmFjdFRleHQsIE1pY3Jvc29mdC5WaXN1YWxTdHVkaW8uUXVhbGl0eVRvb2xzLldlYlRlc3RGcmFtZXdvcmssIFZlcnNpb249MTAuMC4wLjAsIEN1bHR1cmU9bmV1dHJhbCwgUHVibGljS2V5VG9rZW49YjAzZjVmN2YxMWQ1MGEzYSIgVmFyaWFibGVOYW1lPSJRdWVyeVN0cmluZ1BhcmFtNTczLmVpIiBEaXNwbGF5TmFtZT0iIiBEZXNjcmlwdGlvbj0iIj4NCiAgICAgICAgICA8UnVsZVBhcmFtZXRlcnM+DQogICAgICAgICAgICA8UnVsZVBhcmFtZXRlciBOYW1lPSJTdGFydHNXaXRoIiBWYWx1ZT0iJmFtcDthbXA7ZWk9IiAvPg0KICAgICAgICAgICAgPFJ1bGVQYXJhbWV0ZXIgTmFtZT0iRW5kc1dpdGgiIFZhbHVlPSImYW1wOyIgLz4NCiAgICAgICAgICAgIDxSdWxlUGFyYW1ldGVyIE5hbWU9IkluZGV4IiBWYWx1ZT0iMCIgLz4NCiAgICAgICAgICAgIDxSdWxlUGFyYW1ldGVyIE5hbWU9Iklnbm9yZUNhc2UiIFZhbHVlPSJGYWxzZSIgLz4NCiAgICAgICAgICAgIDxSdWxlUGFyYW1ldGVyIE5hbWU9IlVzZVJlZ3VsYXJFeHByZXNzaW9uIiBWYWx1ZT0iRmFsc2UiIC8+DQogICAgICAgICAgICA8UnVsZVBhcmFtZXRlciBOYW1lPSJIdG1sRGVjb2RlIiBWYWx1ZT0iVHJ1ZSIgLz4NCiAgICAgICAgICAgIDxSdWxlUGFyYW1ldGVyIE5hbWU9IlJlcXVpcmVkIiBWYWx1ZT0iRmFsc2UiIC8+DQogICAgICAgICAgPC9SdWxlUGFyYW1ldGVycz4NCiAgICAgICAgPC9FeHRyYWN0aW9uUnVsZT4NCiAgICAgICAgPEV4dHJhY3Rpb25SdWxlIENsYXNzbmFtZT0iTWljcm9zb2Z0LlZpc3VhbFN0dWRpby5UZXN0VG9vbHMuV2ViVGVzdGluZy5SdWxlcy5FeHRyYWN0VGV4dCwgTWljcm9zb2Z0LlZpc3VhbFN0dWRpby5RdWFsaXR5VG9vbHMuV2ViVGVzdEZyYW1ld29yaywgVmVyc2lvbj0xMC4wLjAuMCwgQ3VsdHVyZT1uZXV0cmFsLCBQdWJsaWNLZXlUb2tlbj1iMDNmNWY3ZjExZDUwYTNhIiBWYXJpYWJsZU5hbWU9IlF1ZXJ5U3RyaW5nUGFyYW01NzQucyIgRGlzcGxheU5hbWU9IiIgRGVzY3JpcHRpb249IiI+DQogICAgICAgICAgPFJ1bGVQYXJhbWV0ZXJzPg0KICAgICAgICAgICAgPFJ1bGVQYXJhbWV0ZXIgTmFtZT0iU3RhcnRzV2l0aCIgVmFsdWU9Ij9zPSIgLz4NCiAgICAgICAgICAgIDxSdWxlUGFyYW1ldGVyIE5hbWU9IkVuZHNXaXRoIiBWYWx1ZT0iYSIgLz4NCiAgICAgICAgICAgIDxSdWxlUGFyYW1ldGVyIE5hbWU9IkluZGV4IiBWYWx1ZT0iMCIgLz4NCiAgICAgICAgICAgIDxSdWxlUGFyYW1ldGVyIE5hbWU9Iklnbm9yZUNhc2UiIFZhbHVlPSJGYWxzZSIgLz4NCiAgICAgICAgICAgIDxSdWxlUGFyYW1ldGVyIE5hbWU9IlVzZVJlZ3VsYXJFeHByZXNzaW9uIiBWYWx1ZT0iRmFsc2UiIC8+DQogICAgICAgICAgICA8UnVsZVBhcmFtZXRlciBOYW1lPSJIdG1sRGVjb2RlIiBWYWx1ZT0iVHJ1ZSIgLz4NCiAgICAgICAgICAgIDxSdWxlUGFyYW1ldGVyIE5hbWU9IlJlcXVpcmVkIiBWYWx1ZT0iRmFsc2UiIC8+DQogICAgICAgICAgPC9SdWxlUGFyYW1ldGVycz4NCiAgICAgICAgPC9FeHRyYWN0aW9uUnVsZT4NCiAgICAgIDwvQ29ycmVsYXRpb25FeHRyYWN0aW9uUnVsZXM+DQogICAgICA8UXVlcnlTdHJpbmdQYXJhbWV0ZXJzPg0KICAgICAgICA8UXVlcnlTdHJpbmdQYXJhbWV0ZXIgTmFtZT0iaGwiIFZhbHVlPSJ7eyRISURERU4xLmhsfX0iIFJlY29yZGVkVmFsdWU9Imp3IiBDb3JyZWxhdGlvbkJpbmRpbmc9IiIgVXJsRW5jb2RlPSJGYWxzZSIgVXNlVG9Hcm91cFJlc3VsdHM9IkZhbHNlIiAvPg0KICAgICAgICA8UXVlcnlTdHJpbmdQYXJhbWV0ZXIgTmFtZT0ic291cmNlIiBWYWx1ZT0ie3skSElEREVOMS5zb3VyY2V9fSIgUmVjb3JkZWRWYWx1ZT0iaHAiIENvcnJlbGF0aW9uQmluZGluZz0iIiBVcmxFbmNvZGU9IkZhbHNlIiBVc2VUb0dyb3VwUmVzdWx0cz0iRmFsc2UiIC8+DQogICAgICAgIDxRdWVyeVN0cmluZ1BhcmFtZXRlciBOYW1lPSJlaSIgVmFsdWU9Int7JEhJRERFTjEuZWl9fSIgUmVjb3JkZWRWYWx1ZT0iYWJ5V1dvcTZMTW1uNWdLUjdvX1FEZyIgQ29ycmVsYXRpb25CaW5kaW5nPSIiIFVybEVuY29kZT0iRmFsc2UiIFVzZVRvR3JvdXBSZXN1bHRzPSJGYWxzZSIgLz4NCiAgICAgICAgPFF1ZXJ5U3RyaW5nUGFyYW1ldGVyIE5hbWU9InEiIFZhbHVlPSJCdXNxdWVkYSIgUmVjb3JkZWRWYWx1ZT0iQnVzcXVlZGEiIENvcnJlbGF0aW9uQmluZGluZz0iIiBVcmxFbmNvZGU9IkZhbHNlIiBVc2VUb0dyb3VwUmVzdWx0cz0iRmFsc2UiIC8+DQogICAgICAgIDxRdWVyeVN0cmluZ1BhcmFtZXRlciBOYW1lPSJvcSIgVmFsdWU9IkJ1c3F1ZWRhIiBSZWNvcmRlZFZhbHVlPSJCdXNxdWVkYSIgQ29ycmVsYXRpb25CaW5kaW5nPSIiIFVybEVuY29kZT0iRmFsc2UiIFVzZVRvR3JvdXBSZXN1bHRzPSJGYWxzZSIgLz4NCiAgICAgICAgPFF1ZXJ5U3RyaW5nUGFyYW1ldGVyIE5hbWU9ImdzX2wiIFZhbHVlPSJwc3ktYWIuMy4uLjE0MDYuNzE0OS4wLjg1NjYuMC4wLjAuMC4wLjAuMC4wLi4wLjAuLi4uMC4uLjFjLjEuNjQucHN5LWFiLi4wLjAuMC4uLi4wLnN3YVVIem8tb1RjIiBSZWNvcmRlZFZhbHVlPSJwc3ktYWIuMy4uLjE0MDYuNzE0OS4wLjg1NjYuMC4wLjAuMC4wLjAuMC4wLi4wLjAuLi4uMC4uLjFjLjEuNjQucHN5LWFiLi4wLjAuMC4uLi4wLnN3YVVIem8tb1RjIiBDb3JyZWxhdGlvbkJpbmRpbmc9IiIgVXJsRW5jb2RlPSJGYWxzZSIgVXNlVG9Hcm91cFJlc3VsdHM9IkZhbHNlIiAvPg0KICAgICAgPC9RdWVyeVN0cmluZ1BhcmFtZXRlcnM+DQogICAgPC9SZXF1ZXN0Pg0KICAgIDxSZXF1ZXN0IE1ldGhvZD0iR0VUIiBHdWlkPSIzMzUxNjU2NC0wYmE1LTQyMTAtOThjYS02YWM1N2U3NDExMmIiIFZlcnNpb249IjEuMSIgVXJsPSJodHRwczovL3d3dy5nb29nbGUuY29tL2dlbl8yMDQiIFRoaW5rVGltZT0iMCIgVGltZW91dD0iMzAwIiBQYXJzZURlcGVuZGVudFJlcXVlc3RzPSJUcnVlIiBGb2xsb3dSZWRpcmVjdHM9IlRydWUiIFJlY29yZFJlc3VsdD0iVHJ1ZSIgQ2FjaGU9IkZhbHNlIiBSZXNwb25zZVRpbWVHb2FsPSIwIiBFbmNvZGluZz0idXRmLTgiIEV4cGVjdGVkSHR0cFN0YXR1c0NvZGU9IjAiIEV4cGVjdGVkUmVzcG9uc2VVcmw9IiIgUmVwb3J0aW5nTmFtZT0iIiBJZ25vcmVIdHRwU3RhdHVzQ29kZT0iRmFsc2UiPg0KICAgICAgPEhlYWRlcnM+DQogICAgICAgIDxIZWFkZXIgTmFtZT0iUmVmZXJlciIgVmFsdWU9Imh0dHBzOi8vd3d3Lmdvb2dsZS5jb20vc2VhcmNoP2hsPWp3JmFtcDtzb3VyY2U9aHAmYW1wO2VpPWFieVdXb3E2TE1tbjVnS1I3b19RRGcmYW1wO3E9QnVzcXVlZGEmYW1wO29xPUJ1c3F1ZWRhJmFtcDtnc19sPXBzeS1hYi4zLi4uMTQwNi43MTQ5LjAuODU2Ni4wLjAuMC4wLjAuMC4wLjAuLjAuMC4uLi4wLi4uMWMuMS42NC5wc3ktYWIuLjAuMC4wLi4uLjAuc3dhVUh6by1vVGMiIC8+DQogICAgICA8L0hlYWRlcnM+DQogICAgICA8UXVlcnlTdHJpbmdQYXJhbWV0ZXJzPg0KICAgICAgICA8UXVlcnlTdHJpbmdQYXJhbWV0ZXIgTmFtZT0icyIgVmFsdWU9IndlYmFmdCIgUmVjb3JkZWRWYWx1ZT0id2ViYWZ0IiBDb3JyZWxhdGlvbkJpbmRpbmc9Int7UXVlcnlTdHJpbmdQYXJhbTUxNS5zfX0iIFVybEVuY29kZT0iRmFsc2UiIFVzZVRvR3JvdXBSZXN1bHRzPSJGYWxzZSIgLz4NCiAgICAgICAgPFF1ZXJ5U3RyaW5nUGFyYW1ldGVyIE5hbWU9ImF0eXAiIFZhbHVlPSJjc2kiIFJlY29yZGVkVmFsdWU9ImNzaSIgQ29ycmVsYXRpb25CaW5kaW5nPSJ7e1F1ZXJ5U3RyaW5nUGFyYW01MTYuYXR5cH19IiBVcmxFbmNvZGU9IkZhbHNlIiBVc2VUb0dyb3VwUmVzdWx0cz0iRmFsc2UiIC8+DQogICAgICAgIDxRdWVyeVN0cmluZ1BhcmFtZXRlciBOYW1lPSJlaSIgVmFsdWU9ImM3eVdXdGVHSTZidjVnS2VzWWU0Q0EiIFJlY29yZGVkVmFsdWU9ImM3eVdXdGVHSTZidjVnS2VzWWU0Q0EiIENvcnJlbGF0aW9uQmluZGluZz0ie3tRdWVyeVN0cmluZ1BhcmFtNTE3LmVpfX0iIFVybEVuY29kZT0iRmFsc2UiIFVzZVRvR3JvdXBSZXN1bHRzPSJGYWxzZSIgLz4NCiAgICAgICAgPFF1ZXJ5U3RyaW5nUGFyYW1ldGVyIE5hbWU9InJ0IiBWYWx1ZT0id3NydC4yNzUsYWZ0LjM2NCxwcnQuMzY0LHNjdC4zMDIiIFJlY29yZGVkVmFsdWU9IndzcnQuMjc1LGFmdC4zNjQscHJ0LjM2NCxzY3QuMzAyIiBDb3JyZWxhdGlvbkJpbmRpbmc9IiIgVXJsRW5jb2RlPSJGYWxzZSIgVXNlVG9Hcm91cFJlc3VsdHM9IkZhbHNlIiAvPg0KICAgICAgPC9RdWVyeVN0cmluZ1BhcmFtZXRlcnM+DQogICAgPC9SZXF1ZXN0Pg0KICAgIDxSZXF1ZXN0IE1ldGhvZD0iR0VUIiBHdWlkPSI1ZmQyOTA4NS05MGVkLTRiZTYtYjdiNy00MGI4ZjRmNTA1MGMiIFZlcnNpb249IjEuMSIgVXJsPSJodHRwczovL3d3dy5nb29nbGUuY29tL3hqcy9fL2pzL2s9eGpzLnMuZW4ubHlyNHJuOHlnbGcuTy9tPXN4LHNiLGNkb3MsY3IsZWxvZyxoc20sanNhLHIsZCxjc2kvYW09d0NMa2RFRUF5UDhKZ29nRUt3Z3NRSXBnR0JBL3J0PWovZD0xL3Q9emNtcy9ycz1BQ1Q5MG9FOXhnNUpYTm9wY0FadFpQVi11ZklSWjNqUFpBIiBUaGlua1RpbWU9IjAiIFRpbWVvdXQ9IjMwMCIgUGFyc2VEZXBlbmRlbnRSZXF1ZXN0cz0iVHJ1ZSIgRm9sbG93UmVkaXJlY3RzPSJUcnVlIiBSZWNvcmRSZXN1bHQ9IlRydWUiIENhY2hlPSJGYWxzZSIgUmVzcG9uc2VUaW1lR29hbD0iMCIgRW5jb2Rpbmc9InV0Zi04IiBFeHBlY3RlZEh0dHBTdGF0dXNDb2RlPSIwIiBFeHBlY3RlZFJlc3BvbnNlVXJsPSIiIFJlcG9ydGluZ05hbWU9IiIgSWdub3JlSHR0cFN0YXR1c0NvZGU9IkZhbHNlIj4NCiAgICAgIDxIZWFkZXJzPg0KICAgICAgICA8SGVhZGVyIE5hbWU9IlJlZmVyZXIiIFZhbHVlPSJodHRwczovL3d3dy5nb29nbGUuY29tL3NlYXJjaD9obD1qdyZhbXA7c291cmNlPWhwJmFtcDtlaT1hYnlXV29xNkxNbW41Z0tSN29fUURnJmFtcDtxPUJ1c3F1ZWRhJmFtcDtvcT1CdXNxdWVkYSZhbXA7Z3NfbD1wc3ktYWIuMy4uLjE0MDYuNzE0OS4wLjg1NjYuMC4wLjAuMC4wLjAuMC4wLi4wLjAuLi4uMC4uLjFjLjEuNjQucHN5LWFiLi4wLjAuMC4uLi4wLnN3YVVIem8tb1RjIiAvPg0KICAgICAgPC9IZWFkZXJzPg0KICAgIDwvUmVxdWVzdD4NCiAgICA8UmVxdWVzdCBNZXRob2Q9IkdFVCIgR3VpZD0iOWM2ODA5NzQtNTU5Mi00ODgxLWIzMzMtYzZjN2E3MTViNDg0IiBWZXJzaW9uPSIxLjEiIFVybD0iaHR0cHM6Ly93d3cuZ29vZ2xlLmNvbS94anMvXy9qcy9rPXhqcy5zLmVuLnpsYlMxSlpCSDBrLk8vbT1hYSxhYmQsYXN5bmMsZHZsLGZvb3QsZnBlLGlwdjYsbHUsbSxtdSxzZixzb25pYyx0bCx2cyxkM2wsdG52LG1ybixtZSxhdG4sV2dEdnZjL2FtPXdDTGtkRUVBeVA4SmdvZ0VLd2dzUUlwZ0dCQS9leG09c3gsc2IsY2RvcyxjcixlbG9nLGhzbSxqc2EscixkLGNzaS9ydD1qL2Q9MS9lZD0xL3Q9emNtcy9ycz1BQ1Q5MG9IS0Zsa3ZSdUVDWVlOWlo1SDZnUHdLT25CMjRnIiBUaGlua1RpbWU9IjAiIFRpbWVvdXQ9IjMwMCIgUGFyc2VEZXBlbmRlbnRSZXF1ZXN0cz0iVHJ1ZSIgRm9sbG93UmVkaXJlY3RzPSJUcnVlIiBSZWNvcmRSZXN1bHQ9IlRydWUiIENhY2hlPSJGYWxzZSIgUmVzcG9uc2VUaW1lR29hbD0iMCIgRW5jb2Rpbmc9InV0Zi04IiBFeHBlY3RlZEh0dHBTdGF0dXNDb2RlPSIwIiBFeHBlY3RlZFJlc3BvbnNlVXJsPSIiIFJlcG9ydGluZ05hbWU9IiIgSWdub3JlSHR0cFN0YXR1c0NvZGU9IkZhbHNlIj4NCiAgICAgIDxIZWFkZXJzPg0KICAgICAgICA8SGVhZGVyIE5hbWU9IlJlZmVyZXIiIFZhbHVlPSJodHRwczovL3d3dy5nb29nbGUuY29tL3NlYXJjaD9obD1qdyZhbXA7c291cmNlPWhwJmFtcDtlaT1hYnlXV29xNkxNbW41Z0tSN29fUURnJmFtcDtxPUJ1c3F1ZWRhJmFtcDtvcT1CdXNxdWVkYSZhbXA7Z3NfbD1wc3ktYWIuMy4uLjE0MDYuNzE0OS4wLjg1NjYuMC4wLjAuMC4wLjAuMC4wLi4wLjAuLi4uMC4uLjFjLjEuNjQucHN5LWFiLi4wLjAuMC4uLi4wLnN3YVVIem8tb1RjIiAvPg0KICAgICAgPC9IZWFkZXJzPg0KICAgICAgPFF1ZXJ5U3RyaW5nUGFyYW1ldGVycz4NCiAgICAgICAgPFF1ZXJ5U3RyaW5nUGFyYW1ldGVyIE5hbWU9InhqcyIgVmFsdWU9InMxIiBSZWNvcmRlZFZhbHVlPSJzMSIgQ29ycmVsYXRpb25CaW5kaW5nPSIiIFVybEVuY29kZT0iRmFsc2UiIFVzZVRvR3JvdXBSZXN1bHRzPSJGYWxzZSIgLz4NCiAgICAgIDwvUXVlcnlTdHJpbmdQYXJhbWV0ZXJzPg0KICAgIDwvUmVxdWVzdD4NCiAgICA8UmVxdWVzdCBNZXRob2Q9IkdFVCIgR3VpZD0iNTg2ZjRhODUtYzAzYi00YjQxLWExOTctNmYxZjg4MzBjNjNlIiBWZXJzaW9uPSIxLjEiIFVybD0iaHR0cHM6Ly93d3cuZ29vZ2xlLmNvbS9jbGllbnRfMjA0IiBUaGlua1RpbWU9IjAiIFRpbWVvdXQ9IjMwMCIgUGFyc2VEZXBlbmRlbnRSZXF1ZXN0cz0iVHJ1ZSIgRm9sbG93UmVkaXJlY3RzPSJUcnVlIiBSZWNvcmRSZXN1bHQ9IlRydWUiIENhY2hlPSJGYWxzZSIgUmVzcG9uc2VUaW1lR29hbD0iMCIgRW5jb2Rpbmc9InV0Zi04IiBFeHBlY3RlZEh0dHBTdGF0dXNDb2RlPSIwIiBFeHBlY3RlZFJlc3BvbnNlVXJsPSIiIFJlcG9ydGluZ05hbWU9IiIgSWdub3JlSHR0cFN0YXR1c0NvZGU9IkZhbHNlIj4NCiAgICAgIDxIZWFkZXJzPg0KICAgICAgICA8SGVhZGVyIE5hbWU9IlJlZmVyZXIiIFZhbHVlPSJodHRwczovL3d3dy5nb29nbGUuY29tL3NlYXJjaD9obD1qdyZhbXA7c291cmNlPWhwJmFtcDtlaT1hYnlXV29xNkxNbW41Z0tSN29fUURnJmFtcDtxPUJ1c3F1ZWRhJmFtcDtvcT1CdXNxdWVkYSZhbXA7Z3NfbD1wc3ktYWIuMy4uLjE0MDYuNzE0OS4wLjg1NjYuMC4wLjAuMC4wLjAuMC4wLi4wLjAuLi4uMC4uLjFjLjEuNjQucHN5LWFiLi4wLjAuMC4uLi4wLnN3YVVIem8tb1RjIiAvPg0KICAgICAgPC9IZWFkZXJzPg0KICAgICAgPFF1ZXJ5U3RyaW5nUGFyYW1ldGVycz4NCiAgICAgICAgPFF1ZXJ5U3RyaW5nUGFyYW1ldGVyIE5hbWU9IiIgVmFsdWU9IiIgUmVjb3JkZWRWYWx1ZT0iIiBDb3JyZWxhdGlvbkJpbmRpbmc9IiIgVXJsRW5jb2RlPSJGYWxzZSIgVXNlVG9Hcm91cFJlc3VsdHM9IkZhbHNlIiAvPg0KICAgICAgICA8UXVlcnlTdHJpbmdQYXJhbWV0ZXIgTmFtZT0iYXR5cCIgVmFsdWU9ImkiIFJlY29yZGVkVmFsdWU9ImkiIENvcnJlbGF0aW9uQmluZGluZz0ie3tRdWVyeVN0cmluZ1BhcmFtNTQ0LmF0eXB9fSIgVXJsRW5jb2RlPSJGYWxzZSIgVXNlVG9Hcm91cFJlc3VsdHM9IkZhbHNlIiAvPg0KICAgICAgICA8UXVlcnlTdHJpbmdQYXJhbWV0ZXIgTmFtZT0iYml3IiBWYWx1ZT0iMTE3OCIgUmVjb3JkZWRWYWx1ZT0iMTE3OCIgQ29ycmVsYXRpb25CaW5kaW5nPSIiIFVybEVuY29kZT0iRmFsc2UiIFVzZVRvR3JvdXBSZXN1bHRzPSJGYWxzZSIgLz4NCiAgICAgICAgPFF1ZXJ5U3RyaW5nUGFyYW1ldGVyIE5hbWU9ImJpaCIgVmFsdWU9Ijc4MiIgUmVjb3JkZWRWYWx1ZT0iNzgyIiBDb3JyZWxhdGlvbkJpbmRpbmc9IiIgVXJsRW5jb2RlPSJGYWxzZSIgVXNlVG9Hcm91cFJlc3VsdHM9IkZhbHNlIiAvPg0KICAgICAgICA8UXVlcnlTdHJpbmdQYXJhbWV0ZXIgTmFtZT0iZWkiIFZhbHVlPSJjN3lXV3RlR0k2YnY1Z0tlc1llNENBIiBSZWNvcmRlZFZhbHVlPSJjN3lXV3RlR0k2YnY1Z0tlc1llNENBIiBDb3JyZWxhdGlvbkJpbmRpbmc9Int7UXVlcnlTdHJpbmdQYXJhbTU0Ny5laX19IiBVcmxFbmNvZGU9IkZhbHNlIiBVc2VUb0dyb3VwUmVzdWx0cz0iRmFsc2UiIC8+DQogICAgICA8L1F1ZXJ5U3RyaW5nUGFyYW1ldGVycz4NCiAgICA8L1JlcXVlc3Q+DQogICAgPFJlcXVlc3QgTWV0aG9kPSJHRVQiIEd1aWQ9ImZiNTc3MTc0LThmNzYtNDc2Yi05ODlkLTk4YmI2NTJmYjQzMyIgVmVyc2lvbj0iMS4xIiBVcmw9Imh0dHBzOi8vd3d3Lmdvb2dsZS5jb20vZ2VuXzIwNCIgVGhpbmtUaW1lPSIwIiBUaW1lb3V0PSIzMDAiIFBhcnNlRGVwZW5kZW50UmVxdWVzdHM9IlRydWUiIEZvbGxvd1JlZGlyZWN0cz0iVHJ1ZSIgUmVjb3JkUmVzdWx0PSJUcnVlIiBDYWNoZT0iRmFsc2UiIFJlc3BvbnNlVGltZUdvYWw9IjAiIEVuY29kaW5nPSJ1dGYtOCIgRXhwZWN0ZWRIdHRwU3RhdHVzQ29kZT0iMCIgRXhwZWN0ZWRSZXNwb25zZVVybD0iIiBSZXBvcnRpbmdOYW1lPSIiIElnbm9yZUh0dHBTdGF0dXNDb2RlPSJGYWxzZSI+DQogICAgICA8SGVhZGVycz4NCiAgICAgICAgPEhlYWRlciBOYW1lPSJSZWZlcmVyIiBWYWx1ZT0iaHR0cHM6Ly93d3cuZ29vZ2xlLmNvbS9zZWFyY2g/aGw9ancmYW1wO3NvdXJjZT1ocCZhbXA7ZWk9YWJ5V1dvcTZMTW1uNWdLUjdvX1FEZyZhbXA7cT1CdXNxdWVkYSZhbXA7b3E9QnVzcXVlZGEmYW1wO2dzX2w9cHN5LWFiLjMuLi4xNDA2LjcxNDkuMC44NTY2LjAuMC4wLjAuMC4wLjAuMC4uMC4wLi4uLjAuLi4xYy4xLjY0LnBzeS1hYi4uMC4wLjAuLi4uMC5zd2FVSHpvLW9UYyIgLz4NCiAgICAgIDwvSGVhZGVycz4NCiAgICAgIDxRdWVyeVN0cmluZ1BhcmFtZXRlcnM+DQogICAgICAgIDxRdWVyeVN0cmluZ1BhcmFtZXRlciBOYW1lPSJhdHlwIiBWYWx1ZT0iY3NpIiBSZWNvcmRlZFZhbHVlPSJjc2kiIENvcnJlbGF0aW9uQmluZGluZz0ie3tRdWVyeVN0cmluZ1BhcmFtNTcyLmF0eXB9fSIgVXJsRW5jb2RlPSJGYWxzZSIgVXNlVG9Hcm91cFJlc3VsdHM9IkZhbHNlIiAvPg0KICAgICAgICA8UXVlcnlTdHJpbmdQYXJhbWV0ZXIgTmFtZT0iZWkiIFZhbHVlPSJjN3lXV3RlR0k2YnY1Z0tlc1llNENBIiBSZWNvcmRlZFZhbHVlPSJjN3lXV3RlR0k2YnY1Z0tlc1llNENBIiBDb3JyZWxhdGlvbkJpbmRpbmc9Int7UXVlcnlTdHJpbmdQYXJhbTU3My5laX19IiBVcmxFbmNvZGU9IkZhbHNlIiBVc2VUb0dyb3VwUmVzdWx0cz0iRmFsc2UiIC8+DQogICAgICAgIDxRdWVyeVN0cmluZ1BhcmFtZXRlciBOYW1lPSJzIiBWYWx1ZT0id2ViIiBSZWNvcmRlZFZhbHVlPSJ3ZWIiIENvcnJlbGF0aW9uQmluZGluZz0ie3tRdWVyeVN0cmluZ1BhcmFtNTc0LnN9fSIgVXJsRW5jb2RlPSJGYWxzZSIgVXNlVG9Hcm91cFJlc3VsdHM9IkZhbHNlIiAvPg0KICAgICAgICA8UXVlcnlTdHJpbmdQYXJhbWV0ZXIgTmFtZT0iaW1jIiBWYWx1ZT0iNyIgUmVjb3JkZWRWYWx1ZT0iNyIgQ29ycmVsYXRpb25CaW5kaW5nPSIiIFVybEVuY29kZT0iRmFsc2UiIFVzZVRvR3JvdXBSZXN1bHRzPSJGYWxzZSIgLz4NCiAgICAgICAgPFF1ZXJ5U3RyaW5nUGFyYW1ldGVyIE5hbWU9ImltbiIgVmFsdWU9IjciIFJlY29yZGVkVmFsdWU9IjciIENvcnJlbGF0aW9uQmluZGluZz0iIiBVcmxFbmNvZGU9IkZhbHNlIiBVc2VUb0dyb3VwUmVzdWx0cz0iRmFsc2UiIC8+DQogICAgICAgIDxRdWVyeVN0cmluZ1BhcmFtZXRlciBOYW1lPSJpbXAiIFZhbHVlPSIwIiBSZWNvcmRlZFZhbHVlPSIwIiBDb3JyZWxhdGlvbkJpbmRpbmc9IiIgVXJsRW5jb2RlPSJGYWxzZSIgVXNlVG9Hcm91cFJlc3VsdHM9IkZhbHNlIiAvPg0KICAgICAgICA8UXVlcnlTdHJpbmdQYXJhbWV0ZXIgTmFtZT0iYWRoIiBWYWx1ZT0iIiBSZWNvcmRlZFZhbHVlPSIiIENvcnJlbGF0aW9uQmluZGluZz0iIiBVcmxFbmNvZGU9IkZhbHNlIiBVc2VUb0dyb3VwUmVzdWx0cz0iRmFsc2UiIC8+DQogICAgICAgIDxRdWVyeVN0cmluZ1BhcmFtZXRlciBOYW1lPSJydCIgVmFsdWU9ImFmdC4zNjQsZGNsLjQwMSxpbWwuMzY0LG9sLjQ2MSxwcnQuMzY0LHhqcy42ODkseGpzZWUuNjg5LHhqc2VzLjU4Nix4anNscy41MTIsc2N0LjMwMix3c3J0LjI3NSxjc3QuMCxkbnN0LjAscnFzdC40NzEscnNwdC40NzAscnFzdHQuMTY3LHVudC4yLGNzdHQuMixkaXQuNjc2IiBSZWNvcmRlZFZhbHVlPSJhZnQuMzY0LGRjbC40MDEsaW1sLjM2NCxvbC40NjEscHJ0LjM2NCx4anMuNjg5LHhqc2VlLjY4OSx4anNlcy41ODYseGpzbHMuNTEyLHNjdC4zMDIsd3NydC4yNzUsY3N0LjAsZG5zdC4wLHJxc3QuNDcxLHJzcHQuNDcwLHJxc3R0LjE2Nyx1bnQuMixjc3R0LjIsZGl0LjY3NiIgQ29ycmVsYXRpb25CaW5kaW5nPSIiIFVybEVuY29kZT0iRmFsc2UiIFVzZVRvR3JvdXBSZXN1bHRzPSJGYWxzZSIgLz4NCiAgICAgICAgPFF1ZXJ5U3RyaW5nUGFyYW1ldGVyIE5hbWU9Inp4IiBWYWx1ZT0iMTUxOTgyNzk3NjQ5MCIgUmVjb3JkZWRWYWx1ZT0iMTUxOTgyNzk3NjQ5MCIgQ29ycmVsYXRpb25CaW5kaW5nPSIiIFVybEVuY29kZT0iRmFsc2UiIFVzZVRvR3JvdXBSZXN1bHRzPSJGYWxzZSIgLz4NCiAgICAgIDwvUXVlcnlTdHJpbmdQYXJhbWV0ZXJzPg0KICAgIDwvUmVxdWVzdD4NCiAgICA8UmVxdWVzdCBNZXRob2Q9IkdFVCIgR3VpZD0iMzg3NmYyOWYtMzU1Ny00MTdkLThjOTAtZmU0MTFmZDU4Yjc0IiBWZXJzaW9uPSIxLjEiIFVybD0iaHR0cHM6Ly93d3cuZ3N0YXRpYy5jb20vb2cvXy9qcy9rPW9nLm9nMi5lbl9VUy5QaGpYdUJLNjV3QS5PL3J0PWovbT1kZWYvZXhtPWluLGZvdC9kPTEvZWQ9MS9ycz1BQTJZclR2eW56UVcyaHgxYzU0NUg3d00zUHR1ZW9GazdRIiBUaGlua1RpbWU9IjAiIFRpbWVvdXQ9IjMwMCIgUGFyc2VEZXBlbmRlbnRSZXF1ZXN0cz0iVHJ1ZSIgRm9sbG93UmVkaXJlY3RzPSJUcnVlIiBSZWNvcmRSZXN1bHQ9IlRydWUiIENhY2hlPSJGYWxzZSIgUmVzcG9uc2VUaW1lR29hbD0iMCIgRW5jb2Rpbmc9InV0Zi04IiBFeHBlY3RlZEh0dHBTdGF0dXNDb2RlPSIwIiBFeHBlY3RlZFJlc3BvbnNlVXJsPSIiIFJlcG9ydGluZ05hbWU9IiIgSWdub3JlSHR0cFN0YXR1c0NvZGU9IkZhbHNlIj4NCiAgICAgIDxIZWFkZXJzPg0KICAgICAgICA8SGVhZGVyIE5hbWU9IlJlZmVyZXIiIFZhbHVlPSJodHRwczovL3d3dy5nb29nbGUuY29tL3NlYXJjaD9obD1qdyZhbXA7c291cmNlPWhwJmFtcDtlaT1hYnlXV29xNkxNbW41Z0tSN29fUURnJmFtcDtxPUJ1c3F1ZWRhJmFtcDtvcT1CdXNxdWVkYSZhbXA7Z3NfbD1wc3ktYWIuMy4uLjE0MDYuNzE0OS4wLjg1NjYuMC4wLjAuMC4wLjAuMC4wLi4wLjAuLi4uMC4uLjFjLjEuNjQucHN5LWFiLi4wLjAuMC4uLi4wLnN3YVVIem8tb1RjIiAvPg0KICAgICAgPC9IZWFkZXJzPg0KICAgIDwvUmVxdWVzdD4NCiAgICA8UmVxdWVzdCBNZXRob2Q9IkdFVCIgR3VpZD0iYjAyZTUzZjMtYWVkNC00MmIyLTk1NWUtOTUwYmUxMjE4NGRlIiBWZXJzaW9uPSIxLjEiIFVybD0iaHR0cHM6Ly9hcGlzLmdvb2dsZS5jb20vXy9zY3MvYWJjLXN0YXRpYy9fL2pzL2s9Z2FwaS5nYXBpLmVuLjgxcWNOVkFkUFAwLk8vbT1nYXBpX2lmcmFtZXMsZ29vZ2xlYXBpc19jbGllbnQscGx1c29uZS9ydD1qL3N2PTEvZD0xL2VkPTEvYW09QUFFL3JzPUFIcE9vby1ybmpIcWN2UkFseHRHLTlnTWZUclY5MGJvSUEvY2I9Z2FwaS5sb2FkZWRfMCIgVGhpbmtUaW1lPSIwIiBUaW1lb3V0PSIzMDAiIFBhcnNlRGVwZW5kZW50UmVxdWVzdHM9IlRydWUiIEZvbGxvd1JlZGlyZWN0cz0iVHJ1ZSIgUmVjb3JkUmVzdWx0PSJUcnVlIiBDYWNoZT0iRmFsc2UiIFJlc3BvbnNlVGltZUdvYWw9IjAiIEVuY29kaW5nPSJ1dGYtOCIgRXhwZWN0ZWRIdHRwU3RhdHVzQ29kZT0iMCIgRXhwZWN0ZWRSZXNwb25zZVVybD0iIiBSZXBvcnRpbmdOYW1lPSIiIElnbm9yZUh0dHBTdGF0dXNDb2RlPSJGYWxzZSI+DQogICAgICA8SGVhZGVycz4NCiAgICAgICAgPEhlYWRlciBOYW1lPSJSZWZlcmVyIiBWYWx1ZT0iaHR0cHM6Ly93d3cuZ29vZ2xlLmNvbS9zZWFyY2g/aGw9ancmYW1wO3NvdXJjZT1ocCZhbXA7ZWk9YWJ5V1dvcTZMTW1uNWdLUjdvX1FEZyZhbXA7cT1CdXNxdWVkYSZhbXA7b3E9QnVzcXVlZGEmYW1wO2dzX2w9cHN5LWFiLjMuLi4xNDA2LjcxNDkuMC44NTY2LjAuMC4wLjAuMC4wLjAuMC4uMC4wLi4uLjAuLi4xYy4xLjY0LnBzeS1hYi4uMC4wLjAuLi4uMC5zd2FVSHpvLW9UYyIgLz4NCiAgICAgIDwvSGVhZGVycz4NCiAgICA8L1JlcXVlc3Q+DQogICAgPFJlcXVlc3QgTWV0aG9kPSJHRVQiIEd1aWQ9ImYwMmFlZGJiLTlkYTctNDJhYi1iMzc5LWRhMzM1MGQzMWQ2NiIgVmVyc2lvbj0iMS4xIiBVcmw9Imh0dHBzOi8vYWRzZXJ2aWNlLmdvb2dsZS5jb20vYWRzaWQvZ29vZ2xlL3VpIiBUaGlua1RpbWU9IjAiIFRpbWVvdXQ9IjMwMCIgUGFyc2VEZXBlbmRlbnRSZXF1ZXN0cz0iVHJ1ZSIgRm9sbG93UmVkaXJlY3RzPSJUcnVlIiBSZWNvcmRSZXN1bHQ9IlRydWUiIENhY2hlPSJGYWxzZSIgUmVzcG9uc2VUaW1lR29hbD0iMCIgRW5jb2Rpbmc9InV0Zi04IiBFeHBlY3RlZEh0dHBTdGF0dXNDb2RlPSIwIiBFeHBlY3RlZFJlc3BvbnNlVXJsPSIiIFJlcG9ydGluZ05hbWU9IiIgSWdub3JlSHR0cFN0YXR1c0NvZGU9IkZhbHNlIj4NCiAgICAgIDxIZWFkZXJzPg0KICAgICAgICA8SGVhZGVyIE5hbWU9IlJlZmVyZXIiIFZhbHVlPSJodHRwczovL3d3dy5nb29nbGUuY29tL3NlYXJjaD9obD1qdyZhbXA7c291cmNlPWhwJmFtcDtlaT1hYnlXV29xNkxNbW41Z0tSN29fUURnJmFtcDtxPUJ1c3F1ZWRhJmFtcDtvcT1CdXNxdWVkYSZhbXA7Z3NfbD1wc3ktYWIuMy4uLjE0MDYuNzE0OS4wLjg1NjYuMC4wLjAuMC4wLjAuMC4wLi4wLjAuLi4uMC4uLjFjLjEuNjQucHN5LWFiLi4wLjAuMC4uLi4wLnN3YVVIem8tb1RjIiAvPg0KICAgICAgPC9IZWFkZXJzPg0KICAgIDwvUmVxdWVzdD4NCiAgICA8UmVxdWVzdCBNZXRob2Q9IkdFVCIgR3VpZD0iZGRlZmM5MzMtMGQ1Yy00Njk4LThjYWUtYzcyNjNiZmUyMmMzIiBWZXJzaW9uPSIxLjEiIFVybD0iaHR0cHM6Ly93d3cuZ29vZ2xlLmNvbS94anMvXy9qcy9rPXhqcy5zLmVuLnpsYlMxSlpCSDBrLk8vbT1STWhCZmUvYW09d0NMa2RFRUF5UDhKZ29nRUt3Z3NRSXBnR0JBL2V4bT1zeCxzYixjZG9zLGNyLGVsb2csaHNtLGpzYSxyLGQsY3NpLGFhLGFiZCxhc3luYyxkdmwsZm9vdCxmcGUsaXB2NixsdSxtLG11LHNmLHNvbmljLHRsLHZzLGQzbCx0bnYsbXJuLG1lLGF0bixXZ0R2dmMvcnQ9ai9kPTEvZWQ9MS90PXpjbXMvcnM9QUNUOTBvSEtGbGt2UnVFQ1lZTlpaNUg2Z1B3S09uQjI0ZyIgVGhpbmtUaW1lPSIwIiBUaW1lb3V0PSIzMDAiIFBhcnNlRGVwZW5kZW50UmVxdWVzdHM9IlRydWUiIEZvbGxvd1JlZGlyZWN0cz0iVHJ1ZSIgUmVjb3JkUmVzdWx0PSJUcnVlIiBDYWNoZT0iRmFsc2UiIFJlc3BvbnNlVGltZUdvYWw9IjAiIEVuY29kaW5nPSJ1dGYtOCIgRXhwZWN0ZWRIdHRwU3RhdHVzQ29kZT0iMCIgRXhwZWN0ZWRSZXNwb25zZVVybD0iIiBSZXBvcnRpbmdOYW1lPSIiIElnbm9yZUh0dHBTdGF0dXNDb2RlPSJGYWxzZSI+DQogICAgICA8SGVhZGVycz4NCiAgICAgICAgPEhlYWRlciBOYW1lPSJSZWZlcmVyIiBWYWx1ZT0iaHR0cHM6Ly93d3cuZ29vZ2xlLmNvbS9zZWFyY2g/aGw9ancmYW1wO3NvdXJjZT1ocCZhbXA7ZWk9YWJ5V1dvcTZMTW1uNWdLUjdvX1FEZyZhbXA7cT1CdXNxdWVkYSZhbXA7b3E9QnVzcXVlZGEmYW1wO2dzX2w9cHN5LWFiLjMuLi4xNDA2LjcxNDkuMC44NTY2LjAuMC4wLjAuMC4wLjAuMC4uMC4wLi4uLjAuLi4xYy4xLjY0LnBzeS1hYi4uMC4wLjAuLi4uMC5zd2FVSHpvLW9UYyIgLz4NCiAgICAgIDwvSGVhZGVycz4NCiAgICA8L1JlcXVlc3Q+DQogIDwvSXRlbXM+DQogIDxWYWxpZGF0aW9uUnVsZXM+DQogICAgPFZhbGlkYXRpb25SdWxlIENsYXNzbmFtZT0iTWljcm9zb2Z0LlZpc3VhbFN0dWRpby5UZXN0VG9vbHMuV2ViVGVzdGluZy5SdWxlcy5WYWxpZGF0ZVJlc3BvbnNlVXJsLCBNaWNyb3NvZnQuVmlzdWFsU3R1ZGlvLlF1YWxpdHlUb29scy5XZWJUZXN0RnJhbWV3b3JrLCBWZXJzaW9uPTEwLjAuMC4wLCBDdWx0dXJlPW5ldXRyYWwsIFB1YmxpY0tleVRva2VuPWIwM2Y1ZjdmMTFkNTBhM2EiIERpc3BsYXlOYW1lPSJSZXNwb25zZSBVUkwiIERlc2NyaXB0aW9uPSJWYWxpZGF0ZXMgdGhhdCB0aGUgcmVzcG9uc2UgVVJMIGFmdGVyIHJlZGlyZWN0cyBhcmUgZm9sbG93ZWQgaXMgdGhlIHNhbWUgYXMgdGhlIHJlY29yZGVkIHJlc3BvbnNlIFVSTC4gIFF1ZXJ5U3RyaW5nIHBhcmFtZXRlcnMgYXJlIGlnbm9yZWQuIiBMZXZlbD0iTG93IiBFeGVjdHVpb25PcmRlcj0iQmVmb3JlRGVwZW5kZW50cyIgLz4NCiAgICA8VmFsaWRhdGlvblJ1bGUgQ2xhc3NuYW1lPSJNaWNyb3NvZnQuVmlzdWFsU3R1ZGlvLlRlc3RUb29scy5XZWJUZXN0aW5nLlJ1bGVzLlZhbGlkYXRpb25SdWxlUmVzcG9uc2VUaW1lR29hbCwgTWljcm9zb2Z0LlZpc3VhbFN0dWRpby5RdWFsaXR5VG9vbHMuV2ViVGVzdEZyYW1ld29yaywgVmVyc2lvbj0xMC4wLjAuMCwgQ3VsdHVyZT1uZXV0cmFsLCBQdWJsaWNLZXlUb2tlbj1iMDNmNWY3ZjExZDUwYTNhIiBEaXNwbGF5TmFtZT0iUmVzcG9uc2UgVGltZSBHb2FsIiBEZXNjcmlwdGlvbj0iVmFsaWRhdGVzIHRoYXQgdGhlIHJlc3BvbnNlIHRpbWUgZm9yIHRoZSByZXF1ZXN0IGlzIGxlc3MgdGhhbiBvciBlcXVhbCB0byB0aGUgcmVzcG9uc2UgdGltZSBnb2FsIGFzIHNwZWNpZmllZCBvbiB0aGUgcmVxdWVzdC4gIFJlc3BvbnNlIHRpbWUgZ29hbHMgb2YgemVybyB3aWxsIGJlIGlnbm9yZWQuIiBMZXZlbD0iTG93IiBFeGVjdHVpb25PcmRlcj0iQWZ0ZXJEZXBlbmRlbnRzIj4NCiAgICAgIDxSdWxlUGFyYW1ldGVycz4NCiAgICAgICAgPFJ1bGVQYXJhbWV0ZXIgTmFtZT0iVG9sZXJhbmNlIiBWYWx1ZT0iMCIgLz4NCiAgICAgIDwvUnVsZVBhcmFtZXRlcnM+DQogICAgPC9WYWxpZGF0aW9uUnVsZT4NCiAgPC9WYWxpZGF0aW9uUnVsZXM+DQo8L1dlYlRlc3Q+">
      <Execution id="8033226e-1f39-456b-882d-17d3aa41b120" />
    </WebTest>
  </TestDefinitions>
  <TestLists>
    <TestList name="Results Not in a List" id="8c84fa94-04c1-424b-9868-57a2d4851a1d" />
    <TestList name="All Loaded Results" id="19431567-8539-422a-85d7-44ee4e166bda" />
  </TestLists>
  <TestEntries>
    <TestEntry isTransparent="false" testId="ce52c5be-b2c3-472c-bc59-73318cd1e4ec" executionId="8033226e-1f39-456b-882d-17d3aa41b120" testListId="8c84fa94-04c1-424b-9868-57a2d4851a1d" />
  </TestEntries>
  <Results>
    <WebTestResult executionId="8033226e-1f39-456b-882d-17d3aa41b120" testId="ce52c5be-b2c3-472c-bc59-73318cd1e4ec" testName="WebTest1" computerName="2CFDHS1" duration="00:00:09.8412708" startTime="2018-02-28T08:26:26.3688459-06:00" endTime="2018-02-28T08:26:46.8502359-06:00" testType="4e7599fa-5ecb-43e9-a887-cd63cf72d207" outcome="Failed" testListId="8c84fa94-04c1-424b-9868-57a2d4851a1d" relativeResultsDirectory="8033226e-1f39-456b-882d-17d3aa41b120">
      <Output>
        <ErrorInfo>
          <Message>11 primary requests, 1 dependant requests and 0 conditional rules failed</Message>
        </ErrorInfo>
      </Output>
      <ResultFiles>
        <ResultFile path="WebTest1.webtestResult" />
      </ResultFiles>
      <TestSettings name="Local" id="08daa5cd-975a-458b-9aa8-97caecb1c000">
        <Description>These are default test settings for a local test run.</Description>
        <Execution>
          <TestTypeSpecific>
            <WebTestRunConfiguration testTypeId="4e7599fa-5ecb-43e9-a887-cd63cf72d207">
              <Browser name="Internet Explorer 9.0" MaxConnections="6">
                <Headers>
                  <Header name="User-Agent" value="Mozilla/5.0 (compatible; MSIE 9.0; Windows NT 6.1; Trident/5.0)" />
                  <Header name="Accept" value="*/*" />
                  <Header name="Accept-Language" value="{{$IEAcceptLanguage}}" />
                  <Header name="Accept-Encoding" value="GZIP" />
                </Headers>
              </Browser>
            </WebTestRunConfiguration>
          </TestTypeSpecific>
          <AgentRule name="Execution Agents">
          </AgentRule>
        </Execution>
        <Deployment runDeploymentRoot="dmorales_2CFDHS1 2018-02-28 08_26_25" />
        <Properties>
          <Property name="TestSettingsUIType" value="LoadTest" />
        </Properties>
      </TestSettings>
      <WebTestResultFilePath>dmorales_2CFDHS1 2018-02-28 08_26_25\In\8033226e-1f39-456b-882d-17d3aa41b120\WebTest1.webtestResult</WebTestResultFilePath>
    </WebTestResult>
  </Results>
</TestRun>