<?xml version="1.0" encoding="UTF-8"?>
<TestRun id="963db8c8-6814-40a8-b168-09f824b05b39" name="dmorales@2CFDHS1 2018-02-28 08:29:53" runUser="NOVACOMP\dmorales" xmlns="http://microsoft.com/schemas/VisualStudio/TeamTest/2010">
  <TestSettings name="Local" id="08daa5cd-975a-458b-9aa8-97caecb1c000">
    <Description>These are default test settings for a local test run.</Description>
    <Execution>
      <TestTypeSpecific />
      <AgentRule name="Execution Agents">
      </AgentRule>
    </Execution>
    <Deployment runDeploymentRoot="dmorales_2CFDHS1 2018-02-28 08_29_53" />
    <Properties>
      <Property name="TestSettingsUIType" value="LoadTest" />
    </Properties>
  </TestSettings>
  <Times creation="2018-02-28T08:29:53.3021680-06:00" queuing="2018-02-28T08:29:53.5605070-06:00" start="2018-02-28T08:29:53.7316298-06:00" finish="2018-02-28T08:29:59.5328837-06:00" />
  <ResultSummary outcome="Completed">
    <Counters total="1" error="0" failed="0" timeout="0" aborted="0" inconclusive="0" passedButRunAborted="0" notRunnable="0" notExecuted="0" disconnected="0" warning="0" passed="0" completed="0" inProgress="0" pending="0" />
  </ResultSummary>
  <TestDefinitions>
    <WebTest name="WebTest1" storage="e:\users\dmorales\documents\visual studio 2015\projects\codeduitestproject2\webandloadtestproject1\webtest1.webtest" id="ce52c5be-b2c3-472c-bc59-73318cd1e4ec" persistedWebTest="77u/PD94bWwgdmVyc2lvbj0iMS4wIiBlbmNvZGluZz0iVVRGLTgiIHN0YW5kYWxvbmU9InllcyI/Pg0KPFdlYlRlc3QgTmFtZT0iV2ViVGVzdDEiIElkPSJjZTUyYzViZS1iMmMzLTQ3MmMtYmM1OS03MzMxOGNkMWU0ZWMiIE93bmVyPSIiIFByaW9yaXR5PSIyMTQ3NDgzNjQ3IiBFbmFibGVkPSJUcnVlIiBDc3NQcm9qZWN0U3RydWN0dXJlPSIiIENzc0l0ZXJhdGlvbj0iIiBUaW1lb3V0PSIwIiBXb3JrSXRlbUlkcz0iIiB4bWxucz0iaHR0cDovL21pY3Jvc29mdC5jb20vc2NoZW1hcy9WaXN1YWxTdHVkaW8vVGVhbVRlc3QvMjAxMCIgRGVzY3JpcHRpb249IiIgQ3JlZGVudGlhbFVzZXJOYW1lPSIiIENyZWRlbnRpYWxQYXNzd29yZD0iIiBQcmVBdXRoZW50aWNhdGU9IlRydWUiIFByb3h5PSJkZWZhdWx0IiBTdG9wT25FcnJvcj0iRmFsc2UiIFJlY29yZGVkUmVzdWx0RmlsZT0iV2ViVGVzdDEuNDMxZTk3ZWYtZTQ2Mi00N2U5LWJiOWUtYjEyYjczOWE1NTcxLnJlYy53ZWJ0ZXN0cmVzdWx0IiBSZXN1bHRzTG9jYWxlPSIiPg0KICA8SXRlbXM+DQogICAgPFJlcXVlc3QgTWV0aG9kPSJHRVQiIEd1aWQ9IjlkZWMzMTlhLTRkY2EtNGNjNS05ODA0LWI2MTc1YTJjYjg4ZSIgVmVyc2lvbj0iMS4xIiBVcmw9Imh0dHA6Ly9hcGkuYmluZy5jb20vcXNtbC5hc3B4IiBUaGlua1RpbWU9IjAiIFRpbWVvdXQ9IjMwMCIgUGFyc2VEZXBlbmRlbnRSZXF1ZXN0cz0iVHJ1ZSIgRm9sbG93UmVkaXJlY3RzPSJUcnVlIiBSZWNvcmRSZXN1bHQ9IlRydWUiIENhY2hlPSJGYWxzZSIgUmVzcG9uc2VUaW1lR29hbD0iMCIgRW5jb2Rpbmc9InV0Zi04IiBFeHBlY3RlZEh0dHBTdGF0dXNDb2RlPSIwIiBFeHBlY3RlZFJlc3BvbnNlVXJsPSJodHRwczovL2FwaS5iaW5nLmNvbS9xc21sLmFzcHg/cXVlcnk9biZhbXA7bWF4d2lkdGg9MzI3NjUmYW1wO3Jvd2hlaWdodD0yMCZhbXA7c2VjdGlvbkhlaWdodD0xNjAmYW1wO0ZPUk09SUVTUzRBJmFtcDttYXJrZXQ9ZW4tVVMiIFJlcG9ydGluZ05hbWU9IiIgSWdub3JlSHR0cFN0YXR1c0NvZGU9IkZhbHNlIj4NCiAgICAgIDxRdWVyeVN0cmluZ1BhcmFtZXRlcnM+DQogICAgICAgIDxRdWVyeVN0cmluZ1BhcmFtZXRlciBOYW1lPSJxdWVyeSIgVmFsdWU9Im4iIFJlY29yZGVkVmFsdWU9Im4iIENvcnJlbGF0aW9uQmluZGluZz0iIiBVcmxFbmNvZGU9IkZhbHNlIiBVc2VUb0dyb3VwUmVzdWx0cz0iRmFsc2UiIC8+DQogICAgICAgIDxRdWVyeVN0cmluZ1BhcmFtZXRlciBOYW1lPSJtYXh3aWR0aCIgVmFsdWU9IjMyNzY1IiBSZWNvcmRlZFZhbHVlPSIzMjc2NSIgQ29ycmVsYXRpb25CaW5kaW5nPSIiIFVybEVuY29kZT0iRmFsc2UiIFVzZVRvR3JvdXBSZXN1bHRzPSJGYWxzZSIgLz4NCiAgICAgICAgPFF1ZXJ5U3RyaW5nUGFyYW1ldGVyIE5hbWU9InJvd2hlaWdodCIgVmFsdWU9IjIwIiBSZWNvcmRlZFZhbHVlPSIyMCIgQ29ycmVsYXRpb25CaW5kaW5nPSIiIFVybEVuY29kZT0iRmFsc2UiIFVzZVRvR3JvdXBSZXN1bHRzPSJGYWxzZSIgLz4NCiAgICAgICAgPFF1ZXJ5U3RyaW5nUGFyYW1ldGVyIE5hbWU9InNlY3Rpb25IZWlnaHQiIFZhbHVlPSIxNjAiIFJlY29yZGVkVmFsdWU9IjE2MCIgQ29ycmVsYXRpb25CaW5kaW5nPSIiIFVybEVuY29kZT0iRmFsc2UiIFVzZVRvR3JvdXBSZXN1bHRzPSJGYWxzZSIgLz4NCiAgICAgICAgPFF1ZXJ5U3RyaW5nUGFyYW1ldGVyIE5hbWU9IkZPUk0iIFZhbHVlPSJJRVNTNEEiIFJlY29yZGVkVmFsdWU9IklFU1M0QSIgQ29ycmVsYXRpb25CaW5kaW5nPSIiIFVybEVuY29kZT0iRmFsc2UiIFVzZVRvR3JvdXBSZXN1bHRzPSJGYWxzZSIgLz4NCiAgICAgICAgPFF1ZXJ5U3RyaW5nUGFyYW1ldGVyIE5hbWU9Im1hcmtldCIgVmFsdWU9ImVuLVVTIiBSZWNvcmRlZFZhbHVlPSJlbi1VUyIgQ29ycmVsYXRpb25CaW5kaW5nPSIiIFVybEVuY29kZT0iRmFsc2UiIFVzZVRvR3JvdXBSZXN1bHRzPSJGYWxzZSIgLz4NCiAgICAgIDwvUXVlcnlTdHJpbmdQYXJhbWV0ZXJzPg0KICAgIDwvUmVxdWVzdD4NCiAgICA8UmVxdWVzdCBNZXRob2Q9IkdFVCIgR3VpZD0iOGFjZDI1OGEtOTZmMC00ZTVkLWFhZWUtNDc5NGFhOWI1OWQyIiBWZXJzaW9uPSIxLjEiIFVybD0iaHR0cDovL2FwaS5iaW5nLmNvbS9xc21sLmFzcHgiIFRoaW5rVGltZT0iMCIgVGltZW91dD0iMzAwIiBQYXJzZURlcGVuZGVudFJlcXVlc3RzPSJUcnVlIiBGb2xsb3dSZWRpcmVjdHM9IlRydWUiIFJlY29yZFJlc3VsdD0iVHJ1ZSIgQ2FjaGU9IkZhbHNlIiBSZXNwb25zZVRpbWVHb2FsPSIwIiBFbmNvZGluZz0idXRmLTgiIEV4cGVjdGVkSHR0cFN0YXR1c0NvZGU9IjAiIEV4cGVjdGVkUmVzcG9uc2VVcmw9Imh0dHBzOi8vYXBpLmJpbmcuY29tL3FzbWwuYXNweD9xdWVyeT1uVSZhbXA7bWF4d2lkdGg9MzI3NjUmYW1wO3Jvd2hlaWdodD0yMCZhbXA7c2VjdGlvbkhlaWdodD0xNjAmYW1wO0ZPUk09SUVTUzRBJmFtcDttYXJrZXQ9ZW4tVVMiIFJlcG9ydGluZ05hbWU9IiIgSWdub3JlSHR0cFN0YXR1c0NvZGU9IkZhbHNlIj4NCiAgICAgIDxRdWVyeVN0cmluZ1BhcmFtZXRlcnM+DQogICAgICAgIDxRdWVyeVN0cmluZ1BhcmFtZXRlciBOYW1lPSJxdWVyeSIgVmFsdWU9Im5VIiBSZWNvcmRlZFZhbHVlPSJuVSIgQ29ycmVsYXRpb25CaW5kaW5nPSIiIFVybEVuY29kZT0iRmFsc2UiIFVzZVRvR3JvdXBSZXN1bHRzPSJGYWxzZSIgLz4NCiAgICAgICAgPFF1ZXJ5U3RyaW5nUGFyYW1ldGVyIE5hbWU9Im1heHdpZHRoIiBWYWx1ZT0iMzI3NjUiIFJlY29yZGVkVmFsdWU9IjMyNzY1IiBDb3JyZWxhdGlvbkJpbmRpbmc9IiIgVXJsRW5jb2RlPSJGYWxzZSIgVXNlVG9Hcm91cFJlc3VsdHM9IkZhbHNlIiAvPg0KICAgICAgICA8UXVlcnlTdHJpbmdQYXJhbWV0ZXIgTmFtZT0icm93aGVpZ2h0IiBWYWx1ZT0iMjAiIFJlY29yZGVkVmFsdWU9IjIwIiBDb3JyZWxhdGlvbkJpbmRpbmc9IiIgVXJsRW5jb2RlPSJGYWxzZSIgVXNlVG9Hcm91cFJlc3VsdHM9IkZhbHNlIiAvPg0KICAgICAgICA8UXVlcnlTdHJpbmdQYXJhbWV0ZXIgTmFtZT0ic2VjdGlvbkhlaWdodCIgVmFsdWU9IjE2MCIgUmVjb3JkZWRWYWx1ZT0iMTYwIiBDb3JyZWxhdGlvbkJpbmRpbmc9IiIgVXJsRW5jb2RlPSJGYWxzZSIgVXNlVG9Hcm91cFJlc3VsdHM9IkZhbHNlIiAvPg0KICAgICAgICA8UXVlcnlTdHJpbmdQYXJhbWV0ZXIgTmFtZT0iRk9STSIgVmFsdWU9IklFU1M0QSIgUmVjb3JkZWRWYWx1ZT0iSUVTUzRBIiBDb3JyZWxhdGlvbkJpbmRpbmc9IiIgVXJsRW5jb2RlPSJGYWxzZSIgVXNlVG9Hcm91cFJlc3VsdHM9IkZhbHNlIiAvPg0KICAgICAgICA8UXVlcnlTdHJpbmdQYXJhbWV0ZXIgTmFtZT0ibWFya2V0IiBWYWx1ZT0iZW4tVVMiIFJlY29yZGVkVmFsdWU9ImVuLVVTIiBDb3JyZWxhdGlvbkJpbmRpbmc9IiIgVXJsRW5jb2RlPSJGYWxzZSIgVXNlVG9Hcm91cFJlc3VsdHM9IkZhbHNlIiAvPg0KICAgICAgPC9RdWVyeVN0cmluZ1BhcmFtZXRlcnM+DQogICAgPC9SZXF1ZXN0Pg0KICAgIDxSZXF1ZXN0IE1ldGhvZD0iR0VUIiBHdWlkPSJkYzJlYzllNi1lYTIwLTQxNTAtYjI4Ny1kNmI3N2QyNDM1MmYiIFZlcnNpb249IjEuMSIgVXJsPSJodHRwOi8vYXBpLmJpbmcuY29tL3FzbWwuYXNweCIgVGhpbmtUaW1lPSIwIiBUaW1lb3V0PSIzMDAiIFBhcnNlRGVwZW5kZW50UmVxdWVzdHM9IlRydWUiIEZvbGxvd1JlZGlyZWN0cz0iVHJ1ZSIgUmVjb3JkUmVzdWx0PSJUcnVlIiBDYWNoZT0iRmFsc2UiIFJlc3BvbnNlVGltZUdvYWw9IjAiIEVuY29kaW5nPSJ1dGYtOCIgRXhwZWN0ZWRIdHRwU3RhdHVzQ29kZT0iMCIgRXhwZWN0ZWRSZXNwb25zZVVybD0iaHR0cHM6Ly9hcGkuYmluZy5jb20vcXNtbC5hc3B4P3F1ZXJ5PW5VRSZhbXA7bWF4d2lkdGg9MzI3NjUmYW1wO3Jvd2hlaWdodD0yMCZhbXA7c2VjdGlvbkhlaWdodD0xNjAmYW1wO0ZPUk09SUVTUzRBJmFtcDttYXJrZXQ9ZW4tVVMiIFJlcG9ydGluZ05hbWU9IiIgSWdub3JlSHR0cFN0YXR1c0NvZGU9IkZhbHNlIj4NCiAgICAgIDxRdWVyeVN0cmluZ1BhcmFtZXRlcnM+DQogICAgICAgIDxRdWVyeVN0cmluZ1BhcmFtZXRlciBOYW1lPSJxdWVyeSIgVmFsdWU9Im5VRSIgUmVjb3JkZWRWYWx1ZT0iblVFIiBDb3JyZWxhdGlvbkJpbmRpbmc9IiIgVXJsRW5jb2RlPSJGYWxzZSIgVXNlVG9Hcm91cFJlc3VsdHM9IkZhbHNlIiAvPg0KICAgICAgICA8UXVlcnlTdHJpbmdQYXJhbWV0ZXIgTmFtZT0ibWF4d2lkdGgiIFZhbHVlPSIzMjc2NSIgUmVjb3JkZWRWYWx1ZT0iMzI3NjUiIENvcnJlbGF0aW9uQmluZGluZz0iIiBVcmxFbmNvZGU9IkZhbHNlIiBVc2VUb0dyb3VwUmVzdWx0cz0iRmFsc2UiIC8+DQogICAgICAgIDxRdWVyeVN0cmluZ1BhcmFtZXRlciBOYW1lPSJyb3doZWlnaHQiIFZhbHVlPSIyMCIgUmVjb3JkZWRWYWx1ZT0iMjAiIENvcnJlbGF0aW9uQmluZGluZz0iIiBVcmxFbmNvZGU9IkZhbHNlIiBVc2VUb0dyb3VwUmVzdWx0cz0iRmFsc2UiIC8+DQogICAgICAgIDxRdWVyeVN0cmluZ1BhcmFtZXRlciBOYW1lPSJzZWN0aW9uSGVpZ2h0IiBWYWx1ZT0iMTYwIiBSZWNvcmRlZFZhbHVlPSIxNjAiIENvcnJlbGF0aW9uQmluZGluZz0iIiBVcmxFbmNvZGU9IkZhbHNlIiBVc2VUb0dyb3VwUmVzdWx0cz0iRmFsc2UiIC8+DQogICAgICAgIDxRdWVyeVN0cmluZ1BhcmFtZXRlciBOYW1lPSJGT1JNIiBWYWx1ZT0iSUVTUzRBIiBSZWNvcmRlZFZhbHVlPSJJRVNTNEEiIENvcnJlbGF0aW9uQmluZGluZz0iIiBVcmxFbmNvZGU9IkZhbHNlIiBVc2VUb0dyb3VwUmVzdWx0cz0iRmFsc2UiIC8+DQogICAgICAgIDxRdWVyeVN0cmluZ1BhcmFtZXRlciBOYW1lPSJtYXJrZXQiIFZhbHVlPSJlbi1VUyIgUmVjb3JkZWRWYWx1ZT0iZW4tVVMiIENvcnJlbGF0aW9uQmluZGluZz0iIiBVcmxFbmNvZGU9IkZhbHNlIiBVc2VUb0dyb3VwUmVzdWx0cz0iRmFsc2UiIC8+DQogICAgICA8L1F1ZXJ5U3RyaW5nUGFyYW1ldGVycz4NCiAgICA8L1JlcXVlc3Q+DQogICAgPFJlcXVlc3QgTWV0aG9kPSJHRVQiIEd1aWQ9ImFlYzU4N2UxLTRkMTQtNDJmYS1hZmRmLTViMjhlODg5ZDc2MiIgVmVyc2lvbj0iMS4xIiBVcmw9Imh0dHA6Ly9hcGkuYmluZy5jb20vcXNtbC5hc3B4IiBUaGlua1RpbWU9IjAiIFRpbWVvdXQ9IjMwMCIgUGFyc2VEZXBlbmRlbnRSZXF1ZXN0cz0iVHJ1ZSIgRm9sbG93UmVkaXJlY3RzPSJUcnVlIiBSZWNvcmRSZXN1bHQ9IlRydWUiIENhY2hlPSJGYWxzZSIgUmVzcG9uc2VUaW1lR29hbD0iMCIgRW5jb2Rpbmc9InV0Zi04IiBFeHBlY3RlZEh0dHBTdGF0dXNDb2RlPSIwIiBFeHBlY3RlZFJlc3BvbnNlVXJsPSJodHRwczovL2FwaS5iaW5nLmNvbS9xc21sLmFzcHg/cXVlcnk9blVFViZhbXA7bWF4d2lkdGg9MzI3NjUmYW1wO3Jvd2hlaWdodD0yMCZhbXA7c2VjdGlvbkhlaWdodD0xNjAmYW1wO0ZPUk09SUVTUzRBJmFtcDttYXJrZXQ9ZW4tVVMiIFJlcG9ydGluZ05hbWU9IiIgSWdub3JlSHR0cFN0YXR1c0NvZGU9IkZhbHNlIj4NCiAgICAgIDxRdWVyeVN0cmluZ1BhcmFtZXRlcnM+DQogICAgICAgIDxRdWVyeVN0cmluZ1BhcmFtZXRlciBOYW1lPSJxdWVyeSIgVmFsdWU9Im5VRVYiIFJlY29yZGVkVmFsdWU9Im5VRVYiIENvcnJlbGF0aW9uQmluZGluZz0iIiBVcmxFbmNvZGU9IkZhbHNlIiBVc2VUb0dyb3VwUmVzdWx0cz0iRmFsc2UiIC8+DQogICAgICAgIDxRdWVyeVN0cmluZ1BhcmFtZXRlciBOYW1lPSJtYXh3aWR0aCIgVmFsdWU9IjMyNzY1IiBSZWNvcmRlZFZhbHVlPSIzMjc2NSIgQ29ycmVsYXRpb25CaW5kaW5nPSIiIFVybEVuY29kZT0iRmFsc2UiIFVzZVRvR3JvdXBSZXN1bHRzPSJGYWxzZSIgLz4NCiAgICAgICAgPFF1ZXJ5U3RyaW5nUGFyYW1ldGVyIE5hbWU9InJvd2hlaWdodCIgVmFsdWU9IjIwIiBSZWNvcmRlZFZhbHVlPSIyMCIgQ29ycmVsYXRpb25CaW5kaW5nPSIiIFVybEVuY29kZT0iRmFsc2UiIFVzZVRvR3JvdXBSZXN1bHRzPSJGYWxzZSIgLz4NCiAgICAgICAgPFF1ZXJ5U3RyaW5nUGFyYW1ldGVyIE5hbWU9InNlY3Rpb25IZWlnaHQiIFZhbHVlPSIxNjAiIFJlY29yZGVkVmFsdWU9IjE2MCIgQ29ycmVsYXRpb25CaW5kaW5nPSIiIFVybEVuY29kZT0iRmFsc2UiIFVzZVRvR3JvdXBSZXN1bHRzPSJGYWxzZSIgLz4NCiAgICAgICAgPFF1ZXJ5U3RyaW5nUGFyYW1ldGVyIE5hbWU9IkZPUk0iIFZhbHVlPSJJRVNTNEEiIFJlY29yZGVkVmFsdWU9IklFU1M0QSIgQ29ycmVsYXRpb25CaW5kaW5nPSIiIFVybEVuY29kZT0iRmFsc2UiIFVzZVRvR3JvdXBSZXN1bHRzPSJGYWxzZSIgLz4NCiAgICAgICAgPFF1ZXJ5U3RyaW5nUGFyYW1ldGVyIE5hbWU9Im1hcmtldCIgVmFsdWU9ImVuLVVTIiBSZWNvcmRlZFZhbHVlPSJlbi1VUyIgQ29ycmVsYXRpb25CaW5kaW5nPSIiIFVybEVuY29kZT0iRmFsc2UiIFVzZVRvR3JvdXBSZXN1bHRzPSJGYWxzZSIgLz4NCiAgICAgIDwvUXVlcnlTdHJpbmdQYXJhbWV0ZXJzPg0KICAgIDwvUmVxdWVzdD4NCiAgICA8UmVxdWVzdCBNZXRob2Q9IkdFVCIgR3VpZD0iOGExZGRhMTgtNzJiMy00ODZkLWFhMDQtYWNkZTIzOWUwZmZjIiBWZXJzaW9uPSIxLjEiIFVybD0iaHR0cDovL2FwaS5iaW5nLmNvbS9xc21sLmFzcHgiIFRoaW5rVGltZT0iMCIgVGltZW91dD0iMzAwIiBQYXJzZURlcGVuZGVudFJlcXVlc3RzPSJUcnVlIiBGb2xsb3dSZWRpcmVjdHM9IlRydWUiIFJlY29yZFJlc3VsdD0iVHJ1ZSIgQ2FjaGU9IkZhbHNlIiBSZXNwb25zZVRpbWVHb2FsPSIwIiBFbmNvZGluZz0idXRmLTgiIEV4cGVjdGVkSHR0cFN0YXR1c0NvZGU9IjAiIEV4cGVjdGVkUmVzcG9uc2VVcmw9Imh0dHBzOi8vYXBpLmJpbmcuY29tL3FzbWwuYXNweD9xdWVyeT1uVUVWTyZhbXA7bWF4d2lkdGg9MzI3NjUmYW1wO3Jvd2hlaWdodD0yMCZhbXA7c2VjdGlvbkhlaWdodD0xNjAmYW1wO0ZPUk09SUVTUzRBJmFtcDttYXJrZXQ9ZW4tVVMiIFJlcG9ydGluZ05hbWU9IiIgSWdub3JlSHR0cFN0YXR1c0NvZGU9IkZhbHNlIj4NCiAgICAgIDxRdWVyeVN0cmluZ1BhcmFtZXRlcnM+DQogICAgICAgIDxRdWVyeVN0cmluZ1BhcmFtZXRlciBOYW1lPSJxdWVyeSIgVmFsdWU9Im5VRVZPIiBSZWNvcmRlZFZhbHVlPSJuVUVWTyIgQ29ycmVsYXRpb25CaW5kaW5nPSIiIFVybEVuY29kZT0iRmFsc2UiIFVzZVRvR3JvdXBSZXN1bHRzPSJGYWxzZSIgLz4NCiAgICAgICAgPFF1ZXJ5U3RyaW5nUGFyYW1ldGVyIE5hbWU9Im1heHdpZHRoIiBWYWx1ZT0iMzI3NjUiIFJlY29yZGVkVmFsdWU9IjMyNzY1IiBDb3JyZWxhdGlvbkJpbmRpbmc9IiIgVXJsRW5jb2RlPSJGYWxzZSIgVXNlVG9Hcm91cFJlc3VsdHM9IkZhbHNlIiAvPg0KICAgICAgICA8UXVlcnlTdHJpbmdQYXJhbWV0ZXIgTmFtZT0icm93aGVpZ2h0IiBWYWx1ZT0iMjAiIFJlY29yZGVkVmFsdWU9IjIwIiBDb3JyZWxhdGlvbkJpbmRpbmc9IiIgVXJsRW5jb2RlPSJGYWxzZSIgVXNlVG9Hcm91cFJlc3VsdHM9IkZhbHNlIiAvPg0KICAgICAgICA8UXVlcnlTdHJpbmdQYXJhbWV0ZXIgTmFtZT0ic2VjdGlvbkhlaWdodCIgVmFsdWU9IjE2MCIgUmVjb3JkZWRWYWx1ZT0iMTYwIiBDb3JyZWxhdGlvbkJpbmRpbmc9IiIgVXJsRW5jb2RlPSJGYWxzZSIgVXNlVG9Hcm91cFJlc3VsdHM9IkZhbHNlIiAvPg0KICAgICAgICA8UXVlcnlTdHJpbmdQYXJhbWV0ZXIgTmFtZT0iRk9STSIgVmFsdWU9IklFU1M0QSIgUmVjb3JkZWRWYWx1ZT0iSUVTUzRBIiBDb3JyZWxhdGlvbkJpbmRpbmc9IiIgVXJsRW5jb2RlPSJGYWxzZSIgVXNlVG9Hcm91cFJlc3VsdHM9IkZhbHNlIiAvPg0KICAgICAgICA8UXVlcnlTdHJpbmdQYXJhbWV0ZXIgTmFtZT0ibWFya2V0IiBWYWx1ZT0iZW4tVVMiIFJlY29yZGVkVmFsdWU9ImVuLVVTIiBDb3JyZWxhdGlvbkJpbmRpbmc9IiIgVXJsRW5jb2RlPSJGYWxzZSIgVXNlVG9Hcm91cFJlc3VsdHM9IkZhbHNlIiAvPg0KICAgICAgPC9RdWVyeVN0cmluZ1BhcmFtZXRlcnM+DQogICAgPC9SZXF1ZXN0Pg0KICAgIDxSZXF1ZXN0IE1ldGhvZD0iR0VUIiBHdWlkPSJjZTk2MWFiYS0zZGMxLTQxODMtOWY0YS1jMzc4ZGNiMmNhMmMiIFZlcnNpb249IjEuMSIgVXJsPSJodHRwOi8vd3d3LmJpbmcuY29tL3NlYXJjaCIgVGhpbmtUaW1lPSIwIiBUaW1lb3V0PSIzMDAiIFBhcnNlRGVwZW5kZW50UmVxdWVzdHM9IlRydWUiIEZvbGxvd1JlZGlyZWN0cz0iVHJ1ZSIgUmVjb3JkUmVzdWx0PSJUcnVlIiBDYWNoZT0iRmFsc2UiIFJlc3BvbnNlVGltZUdvYWw9IjAiIEVuY29kaW5nPSJ1dGYtOCIgRXhwZWN0ZWRIdHRwU3RhdHVzQ29kZT0iMCIgRXhwZWN0ZWRSZXNwb25zZVVybD0iaHR0cHM6Ly93d3cuYmluZy5jb20vc2VhcmNoP3E9blVFVk8mYW1wO3NyYz1JRS1TZWFyY2hCb3gmYW1wO0ZPUk09SUVTUjRBIiBSZXBvcnRpbmdOYW1lPSIiIElnbm9yZUh0dHBTdGF0dXNDb2RlPSJGYWxzZSI+DQogICAgICA8RXh0cmFjdGlvblJ1bGVzPg0KICAgICAgICA8RXh0cmFjdGlvblJ1bGUgQ2xhc3NuYW1lPSJNaWNyb3NvZnQuVmlzdWFsU3R1ZGlvLlRlc3RUb29scy5XZWJUZXN0aW5nLlJ1bGVzLkV4dHJhY3RIaWRkZW5GaWVsZHMsIE1pY3Jvc29mdC5WaXN1YWxTdHVkaW8uUXVhbGl0eVRvb2xzLldlYlRlc3RGcmFtZXdvcmssIFZlcnNpb249MTAuMC4wLjAsIEN1bHR1cmU9bmV1dHJhbCwgUHVibGljS2V5VG9rZW49YjAzZjVmN2YxMWQ1MGEzYSIgVmFyaWFibGVOYW1lPSIxIiBEaXNwbGF5TmFtZT0iRXh0cmFjdCBIaWRkZW4gRmllbGRzIiBEZXNjcmlwdGlvbj0iRXh0cmFjdCBhbGwgaGlkZGVuIGZpZWxkcyBmcm9tIHRoZSByZXNwb25zZSBhbmQgcGxhY2UgdGhlbSBpbnRvIHRoZSB0ZXN0IGNvbnRleHQuIj4NCiAgICAgICAgICA8UnVsZVBhcmFtZXRlcnM+DQogICAgICAgICAgICA8UnVsZVBhcmFtZXRlciBOYW1lPSJSZXF1aXJlZCIgVmFsdWU9IlRydWUiIC8+DQogICAgICAgICAgICA8UnVsZVBhcmFtZXRlciBOYW1lPSJIdG1sRGVjb2RlIiBWYWx1ZT0iVHJ1ZSIgLz4NCiAgICAgICAgICA8L1J1bGVQYXJhbWV0ZXJzPg0KICAgICAgICA8L0V4dHJhY3Rpb25SdWxlPg0KICAgICAgICA8RXh0cmFjdGlvblJ1bGUgQ2xhc3NuYW1lPSJNaWNyb3NvZnQuVmlzdWFsU3R1ZGlvLlRlc3RUb29scy5XZWJUZXN0aW5nLlJ1bGVzLkV4dHJhY3RUZXh0LCBNaWNyb3NvZnQuVmlzdWFsU3R1ZGlvLlF1YWxpdHlUb29scy5XZWJUZXN0RnJhbWV3b3JrLCBWZXJzaW9uPTEwLjAuMC4wLCBDdWx0dXJlPW5ldXRyYWwsIFB1YmxpY0tleVRva2VuPWIwM2Y1ZjdmMTFkNTBhM2EiIFZhcmlhYmxlTmFtZT0iUXVlcnlTdHJpbmdQYXJhbTIzLklHIiBEaXNwbGF5TmFtZT0iRXh0cmFjdCBUZXh0IiBEZXNjcmlwdGlvbj0iRXh0cmFjdCB0ZXh0IGZyb20gdGhlIHJlc3BvbnNlIGFuZCBwbGFjZSBpdCBpbnRvIHRoZSB0ZXN0IGNvbnRleHQuIj4NCiAgICAgICAgICA8UnVsZVBhcmFtZXRlcnM+DQogICAgICAgICAgICA8UnVsZVBhcmFtZXRlciBOYW1lPSJTdGFydHNXaXRoIiBWYWx1ZT0iJmFtcDthbXA7SUc9IiAvPg0KICAgICAgICAgICAgPFJ1bGVQYXJhbWV0ZXIgTmFtZT0iRW5kc1dpdGgiIFZhbHVlPSImYW1wOyIgLz4NCiAgICAgICAgICAgIDxSdWxlUGFyYW1ldGVyIE5hbWU9IkluZGV4IiBWYWx1ZT0iMCIgLz4NCiAgICAgICAgICAgIDxSdWxlUGFyYW1ldGVyIE5hbWU9Iklnbm9yZUNhc2UiIFZhbHVlPSJGYWxzZSIgLz4NCiAgICAgICAgICAgIDxSdWxlUGFyYW1ldGVyIE5hbWU9IlVzZVJlZ3VsYXJFeHByZXNzaW9uIiBWYWx1ZT0iRmFsc2UiIC8+DQogICAgICAgICAgICA8UnVsZVBhcmFtZXRlciBOYW1lPSJIdG1sRGVjb2RlIiBWYWx1ZT0iVHJ1ZSIgLz4NCiAgICAgICAgICAgIDxSdWxlUGFyYW1ldGVyIE5hbWU9IlJlcXVpcmVkIiBWYWx1ZT0iRmFsc2UiIC8+DQogICAgICAgICAgPC9SdWxlUGFyYW1ldGVycz4NCiAgICAgICAgPC9FeHRyYWN0aW9uUnVsZT4NCiAgICAgICAgPEV4dHJhY3Rpb25SdWxlIENsYXNzbmFtZT0iTWljcm9zb2Z0LlZpc3VhbFN0dWRpby5UZXN0VG9vbHMuV2ViVGVzdGluZy5SdWxlcy5FeHRyYWN0VGV4dCwgTWljcm9zb2Z0LlZpc3VhbFN0dWRpby5RdWFsaXR5VG9vbHMuV2ViVGVzdEZyYW1ld29yaywgVmVyc2lvbj0xMC4wLjAuMCwgQ3VsdHVyZT1uZXV0cmFsLCBQdWJsaWNLZXlUb2tlbj1iMDNmNWY3ZjExZDUwYTNhIiBWYXJpYWJsZU5hbWU9IlF1ZXJ5U3RyaW5nUGFyYW0zNC5jdCIgRGlzcGxheU5hbWU9IkV4dHJhY3QgVGV4dCIgRGVzY3JpcHRpb249IkV4dHJhY3QgdGV4dCBmcm9tIHRoZSByZXNwb25zZSBhbmQgcGxhY2UgaXQgaW50byB0aGUgdGVzdCBjb250ZXh0LiI+DQogICAgICAgICAgPFJ1bGVQYXJhbWV0ZXJzPg0KICAgICAgICAgICAgPFJ1bGVQYXJhbWV0ZXIgTmFtZT0iU3RhcnRzV2l0aCIgVmFsdWU9Ilx1MDAyNmN0PSIgLz4NCiAgICAgICAgICAgIDxSdWxlUGFyYW1ldGVyIE5hbWU9IkVuZHNXaXRoIiBWYWx1ZT0iXCIgLz4NCiAgICAgICAgICAgIDxSdWxlUGFyYW1ldGVyIE5hbWU9IkluZGV4IiBWYWx1ZT0iMCIgLz4NCiAgICAgICAgICAgIDxSdWxlUGFyYW1ldGVyIE5hbWU9Iklnbm9yZUNhc2UiIFZhbHVlPSJGYWxzZSIgLz4NCiAgICAgICAgICAgIDxSdWxlUGFyYW1ldGVyIE5hbWU9IlVzZVJlZ3VsYXJFeHByZXNzaW9uIiBWYWx1ZT0iRmFsc2UiIC8+DQogICAgICAgICAgICA8UnVsZVBhcmFtZXRlciBOYW1lPSJIdG1sRGVjb2RlIiBWYWx1ZT0iVHJ1ZSIgLz4NCiAgICAgICAgICAgIDxSdWxlUGFyYW1ldGVyIE5hbWU9IlJlcXVpcmVkIiBWYWx1ZT0iRmFsc2UiIC8+DQogICAgICAgICAgPC9SdWxlUGFyYW1ldGVycz4NCiAgICAgICAgPC9FeHRyYWN0aW9uUnVsZT4NCiAgICAgICAgPEV4dHJhY3Rpb25SdWxlIENsYXNzbmFtZT0iTWljcm9zb2Z0LlZpc3VhbFN0dWRpby5UZXN0VG9vbHMuV2ViVGVzdGluZy5SdWxlcy5FeHRyYWN0VGV4dCwgTWljcm9zb2Z0LlZpc3VhbFN0dWRpby5RdWFsaXR5VG9vbHMuV2ViVGVzdEZyYW1ld29yaywgVmVyc2lvbj0xMC4wLjAuMCwgQ3VsdHVyZT1uZXV0cmFsLCBQdWJsaWNLZXlUb2tlbj1iMDNmNWY3ZjExZDUwYTNhIiBWYXJpYWJsZU5hbWU9IlF1ZXJ5U3RyaW5nUGFyYW0zNy53cmVwbHkiIERpc3BsYXlOYW1lPSJFeHRyYWN0IFRleHQiIERlc2NyaXB0aW9uPSJFeHRyYWN0IHRleHQgZnJvbSB0aGUgcmVzcG9uc2UgYW5kIHBsYWNlIGl0IGludG8gdGhlIHRlc3QgY29udGV4dC4iPg0KICAgICAgICAgIDxSdWxlUGFyYW1ldGVycz4NCiAgICAgICAgICAgIDxSdWxlUGFyYW1ldGVyIE5hbWU9IlN0YXJ0c1dpdGgiIFZhbHVlPSJcdTAwMjZ3cmVwbHk9IiAvPg0KICAgICAgICAgICAgPFJ1bGVQYXJhbWV0ZXIgTmFtZT0iRW5kc1dpdGgiIFZhbHVlPSJcIiAvPg0KICAgICAgICAgICAgPFJ1bGVQYXJhbWV0ZXIgTmFtZT0iSW5kZXgiIFZhbHVlPSIwIiAvPg0KICAgICAgICAgICAgPFJ1bGVQYXJhbWV0ZXIgTmFtZT0iSWdub3JlQ2FzZSIgVmFsdWU9IkZhbHNlIiAvPg0KICAgICAgICAgICAgPFJ1bGVQYXJhbWV0ZXIgTmFtZT0iVXNlUmVndWxhckV4cHJlc3Npb24iIFZhbHVlPSJGYWxzZSIgLz4NCiAgICAgICAgICAgIDxSdWxlUGFyYW1ldGVyIE5hbWU9Ikh0bWxEZWNvZGUiIFZhbHVlPSJUcnVlIiAvPg0KICAgICAgICAgICAgPFJ1bGVQYXJhbWV0ZXIgTmFtZT0iUmVxdWlyZWQiIFZhbHVlPSJGYWxzZSIgLz4NCiAgICAgICAgICA8L1J1bGVQYXJhbWV0ZXJzPg0KICAgICAgICA8L0V4dHJhY3Rpb25SdWxlPg0KICAgICAgPC9FeHRyYWN0aW9uUnVsZXM+DQogICAgICA8Q29ycmVsYXRpb25FeHRyYWN0aW9uUnVsZXM+DQogICAgICAgIDxFeHRyYWN0aW9uUnVsZSBDbGFzc25hbWU9Ik1pY3Jvc29mdC5WaXN1YWxTdHVkaW8uVGVzdFRvb2xzLldlYlRlc3RpbmcuUnVsZXMuRXh0cmFjdFRleHQsIE1pY3Jvc29mdC5WaXN1YWxTdHVkaW8uUXVhbGl0eVRvb2xzLldlYlRlc3RGcmFtZXdvcmssIFZlcnNpb249MTAuMC4wLjAsIEN1bHR1cmU9bmV1dHJhbCwgUHVibGljS2V5VG9rZW49YjAzZjVmN2YxMWQ1MGEzYSIgVmFyaWFibGVOYW1lPSJRdWVyeVN0cmluZ1BhcmFtMjQuVHlwZSIgRGlzcGxheU5hbWU9IiIgRGVzY3JpcHRpb249IiI+DQogICAgICAgICAgPFJ1bGVQYXJhbWV0ZXJzPg0KICAgICAgICAgICAgPFJ1bGVQYXJhbWV0ZXIgTmFtZT0iU3RhcnRzV2l0aCIgVmFsdWU9IiZhbXA7VHlwZT0iIC8+DQogICAgICAgICAgICA8UnVsZVBhcmFtZXRlciBOYW1lPSJFbmRzV2l0aCIgVmFsdWU9IiZhbXA7IiAvPg0KICAgICAgICAgICAgPFJ1bGVQYXJhbWV0ZXIgTmFtZT0iSW5kZXgiIFZhbHVlPSIzIiAvPg0KICAgICAgICAgICAgPFJ1bGVQYXJhbWV0ZXIgTmFtZT0iSWdub3JlQ2FzZSIgVmFsdWU9IkZhbHNlIiAvPg0KICAgICAgICAgICAgPFJ1bGVQYXJhbWV0ZXIgTmFtZT0iVXNlUmVndWxhckV4cHJlc3Npb24iIFZhbHVlPSJGYWxzZSIgLz4NCiAgICAgICAgICAgIDxSdWxlUGFyYW1ldGVyIE5hbWU9Ikh0bWxEZWNvZGUiIFZhbHVlPSJUcnVlIiAvPg0KICAgICAgICAgICAgPFJ1bGVQYXJhbWV0ZXIgTmFtZT0iUmVxdWlyZWQiIFZhbHVlPSJGYWxzZSIgLz4NCiAgICAgICAgICA8L1J1bGVQYXJhbWV0ZXJzPg0KICAgICAgICA8L0V4dHJhY3Rpb25SdWxlPg0KICAgICAgICA8RXh0cmFjdGlvblJ1bGUgQ2xhc3NuYW1lPSJNaWNyb3NvZnQuVmlzdWFsU3R1ZGlvLlRlc3RUb29scy5XZWJUZXN0aW5nLlJ1bGVzLkV4dHJhY3RUZXh0LCBNaWNyb3NvZnQuVmlzdWFsU3R1ZGlvLlF1YWxpdHlUb29scy5XZWJUZXN0RnJhbWV3b3JrLCBWZXJzaW9uPTEwLjAuMC4wLCBDdWx0dXJlPW5ldXRyYWwsIFB1YmxpY0tleVRva2VuPWIwM2Y1ZjdmMTFkNTBhM2EiIFZhcmlhYmxlTmFtZT0iUXVlcnlTdHJpbmdQYXJhbTMxLnVwZGF0ZSIgRGlzcGxheU5hbWU9IiIgRGVzY3JpcHRpb249IiI+DQogICAgICAgICAgPFJ1bGVQYXJhbWV0ZXJzPg0KICAgICAgICAgICAgPFJ1bGVQYXJhbWV0ZXIgTmFtZT0iU3RhcnRzV2l0aCIgVmFsdWU9Ij91cGRhdGU9IiAvPg0KICAgICAgICAgICAgPFJ1bGVQYXJhbWV0ZXIgTmFtZT0iRW5kc1dpdGgiIFZhbHVlPSImcXVvdDsiIC8+DQogICAgICAgICAgICA8UnVsZVBhcmFtZXRlciBOYW1lPSJJbmRleCIgVmFsdWU9IjAiIC8+DQogICAgICAgICAgICA8UnVsZVBhcmFtZXRlciBOYW1lPSJJZ25vcmVDYXNlIiBWYWx1ZT0iRmFsc2UiIC8+DQogICAgICAgICAgICA8UnVsZVBhcmFtZXRlciBOYW1lPSJVc2VSZWd1bGFyRXhwcmVzc2lvbiIgVmFsdWU9IkZhbHNlIiAvPg0KICAgICAgICAgICAgPFJ1bGVQYXJhbWV0ZXIgTmFtZT0iSHRtbERlY29kZSIgVmFsdWU9IlRydWUiIC8+DQogICAgICAgICAgICA8UnVsZVBhcmFtZXRlciBOYW1lPSJSZXF1aXJlZCIgVmFsdWU9IkZhbHNlIiAvPg0KICAgICAgICAgIDwvUnVsZVBhcmFtZXRlcnM+DQogICAgICAgIDwvRXh0cmFjdGlvblJ1bGU+DQogICAgICAgIDxFeHRyYWN0aW9uUnVsZSBDbGFzc25hbWU9Ik1pY3Jvc29mdC5WaXN1YWxTdHVkaW8uVGVzdFRvb2xzLldlYlRlc3RpbmcuUnVsZXMuRXh0cmFjdFRleHQsIE1pY3Jvc29mdC5WaXN1YWxTdHVkaW8uUXVhbGl0eVRvb2xzLldlYlRlc3RGcmFtZXdvcmssIFZlcnNpb249MTAuMC4wLjAsIEN1bHR1cmU9bmV1dHJhbCwgUHVibGljS2V5VG9rZW49YjAzZjVmN2YxMWQ1MGEzYSIgVmFyaWFibGVOYW1lPSJRdWVyeVN0cmluZ1BhcmFtMzIud2EiIERpc3BsYXlOYW1lPSIiIERlc2NyaXB0aW9uPSIiPg0KICAgICAgICAgIDxSdWxlUGFyYW1ldGVycz4NCiAgICAgICAgICAgIDxSdWxlUGFyYW1ldGVyIE5hbWU9IlN0YXJ0c1dpdGgiIFZhbHVlPSI/d2E9IiAvPg0KICAgICAgICAgICAgPFJ1bGVQYXJhbWV0ZXIgTmFtZT0iRW5kc1dpdGgiIFZhbHVlPSJcIiAvPg0KICAgICAgICAgICAgPFJ1bGVQYXJhbWV0ZXIgTmFtZT0iSW5kZXgiIFZhbHVlPSIwIiAvPg0KICAgICAgICAgICAgPFJ1bGVQYXJhbWV0ZXIgTmFtZT0iSWdub3JlQ2FzZSIgVmFsdWU9IkZhbHNlIiAvPg0KICAgICAgICAgICAgPFJ1bGVQYXJhbWV0ZXIgTmFtZT0iVXNlUmVndWxhckV4cHJlc3Npb24iIFZhbHVlPSJGYWxzZSIgLz4NCiAgICAgICAgICAgIDxSdWxlUGFyYW1ldGVyIE5hbWU9Ikh0bWxEZWNvZGUiIFZhbHVlPSJUcnVlIiAvPg0KICAgICAgICAgICAgPFJ1bGVQYXJhbWV0ZXIgTmFtZT0iUmVxdWlyZWQiIFZhbHVlPSJGYWxzZSIgLz4NCiAgICAgICAgICA8L1J1bGVQYXJhbWV0ZXJzPg0KICAgICAgICA8L0V4dHJhY3Rpb25SdWxlPg0KICAgICAgICA8RXh0cmFjdGlvblJ1bGUgQ2xhc3NuYW1lPSJNaWNyb3NvZnQuVmlzdWFsU3R1ZGlvLlRlc3RUb29scy5XZWJUZXN0aW5nLlJ1bGVzLkV4dHJhY3RUZXh0LCBNaWNyb3NvZnQuVmlzdWFsU3R1ZGlvLlF1YWxpdHlUb29scy5XZWJUZXN0RnJhbWV3b3JrLCBWZXJzaW9uPTEwLjAuMC4wLCBDdWx0dXJlPW5ldXRyYWwsIFB1YmxpY0tleVRva2VuPWIwM2Y1ZjdmMTFkNTBhM2EiIFZhcmlhYmxlTmFtZT0iUXVlcnlTdHJpbmdQYXJhbTMzLnJwc252IiBEaXNwbGF5TmFtZT0iIiBEZXNjcmlwdGlvbj0iIj4NCiAgICAgICAgICA8UnVsZVBhcmFtZXRlcnM+DQogICAgICAgICAgICA8UnVsZVBhcmFtZXRlciBOYW1lPSJTdGFydHNXaXRoIiBWYWx1ZT0iXHUwMDI2cnBzbnY9IiAvPg0KICAgICAgICAgICAgPFJ1bGVQYXJhbWV0ZXIgTmFtZT0iRW5kc1dpdGgiIFZhbHVlPSJcIiAvPg0KICAgICAgICAgICAgPFJ1bGVQYXJhbWV0ZXIgTmFtZT0iSW5kZXgiIFZhbHVlPSIwIiAvPg0KICAgICAgICAgICAgPFJ1bGVQYXJhbWV0ZXIgTmFtZT0iSWdub3JlQ2FzZSIgVmFsdWU9IkZhbHNlIiAvPg0KICAgICAgICAgICAgPFJ1bGVQYXJhbWV0ZXIgTmFtZT0iVXNlUmVndWxhckV4cHJlc3Npb24iIFZhbHVlPSJGYWxzZSIgLz4NCiAgICAgICAgICAgIDxSdWxlUGFyYW1ldGVyIE5hbWU9Ikh0bWxEZWNvZGUiIFZhbHVlPSJUcnVlIiAvPg0KICAgICAgICAgICAgPFJ1bGVQYXJhbWV0ZXIgTmFtZT0iUmVxdWlyZWQiIFZhbHVlPSJGYWxzZSIgLz4NCiAgICAgICAgICA8L1J1bGVQYXJhbWV0ZXJzPg0KICAgICAgICA8L0V4dHJhY3Rpb25SdWxlPg0KICAgICAgICA8RXh0cmFjdGlvblJ1bGUgQ2xhc3NuYW1lPSJNaWNyb3NvZnQuVmlzdWFsU3R1ZGlvLlRlc3RUb29scy5XZWJUZXN0aW5nLlJ1bGVzLkV4dHJhY3RUZXh0LCBNaWNyb3NvZnQuVmlzdWFsU3R1ZGlvLlF1YWxpdHlUb29scy5XZWJUZXN0RnJhbWV3b3JrLCBWZXJzaW9uPTEwLjAuMC4wLCBDdWx0dXJlPW5ldXRyYWwsIFB1YmxpY0tleVRva2VuPWIwM2Y1ZjdmMTFkNTBhM2EiIFZhcmlhYmxlTmFtZT0iUXVlcnlTdHJpbmdQYXJhbTM1LnJ2ZXIiIERpc3BsYXlOYW1lPSIiIERlc2NyaXB0aW9uPSIiPg0KICAgICAgICAgIDxSdWxlUGFyYW1ldGVycz4NCiAgICAgICAgICAgIDxSdWxlUGFyYW1ldGVyIE5hbWU9IlN0YXJ0c1dpdGgiIFZhbHVlPSJcdTAwMjZydmVyPSIgLz4NCiAgICAgICAgICAgIDxSdWxlUGFyYW1ldGVyIE5hbWU9IkVuZHNXaXRoIiBWYWx1ZT0iXCIgLz4NCiAgICAgICAgICAgIDxSdWxlUGFyYW1ldGVyIE5hbWU9IkluZGV4IiBWYWx1ZT0iMCIgLz4NCiAgICAgICAgICAgIDxSdWxlUGFyYW1ldGVyIE5hbWU9Iklnbm9yZUNhc2UiIFZhbHVlPSJGYWxzZSIgLz4NCiAgICAgICAgICAgIDxSdWxlUGFyYW1ldGVyIE5hbWU9IlVzZVJlZ3VsYXJFeHByZXNzaW9uIiBWYWx1ZT0iRmFsc2UiIC8+DQogICAgICAgICAgICA8UnVsZVBhcmFtZXRlciBOYW1lPSJIdG1sRGVjb2RlIiBWYWx1ZT0iVHJ1ZSIgLz4NCiAgICAgICAgICAgIDxSdWxlUGFyYW1ldGVyIE5hbWU9IlJlcXVpcmVkIiBWYWx1ZT0iRmFsc2UiIC8+DQogICAgICAgICAgPC9SdWxlUGFyYW1ldGVycz4NCiAgICAgICAgPC9FeHRyYWN0aW9uUnVsZT4NCiAgICAgICAgPEV4dHJhY3Rpb25SdWxlIENsYXNzbmFtZT0iTWljcm9zb2Z0LlZpc3VhbFN0dWRpby5UZXN0VG9vbHMuV2ViVGVzdGluZy5SdWxlcy5FeHRyYWN0VGV4dCwgTWljcm9zb2Z0LlZpc3VhbFN0dWRpby5RdWFsaXR5VG9vbHMuV2ViVGVzdEZyYW1ld29yaywgVmVyc2lvbj0xMC4wLjAuMCwgQ3VsdHVyZT1uZXV0cmFsLCBQdWJsaWNLZXlUb2tlbj1iMDNmNWY3ZjExZDUwYTNhIiBWYXJpYWJsZU5hbWU9IlF1ZXJ5U3RyaW5nUGFyYW0zNi53cCIgRGlzcGxheU5hbWU9IiIgRGVzY3JpcHRpb249IiI+DQogICAgICAgICAgPFJ1bGVQYXJhbWV0ZXJzPg0KICAgICAgICAgICAgPFJ1bGVQYXJhbWV0ZXIgTmFtZT0iU3RhcnRzV2l0aCIgVmFsdWU9Ilx1MDAyNndwPSIgLz4NCiAgICAgICAgICAgIDxSdWxlUGFyYW1ldGVyIE5hbWU9IkVuZHNXaXRoIiBWYWx1ZT0iXCIgLz4NCiAgICAgICAgICAgIDxSdWxlUGFyYW1ldGVyIE5hbWU9IkluZGV4IiBWYWx1ZT0iMCIgLz4NCiAgICAgICAgICAgIDxSdWxlUGFyYW1ldGVyIE5hbWU9Iklnbm9yZUNhc2UiIFZhbHVlPSJGYWxzZSIgLz4NCiAgICAgICAgICAgIDxSdWxlUGFyYW1ldGVyIE5hbWU9IlVzZVJlZ3VsYXJFeHByZXNzaW9uIiBWYWx1ZT0iRmFsc2UiIC8+DQogICAgICAgICAgICA8UnVsZVBhcmFtZXRlciBOYW1lPSJIdG1sRGVjb2RlIiBWYWx1ZT0iVHJ1ZSIgLz4NCiAgICAgICAgICAgIDxSdWxlUGFyYW1ldGVyIE5hbWU9IlJlcXVpcmVkIiBWYWx1ZT0iRmFsc2UiIC8+DQogICAgICAgICAgPC9SdWxlUGFyYW1ldGVycz4NCiAgICAgICAgPC9FeHRyYWN0aW9uUnVsZT4NCiAgICAgICAgPEV4dHJhY3Rpb25SdWxlIENsYXNzbmFtZT0iTWljcm9zb2Z0LlZpc3VhbFN0dWRpby5UZXN0VG9vbHMuV2ViVGVzdGluZy5SdWxlcy5FeHRyYWN0VGV4dCwgTWljcm9zb2Z0LlZpc3VhbFN0dWRpby5RdWFsaXR5VG9vbHMuV2ViVGVzdEZyYW1ld29yaywgVmVyc2lvbj0xMC4wLjAuMCwgQ3VsdHVyZT1uZXV0cmFsLCBQdWJsaWNLZXlUb2tlbj1iMDNmNWY3ZjExZDUwYTNhIiBWYXJpYWJsZU5hbWU9IlF1ZXJ5U3RyaW5nUGFyYW0zOC5sYyIgRGlzcGxheU5hbWU9IiIgRGVzY3JpcHRpb249IiI+DQogICAgICAgICAgPFJ1bGVQYXJhbWV0ZXJzPg0KICAgICAgICAgICAgPFJ1bGVQYXJhbWV0ZXIgTmFtZT0iU3RhcnRzV2l0aCIgVmFsdWU9Ilx1MDAyNmxjPSIgLz4NCiAgICAgICAgICAgIDxSdWxlUGFyYW1ldGVyIE5hbWU9IkVuZHNXaXRoIiBWYWx1ZT0iXCIgLz4NCiAgICAgICAgICAgIDxSdWxlUGFyYW1ldGVyIE5hbWU9IkluZGV4IiBWYWx1ZT0iMCIgLz4NCiAgICAgICAgICAgIDxSdWxlUGFyYW1ldGVyIE5hbWU9Iklnbm9yZUNhc2UiIFZhbHVlPSJGYWxzZSIgLz4NCiAgICAgICAgICAgIDxSdWxlUGFyYW1ldGVyIE5hbWU9IlVzZVJlZ3VsYXJFeHByZXNzaW9uIiBWYWx1ZT0iRmFsc2UiIC8+DQogICAgICAgICAgICA8UnVsZVBhcmFtZXRlciBOYW1lPSJIdG1sRGVjb2RlIiBWYWx1ZT0iVHJ1ZSIgLz4NCiAgICAgICAgICAgIDxSdWxlUGFyYW1ldGVyIE5hbWU9IlJlcXVpcmVkIiBWYWx1ZT0iRmFsc2UiIC8+DQogICAgICAgICAgPC9SdWxlUGFyYW1ldGVycz4NCiAgICAgICAgPC9FeHRyYWN0aW9uUnVsZT4NCiAgICAgICAgPEV4dHJhY3Rpb25SdWxlIENsYXNzbmFtZT0iTWljcm9zb2Z0LlZpc3VhbFN0dWRpby5UZXN0VG9vbHMuV2ViVGVzdGluZy5SdWxlcy5FeHRyYWN0VGV4dCwgTWljcm9zb2Z0LlZpc3VhbFN0dWRpby5RdWFsaXR5VG9vbHMuV2ViVGVzdEZyYW1ld29yaywgVmVyc2lvbj0xMC4wLjAuMCwgQ3VsdHVyZT1uZXV0cmFsLCBQdWJsaWNLZXlUb2tlbj1iMDNmNWY3ZjExZDUwYTNhIiBWYXJpYWJsZU5hbWU9IlF1ZXJ5U3RyaW5nUGFyYW0zOS5pZCIgRGlzcGxheU5hbWU9IiIgRGVzY3JpcHRpb249IiI+DQogICAgICAgICAgPFJ1bGVQYXJhbWV0ZXJzPg0KICAgICAgICAgICAgPFJ1bGVQYXJhbWV0ZXIgTmFtZT0iU3RhcnRzV2l0aCIgVmFsdWU9Ilx1MDAyNmlkPSIgLz4NCiAgICAgICAgICAgIDxSdWxlUGFyYW1ldGVyIE5hbWU9IkVuZHNXaXRoIiBWYWx1ZT0iJnF1b3Q7IiAvPg0KICAgICAgICAgICAgPFJ1bGVQYXJhbWV0ZXIgTmFtZT0iSW5kZXgiIFZhbHVlPSIwIiAvPg0KICAgICAgICAgICAgPFJ1bGVQYXJhbWV0ZXIgTmFtZT0iSWdub3JlQ2FzZSIgVmFsdWU9IkZhbHNlIiAvPg0KICAgICAgICAgICAgPFJ1bGVQYXJhbWV0ZXIgTmFtZT0iVXNlUmVndWxhckV4cHJlc3Npb24iIFZhbHVlPSJGYWxzZSIgLz4NCiAgICAgICAgICAgIDxSdWxlUGFyYW1ldGVyIE5hbWU9Ikh0bWxEZWNvZGUiIFZhbHVlPSJUcnVlIiAvPg0KICAgICAgICAgICAgPFJ1bGVQYXJhbWV0ZXIgTmFtZT0iUmVxdWlyZWQiIFZhbHVlPSJGYWxzZSIgLz4NCiAgICAgICAgICA8L1J1bGVQYXJhbWV0ZXJzPg0KICAgICAgICA8L0V4dHJhY3Rpb25SdWxlPg0KICAgICAgICA8RXh0cmFjdGlvblJ1bGUgQ2xhc3NuYW1lPSJNaWNyb3NvZnQuVmlzdWFsU3R1ZGlvLlRlc3RUb29scy5XZWJUZXN0aW5nLlJ1bGVzLkV4dHJhY3RUZXh0LCBNaWNyb3NvZnQuVmlzdWFsU3R1ZGlvLlF1YWxpdHlUb29scy5XZWJUZXN0RnJhbWV3b3JrLCBWZXJzaW9uPTEwLjAuMC4wLCBDdWx0dXJlPW5ldXRyYWwsIFB1YmxpY0tleVRva2VuPWIwM2Y1ZjdmMTFkNTBhM2EiIFZhcmlhYmxlTmFtZT0iUXVlcnlTdHJpbmdQYXJhbTQwLmNoZWNrZGEiIERpc3BsYXlOYW1lPSIiIERlc2NyaXB0aW9uPSIiPg0KICAgICAgICAgIDxSdWxlUGFyYW1ldGVycz4NCiAgICAgICAgICAgIDxSdWxlUGFyYW1ldGVyIE5hbWU9IlN0YXJ0c1dpdGgiIFZhbHVlPSImYW1wO2NoZWNrZGE9IiAvPg0KICAgICAgICAgICAgPFJ1bGVQYXJhbWV0ZXIgTmFtZT0iRW5kc1dpdGgiIFZhbHVlPSImcXVvdDsiIC8+DQogICAgICAgICAgICA8UnVsZVBhcmFtZXRlciBOYW1lPSJJbmRleCIgVmFsdWU9IjAiIC8+DQogICAgICAgICAgICA8UnVsZVBhcmFtZXRlciBOYW1lPSJJZ25vcmVDYXNlIiBWYWx1ZT0iRmFsc2UiIC8+DQogICAgICAgICAgICA8UnVsZVBhcmFtZXRlciBOYW1lPSJVc2VSZWd1bGFyRXhwcmVzc2lvbiIgVmFsdWU9IkZhbHNlIiAvPg0KICAgICAgICAgICAgPFJ1bGVQYXJhbWV0ZXIgTmFtZT0iSHRtbERlY29kZSIgVmFsdWU9IlRydWUiIC8+DQogICAgICAgICAgICA8UnVsZVBhcmFtZXRlciBOYW1lPSJSZXF1aXJlZCIgVmFsdWU9IkZhbHNlIiAvPg0KICAgICAgICAgIDwvUnVsZVBhcmFtZXRlcnM+DQogICAgICAgIDwvRXh0cmFjdGlvblJ1bGU+DQogICAgICA8L0NvcnJlbGF0aW9uRXh0cmFjdGlvblJ1bGVzPg0KICAgICAgPFF1ZXJ5U3RyaW5nUGFyYW1ldGVycz4NCiAgICAgICAgPFF1ZXJ5U3RyaW5nUGFyYW1ldGVyIE5hbWU9InEiIFZhbHVlPSJuVUVWTyIgUmVjb3JkZWRWYWx1ZT0iblVFVk8iIENvcnJlbGF0aW9uQmluZGluZz0iIiBVcmxFbmNvZGU9IkZhbHNlIiBVc2VUb0dyb3VwUmVzdWx0cz0iRmFsc2UiIC8+DQogICAgICAgIDxRdWVyeVN0cmluZ1BhcmFtZXRlciBOYW1lPSJzcmMiIFZhbHVlPSJJRS1TZWFyY2hCb3giIFJlY29yZGVkVmFsdWU9IklFLVNlYXJjaEJveCIgQ29ycmVsYXRpb25CaW5kaW5nPSIiIFVybEVuY29kZT0iRmFsc2UiIFVzZVRvR3JvdXBSZXN1bHRzPSJGYWxzZSIgLz4NCiAgICAgICAgPFF1ZXJ5U3RyaW5nUGFyYW1ldGVyIE5hbWU9IkZPUk0iIFZhbHVlPSJJRVNSNEEiIFJlY29yZGVkVmFsdWU9IklFU1I0QSIgQ29ycmVsYXRpb25CaW5kaW5nPSIiIFVybEVuY29kZT0iRmFsc2UiIFVzZVRvR3JvdXBSZXN1bHRzPSJGYWxzZSIgLz4NCiAgICAgIDwvUXVlcnlTdHJpbmdQYXJhbWV0ZXJzPg0KICAgIDwvUmVxdWVzdD4NCiAgICA8UmVxdWVzdCBNZXRob2Q9IkdFVCIgR3VpZD0iNGNjOWVhYzYtOGE5Yy00N2QxLThjNTUtOGM5MThlMDA0YWI2IiBWZXJzaW9uPSIxLjEiIFVybD0iaHR0cHM6Ly93d3cuYmluZy5jb20vZmQvbHMvbCIgVGhpbmtUaW1lPSIwIiBUaW1lb3V0PSIzMDAiIFBhcnNlRGVwZW5kZW50UmVxdWVzdHM9IlRydWUiIEZvbGxvd1JlZGlyZWN0cz0iVHJ1ZSIgUmVjb3JkUmVzdWx0PSJUcnVlIiBDYWNoZT0iRmFsc2UiIFJlc3BvbnNlVGltZUdvYWw9IjAiIEVuY29kaW5nPSJ1dGYtOCIgRXhwZWN0ZWRIdHRwU3RhdHVzQ29kZT0iMCIgRXhwZWN0ZWRSZXNwb25zZVVybD0iIiBSZXBvcnRpbmdOYW1lPSIiIElnbm9yZUh0dHBTdGF0dXNDb2RlPSJGYWxzZSI+DQogICAgICA8SGVhZGVycz4NCiAgICAgICAgPEhlYWRlciBOYW1lPSJSZWZlcmVyIiBWYWx1ZT0iaHR0cHM6Ly93d3cuYmluZy5jb20vIiAvPg0KICAgICAgPC9IZWFkZXJzPg0KICAgICAgPFF1ZXJ5U3RyaW5nUGFyYW1ldGVycz4NCiAgICAgICAgPFF1ZXJ5U3RyaW5nUGFyYW1ldGVyIE5hbWU9IklHIiBWYWx1ZT0ie3tRdWVyeVN0cmluZ1BhcmFtMjMuSUd9fSIgUmVjb3JkZWRWYWx1ZT0iREM3QkU5RkIwRkJFNEUzOUEzRDIzQzc1RUE1RkRBQ0MiIENvcnJlbGF0aW9uQmluZGluZz0ie3tRdWVyeVN0cmluZ1BhcmFtMjMuSUd9fSIgVXJsRW5jb2RlPSJGYWxzZSIgVXNlVG9Hcm91cFJlc3VsdHM9IkZhbHNlIiAvPg0KICAgICAgICA8UXVlcnlTdHJpbmdQYXJhbWV0ZXIgTmFtZT0iVHlwZSIgVmFsdWU9IkV2ZW50LkNQVCIgUmVjb3JkZWRWYWx1ZT0iRXZlbnQuQ1BUIiBDb3JyZWxhdGlvbkJpbmRpbmc9Int7UXVlcnlTdHJpbmdQYXJhbTI0LlR5cGV9fSIgVXJsRW5jb2RlPSJGYWxzZSIgVXNlVG9Hcm91cFJlc3VsdHM9IkZhbHNlIiAvPg0KICAgICAgICA8UXVlcnlTdHJpbmdQYXJhbWV0ZXIgTmFtZT0iREFUQSIgVmFsdWU9InslMjJwcCUyMjp7JTIyUyUyMjolMjJMJTIyLCUyMkZDJTIyOjEwOCwlMjJCQyUyMjoxNjgsJTIyU0UlMjI6LTEsJTIyVEMlMjI6LTEsJTIySCUyMjoyMDAsJTIyQlAlMjI6Mzk3LCUyMkNUJTIyOjQwNCwlMjJJTCUyMjoyfSwlMjJhZCUyMjpbLTEsLTEsMTE2MSw3ODIsMTE2MSwxNDQ0LDY4XX0iIFJlY29yZGVkVmFsdWU9InslMjJwcCUyMjp7JTIyUyUyMjolMjJMJTIyLCUyMkZDJTIyOjEwOCwlMjJCQyUyMjoxNjgsJTIyU0UlMjI6LTEsJTIyVEMlMjI6LTEsJTIySCUyMjoyMDAsJTIyQlAlMjI6Mzk3LCUyMkNUJTIyOjQwNCwlMjJJTCUyMjoyfSwlMjJhZCUyMjpbLTEsLTEsMTE2MSw3ODIsMTE2MSwxNDQ0LDY4XX0iIENvcnJlbGF0aW9uQmluZGluZz0iIiBVcmxFbmNvZGU9IkZhbHNlIiBVc2VUb0dyb3VwUmVzdWx0cz0iRmFsc2UiIC8+DQogICAgICAgIDxRdWVyeVN0cmluZ1BhcmFtZXRlciBOYW1lPSJQIiBWYWx1ZT0iU0VSUCIgUmVjb3JkZWRWYWx1ZT0iU0VSUCIgQ29ycmVsYXRpb25CaW5kaW5nPSIiIFVybEVuY29kZT0iRmFsc2UiIFVzZVRvR3JvdXBSZXN1bHRzPSJGYWxzZSIgLz4NCiAgICAgICAgPFF1ZXJ5U3RyaW5nUGFyYW1ldGVyIE5hbWU9IkRBIiBWYWx1ZT0iSEsyIiBSZWNvcmRlZFZhbHVlPSJISzIiIENvcnJlbGF0aW9uQmluZGluZz0iIiBVcmxFbmNvZGU9IkZhbHNlIiBVc2VUb0dyb3VwUmVzdWx0cz0iRmFsc2UiIC8+DQogICAgICA8L1F1ZXJ5U3RyaW5nUGFyYW1ldGVycz4NCiAgICA8L1JlcXVlc3Q+DQogICAgPFJlcXVlc3QgTWV0aG9kPSJQT1NUIiBHdWlkPSJiYWU4ZTY3My01MDQ5LTQ1OTgtYjA3MS02MzA2ZGFhNzMwYmQiIFZlcnNpb249IjEuMSIgVXJsPSJodHRwczovL3d3dy5iaW5nLmNvbS9mZC9scy9sc3AuYXNweCIgVGhpbmtUaW1lPSIwIiBUaW1lb3V0PSIzMDAiIFBhcnNlRGVwZW5kZW50UmVxdWVzdHM9IlRydWUiIEZvbGxvd1JlZGlyZWN0cz0iVHJ1ZSIgUmVjb3JkUmVzdWx0PSJUcnVlIiBDYWNoZT0iRmFsc2UiIFJlc3BvbnNlVGltZUdvYWw9IjAiIEVuY29kaW5nPSJ1dGYtOCIgRXhwZWN0ZWRIdHRwU3RhdHVzQ29kZT0iMCIgRXhwZWN0ZWRSZXNwb25zZVVybD0iIiBSZXBvcnRpbmdOYW1lPSIiIElnbm9yZUh0dHBTdGF0dXNDb2RlPSJGYWxzZSI+DQogICAgICA8SGVhZGVycz4NCiAgICAgICAgPEhlYWRlciBOYW1lPSJSZWZlcmVyIiBWYWx1ZT0iaHR0cHM6Ly93d3cuYmluZy5jb20vIiAvPg0KICAgICAgPC9IZWFkZXJzPg0KICAgICAgPFF1ZXJ5U3RyaW5nUGFyYW1ldGVycz4NCiAgICAgICAgPFF1ZXJ5U3RyaW5nUGFyYW1ldGVyIE5hbWU9IiIgVmFsdWU9IiIgUmVjb3JkZWRWYWx1ZT0iIiBDb3JyZWxhdGlvbkJpbmRpbmc9IiIgVXJsRW5jb2RlPSJGYWxzZSIgVXNlVG9Hcm91cFJlc3VsdHM9IkZhbHNlIiAvPg0KICAgICAgPC9RdWVyeVN0cmluZ1BhcmFtZXRlcnM+DQogICAgICA8U3RyaW5nSHR0cEJvZHkgQ29udGVudFR5cGU9InRleHQveG1sIiBJbnNlcnRCeXRlT3JkZXJNYXJrPSJGYWxzZSI+UEFCREFHd0FhUUJsQUc0QWRBQkpBRzRBY3dCMEFGSUFaUUJ4QUhVQVpRQnpBSFFBUGdBOEFFVUFkZ0JsQUc0QWRBQnpBRDRBUEFCRkFENEFQQUJVQUQ0QVJRQjJBR1VBYmdCMEFDNEFRd0JzQUdrQVpRQnVBSFFBU1FCdUFITUFkQUE4QUM4QVZBQStBRHdBU1FCSEFENEFSQUJEQURjQVFnQkZBRGtBUmdCQ0FEQUFSZ0JDQUVVQU5BQkZBRE1BT1FCQkFETUFSQUF5QURNQVF3QTNBRFVBUlFCQkFEVUFSZ0JFQUVFQVF3QkRBRHdBTHdCSkFFY0FQZ0E4QUZRQVV3QStBREVBTlFBeEFEa0FPQUF5QURjQU9RQTFBRFFBT0FBM0FEVUFQQUF2QUZRQVV3QStBRHdBUkFBK0FEd0FJUUJiQUVNQVJBQkJBRlFBUVFCYkFIc0FhUUJrQURvQU1RQXlBRE1BTUFBc0FGQUFPZ0FpQURjQU9nQmxBR1VBTEFBMUFEb0FaUUJsQUN3QU1RQTFBRG9BY1FCcEFDd0FNUUEwQURvQWJnQjJBQ3dBTVFBekFEb0FiZ0IyQUN3QU1RQXlBRG9BYmdCMkFDd0FNUUF4QURvQVpRQm5BQ3dBTkFBNkFHVUFaUUFzQURNQU9nQmxBR1VBTEFBeUFEb0FaUUJsQUN3QU1RQTNBRG9BZEFCaEFDd0FNUUEyQURvQWRBQTVBQ3dBTWdBMEFEb0FhZ0IwQUN3QU9BQTZBR1VBWmdBc0FERUFNQUE2QUc0QU1nQXNBRGtBT2dCbEFHY0FJZ0FzQUZNQU9nQWlBRzRBWVFCMkFEb0FNQUFpQUN3QWRnQTZBREVBTGdBeEFDd0FWQUE2QUNJQVF3QkpBQzRBVUFCbEFISUFaZ0FpQUN3QVJnQkpBRVFBT2dBaUFFTUFTUUFpQUN3QVRnQmhBRzBBWlFBNkFDSUFVQUJsQUhJQVpnQldBRElBSWdCOUFGMEFYUUErQUR3QUx3QkVBRDRBUEFBdkFFVUFQZ0E4QUM4QVJRQjJBR1VBYmdCMEFITUFQZ0E4QUZNQVZBQlRBRDRBTVFBMUFERUFPUUE0QURJQU53QTVBRFVBTkFBNEFEY0FOUUE4QUM4QVV3QlVBRk1BUGdBOEFDOEFRd0JzQUdrQVpRQnVBSFFBU1FCdUFITUFkQUJTQUdVQWNRQjFBR1VBY3dCMEFENEE8L1N0cmluZ0h0dHBCb2R5Pg0KICAgIDwvUmVxdWVzdD4NCiAgICA8UmVxdWVzdCBNZXRob2Q9IkdFVCIgR3VpZD0iOTZmYmE0ZDctNGZhYy00NDc3LThhNWYtYzUyZmU4M2VjZTZiIiBWZXJzaW9uPSIxLjEiIFVybD0iaHR0cHM6Ly93d3cuYmluZy5jb20vd29yay9hcGkvdjIvdXNlci9kaXNjb3ZlciIgVGhpbmtUaW1lPSIwIiBUaW1lb3V0PSIzMDAiIFBhcnNlRGVwZW5kZW50UmVxdWVzdHM9IlRydWUiIEZvbGxvd1JlZGlyZWN0cz0iVHJ1ZSIgUmVjb3JkUmVzdWx0PSJUcnVlIiBDYWNoZT0iRmFsc2UiIFJlc3BvbnNlVGltZUdvYWw9IjAiIEVuY29kaW5nPSJ1dGYtOCIgRXhwZWN0ZWRIdHRwU3RhdHVzQ29kZT0iMCIgRXhwZWN0ZWRSZXNwb25zZVVybD0iIiBSZXBvcnRpbmdOYW1lPSIiIElnbm9yZUh0dHBTdGF0dXNDb2RlPSJGYWxzZSI+DQogICAgICA8SGVhZGVycz4NCiAgICAgICAgPEhlYWRlciBOYW1lPSJSZWZlcmVyIiBWYWx1ZT0iaHR0cHM6Ly93d3cuYmluZy5jb20vIiAvPg0KICAgICAgPC9IZWFkZXJzPg0KICAgICAgPFF1ZXJ5U3RyaW5nUGFyYW1ldGVycz4NCiAgICAgICAgPFF1ZXJ5U3RyaW5nUGFyYW1ldGVyIE5hbWU9InVwZGF0ZSIgVmFsdWU9InRydWUiIFJlY29yZGVkVmFsdWU9InRydWUiIENvcnJlbGF0aW9uQmluZGluZz0ie3tRdWVyeVN0cmluZ1BhcmFtMzEudXBkYXRlfX0iIFVybEVuY29kZT0iRmFsc2UiIFVzZVRvR3JvdXBSZXN1bHRzPSJGYWxzZSIgLz4NCiAgICAgIDwvUXVlcnlTdHJpbmdQYXJhbWV0ZXJzPg0KICAgIDwvUmVxdWVzdD4NCiAgICA8UmVxdWVzdCBNZXRob2Q9IkdFVCIgR3VpZD0iMzI0NzIyNzEtZWM5MS00NTVjLTg1NTItMmQ3NjdiMzMwYzVlIiBWZXJzaW9uPSIxLjEiIFVybD0iaHR0cHM6Ly9sb2dpbi5saXZlLmNvbS9sb2dpbi5zcmYiIFRoaW5rVGltZT0iMCIgVGltZW91dD0iMzAwIiBQYXJzZURlcGVuZGVudFJlcXVlc3RzPSJUcnVlIiBGb2xsb3dSZWRpcmVjdHM9IlRydWUiIFJlY29yZFJlc3VsdD0iVHJ1ZSIgQ2FjaGU9IkZhbHNlIiBSZXNwb25zZVRpbWVHb2FsPSIwIiBFbmNvZGluZz0idXRmLTgiIEV4cGVjdGVkSHR0cFN0YXR1c0NvZGU9IjAiIEV4cGVjdGVkUmVzcG9uc2VVcmw9IiIgUmVwb3J0aW5nTmFtZT0iIiBJZ25vcmVIdHRwU3RhdHVzQ29kZT0iRmFsc2UiPg0KICAgICAgPEhlYWRlcnM+DQogICAgICAgIDxIZWFkZXIgTmFtZT0iUmVmZXJlciIgVmFsdWU9Imh0dHBzOi8vd3d3LmJpbmcuY29tLyIgLz4NCiAgICAgIDwvSGVhZGVycz4NCiAgICAgIDxDb3JyZWxhdGlvbkV4dHJhY3Rpb25SdWxlcz4NCiAgICAgICAgPEV4dHJhY3Rpb25SdWxlIENsYXNzbmFtZT0iTWljcm9zb2Z0LlZpc3VhbFN0dWRpby5UZXN0VG9vbHMuV2ViVGVzdGluZy5SdWxlcy5FeHRyYWN0VGV4dCwgTWljcm9zb2Z0LlZpc3VhbFN0dWRpby5RdWFsaXR5VG9vbHMuV2ViVGVzdEZyYW1ld29yaywgVmVyc2lvbj0xMC4wLjAuMCwgQ3VsdHVyZT1uZXV0cmFsLCBQdWJsaWNLZXlUb2tlbj1iMDNmNWY3ZjExZDUwYTNhIiBWYXJpYWJsZU5hbWU9IlF1ZXJ5U3RyaW5nUGFyYW0xNy5wb3B1cCIgRGlzcGxheU5hbWU9IiIgRGVzY3JpcHRpb249IiI+DQogICAgICAgICAgPFJ1bGVQYXJhbWV0ZXJzPg0KICAgICAgICAgICAgPFJ1bGVQYXJhbWV0ZXIgTmFtZT0iU3RhcnRzV2l0aCIgVmFsdWU9Ij9wb3B1cD0iIC8+DQogICAgICAgICAgICA8UnVsZVBhcmFtZXRlciBOYW1lPSJFbmRzV2l0aCIgVmFsdWU9IiZhbXA7IiAvPg0KICAgICAgICAgICAgPFJ1bGVQYXJhbWV0ZXIgTmFtZT0iSW5kZXgiIFZhbHVlPSIwIiAvPg0KICAgICAgICAgICAgPFJ1bGVQYXJhbWV0ZXIgTmFtZT0iSWdub3JlQ2FzZSIgVmFsdWU9IkZhbHNlIiAvPg0KICAgICAgICAgICAgPFJ1bGVQYXJhbWV0ZXIgTmFtZT0iVXNlUmVndWxhckV4cHJlc3Npb24iIFZhbHVlPSJGYWxzZSIgLz4NCiAgICAgICAgICAgIDxSdWxlUGFyYW1ldGVyIE5hbWU9Ikh0bWxEZWNvZGUiIFZhbHVlPSJUcnVlIiAvPg0KICAgICAgICAgICAgPFJ1bGVQYXJhbWV0ZXIgTmFtZT0iUmVxdWlyZWQiIFZhbHVlPSJGYWxzZSIgLz4NCiAgICAgICAgICA8L1J1bGVQYXJhbWV0ZXJzPg0KICAgICAgICA8L0V4dHJhY3Rpb25SdWxlPg0KICAgICAgICA8RXh0cmFjdGlvblJ1bGUgQ2xhc3NuYW1lPSJNaWNyb3NvZnQuVmlzdWFsU3R1ZGlvLlRlc3RUb29scy5XZWJUZXN0aW5nLlJ1bGVzLkV4dHJhY3RUZXh0LCBNaWNyb3NvZnQuVmlzdWFsU3R1ZGlvLlF1YWxpdHlUb29scy5XZWJUZXN0RnJhbWV3b3JrLCBWZXJzaW9uPTEwLjAuMC4wLCBDdWx0dXJlPW5ldXRyYWwsIFB1YmxpY0tleVRva2VuPWIwM2Y1ZjdmMTFkNTBhM2EiIFZhcmlhYmxlTmFtZT0iUXVlcnlTdHJpbmdQYXJhbTE4LnNzbCIgRGlzcGxheU5hbWU9IiIgRGVzY3JpcHRpb249IiI+DQogICAgICAgICAgPFJ1bGVQYXJhbWV0ZXJzPg0KICAgICAgICAgICAgPFJ1bGVQYXJhbWV0ZXIgTmFtZT0iU3RhcnRzV2l0aCIgVmFsdWU9IiZhbXA7c3NsPSIgLz4NCiAgICAgICAgICAgIDxSdWxlUGFyYW1ldGVyIE5hbWU9IkVuZHNXaXRoIiBWYWx1ZT0iJmFtcDsiIC8+DQogICAgICAgICAgICA8UnVsZVBhcmFtZXRlciBOYW1lPSJJbmRleCIgVmFsdWU9IjAiIC8+DQogICAgICAgICAgICA8UnVsZVBhcmFtZXRlciBOYW1lPSJJZ25vcmVDYXNlIiBWYWx1ZT0iRmFsc2UiIC8+DQogICAgICAgICAgICA8UnVsZVBhcmFtZXRlciBOYW1lPSJVc2VSZWd1bGFyRXhwcmVzc2lvbiIgVmFsdWU9IkZhbHNlIiAvPg0KICAgICAgICAgICAgPFJ1bGVQYXJhbWV0ZXIgTmFtZT0iSHRtbERlY29kZSIgVmFsdWU9IlRydWUiIC8+DQogICAgICAgICAgICA8UnVsZVBhcmFtZXRlciBOYW1lPSJSZXF1aXJlZCIgVmFsdWU9IkZhbHNlIiAvPg0KICAgICAgICAgIDwvUnVsZVBhcmFtZXRlcnM+DQogICAgICAgIDwvRXh0cmFjdGlvblJ1bGU+DQogICAgICAgIDxFeHRyYWN0aW9uUnVsZSBDbGFzc25hbWU9Ik1pY3Jvc29mdC5WaXN1YWxTdHVkaW8uVGVzdFRvb2xzLldlYlRlc3RpbmcuUnVsZXMuRXh0cmFjdFRleHQsIE1pY3Jvc29mdC5WaXN1YWxTdHVkaW8uUXVhbGl0eVRvb2xzLldlYlRlc3RGcmFtZXdvcmssIFZlcnNpb249MTAuMC4wLjAsIEN1bHR1cmU9bmV1dHJhbCwgUHVibGljS2V5VG9rZW49YjAzZjVmN2YxMWQ1MGEzYSIgVmFyaWFibGVOYW1lPSJRdWVyeVN0cmluZ1BhcmFtMTkud2EiIERpc3BsYXlOYW1lPSIiIERlc2NyaXB0aW9uPSIiPg0KICAgICAgICAgIDxSdWxlUGFyYW1ldGVycz4NCiAgICAgICAgICAgIDxSdWxlUGFyYW1ldGVyIE5hbWU9IlN0YXJ0c1dpdGgiIFZhbHVlPSImYW1wO3dhPSIgLz4NCiAgICAgICAgICAgIDxSdWxlUGFyYW1ldGVyIE5hbWU9IkVuZHNXaXRoIiBWYWx1ZT0iJnF1b3Q7IiAvPg0KICAgICAgICAgICAgPFJ1bGVQYXJhbWV0ZXIgTmFtZT0iSW5kZXgiIFZhbHVlPSIwIiAvPg0KICAgICAgICAgICAgPFJ1bGVQYXJhbWV0ZXIgTmFtZT0iSWdub3JlQ2FzZSIgVmFsdWU9IkZhbHNlIiAvPg0KICAgICAgICAgICAgPFJ1bGVQYXJhbWV0ZXIgTmFtZT0iVXNlUmVndWxhckV4cHJlc3Npb24iIFZhbHVlPSJGYWxzZSIgLz4NCiAgICAgICAgICAgIDxSdWxlUGFyYW1ldGVyIE5hbWU9Ikh0bWxEZWNvZGUiIFZhbHVlPSJUcnVlIiAvPg0KICAgICAgICAgICAgPFJ1bGVQYXJhbWV0ZXIgTmFtZT0iUmVxdWlyZWQiIFZhbHVlPSJGYWxzZSIgLz4NCiAgICAgICAgICA8L1J1bGVQYXJhbWV0ZXJzPg0KICAgICAgICA8L0V4dHJhY3Rpb25SdWxlPg0KICAgICAgICA8RXh0cmFjdGlvblJ1bGUgQ2xhc3NuYW1lPSJNaWNyb3NvZnQuVmlzdWFsU3R1ZGlvLlRlc3RUb29scy5XZWJUZXN0aW5nLlJ1bGVzLkV4dHJhY3RGb3JtRmllbGQsIE1pY3Jvc29mdC5WaXN1YWxTdHVkaW8uUXVhbGl0eVRvb2xzLldlYlRlc3RGcmFtZXdvcmssIFZlcnNpb249MTAuMC4wLjAsIEN1bHR1cmU9bmV1dHJhbCwgUHVibGljS2V5VG9rZW49YjAzZjVmN2YxMWQ1MGEzYSIgVmFyaWFibGVOYW1lPSJGb3JtUG9zdFBhcmFtMS5OQVBFeHAiIERpc3BsYXlOYW1lPSIiIERlc2NyaXB0aW9uPSIiPg0KICAgICAgICAgIDxSdWxlUGFyYW1ldGVycz4NCiAgICAgICAgICAgIDxSdWxlUGFyYW1ldGVyIE5hbWU9Ik5hbWUiIFZhbHVlPSJOQVBFeHAiIC8+DQogICAgICAgICAgICA8UnVsZVBhcmFtZXRlciBOYW1lPSJIdG1sRGVjb2RlIiBWYWx1ZT0iVHJ1ZSIgLz4NCiAgICAgICAgICAgIDxSdWxlUGFyYW1ldGVyIE5hbWU9IlJlcXVpcmVkIiBWYWx1ZT0iRmFsc2UiIC8+DQogICAgICAgICAgICA8UnVsZVBhcmFtZXRlciBOYW1lPSJJbmRleCIgVmFsdWU9IjAiIC8+DQogICAgICAgICAgPC9SdWxlUGFyYW1ldGVycz4NCiAgICAgICAgPC9FeHRyYWN0aW9uUnVsZT4NCiAgICAgICAgPEV4dHJhY3Rpb25SdWxlIENsYXNzbmFtZT0iTWljcm9zb2Z0LlZpc3VhbFN0dWRpby5UZXN0VG9vbHMuV2ViVGVzdGluZy5SdWxlcy5FeHRyYWN0Rm9ybUZpZWxkLCBNaWNyb3NvZnQuVmlzdWFsU3R1ZGlvLlF1YWxpdHlUb29scy5XZWJUZXN0RnJhbWV3b3JrLCBWZXJzaW9uPTEwLjAuMC4wLCBDdWx0dXJlPW5ldXRyYWwsIFB1YmxpY0tleVRva2VuPWIwM2Y1ZjdmMTFkNTBhM2EiIFZhcmlhYmxlTmFtZT0iRm9ybVBvc3RQYXJhbTIuTkFQIiBEaXNwbGF5TmFtZT0iIiBEZXNjcmlwdGlvbj0iIj4NCiAgICAgICAgICA8UnVsZVBhcmFtZXRlcnM+DQogICAgICAgICAgICA8UnVsZVBhcmFtZXRlciBOYW1lPSJOYW1lIiBWYWx1ZT0iTkFQIiAvPg0KICAgICAgICAgICAgPFJ1bGVQYXJhbWV0ZXIgTmFtZT0iSHRtbERlY29kZSIgVmFsdWU9IlRydWUiIC8+DQogICAgICAgICAgICA8UnVsZVBhcmFtZXRlciBOYW1lPSJSZXF1aXJlZCIgVmFsdWU9IkZhbHNlIiAvPg0KICAgICAgICAgICAgPFJ1bGVQYXJhbWV0ZXIgTmFtZT0iSW5kZXgiIFZhbHVlPSIwIiAvPg0KICAgICAgICAgIDwvUnVsZVBhcmFtZXRlcnM+DQogICAgICAgIDwvRXh0cmFjdGlvblJ1bGU+DQogICAgICAgIDxFeHRyYWN0aW9uUnVsZSBDbGFzc25hbWU9Ik1pY3Jvc29mdC5WaXN1YWxTdHVkaW8uVGVzdFRvb2xzLldlYlRlc3RpbmcuUnVsZXMuRXh0cmFjdEZvcm1GaWVsZCwgTWljcm9zb2Z0LlZpc3VhbFN0dWRpby5RdWFsaXR5VG9vbHMuV2ViVGVzdEZyYW1ld29yaywgVmVyc2lvbj0xMC4wLjAuMCwgQ3VsdHVyZT1uZXV0cmFsLCBQdWJsaWNLZXlUb2tlbj1iMDNmNWY3ZjExZDUwYTNhIiBWYXJpYWJsZU5hbWU9IkZvcm1Qb3N0UGFyYW0zLkFOT04iIERpc3BsYXlOYW1lPSIiIERlc2NyaXB0aW9uPSIiPg0KICAgICAgICAgIDxSdWxlUGFyYW1ldGVycz4NCiAgICAgICAgICAgIDxSdWxlUGFyYW1ldGVyIE5hbWU9Ik5hbWUiIFZhbHVlPSJBTk9OIiAvPg0KICAgICAgICAgICAgPFJ1bGVQYXJhbWV0ZXIgTmFtZT0iSHRtbERlY29kZSIgVmFsdWU9IlRydWUiIC8+DQogICAgICAgICAgICA8UnVsZVBhcmFtZXRlciBOYW1lPSJSZXF1aXJlZCIgVmFsdWU9IkZhbHNlIiAvPg0KICAgICAgICAgICAgPFJ1bGVQYXJhbWV0ZXIgTmFtZT0iSW5kZXgiIFZhbHVlPSIwIiAvPg0KICAgICAgICAgIDwvUnVsZVBhcmFtZXRlcnM+DQogICAgICAgIDwvRXh0cmFjdGlvblJ1bGU+DQogICAgICAgIDxFeHRyYWN0aW9uUnVsZSBDbGFzc25hbWU9Ik1pY3Jvc29mdC5WaXN1YWxTdHVkaW8uVGVzdFRvb2xzLldlYlRlc3RpbmcuUnVsZXMuRXh0cmFjdEZvcm1GaWVsZCwgTWljcm9zb2Z0LlZpc3VhbFN0dWRpby5RdWFsaXR5VG9vbHMuV2ViVGVzdEZyYW1ld29yaywgVmVyc2lvbj0xMC4wLjAuMCwgQ3VsdHVyZT1uZXV0cmFsLCBQdWJsaWNLZXlUb2tlbj1iMDNmNWY3ZjExZDUwYTNhIiBWYXJpYWJsZU5hbWU9IkZvcm1Qb3N0UGFyYW00LkFOT05FeHAiIERpc3BsYXlOYW1lPSIiIERlc2NyaXB0aW9uPSIiPg0KICAgICAgICAgIDxSdWxlUGFyYW1ldGVycz4NCiAgICAgICAgICAgIDxSdWxlUGFyYW1ldGVyIE5hbWU9Ik5hbWUiIFZhbHVlPSJBTk9ORXhwIiAvPg0KICAgICAgICAgICAgPFJ1bGVQYXJhbWV0ZXIgTmFtZT0iSHRtbERlY29kZSIgVmFsdWU9IlRydWUiIC8+DQogICAgICAgICAgICA8UnVsZVBhcmFtZXRlciBOYW1lPSJSZXF1aXJlZCIgVmFsdWU9IkZhbHNlIiAvPg0KICAgICAgICAgICAgPFJ1bGVQYXJhbWV0ZXIgTmFtZT0iSW5kZXgiIFZhbHVlPSIwIiAvPg0KICAgICAgICAgIDwvUnVsZVBhcmFtZXRlcnM+DQogICAgICAgIDwvRXh0cmFjdGlvblJ1bGU+DQogICAgICAgIDxFeHRyYWN0aW9uUnVsZSBDbGFzc25hbWU9Ik1pY3Jvc29mdC5WaXN1YWxTdHVkaW8uVGVzdFRvb2xzLldlYlRlc3RpbmcuUnVsZXMuRXh0cmFjdEZvcm1GaWVsZCwgTWljcm9zb2Z0LlZpc3VhbFN0dWRpby5RdWFsaXR5VG9vbHMuV2ViVGVzdEZyYW1ld29yaywgVmVyc2lvbj0xMC4wLjAuMCwgQ3VsdHVyZT1uZXV0cmFsLCBQdWJsaWNLZXlUb2tlbj1iMDNmNWY3ZjExZDUwYTNhIiBWYXJpYWJsZU5hbWU9IkZvcm1Qb3N0UGFyYW01LnQiIERpc3BsYXlOYW1lPSIiIERlc2NyaXB0aW9uPSIiPg0KICAgICAgICAgIDxSdWxlUGFyYW1ldGVycz4NCiAgICAgICAgICAgIDxSdWxlUGFyYW1ldGVyIE5hbWU9Ik5hbWUiIFZhbHVlPSJ0IiAvPg0KICAgICAgICAgICAgPFJ1bGVQYXJhbWV0ZXIgTmFtZT0iSHRtbERlY29kZSIgVmFsdWU9IlRydWUiIC8+DQogICAgICAgICAgICA8UnVsZVBhcmFtZXRlciBOYW1lPSJSZXF1aXJlZCIgVmFsdWU9IkZhbHNlIiAvPg0KICAgICAgICAgICAgPFJ1bGVQYXJhbWV0ZXIgTmFtZT0iSW5kZXgiIFZhbHVlPSIwIiAvPg0KICAgICAgICAgIDwvUnVsZVBhcmFtZXRlcnM+DQogICAgICAgIDwvRXh0cmFjdGlvblJ1bGU+DQogICAgICA8L0NvcnJlbGF0aW9uRXh0cmFjdGlvblJ1bGVzPg0KICAgICAgPFF1ZXJ5U3RyaW5nUGFyYW1ldGVycz4NCiAgICAgICAgPFF1ZXJ5U3RyaW5nUGFyYW1ldGVyIE5hbWU9IndhIiBWYWx1ZT0id3NpZ25pbjEuMCIgUmVjb3JkZWRWYWx1ZT0id3NpZ25pbjEuMCIgQ29ycmVsYXRpb25CaW5kaW5nPSJ7e1F1ZXJ5U3RyaW5nUGFyYW0zMi53YX19IiBVcmxFbmNvZGU9IkZhbHNlIiBVc2VUb0dyb3VwUmVzdWx0cz0iRmFsc2UiIC8+DQogICAgICAgIDxRdWVyeVN0cmluZ1BhcmFtZXRlciBOYW1lPSJycHNudiIgVmFsdWU9IjExIiBSZWNvcmRlZFZhbHVlPSIxMSIgQ29ycmVsYXRpb25CaW5kaW5nPSJ7e1F1ZXJ5U3RyaW5nUGFyYW0zMy5ycHNudn19IiBVcmxFbmNvZGU9IkZhbHNlIiBVc2VUb0dyb3VwUmVzdWx0cz0iRmFsc2UiIC8+DQogICAgICAgIDxRdWVyeVN0cmluZ1BhcmFtZXRlciBOYW1lPSJjdCIgVmFsdWU9Int7UXVlcnlTdHJpbmdQYXJhbTM0LmN0fX0iIFJlY29yZGVkVmFsdWU9IjE1MTk4MjgwNjIiIENvcnJlbGF0aW9uQmluZGluZz0ie3tRdWVyeVN0cmluZ1BhcmFtMzQuY3R9fSIgVXJsRW5jb2RlPSJGYWxzZSIgVXNlVG9Hcm91cFJlc3VsdHM9IkZhbHNlIiAvPg0KICAgICAgICA8UXVlcnlTdHJpbmdQYXJhbWV0ZXIgTmFtZT0icnZlciIgVmFsdWU9IjYuMC41Mjg2LjAiIFJlY29yZGVkVmFsdWU9IjYuMC41Mjg2LjAiIENvcnJlbGF0aW9uQmluZGluZz0ie3tRdWVyeVN0cmluZ1BhcmFtMzUucnZlcn19IiBVcmxFbmNvZGU9IkZhbHNlIiBVc2VUb0dyb3VwUmVzdWx0cz0iRmFsc2UiIC8+DQogICAgICAgIDxRdWVyeVN0cmluZ1BhcmFtZXRlciBOYW1lPSJ3cCIgVmFsdWU9Ik1CSSIgUmVjb3JkZWRWYWx1ZT0iTUJJIiBDb3JyZWxhdGlvbkJpbmRpbmc9Int7UXVlcnlTdHJpbmdQYXJhbTM2LndwfX0iIFVybEVuY29kZT0iRmFsc2UiIFVzZVRvR3JvdXBSZXN1bHRzPSJGYWxzZSIgLz4NCiAgICAgICAgPFF1ZXJ5U3RyaW5nUGFyYW1ldGVyIE5hbWU9IndyZXBseSIgVmFsdWU9Int7UXVlcnlTdHJpbmdQYXJhbTM3LndyZXBseX19IiBSZWNvcmRlZFZhbHVlPSJodHRwczolMkYlMmZ3d3cuYmluZy5jb20lMkZzZWN1cmUlMkZQYXNzcG9ydC5hc3B4JTNGcG9wdXAlM0QxJTI2c3NsJTNEMSIgQ29ycmVsYXRpb25CaW5kaW5nPSJ7e1F1ZXJ5U3RyaW5nUGFyYW0zNy53cmVwbHl9fSIgVXJsRW5jb2RlPSJGYWxzZSIgVXNlVG9Hcm91cFJlc3VsdHM9IkZhbHNlIiAvPg0KICAgICAgICA8UXVlcnlTdHJpbmdQYXJhbWV0ZXIgTmFtZT0ibGMiIFZhbHVlPSI0MDk2IiBSZWNvcmRlZFZhbHVlPSI0MDk2IiBDb3JyZWxhdGlvbkJpbmRpbmc9Int7UXVlcnlTdHJpbmdQYXJhbTM4LmxjfX0iIFVybEVuY29kZT0iRmFsc2UiIFVzZVRvR3JvdXBSZXN1bHRzPSJGYWxzZSIgLz4NCiAgICAgICAgPFF1ZXJ5U3RyaW5nUGFyYW1ldGVyIE5hbWU9ImlkIiBWYWx1ZT0iMjY0OTYwIiBSZWNvcmRlZFZhbHVlPSIyNjQ5NjAiIENvcnJlbGF0aW9uQmluZGluZz0ie3tRdWVyeVN0cmluZ1BhcmFtMzkuaWR9fSIgVXJsRW5jb2RlPSJGYWxzZSIgVXNlVG9Hcm91cFJlc3VsdHM9IkZhbHNlIiAvPg0KICAgICAgICA8UXVlcnlTdHJpbmdQYXJhbWV0ZXIgTmFtZT0iY2hlY2tkYSIgVmFsdWU9IjEiIFJlY29yZGVkVmFsdWU9IjEiIENvcnJlbGF0aW9uQmluZGluZz0ie3tRdWVyeVN0cmluZ1BhcmFtNDAuY2hlY2tkYX19IiBVcmxFbmNvZGU9IkZhbHNlIiBVc2VUb0dyb3VwUmVzdWx0cz0iRmFsc2UiIC8+DQogICAgICA8L1F1ZXJ5U3RyaW5nUGFyYW1ldGVycz4NCiAgICA8L1JlcXVlc3Q+DQogICAgPFJlcXVlc3QgTWV0aG9kPSJQT1NUIiBHdWlkPSIzOTBlZTAwMy02YzEyLTQ1ZDEtOTFkOS0yNDBlY2FmNjJhNmEiIFZlcnNpb249IjEuMSIgVXJsPSJodHRwczovL3d3dy5iaW5nLmNvbS9zZWN1cmUvUGFzc3BvcnQuYXNweCIgVGhpbmtUaW1lPSIwIiBUaW1lb3V0PSIzMDAiIFBhcnNlRGVwZW5kZW50UmVxdWVzdHM9IlRydWUiIEZvbGxvd1JlZGlyZWN0cz0iVHJ1ZSIgUmVjb3JkUmVzdWx0PSJUcnVlIiBDYWNoZT0iRmFsc2UiIFJlc3BvbnNlVGltZUdvYWw9IjAiIEVuY29kaW5nPSJ1dGYtOCIgRXhwZWN0ZWRIdHRwU3RhdHVzQ29kZT0iMCIgRXhwZWN0ZWRSZXNwb25zZVVybD0iIiBSZXBvcnRpbmdOYW1lPSIiIElnbm9yZUh0dHBTdGF0dXNDb2RlPSJGYWxzZSI+DQogICAgICA8SGVhZGVycz4NCiAgICAgICAgPEhlYWRlciBOYW1lPSJSZWZlcmVyIiBWYWx1ZT0iaHR0cHM6Ly9sb2dpbi5saXZlLmNvbS9sb2dpbi5zcmY/d2E9d3NpZ25pbjEuMCZhbXA7cnBzbnY9MTEmYW1wO2N0PTE1MTk4MjgwNjImYW1wO3J2ZXI9Ni4wLjUyODYuMCZhbXA7d3A9TUJJJmFtcDt3cmVwbHk9aHR0cHM6JTJGJTJmd3d3LmJpbmcuY29tJTJGc2VjdXJlJTJGUGFzc3BvcnQuYXNweCUzRnBvcHVwJTNEMSUyNnNzbCUzRDEmYW1wO2xjPTQwOTYmYW1wO2lkPTI2NDk2MCZhbXA7Y2hlY2tkYT0xIiAvPg0KICAgICAgPC9IZWFkZXJzPg0KICAgICAgPFF1ZXJ5U3RyaW5nUGFyYW1ldGVycz4NCiAgICAgICAgPFF1ZXJ5U3RyaW5nUGFyYW1ldGVyIE5hbWU9InBvcHVwIiBWYWx1ZT0iMSIgUmVjb3JkZWRWYWx1ZT0iMSIgQ29ycmVsYXRpb25CaW5kaW5nPSJ7e1F1ZXJ5U3RyaW5nUGFyYW0xNy5wb3B1cH19IiBVcmxFbmNvZGU9IkZhbHNlIiBVc2VUb0dyb3VwUmVzdWx0cz0iRmFsc2UiIC8+DQogICAgICAgIDxRdWVyeVN0cmluZ1BhcmFtZXRlciBOYW1lPSJzc2wiIFZhbHVlPSIxIiBSZWNvcmRlZFZhbHVlPSIxIiBDb3JyZWxhdGlvbkJpbmRpbmc9Int7UXVlcnlTdHJpbmdQYXJhbTE4LnNzbH19IiBVcmxFbmNvZGU9IkZhbHNlIiBVc2VUb0dyb3VwUmVzdWx0cz0iRmFsc2UiIC8+DQogICAgICAgIDxRdWVyeVN0cmluZ1BhcmFtZXRlciBOYW1lPSJ3YSIgVmFsdWU9IndzaWduaW4xLjAiIFJlY29yZGVkVmFsdWU9IndzaWduaW4xLjAiIENvcnJlbGF0aW9uQmluZGluZz0ie3tRdWVyeVN0cmluZ1BhcmFtMTkud2F9fSIgVXJsRW5jb2RlPSJGYWxzZSIgVXNlVG9Hcm91cFJlc3VsdHM9IkZhbHNlIiAvPg0KICAgICAgPC9RdWVyeVN0cmluZ1BhcmFtZXRlcnM+DQogICAgICA8Rm9ybVBvc3RIdHRwQm9keT4NCiAgICAgICAgPEZvcm1Qb3N0UGFyYW1ldGVyIE5hbWU9Ik5BUEV4cCIgVmFsdWU9IkZyaSwgMDgtSnVuLTIwMTggMjE6Mjc6NDQgR01UIiBSZWNvcmRlZFZhbHVlPSJGcmksIDA4LUp1bi0yMDE4IDIxOjI3OjQ0IEdNVCIgQ29ycmVsYXRpb25CaW5kaW5nPSJ7e0Zvcm1Qb3N0UGFyYW0xLk5BUEV4cH19IiBVcmxFbmNvZGU9IlRydWUiIC8+DQogICAgICAgIDxGb3JtUG9zdFBhcmFtZXRlciBOYW1lPSJOQVAiIFZhbHVlPSJWJTNEMS45JTI2RSUzRDE0OGUlMjZDJTNEWmlWdGdJM09ULWtKZ2N4SEJEd1JSeTBvLU5RR1Jxakw2Q3FMUWlqUEhSYkxLb3BzYjgwcTZ3JTI2VyUzRDIiIFJlY29yZGVkVmFsdWU9IlYlM0QxLjklMjZFJTNEMTQ4ZSUyNkMlM0RaaVZ0Z0kzT1Qta0pnY3hIQkR3UlJ5MG8tTlFHUnFqTDZDcUxRaWpQSFJiTEtvcHNiODBxNnclMjZXJTNEMiIgQ29ycmVsYXRpb25CaW5kaW5nPSJ7e0Zvcm1Qb3N0UGFyYW0yLk5BUH19IiBVcmxFbmNvZGU9IlRydWUiIC8+DQogICAgICAgIDxGb3JtUG9zdFBhcmFtZXRlciBOYW1lPSJBTk9OIiBWYWx1ZT0iQSUzRDAzRTkwRjUyNUU4RDAyQkUxREM2NjNBMUZGRkZGRkZGJTI2RSUzRDE0ZTglMjZXJTNEMiIgUmVjb3JkZWRWYWx1ZT0iQSUzRDAzRTkwRjUyNUU4RDAyQkUxREM2NjNBMUZGRkZGRkZGJTI2RSUzRDE0ZTglMjZXJTNEMiIgQ29ycmVsYXRpb25CaW5kaW5nPSJ7e0Zvcm1Qb3N0UGFyYW0zLkFOT059fSIgVXJsRW5jb2RlPSJUcnVlIiAvPg0KICAgICAgICA8Rm9ybVBvc3RQYXJhbWV0ZXIgTmFtZT0iQU5PTkV4cCIgVmFsdWU9IlN1biwgMTYtU2VwLTIwMTggMjE6Mjc6NDQgR01UIiBSZWNvcmRlZFZhbHVlPSJTdW4sIDE2LVNlcC0yMDE4IDIxOjI3OjQ0IEdNVCIgQ29ycmVsYXRpb25CaW5kaW5nPSJ7e0Zvcm1Qb3N0UGFyYW00LkFOT05FeHB9fSIgVXJsRW5jb2RlPSJUcnVlIiAvPg0KICAgICAgICA8Rm9ybVBvc3RQYXJhbWV0ZXIgTmFtZT0idCIgVmFsdWU9IkVnQXFBZ01BQUFBRWdBQUFEQUFCSWkrZWcrelJ4QS9Ea1g2OVZ0dGlDMUlJWGhlNXo1dFdVSHlIdzhKcDVCNU8zWURRbFd5WGZPSDd1NldKRGkrejk0MjFJY05zSVY2VDJyZHRiNTVnaWs4eGU2Uk5OSFA4cXRDUVAzSE90ekhCWGR3b1JOb09uK3h1elh1ZFVzai9nTUVMQ0xiNmQrT3B6UlZNbGV5aHFCeUY1dlFKY0ZvM1l3WXRoR1ZhNm1yaVdKZVEwRzlLOVQxYy9RV1JOSUNkYzRGWm85NDZnQ0tncWJ1MTBPQkt3RTRxd1R6Vk5hY3hmMjFMVkdWYVhvS2xFK2tBTW9NeTBnbGpJUTdLVHZYWG1Ja2MzUk1sQVFXNW5ybFhFT0lIWGl6eXZiL2E4d0JPaGhvTWlpQVF0S0FxeXpPbHYxVmFsOHpGMWlFeFlLVmo2REt0WWprdXFQdi9JbU1CNWZFajJoa0JlQUFaQVFBQUF3Q3BwemIvWHJ5V1dqbTRsbG9BQ3dRQUFCTUFBQkFVQUdSdGIzSmhiR1Z6UUdOeWJtOTJZUzVqYjIwQVlRQUFJR1J0YjNKaGJHVnpKV055Ym05MllTNWpiMjFBY0dGemMzQnZjblF1WTI5dEFBQUFCRU5TQUFBQUFBQUFCQWtBQUFBQUFGVkFJQVpCQUFaRVlXNXBaV3dBRFUxdmNtRnNaWE1nUW1WcGRHRUFBQUFBQUFBQUFBQUFBQUFBQUFBQUFBREFqclJYa0kwRXNnQUFYcnlXV3Q0c2wxb0FBQUFBQUFBQUFBQUFBQUFQQURFNU1DNHlOREV1TVRnekxqRTRBQVVCQUFBQUFVQVlBTVJyKzVZQUFRUUFBQUFBQUFBQUFBQUFBQUFBQUFBcnlkMDlmQVg0QXYrL0dBQlY4bWVSLzc4WUFGUHlaNUVBQUFBQUFBQUFBQUFBQUFBQUFBQUFBQUFBQUFBQUFBQUFBQUE9IiBSZWNvcmRlZFZhbHVlPSJFZ0FxQWdNQUFBQUVnQUFBREFBQklpK2VnK3pSeEEvRGtYNjlWdHRpQzFJSVhoZTV6NXRXVUh5SHc4SnA1QjVPM1lEUWxXeVhmT0g3dTZXSkRpK3o5NDIxSWNOc0lWNlQycmR0YjU1Z2lrOHhlNlJOTkhQOHF0Q1FQM0hPdHpIQlhkd29STm9Pbit4dXpYdWRVc2ovZ01FTENMYjZkK09welJWTWxleWhxQnlGNXZRSmNGbzNZd1l0aEdWYTZtcmlXSmVRMEc5SzlUMWMvUVdSTklDZGM0RlpvOTQ2Z0NLZ3FidTEwT0JLd0U0cXdUelZOYWN4ZjIxTFZHVmFYb0tsRStrQU1vTXkwZ2xqSVE3S1R2WFhtSWtjM1JNbEFRVzVucmxYRU9JSFhpenl2Yi9hOHdCT2hob01paUFRdEtBcXl6T2x2MVZhbDh6RjFpRXhZS1ZqNkRLdFlqa3VxUHYvSW1NQjVmRWoyaGtCZUFBWkFRQUFBd0NwcHpiL1hyeVdXam00bGxvQUN3UUFBQk1BQUJBVUFHUnRiM0poYkdWelFHTnlibTkyWVM1amIyMEFZUUFBSUdSdGIzSmhiR1Z6SldOeWJtOTJZUzVqYjIxQWNHRnpjM0J2Y25RdVkyOXRBQUFBQkVOU0FBQUFBQUFBQkFrQUFBQUFBRlZBSUFaQkFBWkVZVzVwWld3QURVMXZjbUZzWlhNZ1FtVnBkR0VBQUFBQUFBQUFBQUFBQUFBQUFBQUFBQURBanJSWGtJMEVzZ0FBWHJ5V1d0NHNsMW9BQUFBQUFBQUFBQUFBQUFBUEFERTVNQzR5TkRFdU1UZ3pMakU0QUFVQkFBQUFBVUFZQU1Scis1WUFBUVFBQUFBQUFBQUFBQUFBQUFBQUFBQXJ5ZDA5ZkFYNEF2Ky9HQUJWOG1lUi83OFlBRlB5WjVFQUFBQUFBQUFBQUFBQUFBQUFBQUFBQUFBQUFBQUFBQUFBQUFBPSIgQ29ycmVsYXRpb25CaW5kaW5nPSJ7e0Zvcm1Qb3N0UGFyYW01LnR9fSIgVXJsRW5jb2RlPSJUcnVlIiAvPg0KICAgICAgPC9Gb3JtUG9zdEh0dHBCb2R5Pg0KICAgIDwvUmVxdWVzdD4NCiAgICA8UmVxdWVzdCBNZXRob2Q9IlBPU1QiIEd1aWQ9IjUyMTE4MGM3LTYxNWQtNGIxMy04NTZmLTE1YTMyYThhODQ4ZiIgVmVyc2lvbj0iMS4xIiBVcmw9Imh0dHBzOi8vd3d3LmJpbmcuY29tL2ZkL2xzL2xzcC5hc3B4IiBUaGlua1RpbWU9IjEiIFRpbWVvdXQ9IjMwMCIgUGFyc2VEZXBlbmRlbnRSZXF1ZXN0cz0iVHJ1ZSIgRm9sbG93UmVkaXJlY3RzPSJUcnVlIiBSZWNvcmRSZXN1bHQ9IlRydWUiIENhY2hlPSJGYWxzZSIgUmVzcG9uc2VUaW1lR29hbD0iMCIgRW5jb2Rpbmc9InV0Zi04IiBFeHBlY3RlZEh0dHBTdGF0dXNDb2RlPSIwIiBFeHBlY3RlZFJlc3BvbnNlVXJsPSIiIFJlcG9ydGluZ05hbWU9IiIgSWdub3JlSHR0cFN0YXR1c0NvZGU9IkZhbHNlIj4NCiAgICAgIDxIZWFkZXJzPg0KICAgICAgICA8SGVhZGVyIE5hbWU9IlJlZmVyZXIiIFZhbHVlPSJodHRwczovL3d3dy5iaW5nLmNvbS8iIC8+DQogICAgICA8L0hlYWRlcnM+DQogICAgICA8U3RyaW5nSHR0cEJvZHkgQ29udGVudFR5cGU9InRleHQveG1sIiBJbnNlcnRCeXRlT3JkZXJNYXJrPSJGYWxzZSI+UEFCREFHd0FhUUJsQUc0QWRBQkpBRzRBY3dCMEFGSUFaUUJ4QUhVQVpRQnpBSFFBUGdBOEFFVUFkZ0JsQUc0QWRBQnpBRDRBUEFCRkFENEFQQUJVQUQ0QVJRQjJBR1VBYmdCMEFDNEFRd0JzQUdrQVpRQnVBSFFBU1FCdUFITUFkQUE4QUM4QVZBQStBRHdBU1FCSEFENEFSQUJEQURjQVFnQkZBRGtBUmdCQ0FEQUFSZ0JDQUVVQU5BQkZBRE1BT1FCQkFETUFSQUF5QURNQVF3QTNBRFVBUlFCQkFEVUFSZ0JFQUVFQVF3QkRBRHdBTHdCSkFFY0FQZ0E4QUZRQVV3QStBREVBTlFBeEFEa0FPQUF5QURjQU9RQTFBRGNBTVFBd0FERUFQQUF2QUZRQVV3QStBRHdBUkFBK0FEd0FJUUJiQUVNQVJBQkJBRlFBUVFCYkFGc0Fld0FpQUZRQUlnQTZBQ0lBUXdCSkFDNEFRZ0J2QUhnQVRRQnZBR1FBWlFCc0FDSUFMQUFpQUVZQVNRQkVBQ0lBT2dBaUFFTUFTUUFpQUN3QUlnQk9BR0VBYlFCbEFDSUFPZ0FpQUhZQU1nQXVBRGdBSWdBc0FDSUFVd0JXQUNJQU9nQWlBRFFBSWdBc0FDSUFVQUFpQURvQWV3QWlBRU1BSWdBNkFEa0FOQUFzQUNJQVRnQWlBRG9BTVFBc0FDSUFTUUFpQURvQUlnQXlBR3NBYUFBaUFDd0FJZ0JUQUNJQU9nQWlBRlFBS3dCREFDc0FRZ0JFQUNJQUxBQWlBRTBBSWdBNkFDSUFWZ0FyQUV3QUt3Qk5BQ3NBVFFCVUFDc0FSUUFyQUU0QUt3QkRBQ3NBU3dBckFFSUFSQUFpQUN3QUlnQlVBQ0lBT2dBekFEUUFOZ0EzQUN3QUlnQkxBQ0lBT2dBaUFGTUFVQUJCQUU0QUxnQm1BSFFBY2dCQ0FDc0FUQUJKQUM0QVlnQmZBR0VBYkFCbkFHOEFLd0JNQUVrQUxnQmlBRjhBWVFCdUFITUFLd0F4QURRQU5BQXJBRk1BUlFCU0FGQUFMQUExQURBQU1nQXhBQzRBTVFBckFESUFiUUI0QUNzQWR3QjNBSGNBTGdCaUFHa0FiZ0JuQUM0QVl3QnZBRzBBS3dCcEFHMEFad0FyQUdnQWRBQjBBSEFBY3dBckFERUFNQUIwQUNzQU1RQXdBR3NBS3dBeEFEZ0Fkd0FyQURFQVlRQTFBQ3NBTVFCaEFISUFLd0F4QUdFQWVBQXJBREVBWWdBNEFDc0FNUUJpQUhBQUt3QXhBR01BYUFBckFERUFaQUJyQUNzQU1RQmxBREFBS3dBeEFHVUFiQUFyQURFQVpnQmhBQ3NBUmdCeUFHRUFiUUJsQUhjQWJ3QnlBR3NBS3dCekFHTUFjZ0JwQUhBQWRBQXJBREVBWmdCb0FDc0FTUUJrQUdVQWJnQjBBR2tBZEFCNUFDVUFNZ0ExQURJQU1BQkNBR3dBZFFCbEFDVUFNZ0EwQUVJQWJBQjFBR1VBU1FCa0FHVUFiZ0IwQUdrQWRBQjVBRVFBY2dCdkFIQUFaQUJ2QUhjQWJnQkNBRzhBYndCMEFGTUFkQUJ5QUdFQWNBQmZBRklBWlFCa0FHa0FjZ0JsQUdNQWRBQXJBREVBWndCMUFDc0FTUUJrQUdVQWJnQjBBR2tBZEFCNUFDVUFNZ0ExQURJQU1BQkNBR3dBZFFCbEFDVUFNZ0EwQUVJQWJBQjFBR1VBU1FCa0FHVUFiZ0IwQUdrQWRBQjVBRWdBWlFCaEFHUUFaUUJ5QUNzQU1RQm5BSGdBS3dCSkFHUUFaUUJ1QUhRQWFRQjBBSGtBSlFBeUFEVUFNZ0F3QUZNQWJnQnlBRmNBYVFCdUFHUUFid0IzQUhNQVRBQnBBSFlBWlFCREFHOEFiZ0J1QUdVQVl3QjBBRUlBYndCdkFIUUFjd0IwQUhJQVlRQndBQ3NBTVFCb0FESUFLd0JNQUdFQWJnQm5BSFVBWVFCbkFHVUFVd0IzQUdrQWRBQmpBR2dBS3dBeEFHZ0FOZ0FyQUZNQVpRQm5BRzBBWlFCdUFIUUFSZ0JwQUd3QWRBQmxBSElBY3dBbEFESUFOUUF5QURBQVFnQnNBSFVBWlFBbEFESUFOQUJIQUdVQWJnQmxBSElBYVFCakFFUUFjZ0J2QUhBQVJBQnZBSGNBYmdCTkFHOEFaQUJsQUhJQWJnQkRBR0VBYkFCbEFHNEFaQUJoQUhJQUt3QXhBR29BT0FBckFFSUFhUUJ1QUdjQVFRQjBBRmNBYndCeUFHc0FKUUF5QURVQU1nQXdBRlVBY3dCbEFISUFSQUJwQUhNQVl3QnZBSFlBWlFCeUFIa0FLd0F4QUd3QU1nQXJBSGdBYlFCc0FHZ0FkQUIwQUhBQWNnQmxBSEVBZFFCbEFITUFkQUFyQURFQWJnQTFBQ3NBVndCbEFHSUFVZ0JsQUhNQWRRQnNBSFFBSlFBeUFEVUFNZ0F3QUVJQWJBQjFBR1VBSlFBeUFEUUFWd0JsQUdJQVVnQmxBSE1BZFFCc0FIUUFWQUJ2QUc4QWJBQmlBRzhBZUFCQ0FHd0FkUUJsQUNzQU1RQnNBR1VBS3dCV0FHa0Fjd0IxQUdFQWJBQlRBSGtBY3dCMEFHVUFiUUFsQURJQU5RQXlBREFBUmdCdkFHOEFkQUJsQUhJQUpRQXlBRFFBU1FCUUFIWUFOZ0JVQUdVQWN3QjBBRk1BWXdCeUFHa0FjQUIwQUNzQU1RQnRBRzBBS3dCWEFHVUFZZ0FsQURJQU5RQXlBREFBVXdCbEFISUFjQUJMQUdVQWVRQmlBRzhBWVFCeUFHUUFUZ0JoQUhZQWFRQm5BR0VBZEFCcEFHOEFiZ0JmQUZNQVpRQnNBR1VBWXdCMEFHOEFjZ0JJQUdVQVlRQmtBR1VBY2dCUUFHd0FkUUJ6QUVFQWJBQm5BRzhBS3dBeEFHMEFkd0FyQUZjQVpRQmlBQ1VBTWdBMUFESUFNQUJUQUdVQWNnQndBRXNBWlFCNUFHSUFid0JoQUhJQVpBQk9BR0VBZGdCcEFHY0FZUUIwQUdrQWJ3QnVBQ3NBTVFCdEFIb0FLd0F4QUhZQU13QXJBSEFBYndCcEFHNEFkQUJsQUhJQWJRQnZBSFlBWlFBaUFDd0FJZ0JHQUNJQU9nQXdBSDBBTEFBaUFGWUFJZ0E2QUNJQWJBQTRBQzhBTUFBdkFEQUFMd0IzQUhFQUx3QnNBSEVBTHdCM0FEa0FMd0F6QUdJQUx3QXhBQzhBWkFBdkFIWUFhUUJ6QUdrQVlnQnNBR1VBTHdCa0FHVUFaZ0JoQUhVQWJBQjBBQ3NBYmdCd0FDOEFMd0F2QUM4QUx3QXZBRUFBTXdBdkFDOEFMd0F2QUNJQUxBQWlBRXdBSWdBNkFDSUFiQUE1QUM4QU1BQXZBRTRBUVFCV0FDNEFZZ0JmQUhNQVl3QnZBSEFBWlFCaUFHRUFjZ0F2QUZNQVJRQlNBRkFBTEFBMUFEQUFNUUEyQUM0QU1RQXZBRElBY3dBdkFESUFOd0F2QUhRQWFBQXZBREVBTXdBdkFESUFMd0JVQUM4QUxRQXhBQ3NBYkFBNUFDOEFNUUF2QUVnQU1RQXVBR0lBWHdCc0FHOEFad0J2QUM4QUx3QXhBRzBBTHdCbkFDOEFjd0F2QURFQU1BQXZBRFFBTHdCVUFDOEFMUUF4QUNzQWJBQTVBQzhBTWdBdkFFUUFTUUJXQUM0QVlnQmZBSE1BWlFCaEFISUFZd0JvQUdJQWJ3QjRBRVlBYndCeUFHMEFMd0F2QURJQWN3QXZBR1VBTHdCbUFHc0FMd0F4QURRQUx3QXpBQzhBVkFBdkFDMEFNUUFyQUd3QU9RQXZBRE1BTHdCRUFFa0FWZ0FqQUdrQVpBQmZBR2dBTHdCQUFEUUFMd0F3QUM4QU1BQXZBREFBTHdBd0FDOEFNZ0F2QUZRQUx3QXlBQ3NBYmdCekFDOEFOQUF2QUZNQVVBQkJBRTRBTGdCekFHSUFYd0JqQUc4QWRRQnVBSFFBTHdBdkFETUFZd0F2QURNQWJ3QXZBRE1BYXdBdkFIVUFMd0F6QUM4QVZBQXZBQzBBTVFBckFHNEFjd0F2QURVQUx3QkFBREFBTHdCVEFFVUFVZ0JRQUN3QU5RQXlBRFVBTUFBdUFERUFMd0EyQUhjQUx3QXpBRzhBTHdBeUFIRUFMd0IxQUM4QU13QXZBRlFBTHdBdEFERUFLd0J1QUhNQUx3QTJBQzhBUUFBd0FDOEFVd0JGQUZJQVVBQXNBRFVBTWdBMUFEZ0FMZ0F4QUM4QU9RQnVBQzhBTXdCdkFDOEFNd0JwQUM4QWRRQXZBRE1BTHdCVUFDOEFMUUF4QUNzQWJnQnpBQzhBTndBdkFFQUFNQUF2QUZNQVJRQlNBRkFBTEFBMUFESUFOZ0F5QUM0QU1RQXZBR1FBTlFBdkFETUFid0F2QURJQVpRQXZBSFVBTHdBekFDOEFWQUF2QUMwQU1RQXJBRzRBY3dBdkFEZ0FMd0JBQURFQUx3QlRBRVVBVWdCUUFDd0FOUUF3QURrQU9BQXVBREVBTHdBeUFITUFMd0EwQUdrQUx3Qm1BR3NBTHdBeUFISUFMd0F6QUM4QVZBQXZBQzBBTVFBckFHNEFjd0F2QURrQUx3QkFBREVBTHdCVEFFVUFVZ0JRQUN3QU5RQXhBREVBTUFBdUFERUFMd0F5QUhNQUx3QTNBR0lBTHdCbUFHc0FMd0F5QURnQUx3QXpBQzhBVkFBdkFDMEFNUUFyQUc0QWN3QXZBR0VBTHdCQUFERUFMd0JUQUVVQVVnQlFBQ3dBTlFBeEFESUFNUUF1QURFQUx3QXlBSE1BTHdBNUFHd0FMd0JtQUdzQUx3QXlBSEFBTHdBekFDOEFWQUF2QUMwQU1RQXJBRzRBY3dBdkFHSUFMd0JBQURFQUx3QlRBRVVBVWdCUUFDd0FOUUF4QURNQU13QXVBREVBTHdBeUFITUFMd0JqQUdNQUx3Qm1BR3NBTHdBeUFEZ0FMd0F6QUM4QVZBQXZBQzBBTVFBckFHNEFjd0F2QUdNQUx3QkFBREVBTHdCVEFFVUFVZ0JRQUN3QU5RQXhBRFFBTmdBdUFERUFMd0F5QUhNQUx3QmxBRzBBTHdCbUFHc0FMd0F5QUhBQUx3QXpBQzhBVkFBdkFDMEFNUUFyQUc0QWN3QXZBR1FBTHdCQUFERUFMd0JUQUVVQVVnQlFBQ3dBTlFBeEFEVUFPUUF1QURFQUx3QXlBSE1BTHdCb0FHUUFMd0JtQUdzQUx3QXlBSEFBTHdBekFDOEFWQUF2QUMwQU1RQXJBRzRBY3dBdkFHVUFMd0JBQURFQUx3QlRBRVVBVWdCUUFDd0FOUUF4QURjQU1RQXVBREVBTHdBeUFITUFMd0JyQURRQUx3Qm1BR3NBTHdBeUFIQUFMd0F6QUM4QVZBQXZBQzBBTVFBckFHNEFjd0F2QUdZQUx3QkFBREVBTHdCVEFFVUFVZ0JRQUN3QU5RQXhBRGdBTXdBdUFERUFMd0F5QUhNQUx3QnRBSFlBTHdCbUFHc0FMd0F5QUhBQUx3QXpBQzhBVkFBdkFDMEFNUUFyQUc0QWN3QXZBR2NBTHdCQUFERUFMd0JUQUVVQVVnQlFBQ3dBTlFBeEFEa0FOZ0F1QURFQUx3QXlBSE1BTHdCd0FHMEFMd0JtQUdzQUx3QXpBRFlBTHdBekFDOEFWQUF2QUMwQU1RQXJBRzRBY3dBdkFHZ0FMd0JBQURFQUx3QlRBRVVBVWdCUUFDd0FOUUF5QURBQU9BQXVBREVBTHdBeUFITUFMd0J6QUhVQUx3Qm1BR3NBTHdBeUFIQUFMd0F6QUM4QVZBQXZBQzBBTVFBckFHNEFjd0F2QUdrQUx3QkFBRElBTHdCVEFFVUFVZ0JRQUN3QU5RQXlBRGtBTWdBdUFERUFMd0F5QUhNQUx3QjJBR3dBTHdCbUFHc0FMd0ExQURVQUx3QXpBQzhBVkFBdkFDMEFNUUFyQUc0QWN3QXZBR29BTHdCTUFFa0FMZ0JpQUY4QWNBQmhBR2NBTHdCVEFFVUFVZ0JRQUN3QU5RQXpBREVBTWdBdUFERUFMd0F5QUhNQUx3QXhBREFBY3dBdkFHWUFhd0F2QURJQWNRQXZBRE1BTHdCVUFDOEFMUUF4QUNzQWJnQnpBQzhBYXdBdkFFQUFNZ0F2QUZNQVJRQlNBRkFBTEFBMUFETUFNQUF5QUM0QU1RQXZBR29BWndBdkFEUUFhUUF2QUdFQWJ3QXZBRFVBYkFBdkFETUFMd0JVQUM4QUxRQXhBQ3NBYmdCekFDOEFiQUF2QUVZQVR3QlBBRlFBUlFCU0FDTUFZZ0JmQUdZQWJ3QnZBSFFBWlFCeUFDOEFVd0JGQUZJQVVBQXNBRFVBTUFBekFEVUFMZ0F4QUM4QU1BQXZBRUFBTXdBdkFIY0FPUUF2QURFQVl3QXZBREVBTHdCVUFDOEFMUUF4QUNzQWJBQTVBQzhBYlFBdkFFa0FUUUJIQUM4QUx3QXhBRzBBTHdCbkFDOEFhZ0JpQUM4QU1RQnhBQzhBTlFBdkFGUUFMd0F0QURFQUt3QnNBRGtBTHdCdUFDOEFTUUJOQUVjQUl3QnBBR1FBWHdCd0FDOEFRQUEwQUM4QU1BQXZBREFBTHdBd0FDOEFNQUF2QURRQUx3QlVBQzhBTWdBckFFQUFOUUF2QURNQUx3QXZBQzhBY2dBd0FDOEFZUUF2QURRQU5RQXZBREVBWlFBdkFDOEFVZ0F2QUNzQVFBQTFBQzhBYmdBdkFDOEFMd0J6QUdnQUx3QnFBQzhBZHdBdkFIY0FMd0F2QUZJQUx3QWlBQ3dBSWdCT0FDSUFPZ0FpQUMwQU1RQXZBREFBTHdBdkFDOEFaQUJ2QUdNQWRRQnRBR1VBYmdCMEFDOEFMd0IwQUdFQUx3QXZBR1VBWlFBdkFDMEFNUUF2QUdVQVpRQXZBR1VBWmdBdkFHVUFad0F2QUc0QU1nQXJBR29BYndBdkFERUFMd0J0QUM4QVFBQTJBQzhBY3dCcEFHMEFad0FsQURJQVJnQlRBR2dBWVFCeUFHVUFaQUJUQUhBQWNnQnBBSFFBWlFCRUFHVUFjd0JyQUhRQWJ3QndBRlFBZHdCdkFGUUFid0J1QUdVQVRBQnZBR2NBYndCVUFHVUFZUUJzQUZNQWNBQjVBRjhBTUFBNEFERUFOd0F1QUhBQWJnQm5BQzhBUUFBM0FDOEFlZ0F2QUVBQU9BQXZBR3NBYXdBdkFDMEFNUUF2QUdzQWF3QXZBR3NBYXdBdkFHc0Fhd0F2QUdzQWJnQXJBSGtBYVFBdkFESUFMd0F2QUVBQU5nQXZBR01BY0FCMEFDOEFRQUEzQUM4QU1nQTVBQzhBUUFBNEFDOEFlUUJyQUM4QUxRQXhBQzhBZVFCckFDOEFlUUJyQUM4QUxRQXhBQzhBTVFBd0FISUFLd0I1QUhrQUx3QXpBQzhBTHdCQUFEWUFMd0JzQUhNQUpRQXlBRVlBYkFCekFIQUFMZ0JoQUhNQWNBQjRBQzhBUUFBeEFERUFMd0J2QURVQUx3QkFBRGdBTHdCQUFEa0FMd0F0QURFQUx3QkFBRGtBTHdBeEFERUFPUUF2QURFQWJnQXpBQzhBTVFCdUFEUUFLd0I2QURFQUx3QTBBQzhBTHdCQUFEWUFMd0JDQUdrQWJnQm5BRU1BYndCeUFHVUFMZ0JDQUhVQWJnQmtBR3dBWlFBdkFFQUFiZ0F2QURFQWFnQXZBRUFBT0FBdkFFQUFZUUF2QUMwQU1RQXZBRUFBWVFBdkFFQUFZUUF2QUVBQVlRQXZBREVBTUFCc0FDc0FNUUEzQUdzQUx3QTFBQzhBTHdCQUFEWUFMd0JBQUcwQUx3QkFBRGNBTHdBeUFHVUFMd0JBQURnQUx3QkFBR0lBTHdBdEFERUFMd0JBQUdJQUx3QkFBR0lBTHdCQUFHSUFMd0F4QURrQWVnQXJBREVBWVFBd0FDOEFOZ0F2QUM4QVFBQTJBQzhBUUFCd0FDOEFRQUEzQUM4QU5RQXZBRUFBT0FBdkFFQUFZd0F2QUMwQU1RQXZBRUFBWXdBdkFFQUFZd0F2QUVBQVl3QXZBRUFBWXdBckFERUFZUUEzQUM4QU53QXZBQzhBUUFBMkFDOEFRQUJ5QUM4QVFBQTNBQzhBYXdBdkFFQUFPQUF2QUVBQVpBQXZBQzBBTVFBdkFFQUFaQUF2QUVBQVpBQXZBRUFBWkFBdkFERUFZUUJ6QUNzQU1RQmhBSFFBTHdBNEFDOEFMd0JBQURZQUx3QkFBSFFBTHdCQUFEY0FMd0EwQUM4QVFBQTRBQzhBUUFCbEFDOEFMUUF4QUM4QVFBQmxBQzhBUUFCbEFDOEFRQUJsQUM4QU1RQmhBSGtBS3dBeEFHRUFlZ0F2QURrQUx3QXZBRUFBTmdBdkFFQUFkZ0F2QUVBQU53QXZBRGtBTHdCQUFEZ0FMd0JBQUdZQUx3QXRBREVBTHdCQUFHWUFMd0JBQUdZQUx3QkFBR1lBTHdCQUFHWUFLd0F4QUdJQU9RQXZBR0VBTHdBdkFFQUFOZ0F2QUVBQWVBQXZBRUFBTndBdkFHY0FMd0JBQURnQUx3QkFBR2NBTHdBdEFERUFMd0JBQUdjQUx3QkFBR2NBTHdCQUFHY0FMd0F4QUdJQWNRQXJBREVBWWdCeUFDOEFZZ0F2QUM4QVFBQTJBQzhBUUFCNkFDOEFRQUEzQUM4QWNRQXZBRUFBT0FBdkFFQUFhQUF2QUMwQU1RQXZBRUFBYUFBdkFFQUFhQUF2QUVBQWFBQXZBREVBWXdCcEFDc0FNUUJqQUdvQUx3QmpBQzhBTHdCQUFEWUFMd0JBQURFQU13QXZBRUFBTndBdkFERUFNUUF2QUVBQU9BQXZBRUFBYVFBdkFDMEFNUUF2QUVBQWFRQXZBRUFBYVFBdkFFQUFhUUF2QURFQVpBQnNBQ3NBTVFCa0FHMEFMd0JrQUM4QUx3QkFBRFlBTHdCQUFERUFOUUF2QUVBQU53QXZBR1VBTHdCQUFEZ0FMd0JBQUdvQUx3QXRBREVBTHdCQUFHb0FMd0JBQUdvQUx3QkFBR29BTHdBeEFHVUFNUUFyQURFQVpRQXlBQzhBWlFBdkFDOEFRQUEyQUM4QVFBQXhBRGNBTHdCQUFEY0FMd0JxQUM4QVFBQTRBQzhBUUFCckFDOEFMUUF4QUM4QVFBQnJBQzhBUUFCckFDOEFRQUJyQUM4QU1RQmxBRzBBS3dBeEFHVUFid0F2QUdZQUx3QXZBRUFBTmdBdkFFQUFNUUE1QUM4QVFBQTNBQzhBYmdBdkFFQUFPQUF2QUVBQWJBQXZBQzBBTVFBdkFFQUFiQUF2QUVBQWJBQXZBRUFBYkFBdkFERUFaZ0JpQUNzQU1RQm1BR1FBTHdCbkFDOEFMd0JBQURZQUx3QkFBRzBBTHdCQUFHNEFMd0ExQUM4QVFBQTRBQzhBUUFCdkFDOEFMUUF4QUM4QVFBQnZBQzhBUUFCdkFDOEFRQUJ2QUM4QU1RQm1BR2tBS3dBeEFHY0FjZ0F2QUdnQUx3QXZBRUFBTmdBdkFFQUFjQUF2QUVBQWJnQXZBRElBTHdCQUFEZ0FMd0JBQUhFQUx3QXRBREVBTHdCQUFIRUFMd0JBQUhFQUx3QkFBSEVBTHdCQUFIRUFLd0F4QUdjQWRnQXZBR2tBTHdBdkFFQUFOZ0F2QUVBQWNnQXZBRUFBYmdBdkFESUFMd0JBQURnQUx3QkFBSE1BTHdBdEFERUFMd0JBQUhNQUx3QkFBSE1BTHdCQUFITUFMd0F4QUdjQWVRQXJBREVBYUFBd0FDOEFhZ0F2QUM4QVFBQTJBQzhBUUFCMEFDOEFRQUJ1QUM4QU1nQXZBRUFBT0FBdkFFQUFkUUF2QUMwQU1RQXZBRUFBZFFBdkFFQUFkUUF2QUVBQWRRQXZBRUFBZFFBckFERUFhQUF6QUM4QWF3QXZBQzhBUUFBMkFDOEFRQUIyQUM4QVFBQnVBQzhBTWdBdkFFQUFPQUF2QUVBQWR3QXZBQzBBTVFBdkFFQUFkd0F2QUVBQWR3QXZBRUFBZHdBdkFFQUFkd0FyQURFQWFnQTFBQzhBYkFBdkFDOEFRQUEyQUM4QVFBQjRBQzhBUUFCdUFDOEFNd0F2QUVBQU9BQXZBRUFBZVFBdkFDMEFNUUF2QUVBQWVRQXZBRUFBZVFBdkFFQUFlUUF2QUVBQWVRQXJBREVBYXdCNkFDOEFiUUF2QUM4QVFBQTJBQzhBUUFCNkFDOEFRQUJ1QUM4QU13QXZBRUFBT0FBdkFFQUFNUUF3QUM4QUxRQXhBQzhBUUFBeEFEQUFMd0JBQURFQU1BQXZBRUFBTVFBd0FDOEFNUUJzQURNQUt3QXhBR3dBTmdBdkFHNEFMd0F2QUVBQU5nQXZBSFVBY3dCbEFISUFKUUF5QUVZQVpBQnBBSE1BWXdCdkFIWUFaUUJ5QUM4QVFBQXhBREVBTHdBekFHUUFMd0JBQURnQUx3QkFBREVBTWdBdkFDMEFNUUF2QUVBQU1RQXlBQzhBUUFBeEFESUFMd0F4QUc4QWFRQXZBREVBYndCckFDc0FNUUJzQURnQUx3QnZBQzhBTHdCQUFEWUFMd0JBQURFQU13QXZBRUFBYmdBdkFEWUFMd0JBQURnQUx3QkFBREVBTkFBdkFDMEFNUUF2QUVBQU1RQTBBQzhBUUFBeEFEUUFMd0JBQURFQU5BQXZBREVBYkFCbUFDc0FNUUJ0QUdvQUx3QndBQzhBTHdCQUFEWUFMd0JBQURFQU5RQXZBRUFBYmdBdkFETUFMd0JBQURnQUx3QkFBREVBTmdBdkFDMEFNUUF2QUVBQU1RQTJBQzhBUUFBeEFEWUFMd0JBQURFQU5nQXZBRUFBTVFBMkFDc0FNUUJ0QUhVQUx3QnhBQzhBTHdCQUFEWUFMd0JBQURFQU53QXZBRUFBYmdBdkFESUFMd0JBQURnQUx3QkFBREVBT0FBdkFDMEFNUUF2QUVBQU1RQTRBQzhBUUFBeEFEZ0FMd0JBQURFQU9BQXZBRUFBTVFBNEFDc0FNUUJ0QUhrQUx3QnlBQzhBTHdCQUFEWUFMd0JBQURFQU9RQXZBRUFBYmdBdkFERUFMd0JBQURnQUx3QkFBREVBWVFBdkFDMEFNUUF2QUVBQU1RQmhBQzhBUUFBeEFHRUFMd0JBQURFQVlRQXZBREVBYmdBd0FDc0FNUUJ4QUdNQUx3QnpBQzhBTHdCc0FHOEFad0JwQUc0QUxnQnNBR2tBZGdCbEFDNEFZd0J2QUcwQUx3QnNBRzhBWndCcEFHNEFMZ0J6QUhJQVpnQXZBSE1BZFFCaUFHUUFid0JqQUhVQWJRQmxBRzRBZEFBdkFHUUFjUUF2QUVBQU9BQXZBQzBBTVFBdkFDMEFNUUF2QUMwQU1RQXZBQzBBTVFBdkFDMEFNUUF2QURJQU5BQXlBQ3NBTWdCbEFHOEFMd0IwQUM4QUx3QnpBSFFBYndCeUFHRUFad0JsQUM0QWJBQnBBSFlBWlFBdUFHTUFid0J0QUM4QWNBQnlBRzhBWmdCcEFHd0FaUUJ3QUdnQWJ3QjBBRzhBSlFBekFFRUFWUUJ6QUdVQWNnQlVBR2tBYkFCbEFGTUFkQUJoQUhRQWFRQmpBQ1VBTWdCR0FIQUFMd0JBQURjQUx3QXdBQzhBUUFBNEFDOEFMUUF4QUM4QUxRQXhBQzhBTFFBeEFDOEFMUUF4QUM4QUxRQXhBQzhBTFFBeEFDSUFMQUFpQUVNQUlnQTZBQ0lBUUFBeEFHSUFMd0F2QUVBQU1RQmpBQzhBYlFCdkFIVUFjd0JsQUM4QUxRQXhBQzhBTUFBdkFETUFOQUF2QURBQUt3QXhBSFlBYWdBdkFDOEFMd0F2QUM4QVpnQXZBRE1BTUFBdkFDc0FNUUIyQUhJQUx3QXZBQzhBTHdBdkFIRUFMd0F5QUhvQUx3QXJBREVBZGdCNkFDOEFMd0F2QUM4QUx3QXhBREFBTHdBeUFIZ0FMd0FyQURFQWR3QTNBQzhBTHdBdkFDOEFMd0F4QUdvQUx3QXlBSFlBTHdBckFERUFkd0JtQUM4QUx3QXZBQzhBTHdBeUFEWUFMd0F5QUhNQUx3QXJBREVBZHdCdUFDOEFNQUF2QUM4QUx3QXZBRElBZFFBdkFESUFid0F2QUNzQU1RQjNBSGNBTHdBdkFDOEFMd0F2QURNQVl3QXZBRElBYkFBdkFDc0FNUUI0QURNQUx3QXZBQzhBTHdBdkFETUFlUUF2QURJQWF3QXZBQ3NBTVFCNEFHTUFMd0F2QUM4QUx3QXZBRFFBYXdBdkFESUFaZ0F2QUNzQU1RQjRBR3dBTHdBdkFDOEFMd0F2QURRQWVBQXZBRElBWlFBdkFDc0FNUUI0QUhZQUx3QXZBQzhBTHdBdkFEVUFZUUF2QURJQVpBQXZBQ3NBTVFCNUFERUFMd0F2QUM4QUx3QXZBRFVBYndBdkFESUFZUUF2QUNzQU1RQjVBRGdBTHdBdkFDOEFMd0F2QURVQWVRQXZBRElBT1FBdkFDc0FNUUI1QUdZQUx3QXZBQzhBTHdBdkFEWUFPQUF2QURJQU53QXZBQ3NBTVFCNUFHNEFMd0F2QUM4QUx3QXZBRFlBYXdBdkFESUFOQUF2QUNzQU1RQjVBSFlBTHdBdkFDOEFMd0F2QURZQWRnQXZBRElBTXdBdkFDc0FNUUI2QURNQUx3QXZBQzhBTHdBdkFEY0FOZ0F2QURJQU1BQXZBQ3NBTVFCNkFHb0FMd0F2QUM4QUx3QXZBRGNBYmdBdkFERUFlUUF2QUNzQU1RQjZBSG9BTHdBdkFDOEFMd0F2QURnQU13QXZBREVBZGdBdkFDc0FNZ0F3QUdZQUx3QXZBQzhBTHdBdkFEZ0FaZ0F2QURFQWRBQXZBQ3NBTWdBeEFETUFMd0F2QUM4QUx3QXZBRGdBY1FBdkFERUFjd0F2QUNzQU1nQXhBSElBTHdBdkFDOEFMd0F2QURnQWRnQXZBREVBY2dBdkFDSUFMQUFpQUVJQVJBQWlBRG9BSWdCQUFERUFZZ0F2QUVBQU1RQmpBQzhBTVFBMUFERUFPUUE0QURJQU53QTVBRFVBTmdBaUFIMEFYUUJkQUYwQVBnQThBQzhBUkFBK0FEd0FMd0JGQUQ0QVBBQXZBRVVBZGdCbEFHNEFkQUJ6QUQ0QVBBQlRBRlFBVXdBK0FERUFOUUF4QURrQU9BQXlBRGNBT1FBMUFEY0FNUUF3QURFQVBBQXZBRk1BVkFCVEFENEFQQUF2QUVNQWJBQnBBR1VBYmdCMEFFa0FiZ0J6QUhRQVVnQmxBSEVBZFFCbEFITUFkQUErQUE9PTwvU3RyaW5nSHR0cEJvZHk+DQogICAgPC9SZXF1ZXN0Pg0KICAgIDxSZXF1ZXN0IE1ldGhvZD0iR0VUIiBHdWlkPSI2MzhmZTEwZC0wOTQ4LTRiMWMtOTBmMS03Y2Q0YTY4Y2YwYzYiIFZlcnNpb249IjEuMSIgVXJsPSJodHRwczovL3d3dzIuYmluZy5jb20vaXB2NnRlc3QvdGVzdCIgVGhpbmtUaW1lPSIzIiBUaW1lb3V0PSIzMDAiIFBhcnNlRGVwZW5kZW50UmVxdWVzdHM9IlRydWUiIEZvbGxvd1JlZGlyZWN0cz0iVHJ1ZSIgUmVjb3JkUmVzdWx0PSJUcnVlIiBDYWNoZT0iRmFsc2UiIFJlc3BvbnNlVGltZUdvYWw9IjAiIEVuY29kaW5nPSJ1dGYtOCIgRXhwZWN0ZWRIdHRwU3RhdHVzQ29kZT0iMCIgRXhwZWN0ZWRSZXNwb25zZVVybD0iIiBSZXBvcnRpbmdOYW1lPSIiIElnbm9yZUh0dHBTdGF0dXNDb2RlPSJGYWxzZSI+DQogICAgICA8SGVhZGVycz4NCiAgICAgICAgPEhlYWRlciBOYW1lPSJSZWZlcmVyIiBWYWx1ZT0iaHR0cHM6Ly93d3cuYmluZy5jb20vIiAvPg0KICAgICAgPC9IZWFkZXJzPg0KICAgIDwvUmVxdWVzdD4NCiAgICA8UmVxdWVzdCBNZXRob2Q9IkdFVCIgR3VpZD0iNmQyYjYwNTctYjVkYy00ZmM3LWE2ZWQtMGZhNWFjNDkzZDYwIiBWZXJzaW9uPSIxLjEiIFVybD0iaHR0cHM6Ly93d3cuYmluZy5jb20vQVMvU3VnZ2VzdGlvbnMiIFRoaW5rVGltZT0iMCIgVGltZW91dD0iMzAwIiBQYXJzZURlcGVuZGVudFJlcXVlc3RzPSJUcnVlIiBGb2xsb3dSZWRpcmVjdHM9IlRydWUiIFJlY29yZFJlc3VsdD0iVHJ1ZSIgQ2FjaGU9IkZhbHNlIiBSZXNwb25zZVRpbWVHb2FsPSIwIiBFbmNvZGluZz0idXRmLTgiIEV4cGVjdGVkSHR0cFN0YXR1c0NvZGU9IjAiIEV4cGVjdGVkUmVzcG9uc2VVcmw9IiIgUmVwb3J0aW5nTmFtZT0iIiBJZ25vcmVIdHRwU3RhdHVzQ29kZT0iRmFsc2UiPg0KICAgICAgPEhlYWRlcnM+DQogICAgICAgIDxIZWFkZXIgTmFtZT0iUmVmZXJlciIgVmFsdWU9Imh0dHBzOi8vd3d3LmJpbmcuY29tLyIgLz4NCiAgICAgIDwvSGVhZGVycz4NCiAgICAgIDxDb3JyZWxhdGlvbkV4dHJhY3Rpb25SdWxlcz4NCiAgICAgICAgPEV4dHJhY3Rpb25SdWxlIENsYXNzbmFtZT0iTWljcm9zb2Z0LlZpc3VhbFN0dWRpby5UZXN0VG9vbHMuV2ViVGVzdGluZy5SdWxlcy5FeHRyYWN0VGV4dCwgTWljcm9zb2Z0LlZpc3VhbFN0dWRpby5RdWFsaXR5VG9vbHMuV2ViVGVzdEZyYW1ld29yaywgVmVyc2lvbj0xMC4wLjAuMCwgQ3VsdHVyZT1uZXV0cmFsLCBQdWJsaWNLZXlUb2tlbj1iMDNmNWY3ZjExZDUwYTNhIiBWYXJpYWJsZU5hbWU9IlF1ZXJ5U3RyaW5nUGFyYW04MS5jdmlkIiBEaXNwbGF5TmFtZT0iIiBEZXNjcmlwdGlvbj0iIj4NCiAgICAgICAgICA8UnVsZVBhcmFtZXRlcnM+DQogICAgICAgICAgICA8UnVsZVBhcmFtZXRlciBOYW1lPSJTdGFydHNXaXRoIiBWYWx1ZT0iJmFtcDthbXA7Y3ZpZD0iIC8+DQogICAgICAgICAgICA8UnVsZVBhcmFtZXRlciBOYW1lPSJFbmRzV2l0aCIgVmFsdWU9IiZhbXA7IiAvPg0KICAgICAgICAgICAgPFJ1bGVQYXJhbWV0ZXIgTmFtZT0iSW5kZXgiIFZhbHVlPSIwIiAvPg0KICAgICAgICAgICAgPFJ1bGVQYXJhbWV0ZXIgTmFtZT0iSWdub3JlQ2FzZSIgVmFsdWU9IkZhbHNlIiAvPg0KICAgICAgICAgICAgPFJ1bGVQYXJhbWV0ZXIgTmFtZT0iVXNlUmVndWxhckV4cHJlc3Npb24iIFZhbHVlPSJGYWxzZSIgLz4NCiAgICAgICAgICAgIDxSdWxlUGFyYW1ldGVyIE5hbWU9Ikh0bWxEZWNvZGUiIFZhbHVlPSJUcnVlIiAvPg0KICAgICAgICAgICAgPFJ1bGVQYXJhbWV0ZXIgTmFtZT0iUmVxdWlyZWQiIFZhbHVlPSJGYWxzZSIgLz4NCiAgICAgICAgICA8L1J1bGVQYXJhbWV0ZXJzPg0KICAgICAgICA8L0V4dHJhY3Rpb25SdWxlPg0KICAgICAgPC9Db3JyZWxhdGlvbkV4dHJhY3Rpb25SdWxlcz4NCiAgICAgIDxRdWVyeVN0cmluZ1BhcmFtZXRlcnM+DQogICAgICAgIDxRdWVyeVN0cmluZ1BhcmFtZXRlciBOYW1lPSJwdCIgVmFsdWU9InBhZ2Uuc2VycCIgUmVjb3JkZWRWYWx1ZT0icGFnZS5zZXJwIiBDb3JyZWxhdGlvbkJpbmRpbmc9IiIgVXJsRW5jb2RlPSJGYWxzZSIgVXNlVG9Hcm91cFJlc3VsdHM9IkZhbHNlIiAvPg0KICAgICAgICA8UXVlcnlTdHJpbmdQYXJhbWV0ZXIgTmFtZT0iYnEiIFZhbHVlPSJuVUVWTyIgUmVjb3JkZWRWYWx1ZT0iblVFVk8iIENvcnJlbGF0aW9uQmluZGluZz0iIiBVcmxFbmNvZGU9IkZhbHNlIiBVc2VUb0dyb3VwUmVzdWx0cz0iRmFsc2UiIC8+DQogICAgICAgIDxRdWVyeVN0cmluZ1BhcmFtZXRlciBOYW1lPSJta3QiIFZhbHVlPSJlcy1jciIgUmVjb3JkZWRWYWx1ZT0iZXMtY3IiIENvcnJlbGF0aW9uQmluZGluZz0iIiBVcmxFbmNvZGU9IkZhbHNlIiBVc2VUb0dyb3VwUmVzdWx0cz0iRmFsc2UiIC8+DQogICAgICAgIDxRdWVyeVN0cmluZ1BhcmFtZXRlciBOYW1lPSJxcnkiIFZhbHVlPSJnbyIgUmVjb3JkZWRWYWx1ZT0iZ28iIENvcnJlbGF0aW9uQmluZGluZz0iIiBVcmxFbmNvZGU9IkZhbHNlIiBVc2VUb0dyb3VwUmVzdWx0cz0iRmFsc2UiIC8+DQogICAgICAgIDxRdWVyeVN0cmluZ1BhcmFtZXRlciBOYW1lPSJjcCIgVmFsdWU9IjAiIFJlY29yZGVkVmFsdWU9IjAiIENvcnJlbGF0aW9uQmluZGluZz0iIiBVcmxFbmNvZGU9IkZhbHNlIiBVc2VUb0dyb3VwUmVzdWx0cz0iRmFsc2UiIC8+DQogICAgICAgIDxRdWVyeVN0cmluZ1BhcmFtZXRlciBOYW1lPSJjc3MiIFZhbHVlPSIxIiBSZWNvcmRlZFZhbHVlPSIxIiBDb3JyZWxhdGlvbkJpbmRpbmc9IiIgVXJsRW5jb2RlPSJGYWxzZSIgVXNlVG9Hcm91cFJlc3VsdHM9IkZhbHNlIiAvPg0KICAgICAgICA8UXVlcnlTdHJpbmdQYXJhbWV0ZXIgTmFtZT0iY3ZpZCIgVmFsdWU9IkRDN0JFOUZCMEZCRTRFMzlBM0QyM0M3NUVBNUZEQUNDIiBSZWNvcmRlZFZhbHVlPSJEQzdCRTlGQjBGQkU0RTM5QTNEMjNDNzVFQTVGREFDQyIgQ29ycmVsYXRpb25CaW5kaW5nPSIiIFVybEVuY29kZT0iRmFsc2UiIFVzZVRvR3JvdXBSZXN1bHRzPSJGYWxzZSIgLz4NCiAgICAgIDwvUXVlcnlTdHJpbmdQYXJhbWV0ZXJzPg0KICAgIDwvUmVxdWVzdD4NCiAgICA8UmVxdWVzdCBNZXRob2Q9IkdFVCIgR3VpZD0iMzAwNDdmODYtZDlhZS00NTZjLWEyMGMtYjUyYTQ1OTI0Y2JmIiBWZXJzaW9uPSIxLjEiIFVybD0iaHR0cHM6Ly93d3cuYmluZy5jb20vQVMvU3VnZ2VzdGlvbnMiIFRoaW5rVGltZT0iMCIgVGltZW91dD0iMzAwIiBQYXJzZURlcGVuZGVudFJlcXVlc3RzPSJUcnVlIiBGb2xsb3dSZWRpcmVjdHM9IlRydWUiIFJlY29yZFJlc3VsdD0iVHJ1ZSIgQ2FjaGU9IkZhbHNlIiBSZXNwb25zZVRpbWVHb2FsPSIwIiBFbmNvZGluZz0idXRmLTgiIEV4cGVjdGVkSHR0cFN0YXR1c0NvZGU9IjAiIEV4cGVjdGVkUmVzcG9uc2VVcmw9IiIgUmVwb3J0aW5nTmFtZT0iIiBJZ25vcmVIdHRwU3RhdHVzQ29kZT0iRmFsc2UiPg0KICAgICAgPEhlYWRlcnM+DQogICAgICAgIDxIZWFkZXIgTmFtZT0iUmVmZXJlciIgVmFsdWU9Imh0dHBzOi8vd3d3LmJpbmcuY29tLyIgLz4NCiAgICAgIDwvSGVhZGVycz4NCiAgICAgIDxDb3JyZWxhdGlvbkV4dHJhY3Rpb25SdWxlcz4NCiAgICAgICAgPEV4dHJhY3Rpb25SdWxlIENsYXNzbmFtZT0iTWljcm9zb2Z0LlZpc3VhbFN0dWRpby5UZXN0VG9vbHMuV2ViVGVzdGluZy5SdWxlcy5FeHRyYWN0VGV4dCwgTWljcm9zb2Z0LlZpc3VhbFN0dWRpby5RdWFsaXR5VG9vbHMuV2ViVGVzdEZyYW1ld29yaywgVmVyc2lvbj0xMC4wLjAuMCwgQ3VsdHVyZT1uZXV0cmFsLCBQdWJsaWNLZXlUb2tlbj1iMDNmNWY3ZjExZDUwYTNhIiBWYXJpYWJsZU5hbWU9IlF1ZXJ5U3RyaW5nUGFyYW0xMTIuY3ZpZCIgRGlzcGxheU5hbWU9IiIgRGVzY3JpcHRpb249IiI+DQogICAgICAgICAgPFJ1bGVQYXJhbWV0ZXJzPg0KICAgICAgICAgICAgPFJ1bGVQYXJhbWV0ZXIgTmFtZT0iU3RhcnRzV2l0aCIgVmFsdWU9IiZhbXA7YW1wO2N2aWQ9IiAvPg0KICAgICAgICAgICAgPFJ1bGVQYXJhbWV0ZXIgTmFtZT0iRW5kc1dpdGgiIFZhbHVlPSImYW1wOyIgLz4NCiAgICAgICAgICAgIDxSdWxlUGFyYW1ldGVyIE5hbWU9IkluZGV4IiBWYWx1ZT0iMCIgLz4NCiAgICAgICAgICAgIDxSdWxlUGFyYW1ldGVyIE5hbWU9Iklnbm9yZUNhc2UiIFZhbHVlPSJGYWxzZSIgLz4NCiAgICAgICAgICAgIDxSdWxlUGFyYW1ldGVyIE5hbWU9IlVzZVJlZ3VsYXJFeHByZXNzaW9uIiBWYWx1ZT0iRmFsc2UiIC8+DQogICAgICAgICAgICA8UnVsZVBhcmFtZXRlciBOYW1lPSJIdG1sRGVjb2RlIiBWYWx1ZT0iVHJ1ZSIgLz4NCiAgICAgICAgICAgIDxSdWxlUGFyYW1ldGVyIE5hbWU9IlJlcXVpcmVkIiBWYWx1ZT0iRmFsc2UiIC8+DQogICAgICAgICAgPC9SdWxlUGFyYW1ldGVycz4NCiAgICAgICAgPC9FeHRyYWN0aW9uUnVsZT4NCiAgICAgIDwvQ29ycmVsYXRpb25FeHRyYWN0aW9uUnVsZXM+DQogICAgICA8UXVlcnlTdHJpbmdQYXJhbWV0ZXJzPg0KICAgICAgICA8UXVlcnlTdHJpbmdQYXJhbWV0ZXIgTmFtZT0icHQiIFZhbHVlPSJwYWdlLnNlcnAiIFJlY29yZGVkVmFsdWU9InBhZ2Uuc2VycCIgQ29ycmVsYXRpb25CaW5kaW5nPSIiIFVybEVuY29kZT0iRmFsc2UiIFVzZVRvR3JvdXBSZXN1bHRzPSJGYWxzZSIgLz4NCiAgICAgICAgPFF1ZXJ5U3RyaW5nUGFyYW1ldGVyIE5hbWU9ImJxIiBWYWx1ZT0iblVFVk8iIFJlY29yZGVkVmFsdWU9Im5VRVZPIiBDb3JyZWxhdGlvbkJpbmRpbmc9IiIgVXJsRW5jb2RlPSJGYWxzZSIgVXNlVG9Hcm91cFJlc3VsdHM9IkZhbHNlIiAvPg0KICAgICAgICA8UXVlcnlTdHJpbmdQYXJhbWV0ZXIgTmFtZT0ibWt0IiBWYWx1ZT0iZXMtY3IiIFJlY29yZGVkVmFsdWU9ImVzLWNyIiBDb3JyZWxhdGlvbkJpbmRpbmc9IiIgVXJsRW5jb2RlPSJGYWxzZSIgVXNlVG9Hcm91cFJlc3VsdHM9IkZhbHNlIiAvPg0KICAgICAgICA8UXVlcnlTdHJpbmdQYXJhbWV0ZXIgTmFtZT0icXJ5IiBWYWx1ZT0iZ29vIiBSZWNvcmRlZFZhbHVlPSJnb28iIENvcnJlbGF0aW9uQmluZGluZz0iIiBVcmxFbmNvZGU9IkZhbHNlIiBVc2VUb0dyb3VwUmVzdWx0cz0iRmFsc2UiIC8+DQogICAgICAgIDxRdWVyeVN0cmluZ1BhcmFtZXRlciBOYW1lPSJjcCIgVmFsdWU9IjAiIFJlY29yZGVkVmFsdWU9IjAiIENvcnJlbGF0aW9uQmluZGluZz0iIiBVcmxFbmNvZGU9IkZhbHNlIiBVc2VUb0dyb3VwUmVzdWx0cz0iRmFsc2UiIC8+DQogICAgICAgIDxRdWVyeVN0cmluZ1BhcmFtZXRlciBOYW1lPSJjdmlkIiBWYWx1ZT0iREM3QkU5RkIwRkJFNEUzOUEzRDIzQzc1RUE1RkRBQ0MiIFJlY29yZGVkVmFsdWU9IkRDN0JFOUZCMEZCRTRFMzlBM0QyM0M3NUVBNUZEQUNDIiBDb3JyZWxhdGlvbkJpbmRpbmc9Int7UXVlcnlTdHJpbmdQYXJhbTgxLmN2aWR9fSIgVXJsRW5jb2RlPSJGYWxzZSIgVXNlVG9Hcm91cFJlc3VsdHM9IkZhbHNlIiAvPg0KICAgICAgPC9RdWVyeVN0cmluZ1BhcmFtZXRlcnM+DQogICAgPC9SZXF1ZXN0Pg0KICAgIDxSZXF1ZXN0IE1ldGhvZD0iR0VUIiBHdWlkPSJlNjg5ZmIzNy03ZGE0LTQ0ZGEtYTNhYS00MTc3ZjU5NmE2YTYiIFZlcnNpb249IjEuMSIgVXJsPSJodHRwczovL3d3dy5iaW5nLmNvbS9BUy9TdWdnZXN0aW9ucyIgVGhpbmtUaW1lPSIwIiBUaW1lb3V0PSIzMDAiIFBhcnNlRGVwZW5kZW50UmVxdWVzdHM9IlRydWUiIEZvbGxvd1JlZGlyZWN0cz0iVHJ1ZSIgUmVjb3JkUmVzdWx0PSJUcnVlIiBDYWNoZT0iRmFsc2UiIFJlc3BvbnNlVGltZUdvYWw9IjAiIEVuY29kaW5nPSJ1dGYtOCIgRXhwZWN0ZWRIdHRwU3RhdHVzQ29kZT0iMCIgRXhwZWN0ZWRSZXNwb25zZVVybD0iIiBSZXBvcnRpbmdOYW1lPSIiIElnbm9yZUh0dHBTdGF0dXNDb2RlPSJGYWxzZSI+DQogICAgICA8SGVhZGVycz4NCiAgICAgICAgPEhlYWRlciBOYW1lPSJSZWZlcmVyIiBWYWx1ZT0iaHR0cHM6Ly93d3cuYmluZy5jb20vIiAvPg0KICAgICAgPC9IZWFkZXJzPg0KICAgICAgPENvcnJlbGF0aW9uRXh0cmFjdGlvblJ1bGVzPg0KICAgICAgICA8RXh0cmFjdGlvblJ1bGUgQ2xhc3NuYW1lPSJNaWNyb3NvZnQuVmlzdWFsU3R1ZGlvLlRlc3RUb29scy5XZWJUZXN0aW5nLlJ1bGVzLkV4dHJhY3RUZXh0LCBNaWNyb3NvZnQuVmlzdWFsU3R1ZGlvLlF1YWxpdHlUb29scy5XZWJUZXN0RnJhbWV3b3JrLCBWZXJzaW9uPTEwLjAuMC4wLCBDdWx0dXJlPW5ldXRyYWwsIFB1YmxpY0tleVRva2VuPWIwM2Y1ZjdmMTFkNTBhM2EiIFZhcmlhYmxlTmFtZT0iUXVlcnlTdHJpbmdQYXJhbTE0OC5jdmlkIiBEaXNwbGF5TmFtZT0iIiBEZXNjcmlwdGlvbj0iIj4NCiAgICAgICAgICA8UnVsZVBhcmFtZXRlcnM+DQogICAgICAgICAgICA8UnVsZVBhcmFtZXRlciBOYW1lPSJTdGFydHNXaXRoIiBWYWx1ZT0iJmFtcDthbXA7Y3ZpZD0iIC8+DQogICAgICAgICAgICA8UnVsZVBhcmFtZXRlciBOYW1lPSJFbmRzV2l0aCIgVmFsdWU9IiZhbXA7IiAvPg0KICAgICAgICAgICAgPFJ1bGVQYXJhbWV0ZXIgTmFtZT0iSW5kZXgiIFZhbHVlPSIwIiAvPg0KICAgICAgICAgICAgPFJ1bGVQYXJhbWV0ZXIgTmFtZT0iSWdub3JlQ2FzZSIgVmFsdWU9IkZhbHNlIiAvPg0KICAgICAgICAgICAgPFJ1bGVQYXJhbWV0ZXIgTmFtZT0iVXNlUmVndWxhckV4cHJlc3Npb24iIFZhbHVlPSJGYWxzZSIgLz4NCiAgICAgICAgICAgIDxSdWxlUGFyYW1ldGVyIE5hbWU9Ikh0bWxEZWNvZGUiIFZhbHVlPSJUcnVlIiAvPg0KICAgICAgICAgICAgPFJ1bGVQYXJhbWV0ZXIgTmFtZT0iUmVxdWlyZWQiIFZhbHVlPSJGYWxzZSIgLz4NCiAgICAgICAgICA8L1J1bGVQYXJhbWV0ZXJzPg0KICAgICAgICA8L0V4dHJhY3Rpb25SdWxlPg0KICAgICAgPC9Db3JyZWxhdGlvbkV4dHJhY3Rpb25SdWxlcz4NCiAgICAgIDxRdWVyeVN0cmluZ1BhcmFtZXRlcnM+DQogICAgICAgIDxRdWVyeVN0cmluZ1BhcmFtZXRlciBOYW1lPSJwdCIgVmFsdWU9InBhZ2Uuc2VycCIgUmVjb3JkZWRWYWx1ZT0icGFnZS5zZXJwIiBDb3JyZWxhdGlvbkJpbmRpbmc9IiIgVXJsRW5jb2RlPSJGYWxzZSIgVXNlVG9Hcm91cFJlc3VsdHM9IkZhbHNlIiAvPg0KICAgICAgICA8UXVlcnlTdHJpbmdQYXJhbWV0ZXIgTmFtZT0iYnEiIFZhbHVlPSJuVUVWTyIgUmVjb3JkZWRWYWx1ZT0iblVFVk8iIENvcnJlbGF0aW9uQmluZGluZz0iIiBVcmxFbmNvZGU9IkZhbHNlIiBVc2VUb0dyb3VwUmVzdWx0cz0iRmFsc2UiIC8+DQogICAgICAgIDxRdWVyeVN0cmluZ1BhcmFtZXRlciBOYW1lPSJta3QiIFZhbHVlPSJlcy1jciIgUmVjb3JkZWRWYWx1ZT0iZXMtY3IiIENvcnJlbGF0aW9uQmluZGluZz0iIiBVcmxFbmNvZGU9IkZhbHNlIiBVc2VUb0dyb3VwUmVzdWx0cz0iRmFsc2UiIC8+DQogICAgICAgIDxRdWVyeVN0cmluZ1BhcmFtZXRlciBOYW1lPSJxcnkiIFZhbHVlPSJnb29nIiBSZWNvcmRlZFZhbHVlPSJnb29nIiBDb3JyZWxhdGlvbkJpbmRpbmc9IiIgVXJsRW5jb2RlPSJGYWxzZSIgVXNlVG9Hcm91cFJlc3VsdHM9IkZhbHNlIiAvPg0KICAgICAgICA8UXVlcnlTdHJpbmdQYXJhbWV0ZXIgTmFtZT0iY3AiIFZhbHVlPSIwIiBSZWNvcmRlZFZhbHVlPSIwIiBDb3JyZWxhdGlvbkJpbmRpbmc9IiIgVXJsRW5jb2RlPSJGYWxzZSIgVXNlVG9Hcm91cFJlc3VsdHM9IkZhbHNlIiAvPg0KICAgICAgICA8UXVlcnlTdHJpbmdQYXJhbWV0ZXIgTmFtZT0iY3ZpZCIgVmFsdWU9IkRDN0JFOUZCMEZCRTRFMzlBM0QyM0M3NUVBNUZEQUNDIiBSZWNvcmRlZFZhbHVlPSJEQzdCRTlGQjBGQkU0RTM5QTNEMjNDNzVFQTVGREFDQyIgQ29ycmVsYXRpb25CaW5kaW5nPSJ7e1F1ZXJ5U3RyaW5nUGFyYW0xMTIuY3ZpZH19IiBVcmxFbmNvZGU9IkZhbHNlIiBVc2VUb0dyb3VwUmVzdWx0cz0iRmFsc2UiIC8+DQogICAgICA8L1F1ZXJ5U3RyaW5nUGFyYW1ldGVycz4NCiAgICA8L1JlcXVlc3Q+DQogICAgPFJlcXVlc3QgTWV0aG9kPSJHRVQiIEd1aWQ9IjY1YjUwYWM5LWE5NTYtNGIxNS1hZDBkLWU1NzIxMmM2MjcyYyIgVmVyc2lvbj0iMS4xIiBVcmw9Imh0dHBzOi8vd3d3LmJpbmcuY29tL0FTL1N1Z2dlc3Rpb25zIiBUaGlua1RpbWU9IjAiIFRpbWVvdXQ9IjMwMCIgUGFyc2VEZXBlbmRlbnRSZXF1ZXN0cz0iVHJ1ZSIgRm9sbG93UmVkaXJlY3RzPSJUcnVlIiBSZWNvcmRSZXN1bHQ9IlRydWUiIENhY2hlPSJGYWxzZSIgUmVzcG9uc2VUaW1lR29hbD0iMCIgRW5jb2Rpbmc9InV0Zi04IiBFeHBlY3RlZEh0dHBTdGF0dXNDb2RlPSIwIiBFeHBlY3RlZFJlc3BvbnNlVXJsPSIiIFJlcG9ydGluZ05hbWU9IiIgSWdub3JlSHR0cFN0YXR1c0NvZGU9IkZhbHNlIj4NCiAgICAgIDxIZWFkZXJzPg0KICAgICAgICA8SGVhZGVyIE5hbWU9IlJlZmVyZXIiIFZhbHVlPSJodHRwczovL3d3dy5iaW5nLmNvbS8iIC8+DQogICAgICA8L0hlYWRlcnM+DQogICAgICA8Q29ycmVsYXRpb25FeHRyYWN0aW9uUnVsZXM+DQogICAgICAgIDxFeHRyYWN0aW9uUnVsZSBDbGFzc25hbWU9Ik1pY3Jvc29mdC5WaXN1YWxTdHVkaW8uVGVzdFRvb2xzLldlYlRlc3RpbmcuUnVsZXMuRXh0cmFjdFRleHQsIE1pY3Jvc29mdC5WaXN1YWxTdHVkaW8uUXVhbGl0eVRvb2xzLldlYlRlc3RGcmFtZXdvcmssIFZlcnNpb249MTAuMC4wLjAsIEN1bHR1cmU9bmV1dHJhbCwgUHVibGljS2V5VG9rZW49YjAzZjVmN2YxMWQ1MGEzYSIgVmFyaWFibGVOYW1lPSJRdWVyeVN0cmluZ1BhcmFtMTg5LmN2aWQiIERpc3BsYXlOYW1lPSIiIERlc2NyaXB0aW9uPSIiPg0KICAgICAgICAgIDxSdWxlUGFyYW1ldGVycz4NCiAgICAgICAgICAgIDxSdWxlUGFyYW1ldGVyIE5hbWU9IlN0YXJ0c1dpdGgiIFZhbHVlPSImYW1wO2FtcDtjdmlkPSIgLz4NCiAgICAgICAgICAgIDxSdWxlUGFyYW1ldGVyIE5hbWU9IkVuZHNXaXRoIiBWYWx1ZT0iJmFtcDsiIC8+DQogICAgICAgICAgICA8UnVsZVBhcmFtZXRlciBOYW1lPSJJbmRleCIgVmFsdWU9IjAiIC8+DQogICAgICAgICAgICA8UnVsZVBhcmFtZXRlciBOYW1lPSJJZ25vcmVDYXNlIiBWYWx1ZT0iRmFsc2UiIC8+DQogICAgICAgICAgICA8UnVsZVBhcmFtZXRlciBOYW1lPSJVc2VSZWd1bGFyRXhwcmVzc2lvbiIgVmFsdWU9IkZhbHNlIiAvPg0KICAgICAgICAgICAgPFJ1bGVQYXJhbWV0ZXIgTmFtZT0iSHRtbERlY29kZSIgVmFsdWU9IlRydWUiIC8+DQogICAgICAgICAgICA8UnVsZVBhcmFtZXRlciBOYW1lPSJSZXF1aXJlZCIgVmFsdWU9IkZhbHNlIiAvPg0KICAgICAgICAgIDwvUnVsZVBhcmFtZXRlcnM+DQogICAgICAgIDwvRXh0cmFjdGlvblJ1bGU+DQogICAgICA8L0NvcnJlbGF0aW9uRXh0cmFjdGlvblJ1bGVzPg0KICAgICAgPFF1ZXJ5U3RyaW5nUGFyYW1ldGVycz4NCiAgICAgICAgPFF1ZXJ5U3RyaW5nUGFyYW1ldGVyIE5hbWU9InB0IiBWYWx1ZT0icGFnZS5zZXJwIiBSZWNvcmRlZFZhbHVlPSJwYWdlLnNlcnAiIENvcnJlbGF0aW9uQmluZGluZz0iIiBVcmxFbmNvZGU9IkZhbHNlIiBVc2VUb0dyb3VwUmVzdWx0cz0iRmFsc2UiIC8+DQogICAgICAgIDxRdWVyeVN0cmluZ1BhcmFtZXRlciBOYW1lPSJicSIgVmFsdWU9Im5VRVZPIiBSZWNvcmRlZFZhbHVlPSJuVUVWTyIgQ29ycmVsYXRpb25CaW5kaW5nPSIiIFVybEVuY29kZT0iRmFsc2UiIFVzZVRvR3JvdXBSZXN1bHRzPSJGYWxzZSIgLz4NCiAgICAgICAgPFF1ZXJ5U3RyaW5nUGFyYW1ldGVyIE5hbWU9Im1rdCIgVmFsdWU9ImVzLWNyIiBSZWNvcmRlZFZhbHVlPSJlcy1jciIgQ29ycmVsYXRpb25CaW5kaW5nPSIiIFVybEVuY29kZT0iRmFsc2UiIFVzZVRvR3JvdXBSZXN1bHRzPSJGYWxzZSIgLz4NCiAgICAgICAgPFF1ZXJ5U3RyaW5nUGFyYW1ldGVyIE5hbWU9InFyeSIgVmFsdWU9Imdvb2dsIiBSZWNvcmRlZFZhbHVlPSJnb29nbCIgQ29ycmVsYXRpb25CaW5kaW5nPSIiIFVybEVuY29kZT0iRmFsc2UiIFVzZVRvR3JvdXBSZXN1bHRzPSJGYWxzZSIgLz4NCiAgICAgICAgPFF1ZXJ5U3RyaW5nUGFyYW1ldGVyIE5hbWU9ImNwIiBWYWx1ZT0iMCIgUmVjb3JkZWRWYWx1ZT0iMCIgQ29ycmVsYXRpb25CaW5kaW5nPSIiIFVybEVuY29kZT0iRmFsc2UiIFVzZVRvR3JvdXBSZXN1bHRzPSJGYWxzZSIgLz4NCiAgICAgICAgPFF1ZXJ5U3RyaW5nUGFyYW1ldGVyIE5hbWU9ImN2aWQiIFZhbHVlPSJEQzdCRTlGQjBGQkU0RTM5QTNEMjNDNzVFQTVGREFDQyIgUmVjb3JkZWRWYWx1ZT0iREM3QkU5RkIwRkJFNEUzOUEzRDIzQzc1RUE1RkRBQ0MiIENvcnJlbGF0aW9uQmluZGluZz0ie3tRdWVyeVN0cmluZ1BhcmFtMTQ4LmN2aWR9fSIgVXJsRW5jb2RlPSJGYWxzZSIgVXNlVG9Hcm91cFJlc3VsdHM9IkZhbHNlIiAvPg0KICAgICAgPC9RdWVyeVN0cmluZ1BhcmFtZXRlcnM+DQogICAgPC9SZXF1ZXN0Pg0KICAgIDxSZXF1ZXN0IE1ldGhvZD0iR0VUIiBHdWlkPSIyZDgxZjU1YS00YTA2LTQ2ZDctOWU0MC1hZDg4MDU4MzAzYjUiIFZlcnNpb249IjEuMSIgVXJsPSJodHRwczovL3d3dy5iaW5nLmNvbS9BUy9TdWdnZXN0aW9ucyIgVGhpbmtUaW1lPSIwIiBUaW1lb3V0PSIzMDAiIFBhcnNlRGVwZW5kZW50UmVxdWVzdHM9IlRydWUiIEZvbGxvd1JlZGlyZWN0cz0iVHJ1ZSIgUmVjb3JkUmVzdWx0PSJUcnVlIiBDYWNoZT0iRmFsc2UiIFJlc3BvbnNlVGltZUdvYWw9IjAiIEVuY29kaW5nPSJ1dGYtOCIgRXhwZWN0ZWRIdHRwU3RhdHVzQ29kZT0iMCIgRXhwZWN0ZWRSZXNwb25zZVVybD0iIiBSZXBvcnRpbmdOYW1lPSIiIElnbm9yZUh0dHBTdGF0dXNDb2RlPSJGYWxzZSI+DQogICAgICA8SGVhZGVycz4NCiAgICAgICAgPEhlYWRlciBOYW1lPSJSZWZlcmVyIiBWYWx1ZT0iaHR0cHM6Ly93d3cuYmluZy5jb20vIiAvPg0KICAgICAgPC9IZWFkZXJzPg0KICAgICAgPENvcnJlbGF0aW9uRXh0cmFjdGlvblJ1bGVzPg0KICAgICAgICA8RXh0cmFjdGlvblJ1bGUgQ2xhc3NuYW1lPSJNaWNyb3NvZnQuVmlzdWFsU3R1ZGlvLlRlc3RUb29scy5XZWJUZXN0aW5nLlJ1bGVzLkV4dHJhY3RUZXh0LCBNaWNyb3NvZnQuVmlzdWFsU3R1ZGlvLlF1YWxpdHlUb29scy5XZWJUZXN0RnJhbWV3b3JrLCBWZXJzaW9uPTEwLjAuMC4wLCBDdWx0dXJlPW5ldXRyYWwsIFB1YmxpY0tleVRva2VuPWIwM2Y1ZjdmMTFkNTBhM2EiIFZhcmlhYmxlTmFtZT0iUXVlcnlTdHJpbmdQYXJhbTIzMi5wcSIgRGlzcGxheU5hbWU9IiIgRGVzY3JpcHRpb249IiI+DQogICAgICAgICAgPFJ1bGVQYXJhbWV0ZXJzPg0KICAgICAgICAgICAgPFJ1bGVQYXJhbWV0ZXIgTmFtZT0iU3RhcnRzV2l0aCIgVmFsdWU9IiZhbXA7YW1wO3BxPSIgLz4NCiAgICAgICAgICAgIDxSdWxlUGFyYW1ldGVyIE5hbWU9IkVuZHNXaXRoIiBWYWx1ZT0iJmFtcDsiIC8+DQogICAgICAgICAgICA8UnVsZVBhcmFtZXRlciBOYW1lPSJJbmRleCIgVmFsdWU9IjAiIC8+DQogICAgICAgICAgICA8UnVsZVBhcmFtZXRlciBOYW1lPSJJZ25vcmVDYXNlIiBWYWx1ZT0iRmFsc2UiIC8+DQogICAgICAgICAgICA8UnVsZVBhcmFtZXRlciBOYW1lPSJVc2VSZWd1bGFyRXhwcmVzc2lvbiIgVmFsdWU9IkZhbHNlIiAvPg0KICAgICAgICAgICAgPFJ1bGVQYXJhbWV0ZXIgTmFtZT0iSHRtbERlY29kZSIgVmFsdWU9IlRydWUiIC8+DQogICAgICAgICAgICA8UnVsZVBhcmFtZXRlciBOYW1lPSJSZXF1aXJlZCIgVmFsdWU9IkZhbHNlIiAvPg0KICAgICAgICAgIDwvUnVsZVBhcmFtZXRlcnM+DQogICAgICAgIDwvRXh0cmFjdGlvblJ1bGU+DQogICAgICAgIDxFeHRyYWN0aW9uUnVsZSBDbGFzc25hbWU9Ik1pY3Jvc29mdC5WaXN1YWxTdHVkaW8uVGVzdFRvb2xzLldlYlRlc3RpbmcuUnVsZXMuRXh0cmFjdFRleHQsIE1pY3Jvc29mdC5WaXN1YWxTdHVkaW8uUXVhbGl0eVRvb2xzLldlYlRlc3RGcmFtZXdvcmssIFZlcnNpb249MTAuMC4wLjAsIEN1bHR1cmU9bmV1dHJhbCwgUHVibGljS2V5VG9rZW49YjAzZjVmN2YxMWQ1MGEzYSIgVmFyaWFibGVOYW1lPSJRdWVyeVN0cmluZ1BhcmFtMjMzLnNjIiBEaXNwbGF5TmFtZT0iIiBEZXNjcmlwdGlvbj0iIj4NCiAgICAgICAgICA8UnVsZVBhcmFtZXRlcnM+DQogICAgICAgICAgICA8UnVsZVBhcmFtZXRlciBOYW1lPSJTdGFydHNXaXRoIiBWYWx1ZT0iJmFtcDthbXA7c2M9IiAvPg0KICAgICAgICAgICAgPFJ1bGVQYXJhbWV0ZXIgTmFtZT0iRW5kc1dpdGgiIFZhbHVlPSImYW1wOyIgLz4NCiAgICAgICAgICAgIDxSdWxlUGFyYW1ldGVyIE5hbWU9IkluZGV4IiBWYWx1ZT0iMCIgLz4NCiAgICAgICAgICAgIDxSdWxlUGFyYW1ldGVyIE5hbWU9Iklnbm9yZUNhc2UiIFZhbHVlPSJGYWxzZSIgLz4NCiAgICAgICAgICAgIDxSdWxlUGFyYW1ldGVyIE5hbWU9IlVzZVJlZ3VsYXJFeHByZXNzaW9uIiBWYWx1ZT0iRmFsc2UiIC8+DQogICAgICAgICAgICA8UnVsZVBhcmFtZXRlciBOYW1lPSJIdG1sRGVjb2RlIiBWYWx1ZT0iVHJ1ZSIgLz4NCiAgICAgICAgICAgIDxSdWxlUGFyYW1ldGVyIE5hbWU9IlJlcXVpcmVkIiBWYWx1ZT0iRmFsc2UiIC8+DQogICAgICAgICAgPC9SdWxlUGFyYW1ldGVycz4NCiAgICAgICAgPC9FeHRyYWN0aW9uUnVsZT4NCiAgICAgICAgPEV4dHJhY3Rpb25SdWxlIENsYXNzbmFtZT0iTWljcm9zb2Z0LlZpc3VhbFN0dWRpby5UZXN0VG9vbHMuV2ViVGVzdGluZy5SdWxlcy5FeHRyYWN0VGV4dCwgTWljcm9zb2Z0LlZpc3VhbFN0dWRpby5RdWFsaXR5VG9vbHMuV2ViVGVzdEZyYW1ld29yaywgVmVyc2lvbj0xMC4wLjAuMCwgQ3VsdHVyZT1uZXV0cmFsLCBQdWJsaWNLZXlUb2tlbj1iMDNmNWY3ZjExZDUwYTNhIiBWYXJpYWJsZU5hbWU9IlF1ZXJ5U3RyaW5nUGFyYW0yMzQuY3ZpZCIgRGlzcGxheU5hbWU9IiIgRGVzY3JpcHRpb249IiI+DQogICAgICAgICAgPFJ1bGVQYXJhbWV0ZXJzPg0KICAgICAgICAgICAgPFJ1bGVQYXJhbWV0ZXIgTmFtZT0iU3RhcnRzV2l0aCIgVmFsdWU9IiZhbXA7YW1wO2N2aWQ9IiAvPg0KICAgICAgICAgICAgPFJ1bGVQYXJhbWV0ZXIgTmFtZT0iRW5kc1dpdGgiIFZhbHVlPSImYW1wOyIgLz4NCiAgICAgICAgICAgIDxSdWxlUGFyYW1ldGVyIE5hbWU9IkluZGV4IiBWYWx1ZT0iMCIgLz4NCiAgICAgICAgICAgIDxSdWxlUGFyYW1ldGVyIE5hbWU9Iklnbm9yZUNhc2UiIFZhbHVlPSJGYWxzZSIgLz4NCiAgICAgICAgICAgIDxSdWxlUGFyYW1ldGVyIE5hbWU9IlVzZVJlZ3VsYXJFeHByZXNzaW9uIiBWYWx1ZT0iRmFsc2UiIC8+DQogICAgICAgICAgICA8UnVsZVBhcmFtZXRlciBOYW1lPSJIdG1sRGVjb2RlIiBWYWx1ZT0iVHJ1ZSIgLz4NCiAgICAgICAgICAgIDxSdWxlUGFyYW1ldGVyIE5hbWU9IlJlcXVpcmVkIiBWYWx1ZT0iRmFsc2UiIC8+DQogICAgICAgICAgPC9SdWxlUGFyYW1ldGVycz4NCiAgICAgICAgPC9FeHRyYWN0aW9uUnVsZT4NCiAgICAgIDwvQ29ycmVsYXRpb25FeHRyYWN0aW9uUnVsZXM+DQogICAgICA8UXVlcnlTdHJpbmdQYXJhbWV0ZXJzPg0KICAgICAgICA8UXVlcnlTdHJpbmdQYXJhbWV0ZXIgTmFtZT0icHQiIFZhbHVlPSJwYWdlLnNlcnAiIFJlY29yZGVkVmFsdWU9InBhZ2Uuc2VycCIgQ29ycmVsYXRpb25CaW5kaW5nPSIiIFVybEVuY29kZT0iRmFsc2UiIFVzZVRvR3JvdXBSZXN1bHRzPSJGYWxzZSIgLz4NCiAgICAgICAgPFF1ZXJ5U3RyaW5nUGFyYW1ldGVyIE5hbWU9ImJxIiBWYWx1ZT0iblVFVk8iIFJlY29yZGVkVmFsdWU9Im5VRVZPIiBDb3JyZWxhdGlvbkJpbmRpbmc9IiIgVXJsRW5jb2RlPSJGYWxzZSIgVXNlVG9Hcm91cFJlc3VsdHM9IkZhbHNlIiAvPg0KICAgICAgICA8UXVlcnlTdHJpbmdQYXJhbWV0ZXIgTmFtZT0ibWt0IiBWYWx1ZT0iZXMtY3IiIFJlY29yZGVkVmFsdWU9ImVzLWNyIiBDb3JyZWxhdGlvbkJpbmRpbmc9IiIgVXJsRW5jb2RlPSJGYWxzZSIgVXNlVG9Hcm91cFJlc3VsdHM9IkZhbHNlIiAvPg0KICAgICAgICA8UXVlcnlTdHJpbmdQYXJhbWV0ZXIgTmFtZT0icXJ5IiBWYWx1ZT0iZ29vZ2xlIiBSZWNvcmRlZFZhbHVlPSJnb29nbGUiIENvcnJlbGF0aW9uQmluZGluZz0iIiBVcmxFbmNvZGU9IkZhbHNlIiBVc2VUb0dyb3VwUmVzdWx0cz0iRmFsc2UiIC8+DQogICAgICAgIDxRdWVyeVN0cmluZ1BhcmFtZXRlciBOYW1lPSJjcCIgVmFsdWU9IjAiIFJlY29yZGVkVmFsdWU9IjAiIENvcnJlbGF0aW9uQmluZGluZz0iIiBVcmxFbmNvZGU9IkZhbHNlIiBVc2VUb0dyb3VwUmVzdWx0cz0iRmFsc2UiIC8+DQogICAgICAgIDxRdWVyeVN0cmluZ1BhcmFtZXRlciBOYW1lPSJjdmlkIiBWYWx1ZT0iREM3QkU5RkIwRkJFNEUzOUEzRDIzQzc1RUE1RkRBQ0MiIFJlY29yZGVkVmFsdWU9IkRDN0JFOUZCMEZCRTRFMzlBM0QyM0M3NUVBNUZEQUNDIiBDb3JyZWxhdGlvbkJpbmRpbmc9Int7UXVlcnlTdHJpbmdQYXJhbTE4OS5jdmlkfX0iIFVybEVuY29kZT0iRmFsc2UiIFVzZVRvR3JvdXBSZXN1bHRzPSJGYWxzZSIgLz4NCiAgICAgIDwvUXVlcnlTdHJpbmdQYXJhbWV0ZXJzPg0KICAgIDwvUmVxdWVzdD4NCiAgICA8UmVxdWVzdCBNZXRob2Q9IlBPU1QiIEd1aWQ9ImFkNzg4NDM0LTA2YTMtNGQ4YS1iMjcwLWJmODQ5M2ViODJjNCIgVmVyc2lvbj0iMS4xIiBVcmw9Imh0dHBzOi8vd3d3LmJpbmcuY29tL2ZkL2xzL2xzcC5hc3B4IiBUaGlua1RpbWU9IjAiIFRpbWVvdXQ9IjMwMCIgUGFyc2VEZXBlbmRlbnRSZXF1ZXN0cz0iVHJ1ZSIgRm9sbG93UmVkaXJlY3RzPSJUcnVlIiBSZWNvcmRSZXN1bHQ9IlRydWUiIENhY2hlPSJGYWxzZSIgUmVzcG9uc2VUaW1lR29hbD0iMCIgRW5jb2Rpbmc9InV0Zi04IiBFeHBlY3RlZEh0dHBTdGF0dXNDb2RlPSIwIiBFeHBlY3RlZFJlc3BvbnNlVXJsPSIiIFJlcG9ydGluZ05hbWU9IiIgSWdub3JlSHR0cFN0YXR1c0NvZGU9IkZhbHNlIj4NCiAgICAgIDxIZWFkZXJzPg0KICAgICAgICA8SGVhZGVyIE5hbWU9IlJlZmVyZXIiIFZhbHVlPSJodHRwczovL3d3dy5iaW5nLmNvbS8iIC8+DQogICAgICA8L0hlYWRlcnM+DQogICAgICA8U3RyaW5nSHR0cEJvZHkgQ29udGVudFR5cGU9InRleHQveG1sIiBJbnNlcnRCeXRlT3JkZXJNYXJrPSJGYWxzZSI+UEFCREFHd0FhUUJsQUc0QWRBQkpBRzRBY3dCMEFGSUFaUUJ4QUhVQVpRQnpBSFFBUGdBOEFFVUFkZ0JsQUc0QWRBQnpBRDRBUEFCRkFENEFQQUJVQUQ0QVJRQjJBR1VBYmdCMEFDNEFRd0JzQUdrQVpRQnVBSFFBU1FCdUFITUFkQUE4QUM4QVZBQStBRHdBU1FCSEFENEFSQUJEQURjQVFnQkZBRGtBUmdCQ0FEQUFSZ0JDQUVVQU5BQkZBRE1BT1FCQkFETUFSQUF5QURNQVF3QTNBRFVBUlFCQkFEVUFSZ0JFQUVFQVF3QkRBRHdBTHdCSkFFY0FQZ0E4QUZRQVV3QStBREVBTlFBeEFEa0FPQUF5QURjQU9RQTJBRElBTWdBd0FERUFQQUF2QUZRQVV3QStBRHdBUkFBK0FEd0FJUUJiQUVNQVJBQkJBRlFBUVFCYkFGc0Fld0FpQUZRQUlnQTZBQ0lBUXdCSkFDNEFRZ0J2QUhnQVRRQnZBR1FBWlFCc0FDSUFMQUFpQUVZQVNRQkVBQ0lBT2dBaUFFTUFTUUFpQUN3QUlnQk9BR0VBYlFCbEFDSUFPZ0FpQUhZQU1nQXVBRGdBSWdBc0FDSUFVd0JXQUNJQU9nQWlBRFFBSWdBc0FDSUFVQUFpQURvQWV3QWlBRU1BSWdBNkFERUFOZ0FzQUNJQVRnQWlBRG9BTWdBc0FDSUFTUUFpQURvQUlnQXlBR3NBYUFBaUFDd0FJZ0JUQUNJQU9nQWlBRU1BS3dCTEFDc0FUUUJVQUNzQVZRQWlBQ3dBSWdCTkFDSUFPZ0FpQUZZQUt3Qk1BQ3NBVFFBckFFMEFWQUFyQUVVQUt3Qk9BQ3NBUXdBckFFc0FLd0JDQUVRQUlnQXNBQ0lBVkFBaUFEb0FPQUExQURnQU1BQXNBQ0lBU3dBaUFEb0FJZ0F5QUc4QWRRQXJBRFVBY0FCMEFDc0FOZ0F4QURJQUt3QkJBRk1BSlFBeUFFWUFVd0IxQUdjQVp3QmxBSE1BZEFCcEFHOEFiZ0J6QUNzQU5nQTJBRzRBS3dBMkFEa0FaUUFyQURZQVl3QmxBQ3NBTmdCbEFIZ0FLd0ExQUhFQU13QXJBR3NBWlFCNUFHUUFid0IzQUc0QUt3QnJBR1VBZVFCd0FISUFaUUJ6QUhNQUt3QTJBRFlBY3dBckFEWUFZUUJpQUNzQU5nQnFBRGNBSWdBc0FDSUFSZ0FpQURvQU1RQjlBQ3dBSWdCTUFDSUFPZ0FpQUVBQU1RQnNBQzhBYndBdkFFa0FUZ0JRQUZVQVZBQWpBSE1BWWdCZkFHWUFid0J5QUcwQVh3QnhBQzhBTHdBekFHTUFMd0JxQUM4QVpBQjNBQzhBZFFBdkFEUUFMd0JMQUM4QUxRQXhBQ3NBTmdBeEFERUFMd0J3QUM4QVJBQkpBRllBSXdCaEFHb0FZUUI0QUZNQWRBQjVBR3dBWlFCekFDOEFMd0F3QUM4QU1BQXZBSGNBT1FBdkFEQUFMd0F4QUM4QVRRQlVBQzhBTFFBeEFDc0FOZ0EwQUhrQUx3QnhBQzhBVlFCTUFDTUFjd0JoQUY4QWRRQnNBQzhBTHdBeUFITUFMd0F4QUdrQUx3Qm1BR3NBTHdBMkFHOEFMd0EyQUM4QVRRQlVBQzhBTWdBckFEWUFiQUI1QUM4QWNRQXZBQzhBTHdBd0FDOEFNQUF2QURBQUx3QXdBQzhBTUFBdkFGSUFMd0FpQUN3QUlnQk5BQ0lBT2dBaUFHb0Fid0FyQURFQWRnQXpBQ3NBYWdCMEFDc0FOZ0J0QURFQUt3QXhBRElBS3dBd0FDc0FNQUFyQURFQUt3QXdBQ3NBYVFBMkFDc0FNUUFpQUN3QUlnQk9BQ0lBT2dBaUFESUFid0J5QUM4QWRRQXZBQzhBUUFBMkFDOEFiQUJ6QUNVQU1nQkdBR3dBY3dCd0FDNEFZUUJ6QUhBQWVBQXZBRUFBTVFBeEFDOEFNd0EyQUM4QVFBQTRBQzhBUUFBeEFHUUFMd0F0QURFQUx3QkFBREVBWkFBdkFESUFjZ0J2QUM4QU1nQnlBSGNBTHdBeUFISUFlUUFyQURNQU5nQndBQzhBZGdBdkFDOEFkd0IzQUhjQU1nQXVBR0lBYVFCdUFHY0FMZ0JqQUc4QWJRQXZBR2tBY0FCMkFEWUFkQUJsQUhNQWRBQWxBRElBUmdCMEFHVUFjd0IwQUM4QVFBQnVBQzhBT1FCMUFDOEFRQUE0QUM4QUxRQXhBQzhBTFFBeEFDOEFMUUF4QUM4QUxRQXhBQzhBTFFBeEFDOEFNd0JuQUdzQUt3QTFBSEFBY3dBdkFIY0FMd0F2QUVBQU5nQXZBRUVBZFFCMEFHOEFVd0IxQUdjQUx3QkFBRzRBTHdCaEFEY0FMd0JBQURnQUx3QkFBREVBWlFBdkFDMEFNUUF2QUVBQU1RQmxBQzhBTlFCd0FIVUFMd0ExQUhvQWFBQXZBRFVBZWdCNkFDc0FOZ0F3QUhvQUx3QjRBQzhBTHdCQUFEWUFMd0JBQURFQVp3QXZBRUFBTVFBeEFDOEFNd0JrQUM4QVFBQTRBQzhBUUFBeEFHWUFMd0F0QURFQUx3QkFBREVBWmdBdkFFQUFNUUJtQUM4QU5nQTBBR0VBTHdBMkFEUUFaQUFyQURZQU5nQnRBQzhBZVFBdkFDOEFRQUEyQUM4QVFBQXhBR2NBTHdCQUFERUFNUUF2QURRQWJnQXZBRUFBT0FBdkFFQUFNUUJvQUM4QUxRQXhBQzhBUUFBeEFHZ0FMd0JBQURFQWFBQXZBRFlBWWdBNEFDOEFOZ0JpQURrQUt3QTJBRGtBWXdBdkFIb0FMd0F2QUVBQU5nQXZBRUFBTVFCbkFDOEFRQUF4QURFQUx3QTJBR2NBTHdCQUFEZ0FMd0JBQURFQWFRQXZBQzBBTVFBdkFFQUFNUUJwQUM4QVFBQXhBR2tBTHdBMkFHWUFjUUF2QURZQVpnQnpBQ3NBTmdCakFHTUFMd0F4QURBQUx3QXZBRUFBTmdBdkFFQUFNUUJuQUM4QVFBQXhBREVBTHdBekFHTUFMd0JBQURnQUx3QkFBREVBYWdBdkFDMEFNUUF2QUVBQU1RQnFBQzhBUUFBeEFHb0FMd0EyQUdZQWJnQXZBRFlBWmdCd0FDc0FOZ0JsQUhZQUx3QXhBREVBTHdBdkFFQUFOZ0F2QUVBQU1RQm5BQzhBUUFBeEFERUFMd0F6QUhNQUx3QkFBRGdBTHdCQUFERUFhd0F2QUMwQU1RQXZBRUFBTVFCckFDOEFRQUF4QUdzQUx3QTJBR2tBYmdBdkFEWUFhUUJ2QUNJQUxBQWlBRU1BSWdBNkFDSUFOQUJzQURNQUx3QXZBQzhBTHdBdkFDOEFNUUJ3QUM4QUt3QTBBRzBBYmdBdkFESUFMd0F2QUM4QUx3QTRBSEFBTHdBeEFHWUFMd0FyQURRQWRBQXpBQzhBYndBdkFDOEFMd0F2QURnQWJBQXZBREVBTlFBdkFDc0FOQUI1QUdjQUx3QXZBSEFBYndCcEFHNEFkQUJsQUhJQVpBQnZBSGNBYmdBdkFDOEFNQUF2QUM4QWVnQXZBREVBS3dBMUFEQUFNQUF2QUM4QVFBQXhBR01BTHdBdkFDMEFNUUF2QURnQU5nQXZBSFlBTHdBckFEVUFNQUJtQUM4QUx3QXZBQzhBTHdBM0FHOEFMd0J4QUM4QUt3QTFBREFBYmdBdkFDOEFMd0F2QUM4QU53QmpBQzhBYmdBdkFDc0FOUUF3QUhZQUx3QXZBQzhBTHdBdkFEWUFlUUF2QUdzQUx3QXJBRFVBTVFBMEFDOEFNZ0F2QUM4QUx3QXZBRFlBYkFBdkFHa0FMd0FyQURVQU1RQmlBQzhBTHdBdkFDOEFMd0EyQURZQUx3Qm5BQzhBS3dBMUFERUFhZ0F2QUM4QUx3QXZBQzhBTlFCd0FDOEFaZ0F2QUNzQU5RQXhBSElBTHdBdkFDOEFMd0F2QURVQU9BQXZBQzhBS3dBMUFERUFlZ0F2QUM4QUx3QXZBQzhBTkFCdEFDOEFMd0FyQURVQU1nQTNBQzhBTHdBdkFDOEFMd0EwQURBQUx3QXZBQ3NBTlFBeUFHWUFMd0F2QUM4QUx3QXZBRE1BYUFBdkFDOEFLd0ExQURJQWJnQXZBQzhBTHdBdkFDOEFNZ0I1QUM4QUx3QXJBRFVBTWdCM0FDOEFMd0F2QUM4QUx3QXlBR1lBTHdBdkFDc0FOUUF6QURNQUx3QXZBQzhBTHdBdkFESUFNQUF2QUM4QUt3QTFBRE1BWWdBdkFDOEFMd0F2QUM4QU1RQnVBQzhBTHdBckFEVUFNd0JxQUM4QUx3QXZBQzhBTHdBeEFHTUFMd0F2QUNzQU5RQXpBSG9BTHdBdkFDOEFMd0F2QUhrQUx3QXZBQ3NBTlFBMEFHWUFMd0F2QUM4QUx3QXZBRzRBTHdBdkFDc0FOUUExQUhJQUx3QXZBQzhBTHdBdkFHUUFMd0JpQUM4QUt3QTFBRGNBWWdBdkFDOEFjQUJ2QUdrQWJnQjBBR1VBY2dCMUFIQUFMd0F2QURBQUx3QXZBRGtBTHdBd0FDSUFMQUFpQUVzQUlnQTZBQ0lBUUFBeEFHd0FMd0J2QUM4QVFBQXhBRzBBTHdBd0FDc0FOUUJ4QURjQUx3QnZBQzhBUUFBeEFHNEFMd0F3QUNzQU5RQjVBSG9BTHdCdkFDOEFRQUF4QUcwQUx3QXdBQ3NBTlFCNkFEQUFMd0J2QUM4QVFBQXhBRzRBTHdBd0FDc0FOZ0EwQURNQUx3QnZBQzhBUUFBeEFHMEFMd0F3QUNzQU5nQTBBRFFBTHdCdkFDOEFRQUF4QUc0QUx3QXdBQ3NBUUFBeEFHOEFMd0J2QUM4QVFBQXhBRzBBTHdBd0FDc0FRQUF4QUc4QUx3QnZBQzhBUUFBeEFHNEFMd0F3QUNzQVFBQXhBSEFBTHdCdkFDOEFRQUF4QUcwQUx3QXdBQ3NBUUFBeEFIQUFMd0J2QUM4QVFBQXhBRzRBTHdBd0FDc0FOZ0JsQURNQUx3QnZBQzhBUUFBeEFHMEFMd0F3QUNzQU5nQmxBRFFBTHdCdkFDOEFRQUF4QUc0QUx3QXdBQ3NBUUFBeEFIRUFMd0J2QUM4QVFBQXhBRzBBTHdBd0FDc0FRQUF4QUhFQUx3QnZBQzhBUUFBeEFHNEFMd0F3QUNJQWZRQmRBRjBBWFFBK0FEd0FMd0JFQUQ0QVBBQXZBRVVBUGdBOEFDOEFSUUIyQUdVQWJnQjBBSE1BUGdBOEFGTUFWQUJUQUQ0QU1RQTFBREVBT1FBNEFESUFOd0E1QURZQU1nQXlBREFBTVFBOEFDOEFVd0JVQUZNQVBnQThBQzhBUXdCc0FHa0FaUUJ1QUhRQVNRQnVBSE1BZEFCU0FHVUFjUUIxQUdVQWN3QjBBRDRBPC9TdHJpbmdIdHRwQm9keT4NCiAgICA8L1JlcXVlc3Q+DQogICAgPFJlcXVlc3QgTWV0aG9kPSJHRVQiIEd1aWQ9ImY5ZGUxMmVhLTgxMTYtNDE3OC05YjQ1LTNmN2VjNjRiYjI2OCIgVmVyc2lvbj0iMS4xIiBVcmw9Imh0dHBzOi8vd3d3LmJpbmcuY29tL3NlYXJjaCIgVGhpbmtUaW1lPSIwIiBUaW1lb3V0PSIzMDAiIFBhcnNlRGVwZW5kZW50UmVxdWVzdHM9IlRydWUiIEZvbGxvd1JlZGlyZWN0cz0iVHJ1ZSIgUmVjb3JkUmVzdWx0PSJUcnVlIiBDYWNoZT0iRmFsc2UiIFJlc3BvbnNlVGltZUdvYWw9IjAiIEVuY29kaW5nPSJ1dGYtOCIgRXhwZWN0ZWRIdHRwU3RhdHVzQ29kZT0iMCIgRXhwZWN0ZWRSZXNwb25zZVVybD0iIiBSZXBvcnRpbmdOYW1lPSIiIElnbm9yZUh0dHBTdGF0dXNDb2RlPSJGYWxzZSI+DQogICAgICA8SGVhZGVycz4NCiAgICAgICAgPEhlYWRlciBOYW1lPSJSZWZlcmVyIiBWYWx1ZT0iaHR0cHM6Ly93d3cuYmluZy5jb20vIiAvPg0KICAgICAgPC9IZWFkZXJzPg0KICAgICAgPENvcnJlbGF0aW9uRXh0cmFjdGlvblJ1bGVzPg0KICAgICAgICA8RXh0cmFjdGlvblJ1bGUgQ2xhc3NuYW1lPSJNaWNyb3NvZnQuVmlzdWFsU3R1ZGlvLlRlc3RUb29scy5XZWJUZXN0aW5nLlJ1bGVzLkV4dHJhY3RUZXh0LCBNaWNyb3NvZnQuVmlzdWFsU3R1ZGlvLlF1YWxpdHlUb29scy5XZWJUZXN0RnJhbWV3b3JrLCBWZXJzaW9uPTEwLjAuMC4wLCBDdWx0dXJlPW5ldXRyYWwsIFB1YmxpY0tleVRva2VuPWIwM2Y1ZjdmMTFkNTBhM2EiIFZhcmlhYmxlTmFtZT0iUXVlcnlTdHJpbmdQYXJhbTI1My5JRyIgRGlzcGxheU5hbWU9IiIgRGVzY3JpcHRpb249IiI+DQogICAgICAgICAgPFJ1bGVQYXJhbWV0ZXJzPg0KICAgICAgICAgICAgPFJ1bGVQYXJhbWV0ZXIgTmFtZT0iU3RhcnRzV2l0aCIgVmFsdWU9IiZhbXA7YW1wO0lHPSIgLz4NCiAgICAgICAgICAgIDxSdWxlUGFyYW1ldGVyIE5hbWU9IkVuZHNXaXRoIiBWYWx1ZT0iJmFtcDsiIC8+DQogICAgICAgICAgICA8UnVsZVBhcmFtZXRlciBOYW1lPSJJbmRleCIgVmFsdWU9IjAiIC8+DQogICAgICAgICAgICA8UnVsZVBhcmFtZXRlciBOYW1lPSJJZ25vcmVDYXNlIiBWYWx1ZT0iRmFsc2UiIC8+DQogICAgICAgICAgICA8UnVsZVBhcmFtZXRlciBOYW1lPSJVc2VSZWd1bGFyRXhwcmVzc2lvbiIgVmFsdWU9IkZhbHNlIiAvPg0KICAgICAgICAgICAgPFJ1bGVQYXJhbWV0ZXIgTmFtZT0iSHRtbERlY29kZSIgVmFsdWU9IlRydWUiIC8+DQogICAgICAgICAgICA8UnVsZVBhcmFtZXRlciBOYW1lPSJSZXF1aXJlZCIgVmFsdWU9IkZhbHNlIiAvPg0KICAgICAgICAgIDwvUnVsZVBhcmFtZXRlcnM+DQogICAgICAgIDwvRXh0cmFjdGlvblJ1bGU+DQogICAgICAgIDxFeHRyYWN0aW9uUnVsZSBDbGFzc25hbWU9Ik1pY3Jvc29mdC5WaXN1YWxTdHVkaW8uVGVzdFRvb2xzLldlYlRlc3RpbmcuUnVsZXMuRXh0cmFjdFRleHQsIE1pY3Jvc29mdC5WaXN1YWxTdHVkaW8uUXVhbGl0eVRvb2xzLldlYlRlc3RGcmFtZXdvcmssIFZlcnNpb249MTAuMC4wLjAsIEN1bHR1cmU9bmV1dHJhbCwgUHVibGljS2V5VG9rZW49YjAzZjVmN2YxMWQ1MGEzYSIgVmFyaWFibGVOYW1lPSJRdWVyeVN0cmluZ1BhcmFtMjU0LlR5cGUiIERpc3BsYXlOYW1lPSIiIERlc2NyaXB0aW9uPSIiPg0KICAgICAgICAgIDxSdWxlUGFyYW1ldGVycz4NCiAgICAgICAgICAgIDxSdWxlUGFyYW1ldGVyIE5hbWU9IlN0YXJ0c1dpdGgiIFZhbHVlPSImYW1wO1R5cGU9IiAvPg0KICAgICAgICAgICAgPFJ1bGVQYXJhbWV0ZXIgTmFtZT0iRW5kc1dpdGgiIFZhbHVlPSImYW1wOyIgLz4NCiAgICAgICAgICAgIDxSdWxlUGFyYW1ldGVyIE5hbWU9IkluZGV4IiBWYWx1ZT0iMyIgLz4NCiAgICAgICAgICAgIDxSdWxlUGFyYW1ldGVyIE5hbWU9Iklnbm9yZUNhc2UiIFZhbHVlPSJGYWxzZSIgLz4NCiAgICAgICAgICAgIDxSdWxlUGFyYW1ldGVyIE5hbWU9IlVzZVJlZ3VsYXJFeHByZXNzaW9uIiBWYWx1ZT0iRmFsc2UiIC8+DQogICAgICAgICAgICA8UnVsZVBhcmFtZXRlciBOYW1lPSJIdG1sRGVjb2RlIiBWYWx1ZT0iVHJ1ZSIgLz4NCiAgICAgICAgICAgIDxSdWxlUGFyYW1ldGVyIE5hbWU9IlJlcXVpcmVkIiBWYWx1ZT0iRmFsc2UiIC8+DQogICAgICAgICAgPC9SdWxlUGFyYW1ldGVycz4NCiAgICAgICAgPC9FeHRyYWN0aW9uUnVsZT4NCiAgICAgIDwvQ29ycmVsYXRpb25FeHRyYWN0aW9uUnVsZXM+DQogICAgICA8UXVlcnlTdHJpbmdQYXJhbWV0ZXJzPg0KICAgICAgICA8UXVlcnlTdHJpbmdQYXJhbWV0ZXIgTmFtZT0icSIgVmFsdWU9IkdPT0dMRSIgUmVjb3JkZWRWYWx1ZT0iR09PR0xFIiBDb3JyZWxhdGlvbkJpbmRpbmc9IiIgVXJsRW5jb2RlPSJGYWxzZSIgVXNlVG9Hcm91cFJlc3VsdHM9IkZhbHNlIiAvPg0KICAgICAgICA8UXVlcnlTdHJpbmdQYXJhbWV0ZXIgTmFtZT0icXMiIFZhbHVlPSJ7eyRISURERU4xLnFzfX0iIFJlY29yZGVkVmFsdWU9Im4iIENvcnJlbGF0aW9uQmluZGluZz0iIiBVcmxFbmNvZGU9IkZhbHNlIiBVc2VUb0dyb3VwUmVzdWx0cz0iRmFsc2UiIC8+DQogICAgICAgIDxRdWVyeVN0cmluZ1BhcmFtZXRlciBOYW1lPSJmb3JtIiBWYWx1ZT0ie3skSElEREVOMS5mb3JtfX0iIFJlY29yZGVkVmFsdWU9IlFCUkUiIENvcnJlbGF0aW9uQmluZGluZz0iIiBVcmxFbmNvZGU9IkZhbHNlIiBVc2VUb0dyb3VwUmVzdWx0cz0iRmFsc2UiIC8+DQogICAgICAgIDxRdWVyeVN0cmluZ1BhcmFtZXRlciBOYW1lPSJzcCIgVmFsdWU9Ii0xIiBSZWNvcmRlZFZhbHVlPSItMSIgQ29ycmVsYXRpb25CaW5kaW5nPSIiIFVybEVuY29kZT0iRmFsc2UiIFVzZVRvR3JvdXBSZXN1bHRzPSJGYWxzZSIgLz4NCiAgICAgICAgPFF1ZXJ5U3RyaW5nUGFyYW1ldGVyIE5hbWU9InBxIiBWYWx1ZT0iZ29vZ2xlIiBSZWNvcmRlZFZhbHVlPSJnb29nbGUiIENvcnJlbGF0aW9uQmluZGluZz0ie3tRdWVyeVN0cmluZ1BhcmFtMjMyLnBxfX0iIFVybEVuY29kZT0iRmFsc2UiIFVzZVRvR3JvdXBSZXN1bHRzPSJGYWxzZSIgLz4NCiAgICAgICAgPFF1ZXJ5U3RyaW5nUGFyYW1ldGVyIE5hbWU9InNjIiBWYWx1ZT0iOC02IiBSZWNvcmRlZFZhbHVlPSI4LTYiIENvcnJlbGF0aW9uQmluZGluZz0ie3tRdWVyeVN0cmluZ1BhcmFtMjMzLnNjfX0iIFVybEVuY29kZT0iRmFsc2UiIFVzZVRvR3JvdXBSZXN1bHRzPSJGYWxzZSIgLz4NCiAgICAgICAgPFF1ZXJ5U3RyaW5nUGFyYW1ldGVyIE5hbWU9InNrIiBWYWx1ZT0ie3skSElEREVOMS5za319IiBSZWNvcmRlZFZhbHVlPSIiIENvcnJlbGF0aW9uQmluZGluZz0iIiBVcmxFbmNvZGU9IkZhbHNlIiBVc2VUb0dyb3VwUmVzdWx0cz0iRmFsc2UiIC8+DQogICAgICAgIDxRdWVyeVN0cmluZ1BhcmFtZXRlciBOYW1lPSJjdmlkIiBWYWx1ZT0iREM3QkU5RkIwRkJFNEUzOUEzRDIzQzc1RUE1RkRBQ0MiIFJlY29yZGVkVmFsdWU9IkRDN0JFOUZCMEZCRTRFMzlBM0QyM0M3NUVBNUZEQUNDIiBDb3JyZWxhdGlvbkJpbmRpbmc9Int7UXVlcnlTdHJpbmdQYXJhbTIzNC5jdmlkfX0iIFVybEVuY29kZT0iRmFsc2UiIFVzZVRvR3JvdXBSZXN1bHRzPSJGYWxzZSIgLz4NCiAgICAgIDwvUXVlcnlTdHJpbmdQYXJhbWV0ZXJzPg0KICAgIDwvUmVxdWVzdD4NCiAgICA8UmVxdWVzdCBNZXRob2Q9IkdFVCIgR3VpZD0iYTNlNTdhMmYtNTJhMi00NjkyLWIxYzMtYjg0NmQ0OTE2MTY1IiBWZXJzaW9uPSIxLjEiIFVybD0iaHR0cHM6Ly93d3cuYmluZy5jb20vZmQvbHMvbCIgVGhpbmtUaW1lPSIwIiBUaW1lb3V0PSIzMDAiIFBhcnNlRGVwZW5kZW50UmVxdWVzdHM9IlRydWUiIEZvbGxvd1JlZGlyZWN0cz0iVHJ1ZSIgUmVjb3JkUmVzdWx0PSJUcnVlIiBDYWNoZT0iRmFsc2UiIFJlc3BvbnNlVGltZUdvYWw9IjAiIEVuY29kaW5nPSJ1dGYtOCIgRXhwZWN0ZWRIdHRwU3RhdHVzQ29kZT0iMCIgRXhwZWN0ZWRSZXNwb25zZVVybD0iIiBSZXBvcnRpbmdOYW1lPSIiIElnbm9yZUh0dHBTdGF0dXNDb2RlPSJGYWxzZSI+DQogICAgICA8SGVhZGVycz4NCiAgICAgICAgPEhlYWRlciBOYW1lPSJSZWZlcmVyIiBWYWx1ZT0iaHR0cHM6Ly93d3cuYmluZy5jb20vIiAvPg0KICAgICAgPC9IZWFkZXJzPg0KICAgICAgPFF1ZXJ5U3RyaW5nUGFyYW1ldGVycz4NCiAgICAgICAgPFF1ZXJ5U3RyaW5nUGFyYW1ldGVyIE5hbWU9IklHIiBWYWx1ZT0iMDExNzM1NzYwQzk2NENFNUFBOThEQjM3MUE2RTY3RkMiIFJlY29yZGVkVmFsdWU9IjAxMTczNTc2MEM5NjRDRTVBQTk4REIzNzFBNkU2N0ZDIiBDb3JyZWxhdGlvbkJpbmRpbmc9Int7UXVlcnlTdHJpbmdQYXJhbTI1My5JR319IiBVcmxFbmNvZGU9IkZhbHNlIiBVc2VUb0dyb3VwUmVzdWx0cz0iRmFsc2UiIC8+DQogICAgICAgIDxRdWVyeVN0cmluZ1BhcmFtZXRlciBOYW1lPSJUeXBlIiBWYWx1ZT0iRXZlbnQuQ1BUIiBSZWNvcmRlZFZhbHVlPSJFdmVudC5DUFQiIENvcnJlbGF0aW9uQmluZGluZz0ie3tRdWVyeVN0cmluZ1BhcmFtMjU0LlR5cGV9fSIgVXJsRW5jb2RlPSJGYWxzZSIgVXNlVG9Hcm91cFJlc3VsdHM9IkZhbHNlIiAvPg0KICAgICAgICA8UXVlcnlTdHJpbmdQYXJhbWV0ZXIgTmFtZT0iREFUQSIgVmFsdWU9InslMjJwcCUyMjp7JTIyUyUyMjolMjJMJTIyLCUyMkZDJTIyOjE4LCUyMkJDJTIyOjE4LCUyMlNFJTIyOi0xLCUyMlRDJTIyOi0xLCUyMkglMjI6MzMsJTIyQlAlMjI6MTE5LCUyMkNUJTIyOjEyNSwlMjJJTCUyMjoxfSwlMjJhZCUyMjpbMTYyLDgxLDExNjEsNzgyLDExNjEsMTU1OCwwXX0iIFJlY29yZGVkVmFsdWU9InslMjJwcCUyMjp7JTIyUyUyMjolMjJMJTIyLCUyMkZDJTIyOjE4LCUyMkJDJTIyOjE4LCUyMlNFJTIyOi0xLCUyMlRDJTIyOi0xLCUyMkglMjI6MzMsJTIyQlAlMjI6MTE5LCUyMkNUJTIyOjEyNSwlMjJJTCUyMjoxfSwlMjJhZCUyMjpbMTYyLDgxLDExNjEsNzgyLDExNjEsMTU1OCwwXX0iIENvcnJlbGF0aW9uQmluZGluZz0iIiBVcmxFbmNvZGU9IkZhbHNlIiBVc2VUb0dyb3VwUmVzdWx0cz0iRmFsc2UiIC8+DQogICAgICAgIDxRdWVyeVN0cmluZ1BhcmFtZXRlciBOYW1lPSJQIiBWYWx1ZT0iU0VSUCIgUmVjb3JkZWRWYWx1ZT0iU0VSUCIgQ29ycmVsYXRpb25CaW5kaW5nPSIiIFVybEVuY29kZT0iRmFsc2UiIFVzZVRvR3JvdXBSZXN1bHRzPSJGYWxzZSIgLz4NCiAgICAgICAgPFF1ZXJ5U3RyaW5nUGFyYW1ldGVyIE5hbWU9IkRBIiBWYWx1ZT0iQ0gwMSIgUmVjb3JkZWRWYWx1ZT0iQ0gwMSIgQ29ycmVsYXRpb25CaW5kaW5nPSIiIFVybEVuY29kZT0iRmFsc2UiIFVzZVRvR3JvdXBSZXN1bHRzPSJGYWxzZSIgLz4NCiAgICAgIDwvUXVlcnlTdHJpbmdQYXJhbWV0ZXJzPg0KICAgIDwvUmVxdWVzdD4NCiAgICA8UmVxdWVzdCBNZXRob2Q9IlBPU1QiIEd1aWQ9IjRjN2RkNzUyLThlYWEtNDU3OS1iZjFhLTFiNWU2MzY0YjM4ZCIgVmVyc2lvbj0iMS4xIiBVcmw9Imh0dHBzOi8vd3d3LmJpbmcuY29tL2ZkL2xzL2xzcC5hc3B4IiBUaGlua1RpbWU9IjIiIFRpbWVvdXQ9IjMwMCIgUGFyc2VEZXBlbmRlbnRSZXF1ZXN0cz0iVHJ1ZSIgRm9sbG93UmVkaXJlY3RzPSJUcnVlIiBSZWNvcmRSZXN1bHQ9IlRydWUiIENhY2hlPSJGYWxzZSIgUmVzcG9uc2VUaW1lR29hbD0iMCIgRW5jb2Rpbmc9InV0Zi04IiBFeHBlY3RlZEh0dHBTdGF0dXNDb2RlPSIwIiBFeHBlY3RlZFJlc3BvbnNlVXJsPSIiIFJlcG9ydGluZ05hbWU9IiIgSWdub3JlSHR0cFN0YXR1c0NvZGU9IkZhbHNlIj4NCiAgICAgIDxIZWFkZXJzPg0KICAgICAgICA8SGVhZGVyIE5hbWU9IlJlZmVyZXIiIFZhbHVlPSJodHRwczovL3d3dy5iaW5nLmNvbS8iIC8+DQogICAgICA8L0hlYWRlcnM+DQogICAgICA8UXVlcnlTdHJpbmdQYXJhbWV0ZXJzPg0KICAgICAgICA8UXVlcnlTdHJpbmdQYXJhbWV0ZXIgTmFtZT0iIiBWYWx1ZT0iIiBSZWNvcmRlZFZhbHVlPSIiIENvcnJlbGF0aW9uQmluZGluZz0iIiBVcmxFbmNvZGU9IkZhbHNlIiBVc2VUb0dyb3VwUmVzdWx0cz0iRmFsc2UiIC8+DQogICAgICA8L1F1ZXJ5U3RyaW5nUGFyYW1ldGVycz4NCiAgICAgIDxTdHJpbmdIdHRwQm9keSBDb250ZW50VHlwZT0idGV4dC94bWwiIEluc2VydEJ5dGVPcmRlck1hcms9IkZhbHNlIj5QQUJEQUd3QWFRQmxBRzRBZEFCSkFHNEFjd0IwQUZJQVpRQnhBSFVBWlFCekFIUUFQZ0E4QUVVQWRnQmxBRzRBZEFCekFENEFQQUJGQUQ0QVBBQlVBRDRBUlFCMkFHVUFiZ0IwQUM0QVF3QnNBR2tBWlFCdUFIUUFTUUJ1QUhNQWRBQThBQzhBVkFBK0FEd0FTUUJIQUQ0QU1BQXhBREVBTndBekFEVUFOd0EyQURBQVF3QTVBRFlBTkFCREFFVUFOUUJCQUVFQU9RQTRBRVFBUWdBekFEY0FNUUJCQURZQVJRQTJBRGNBUmdCREFEd0FMd0JKQUVjQVBnQThBRlFBVXdBK0FERUFOUUF4QURrQU9BQXlBRGNBT1FBMkFETUFNQUE0QURFQVBBQXZBRlFBVXdBK0FEd0FSQUErQUR3QUlRQmJBRU1BUkFCQkFGUUFRUUJiQUhzQWFRQmtBRG9BTVFBeUFEVUFNZ0FzQUZBQU9nQWlBRGNBT2dBekFDd0FOUUE2QURNQUxBQXhBRFVBT2dCdUFIb0FMQUF4QURRQU9nQnNBSE1BTEFBeEFETUFPZ0JzQUhNQUxBQXhBRElBT2dCc0FITUFMQUF4QURFQU9nQTBBRzBBTEFBMEFEb0FNd0FzQURNQU9nQXpBQ3dBTWdBNkFETUFMQUF4QURjQU9nQnZBRFFBTEFBeEFEWUFPZ0J2QURRQUxBQXlBRFFBT2dCdEFERUFMQUE0QURvQU5BQnRBQ3dBTVFBd0FEb0FhUUJ3QUN3QU9RQTZBRFFBYlFBc0FERUFPUUE2QUdrQWNRQXNBREVBT0FBNkFHa0FjUUFpQUN3QVV3QTZBQ0lBYmdCaEFIWUFPZ0F3QUNJQUxBQjJBRG9BTVFBdUFERUFMQUJVQURvQUlnQkRBRWtBTGdCUUFHVUFjZ0JtQUNJQUxBQkdBRWtBUkFBNkFDSUFRd0JKQUNJQUxBQk9BR0VBYlFCbEFEb0FJZ0JRQUdVQWNnQm1BRllBTWdBaUFIMEFYUUJkQUQ0QVBBQXZBRVFBUGdBOEFDOEFSUUErQUR3QUx3QkZBSFlBWlFCdUFIUUFjd0ErQUR3QVV3QlVBRk1BUGdBeEFEVUFNUUE1QURnQU1nQTNBRGtBTmdBekFEQUFPQUF4QUR3QUx3QlRBRlFBVXdBK0FEd0FMd0JEQUd3QWFRQmxBRzRBZEFCSkFHNEFjd0IwQUZJQVpRQnhBSFVBWlFCekFIUUFQZ0E9PC9TdHJpbmdIdHRwQm9keT4NCiAgICA8L1JlcXVlc3Q+DQogICAgPFJlcXVlc3QgTWV0aG9kPSJQT1NUIiBHdWlkPSI5ZGQzNDk5Ny1kNzk4LTQyNDUtOTljOC0wZTI5Y2NkZDM1MGQiIFZlcnNpb249IjEuMSIgVXJsPSJodHRwczovL3d3dy5iaW5nLmNvbS9mZC9scy9sc3AuYXNweCIgVGhpbmtUaW1lPSIwIiBUaW1lb3V0PSIzMDAiIFBhcnNlRGVwZW5kZW50UmVxdWVzdHM9IlRydWUiIEZvbGxvd1JlZGlyZWN0cz0iVHJ1ZSIgUmVjb3JkUmVzdWx0PSJUcnVlIiBDYWNoZT0iRmFsc2UiIFJlc3BvbnNlVGltZUdvYWw9IjAiIEVuY29kaW5nPSJ1dGYtOCIgRXhwZWN0ZWRIdHRwU3RhdHVzQ29kZT0iMCIgRXhwZWN0ZWRSZXNwb25zZVVybD0iIiBSZXBvcnRpbmdOYW1lPSIiIElnbm9yZUh0dHBTdGF0dXNDb2RlPSJGYWxzZSI+DQogICAgICA8SGVhZGVycz4NCiAgICAgICAgPEhlYWRlciBOYW1lPSJSZWZlcmVyIiBWYWx1ZT0iaHR0cHM6Ly93d3cuYmluZy5jb20vIiAvPg0KICAgICAgPC9IZWFkZXJzPg0KICAgICAgPFN0cmluZ0h0dHBCb2R5IENvbnRlbnRUeXBlPSJ0ZXh0L3htbCIgSW5zZXJ0Qnl0ZU9yZGVyTWFyaz0iRmFsc2UiPlBBQkRBR3dBYVFCbEFHNEFkQUJKQUc0QWN3QjBBRklBWlFCeEFIVUFaUUJ6QUhRQVBnQThBRVVBZGdCbEFHNEFkQUJ6QUQ0QVBBQkZBRDRBUEFCVUFENEFSUUIyQUdVQWJnQjBBQzRBUXdCc0FHa0FaUUJ1QUhRQVNRQnVBSE1BZEFBOEFDOEFWQUErQUR3QVNRQkhBRDRBTUFBeEFERUFOd0F6QURVQU53QTJBREFBUXdBNUFEWUFOQUJEQUVVQU5RQkJBRUVBT1FBNEFFUUFRZ0F6QURjQU1RQkJBRFlBUlFBMkFEY0FSZ0JEQUR3QUx3QkpBRWNBUGdBOEFGUUFVd0ErQURFQU5RQXhBRGtBT0FBeUFEY0FPUUEyQURVQU1BQTRBRGdBUEFBdkFGUUFVd0ErQUR3QVJBQStBRHdBSVFCYkFFTUFSQUJCQUZRQVFRQmJBRnNBZXdBaUFGUUFJZ0E2QUNJQVF3QkpBQzRBUWdCdkFIZ0FUUUJ2QUdRQVpRQnNBQ0lBTEFBaUFFWUFTUUJFQUNJQU9nQWlBRU1BU1FBaUFDd0FJZ0JPQUdFQWJRQmxBQ0lBT2dBaUFIWUFNZ0F1QURnQUlnQXNBQ0lBVXdCV0FDSUFPZ0FpQURRQUlnQXNBQ0lBVUFBaUFEb0Fld0FpQUVNQUlnQTZBRElBTWdBc0FDSUFUZ0FpQURvQU1RQXNBQ0lBU1FBaUFEb0FJZ0IwQURjQUlnQXNBQ0lBVXdBaUFEb0FJZ0JVQUNzQVF3QXJBRUlBUkFBckFGVUFJZ0FzQUNJQVRRQWlBRG9BSWdCV0FDc0FUQUFyQUUwQUt3Qk5BRlFBS3dCRkFDc0FUZ0FyQUVNQUt3QkxBQ3NBUWdCRUFDSUFMQUFpQUZRQUlnQTZBRElBT0FBM0FEY0FMQUFpQUVzQUlnQTZBQ0lBVXdCUUFFRUFUZ0F1QUdZQWRBQnlBRUlBS3dCTUFFa0FMZ0JpQUY4QVlRQnNBR2NBYndBckFFd0FTUUF1QUdJQVh3QmhBRzRBY3dBckFERUFOd0JoQUNzQVV3QkZBRklBVUFBc0FEVUFNd0F4QURjQUxnQXhBQ3dBUVFCa0FITUFLd0JNQUVrQUxnQmlBRjhBWVFCa0FFd0FZUUJ6QUhRQVF3Qm9BR2tBYkFCa0FDc0FVd0JGQUZJQVVBQXNBRFVBTXdBeEFEa0FMZ0F4QUN3QVFRQmtBSE1BS3dCcEFHMEFad0FyQUdnQWRBQjBBSEFBY3dBckFIY0Fkd0IzQUM0QVlnQnBBRzRBWndBdUFHTUFid0J0QUNzQVJnQnlBR0VBYlFCbEFIY0Fid0J5QUdzQUt3QnpBR01BY2dCcEFIQUFkQUFyQUVrQVpBQmxBRzRBZEFCcEFIUUFlUUFsQURJQU5RQXlBREFBUWdCc0FIVUFaUUFsQURJQU5BQkNBR3dBZFFCbEFFa0FaQUJsQUc0QWRBQnBBSFFBZVFCRUFISUFid0J3QUdRQWJ3QjNBRzRBUWdCdkFHOEFkQUJUQUhRQWNnQmhBSEFBWHdCU0FHVUFaQUJwQUhJQVpRQmpBSFFBS3dCSkFHUUFaUUJ1QUhRQWFRQjBBSGtBSlFBeUFEVUFNZ0F3QUVJQWJBQjFBR1VBSlFBeUFEUUFRZ0JzQUhVQVpRQkpBR1FBWlFCdUFIUUFhUUIwQUhrQVNBQmxBR0VBWkFCbEFISUFLd0JNQUdFQWJnQm5BSFVBWVFCbkFHVUFVd0IzQUdrQWRBQmpBR2dBS3dCVEFHVUFad0J0QUdVQWJnQjBBRVlBYVFCc0FIUUFaUUJ5QUhNQUpRQXlBRFVBTWdBd0FFSUFiQUIxQUdVQUpRQXlBRFFBUndCbEFHNEFaUUJ5QUdrQVl3QkVBSElBYndCd0FFUUFid0IzQUc0QVRRQnZBR1FBWlFCeUFHNEFRd0JoQUd3QVpRQnVBR1FBWVFCeUFDc0FWd0JsQUdJQVVnQmxBSE1BZFFCc0FIUUFKUUF5QURVQU1nQXdBRUlBYkFCMUFHVUFKUUF5QURRQVZ3QmxBR0lBVWdCbEFITUFkUUJzQUhRQVZBQnZBRzhBYkFCaUFHOEFlQUJDQUd3QWRRQmxBQ3NBVndCbEFHSUFKUUF5QURVQU1nQXdBRk1BWlFCeUFIQUFTd0JsQUhrQVlnQnZBR0VBY2dCa0FFNEFZUUIyQUdrQVp3QmhBSFFBYVFCdkFHNEFYd0JUQUdVQWJBQmxBR01BZEFCdkFISUFTQUJsQUdFQVpBQmxBSElBVUFCc0FIVUFjd0JCQUd3QVp3QnZBQ3NBVndCbEFHSUFKUUF5QURVQU1nQXdBRk1BWlFCeUFIQUFTd0JsQUhrQVlnQnZBR0VBY2dCa0FFNEFZUUIyQUdrQVp3QmhBSFFBYVFCdkFHNEFLd0F5QURVQWRBQXJBRElBTndCcEFDc0FjQUJ2QUdrQWJnQjBBR1VBY2dCdEFHOEFkZ0JsQUNJQUxBQWlBRVlBSWdBNkFERUFmUUFzQUNJQVZnQWlBRG9BSWdCc0FHRUFMd0F3QUM4QU1BQXZBSGNBY1FBdkFHd0FjUUF2QUhjQU9RQXZBRE1BWWdBdkFERUFMd0JrQUM4QWRnQnBBSE1BYVFCaUFHd0FaUUF2QUdRQVpRQm1BR0VBZFFCc0FIUUFLd0JzQUc4QUx3QXZBQzhBTHdBdkFDOEFRQUF6QUM4QUx3QXZBQzhBSWdBc0FDSUFUQUFpQURvQUlnQnNBR0lBTHdBd0FDOEFUZ0JCQUZZQUxnQmlBRjhBY3dCakFHOEFjQUJsQUdJQVlRQnlBQzhBVXdCRkFGSUFVQUFzQURVQU1BQXhBRFlBTGdBeEFDOEFNZ0J6QUM4QU1nQTNBQzhBZEFCb0FDOEFNUUF6QUM4QU1nQXZBRlFBTHdBdEFERUFLd0JzQUdJQUx3QXhBQzhBU0FBeEFDNEFZZ0JmQUd3QWJ3Qm5BRzhBTHdBdkFERUFiUUF2QUdjQUx3QnpBQzhBTVFBd0FDOEFOQUF2QUZRQUx3QXRBREVBS3dCc0FHSUFMd0F5QUM4QVJBQkpBRllBTGdCaUFGOEFjd0JsQUdFQWNnQmpBR2dBWWdCdkFIZ0FSZ0J2QUhJQWJRQXZBQzhBTWdCekFDOEFaUUF2QUdZQWF3QXZBREVBTkFBdkFETUFMd0JVQUM4QUxRQXhBQ3NBYkFCaUFDOEFNd0F2QUVRQVNRQldBQ01BYVFCa0FGOEFhQUF2QUZNQVJRQlNBRkFBTEFBMUFEQUFNZ0F4QUM0QU1RQXZBREFBTHdBd0FDOEFNQUF2QURBQUx3QXlBQzhBVkFBdkFESUFLd0JzQUhFQUx3QTBBQzhBVXdCUUFFRUFUZ0F1QUhNQVlnQmZBR01BYndCMUFHNEFkQUF2QUM4QU13QmpBQzhBTXdCdkFDOEFNd0JyQUM4QWRRQXZBRE1BTHdCVUFDOEFMUUF4QUNzQWJBQnhBQzhBTlFBdkFFQUFNQUF2QUZNQVJRQlNBRkFBTEFBMUFESUFOQUEzQUM0QU1RQXZBRFlBZHdBdkFETUFid0F2QURJQWNRQXZBSFVBTHdBekFDOEFWQUF2QUMwQU1RQXJBR3dBY1FBdkFEWUFMd0JBQURBQUx3QlRBRVVBVWdCUUFDd0FOUUF5QURVQU5RQXVBREVBTHdBNUFHNEFMd0F6QUc4QUx3QXpBR2tBTHdCMUFDOEFNd0F2QUZRQUx3QXRBREVBS3dCc0FIRUFMd0EzQUM4QVFBQXdBQzhBVXdCRkFGSUFVQUFzQURVQU1nQTFBRGtBTGdBeEFDOEFaQUExQUM4QU13QnZBQzhBTWdCbEFDOEFkUUF2QURNQUx3QlVBQzhBTFFBeEFDc0FiQUJ4QUM4QU9BQXZBRXdBU1FBdUFHSUFYd0JoQUdRQUx3QkFBRFFBTHdBeUFITUFMd0EwQUdrQUx3Qm1BR3NBTHdBeUFEa0FMd0F6QUM4QVZBQXZBQzBBTVFBckFHd0FjUUF2QURrQUx3QkFBREVBTHdCVEFFVUFVZ0JRQUN3QU5RQXdBRGtBTmdBdUFERUFMd0F5QUhNQUx3QTJBSElBTHdCbUFHc0FMd0F5QURnQUx3QXpBQzhBVkFBdkFDMEFNUUFyQUd3QWNRQXZBR0VBTHdCQUFERUFMd0JUQUVVQVVnQlFBQ3dBTlFBeEFEQUFOd0F1QURFQUx3QXlBSE1BTHdBNUFERUFMd0JtQUdzQUx3QXlBSFFBTHdBekFDOEFWQUF2QUMwQU1RQXJBR3dBY1FBdkFHSUFMd0JBQURFQUx3QlRBRVVBVWdCUUFDd0FOUUF4QURFQU53QXVBREVBTHdBeUFITUFMd0JpQUhjQUx3Qm1BR3NBTHdBeUFEZ0FMd0F6QUM4QVZBQXZBQzBBTVFBckFHd0FjUUF2QUdNQUx3QkFBREVBTHdCVEFFVUFVZ0JRQUN3QU5RQXhBRE1BTUFBdUFERUFMd0F5QUhNQUx3QmxBRFlBTHdCbUFHc0FMd0F5QUhBQUx3QXpBQzhBVkFBdkFDMEFNUUFyQUd3QWNRQXZBR1FBTHdCQUFERUFMd0JUQUVVQVVnQlFBQ3dBTlFBeEFEUUFNd0F1QURFQUx3QXlBSE1BTHdCbkFIZ0FMd0JtQUdzQUx3QXlBRGdBTHdBekFDOEFWQUF2QUMwQU1RQXJBR3dBY1FBdkFHVUFMd0JBQURFQUx3QlRBRVVBVWdCUUFDd0FOUUF4QURVQU9BQXVBREVBTHdBeUFITUFMd0JxQURjQUx3Qm1BR3NBTHdBeUFIQUFMd0F6QUM4QVZBQXZBQzBBTVFBckFHd0FjUUF2QUdZQUx3QkFBREVBTHdCVEFFVUFVZ0JRQUN3QU5RQXhBRGNBTVFBdUFERUFMd0F5QUhNQUx3QnNBSGtBTHdCbUFHc0FMd0F5QUhBQUx3QXpBQzhBVkFBdkFDMEFNUUFyQUd3QWNRQXZBR2NBTHdCQUFERUFMd0JUQUVVQVVnQlFBQ3dBTlFBeEFEZ0FNd0F1QURFQUx3QXlBSE1BTHdCdkFIQUFMd0JtQUdzQUx3QXlBSEFBTHdBekFDOEFWQUF2QUMwQU1RQXJBR3dBY1FBdkFHZ0FMd0JBQURFQUx3QlRBRVVBVWdCUUFDd0FOUUF4QURrQU5RQXVBREVBTHdBeUFITUFMd0J5QUdjQUx3Qm1BR3NBTHdBeUFEZ0FMd0F6QUM4QVZBQXZBQzBBTVFBckFHd0FjUUF2QUdrQUx3QkFBREVBTHdCVEFFVUFVZ0JRQUN3QU5RQXlBREFBT0FBdUFERUFMd0F5QUhNQUx3QjBBSEVBTHdCbUFHc0FMd0F5QUhBQUx3QXpBQzhBVkFBdkFDMEFNUUFyQUd3QWNRQXZBR29BTHdCTUFFa0FMZ0JpQUY4QVlRQmtBQ0FBWWdCZkFHRUFaQUJDQUc4QWRBQjBBRzhBYlFBdkFFQUFOZ0F2QURJQWN3QXZBSGNBYUFBdkFHWUFhd0F2QURJQVlRQXZBRE1BTHdCVUFDOEFMUUF4QUNzQWJBQnhBQzhBYXdBdkFFQUFNZ0F2QUZNQVJRQlNBRkFBTEFBMUFESUFPUUE0QUM0QU1RQXZBRElBY3dBdkFIa0FjZ0F2QUdZQWF3QXZBRFVBTlFBdkFETUFMd0JVQUM4QUxRQXhBQ3NBYkFCeEFDOEFiQUF2QUV3QVNRQXVBR0lBWHdCd0FHRUFad0F2QUZNQVJRQlNBRkFBTEFBMUFETUFNd0F6QUM0QU1RQXZBRElBY3dBdkFERUFNd0I1QUM4QVpnQnJBQzhBTWdCeEFDOEFNd0F2QUZRQUx3QXRBREVBS3dCc0FIRUFMd0J0QUM4QVFBQXlBQzhBVXdCRkFGSUFVQUFzQURVQU13QXlBRE1BTGdBeEFDOEFhZ0JuQUM4QU5BQnBBQzhBWVFCdkFDOEFOUUJzQUM4QU13QXZBRlFBTHdBdEFERUFLd0JzQUhFQUx3QnVBQzhBUmdCUEFFOEFWQUJGQUZJQUl3QmlBRjhBWmdCdkFHOEFkQUJsQUhJQUx3QlRBRVVBVWdCUUFDd0FOUUF3QURNQU5BQXVBREVBTHdBd0FDOEFRQUF6QUM4QWR3QTVBQzhBTVFCakFDOEFNUUF2QUZRQUx3QXRBREVBS3dCc0FHSUFMd0J2QUM4QVNRQk5BRWNBTHdBdkFERUFiUUF2QUdjQUx3QnFBR0lBTHdBeEFIRUFMd0ExQUM4QVZBQXZBQzBBTVFBckFHd0FjUUF2QUhBQUx3QkFBRFVBTHdCQUFEUUFMd0F6QUdNQUx3QTBBSE1BTHdCbEFHY0FMd0F4QUhFQUx3QTFBQzhBVkFBdkFDMEFNUUFyQUd3QWNRQXZBSEVBTHdCQUFEVUFMd0JBQURZQUx3QXpBR01BTHdCM0FIUUFMd0JsQUdjQUx3QXhBSEVBTHdBMUFDOEFWQUF2QUMwQU1RQXJBRElBTndCeUFDOEFNd0F2QUM4QUx3QnlBREFBTHdCaEFDOEFOQUExQUM4QU1RQmxBQzhBTHdCU0FDOEFJZ0FzQUNJQVRRQWlBRG9BSWdCcEFIRUFLd0I2QUhBQUt3QnRBREVBS3dBeUFEY0FkQUFyQUc0QUt3QXdBQ3NBTUFBckFEQUFLd0F3QUNzQVlnQmlBQ3NBTVFBaUFDd0FJZ0JPQUNJQU9nQWlBQzBBTVFBdkFEQUFMd0F2QUM4QVpBQnZBR01BZFFCdEFHVUFiZ0IwQUM4QUx3QnZBRFFBTHdBdkFETUFMd0F0QURFQUx3QXpBQzhBTkFCdEFDOEFOQUJ0QUM4QWFRQndBQ3NBYVFCeEFDOEFNUUF2QUc4QUx3QkFBRGtBTHdCekFHa0FiUUJuQUNVQU1nQkdBRk1BYUFCaEFISUFaUUJrQUZNQWNBQnlBR2tBZEFCbEFFUUFaUUJ6QUdzQWRBQnZBSEFBVkFCM0FHOEFWQUJ2QUc0QVpRQk1BRzhBWndCdkFGUUFaUUJoQUd3QVV3QndBSGtBWHdBd0FEZ0FNUUEzQUM0QWNBQnVBR2NBTHdCQUFEY0FMd0F3QUM4QVFBQTRBQzhBYVFCeEFDOEFMUUF4QUM4QWFRQnhBQzhBYVFCeEFDOEFhUUJ4QUM4QWFRQnhBQ3NBYVFCeEFDOEFNZ0F2QUM4QWN3QjBBRzhBY2dCaEFHY0FaUUF1QUd3QWFRQjJBR1VBTGdCakFHOEFiUUF2QUhBQWNnQnZBR1lBYVFCc0FHVUFjQUJvQUc4QWRBQnZBQ1VBTXdCQkFGVUFjd0JsQUhJQVZBQnBBR3dBWlFCVEFIUUFZUUIwQUdrQVl3QWxBRElBUmdCd0FDOEFRQUEzQUM4QU5BQndBQzhBUUFBNEFDOEFMUUF4QUM4QUxRQXhBQzhBTFFBeEFDOEFMUUF4QUM4QUxRQXhBQzhBYmdCbkFDc0Fid0JoQUM4QU13QXZBQzhBUUFBNUFDOEFZd0J3QUhRQUx3QkFBRGNBTHdBeEFIQUFMd0JBQURnQUx3QnZBR0lBTHdBdEFERUFMd0J2QUdJQUx3QnZBR0lBTHdBdEFERUFMd0J4QURBQUt3QnZBR01BTHdBMEFDOEFMd0JBQURrQUx3QnNBSE1BSlFBeUFFWUFiQUJ6QUhBQUxnQmhBSE1BY0FCNEFDOEFlQUJ0QUd3QWFBQjBBSFFBY0FCeUFHVUFjUUIxQUdVQWN3QjBBQzhBTXdCbUFDOEFRQUE0QUM4QWJ3Qm9BQzhBTFFBeEFDOEFid0JvQUM4QWNnQmhBQzhBY2dCeEFDOEFjZ0J5QUNzQWJ3QmxBQzhBTlFBdkFDOEFRQUE1QUM4QVFnQnBBRzRBWndCREFHOEFjZ0JsQUM0QVFnQjFBRzRBWkFCc0FHVUFMd0JBQUdJQUx3QXhBQzhBUUFBNEFDOEFid0JuQUM4QUxRQXhBQzhBYndCbkFDOEFid0JuQUM4QWJ3Qm5BQzhBYndCbkFDc0Fjd0F6QUM4QU5nQXZBQzhBUUFBNUFDOEFRQUJoQUM4QVFBQTNBQzhBTXdBdkFFQUFPQUF2QUhNQU5nQXZBQzBBTVFBdkFITUFOZ0F2QUhNQU5nQXZBSE1BTmdBdkFITUFOZ0FyQUhNQU53QXZBRGNBTHdBdkFFQUFPUUF2QUVBQVl3QXZBRUFBTndBdkFESUFMd0JBQURnQUx3QnpBR0VBTHdBdEFERUFMd0J6QUdFQUx3QnpBR0VBTHdCekFHRUFMd0J6QUdFQUt3QnpBR0lBTHdBNEFDOEFMd0JBQURrQUx3QkFBR1FBTHdCQUFEY0FMd0F6QUM4QVFBQTRBQzhBY3dCbEFDOEFMUUF4QUM4QWN3QmxBQzhBY3dCbEFDOEFjd0JsQUM4QWN3QmxBQ3NBY3dCbkFDOEFPUUF2QUM4QVFBQTVBQzhBUUFCbEFDOEFRQUEzQUM4QU5RQXZBRUFBT0FBdkFITUFhZ0F2QUMwQU1RQXZBSE1BYWdBdkFITUFhZ0F2QUhNQWFnQXZBSE1BYlFBckFITUFiZ0F2QUdFQUx3QXZBRUFBT1FBdkFFQUFaZ0F2QUVBQU53QXZBRE1BTHdCQUFEZ0FMd0J6QUhFQUx3QXRBREVBTHdCekFIRUFMd0J6QUhFQUx3QnpBSEVBTHdCekFIRUFLd0J6QUhJQUx3QmlBQzhBTHdCQUFEa0FMd0JBQUdjQUx3QkFBRGNBTHdBeUFDOEFRQUE0QUM4QWN3QjBBQzhBTFFBeEFDOEFjd0IwQUM4QWN3QjBBQzhBY3dCMEFDOEFjd0IwQUNzQWN3QjFBQzhBWXdBdkFDOEFRQUE1QUM4QVFBQm9BQzhBUUFBM0FDOEFNZ0F2QUVBQU9BQXZBSE1BZHdBdkFDMEFNUUF2QUhNQWR3QXZBSE1BZHdBdkFITUFkd0F2QUhNQWR3QXJBSE1BZUFBdkFHUUFMd0F2QUVBQU9RQXZBRUFBYVFBdkFFQUFOd0F2QURFQUx3QkFBRGdBTHdCekFIb0FMd0F0QURFQUx3QnpBSG9BTHdCekFIb0FMd0J6QUhvQUx3QnpBSG9BS3dCMEFEQUFMd0JsQUM4QUx3QkFBRGtBTHdCQUFHRUFMd0JBQUdJQUx3QXhBQzhBUUFBNEFDOEFkQUF4QUM4QUxRQXhBQzhBZEFBeEFDOEFkQUF4QUM4QWRBQXhBQzhBZEFBeUFDc0FkQUJwQUM4QVpnQXZBQzhBUUFBNUFDOEFRQUJqQUM4QVFBQmlBQzhBTVFBdkFFQUFPQUF2QUhRQWF3QXZBQzBBTVFBdkFIUUFhd0F2QUhRQWF3QXZBSFFBYXdBdkFIUUFhd0FyQUhRQWJRQXZBR2NBTHdBdkFFQUFPUUF2QUVBQVpBQXZBRUFBWWdBdkFERUFMd0JBQURnQUx3QjBBRzRBTHdBdEFERUFMd0IwQUc0QUx3QjBBRzRBTHdCMEFHNEFMd0IwQUc4QUt3QjBBSEFBTHdCb0FDOEFMd0JBQURrQUx3QkFBR1VBTHdCQUFHSUFMd0F4QUM4QVFBQTRBQzhBZEFCeUFDOEFMUUF4QUM4QWRBQnlBQzhBZEFCeUFDOEFkQUJ5QUM4QWRBQnlBQ3NBZEFCM0FDOEFhUUF2QUM4QVFBQTVBQzhBUUFCbUFDOEFRQUJpQUM4QU1RQXZBRUFBT0FBdkFIUUFlQUF2QUMwQU1RQXZBSFFBZUFBdkFIUUFlQUF2QUhRQWVBQXZBSFFBZVFBckFIVUFNd0F2QUdvQUx3QXZBRUFBT1FBdkFFQUFad0F2QUVBQVlnQXZBREVBTHdCQUFEZ0FMd0IxQURVQUx3QXRBREVBTHdCMUFEVUFMd0IxQURVQUx3QjFBRFVBTHdCMUFEVUFLd0IxQUdrQUx3QnJBQzhBTHdCQUFEa0FMd0JBQUdnQUx3QkFBR0lBTHdBeEFDOEFRQUE0QUM4QWRRQnJBQzhBTFFBeEFDOEFkUUJyQUM4QWRRQnJBQzhBZFFCckFDOEFkUUJyQUNzQWRRQnZBQzhBYkFBdkFDOEFRQUE1QUM4QVFBQnBBQzhBUUFCaUFDOEFNUUF2QUVBQU9BQXZBSFVBY1FBdkFDMEFNUUF2QUhVQWNRQXZBSFVBY1FBdkFIVUFjUUF2QUhVQWNRQXJBRElBTlFCeUFDOEFiUUF2QUM4QVFBQTVBQzhBYkFCekFDVUFNZ0JHQUVjQVRBQnBBRzRBYXdCUUFHa0FiZ0JuQUM0QVlRQnpBSEFBZUFBdkFFQUFOd0F2QURFQWRBQXZBRUFBT0FBdkFFQUFhZ0F2QUMwQU1RQXZBRUFBYWdBdkFFQUFhZ0F2QUVBQWF3QXZBRElBTndCc0FDSUFMQUFpQUVNQUlnQTZBQ0lBZWdCd0FDOEFMd0JBQUd3QUx3QnRBRzhBZFFCekFHVUFMd0F0QURFQUx3QXdBQzhBTkFCbkFDOEFNQUFyQUhvQWVBQXZBQzhBTHdBdkFDOEFad0F2QURRQWJBQXZBQ3NBTVFBd0FEVUFMd0F2QUM4QUx3QXZBREVBTlFBdkFEUUFjZ0F2QUNzQU1RQXdBR1FBTHdBdkFDOEFMd0F2QURFQWJ3QXZBRFFBZHdBdkFDc0FNUUF3QUd3QUx3QXZBQzhBTHdBdkFESUFOZ0F2QURVQU1BQXZBQ3NBTVFBd0FIUUFMd0E0QUM4QUx3QXZBQzhBTWdCMEFDOEFOUUJpQUM4QUt3QXhBREVBTVFBdkFDOEFMd0F2QUM4QU13QTRBQzhBTlFCb0FDOEFLd0F4QURFQU9RQXZBSEFBTHdBdkFDOEFMd0F6QUdvQUx3QTFBRzBBTHdBckFERUFNUUJvQUM4QUx3QXZBQzhBTHdBekFIUUFMd0ExQUhNQUx3QXJBREVBTVFCd0FDOEFMd0F2QUM4QUx3QTBBRE1BTHdBMUFIb0FMd0FyQURFQU1nQTFBQzhBTHdBdkFDOEFMd0EwQUdVQUx3QTJBRGdBTHdBckFERUFNZ0IwQUM4QU9BQXZBQzhBTHdBdkFEUUFiQUF2QURZQWFRQXZBQ3NBTVFBekFIZ0FMd0E1QUM4QUx3QXZBQzhBTHdBMkFIUUFMd0FyQURFQU5BQnNBQzhBTHdBdkFDOEFMd0EwQUdvQUx3QTNBRE1BTHdBckFERUFOUUE1QUM4QUx3QXZBQzhBTHdBMEFHWUFMd0EzQUdZQUx3QXJBREVBTmdCMEFDOEFMd0F2QUM4QUx3QTBBRFlBTHdBM0FHOEFMd0FyQURFQU53QndBQzhBTHdBdkFDOEFMd0F6QUhnQUx3QTNBSFVBTHdBckFERUFPQUJzQUM4QUx3QXZBQzhBTHdBekFIUUFMd0E0QURVQUx3QXJBREVBWXdCa0FDOEFMd0F2QUM4QUx3QXpBSGtBTHdBM0FIY0FMd0FyQURFQWFRQnNBQzhBTHdBdkFDOEFMd0EwQURJQUx3QTRBR1FBTHdBckFERUFhUUIwQUM4QUx3QXZBQzhBTHdBMEFEVUFMd0E0QUc0QUx3QXJBREVBYWdBeEFDOEFMd0F2QUM4QUx3QTBBRGtBTHdBNUFEQUFMd0FyQURFQWFnQnBBQzhBWVFBdkFDOEFMd0F2QURRQVpRQXZBRGtBYkFBdkFDc0FNUUJxQUhNQUx3QXZBQzhBTHdBdkFEUUFhZ0F2QURrQWR3QXZBQ3NBTVFCckFERUFMd0F2QUM4QUx3QXZBRFFBYmdBdkFHRUFOZ0F2QUNzQU1RQnJBRFVBTHdBdkFDOEFMd0F2QURRQWNBQXZBR0VBWndBdkFDc0FNUUJyQUd3QUx3QXZBQzhBTHdBdkFEUUFkUUF2QUdFQWNnQXZBQ3NBTVFCd0FHRUFMd0F2QUM4QUx3QXZBRFFBY2dBdkFHRUFad0F2QUNzQU1RQnhBR1FBTHdBdkFDOEFMd0F2QURRQWF3QXZBR0VBTndBdkFDc0FNUUIyQURFQUx3QXZBQzhBTHdBdkFEUUFaQUF2QURrQWVnQXZBQ3NBTWdBMUFIRUFMd0F2QUhBQWJ3QnBBRzRBZEFCbEFISUFaQUJ2QUhjQWJnQXZBQzhBTUFBdkFDOEFPUUI0QUM4QU1RQXJBRElBTndCb0FDOEFMd0J3QUc4QWFRQnVBSFFBWlFCeUFIVUFjQUF2QUM4QUx3QXZBQzhBTUFBckFFQUFhd0F2QUM4QVl3QnNBR2tBWXdCckFDOEFMd0F2QUM4QUx3QWlBQ3dBSWdCQ0FFUUFJZ0E2QUNJQWVnQndBQzhBUUFCc0FDOEFNUUExQURFQU9RQTRBRElBTndBNUFEWUFNd0FpQUgwQVhRQmRBRjBBUGdBOEFDOEFSQUErQUR3QUx3QkZBRDRBUEFBdkFFVUFkZ0JsQUc0QWRBQnpBRDRBUEFCVEFGUUFVd0ErQURFQU5RQXhBRGtBT0FBeUFEY0FPUUEyQURVQU1BQTRBRGdBUEFBdkFGTUFWQUJUQUQ0QVBBQXZBRU1BYkFCcEFHVUFiZ0IwQUVrQWJnQnpBSFFBVWdCbEFIRUFkUUJsQUhNQWRBQStBQT09PC9TdHJpbmdIdHRwQm9keT4NCiAgICA8L1JlcXVlc3Q+DQogICAgPFJlcXVlc3QgTWV0aG9kPSJHRVQiIEd1aWQ9ImU2NWM5NTZlLTEwZGQtNGFhNS1hOTgwLTBkNTNkNzIzODRlNyIgVmVyc2lvbj0iMS4xIiBVcmw9Imh0dHA6Ly93d3cuZ29vZ2xlLmNvbS9pbnRsL2p3LyIgVGhpbmtUaW1lPSIwIiBUaW1lb3V0PSIzMDAiIFBhcnNlRGVwZW5kZW50UmVxdWVzdHM9IlRydWUiIEZvbGxvd1JlZGlyZWN0cz0iVHJ1ZSIgUmVjb3JkUmVzdWx0PSJUcnVlIiBDYWNoZT0iRmFsc2UiIFJlc3BvbnNlVGltZUdvYWw9IjAiIEVuY29kaW5nPSJ1dGYtOCIgRXhwZWN0ZWRIdHRwU3RhdHVzQ29kZT0iMCIgRXhwZWN0ZWRSZXNwb25zZVVybD0iaHR0cHM6Ly93d3cuZ29vZ2xlLmNvbS8/aGw9ancmYW1wO2d3c19yZD1zc2wiIFJlcG9ydGluZ05hbWU9IiIgSWdub3JlSHR0cFN0YXR1c0NvZGU9IkZhbHNlIj4NCiAgICAgIDxEZXBlbmRlbnRSZXF1ZXN0cz4NCiAgICAgICAgPFJlcXVlc3QgTWV0aG9kPSJHRVQiIEd1aWQ9ImU4MWZiNTNjLTAwNjQtNDdmNi05YzZjLTMxZWFlNDUwMDJjOSIgVmVyc2lvbj0iMS4xIiBVcmw9Imh0dHBzOi8vd3d3Lmdvb2dsZS5jb20vZ2VuXzIwNCIgVGhpbmtUaW1lPSIwIiBUaW1lb3V0PSIzMDAiIFBhcnNlRGVwZW5kZW50UmVxdWVzdHM9IlRydWUiIEZvbGxvd1JlZGlyZWN0cz0iVHJ1ZSIgUmVjb3JkUmVzdWx0PSJUcnVlIiBDYWNoZT0iRmFsc2UiIFJlc3BvbnNlVGltZUdvYWw9IjAiIEVuY29kaW5nPSJ1dGYtOCIgRXhwZWN0ZWRIdHRwU3RhdHVzQ29kZT0iMCIgRXhwZWN0ZWRSZXNwb25zZVVybD0iIiBSZXBvcnRpbmdOYW1lPSIiIElnbm9yZUh0dHBTdGF0dXNDb2RlPSJGYWxzZSI+DQogICAgICAgICAgPEhlYWRlcnM+DQogICAgICAgICAgICA8SGVhZGVyIE5hbWU9IlJlZmVyZXIiIFZhbHVlPSJodHRwczovL3d3dy5nb29nbGUuY29tLz9obD1qdyZhbXA7Z3dzX3JkPXNzbCIgLz4NCiAgICAgICAgICA8L0hlYWRlcnM+DQogICAgICAgICAgPFF1ZXJ5U3RyaW5nUGFyYW1ldGVycz4NCiAgICAgICAgICAgIDxRdWVyeVN0cmluZ1BhcmFtZXRlciBOYW1lPSJzIiBWYWx1ZT0id2ViYWZ0IiBSZWNvcmRlZFZhbHVlPSJ3ZWJhZnQiIENvcnJlbGF0aW9uQmluZGluZz0ie3tRdWVyeVN0cmluZ1BhcmFtMjg4LnN9fSIgVXJsRW5jb2RlPSJGYWxzZSIgVXNlVG9Hcm91cFJlc3VsdHM9IkZhbHNlIiAvPg0KICAgICAgICAgICAgPFF1ZXJ5U3RyaW5nUGFyYW1ldGVyIE5hbWU9ImF0eXAiIFZhbHVlPSJ7e1F1ZXJ5U3RyaW5nUGFyYW0yODkuYXR5cH19IiBSZWNvcmRlZFZhbHVlPSJjc2kiIENvcnJlbGF0aW9uQmluZGluZz0ie3tRdWVyeVN0cmluZ1BhcmFtMjg5LmF0eXB9fSIgVXJsRW5jb2RlPSJGYWxzZSIgVXNlVG9Hcm91cFJlc3VsdHM9IkZhbHNlIiAvPg0KICAgICAgICAgICAgPFF1ZXJ5U3RyaW5nUGFyYW1ldGVyIE5hbWU9ImVpIiBWYWx1ZT0ie3skSElEREVOMS5laX19IiBSZWNvcmRlZFZhbHVlPSJhYnlXV29xNkxNbW41Z0tSN29fUURnIiBDb3JyZWxhdGlvbkJpbmRpbmc9IiIgVXJsRW5jb2RlPSJGYWxzZSIgVXNlVG9Hcm91cFJlc3VsdHM9IkZhbHNlIiAvPg0KICAgICAgICAgICAgPFF1ZXJ5U3RyaW5nUGFyYW1ldGVyIE5hbWU9InJ0IiBWYWx1ZT0id3NydC43NTMsYWZ0LjMzNixwcnQuMzM2IiBSZWNvcmRlZFZhbHVlPSJ3c3J0Ljc1MyxhZnQuMzM2LHBydC4zMzYiIENvcnJlbGF0aW9uQmluZGluZz0iIiBVcmxFbmNvZGU9IkZhbHNlIiBVc2VUb0dyb3VwUmVzdWx0cz0iRmFsc2UiIC8+DQogICAgICAgICAgPC9RdWVyeVN0cmluZ1BhcmFtZXRlcnM+DQogICAgICAgIDwvUmVxdWVzdD4NCiAgICAgIDwvRGVwZW5kZW50UmVxdWVzdHM+DQogICAgICA8SGVhZGVycz4NCiAgICAgICAgPEhlYWRlciBOYW1lPSJSZWZlcmVyIiBWYWx1ZT0iaHR0cHM6Ly93d3cuYmluZy5jb20vIiAvPg0KICAgICAgPC9IZWFkZXJzPg0KICAgICAgPEV4dHJhY3Rpb25SdWxlcz4NCiAgICAgICAgPEV4dHJhY3Rpb25SdWxlIENsYXNzbmFtZT0iTWljcm9zb2Z0LlZpc3VhbFN0dWRpby5UZXN0VG9vbHMuV2ViVGVzdGluZy5SdWxlcy5FeHRyYWN0SGlkZGVuRmllbGRzLCBNaWNyb3NvZnQuVmlzdWFsU3R1ZGlvLlF1YWxpdHlUb29scy5XZWJUZXN0RnJhbWV3b3JrLCBWZXJzaW9uPTEwLjAuMC4wLCBDdWx0dXJlPW5ldXRyYWwsIFB1YmxpY0tleVRva2VuPWIwM2Y1ZjdmMTFkNTBhM2EiIFZhcmlhYmxlTmFtZT0iMSIgRGlzcGxheU5hbWU9IkV4dHJhY3QgSGlkZGVuIEZpZWxkcyIgRGVzY3JpcHRpb249IkV4dHJhY3QgYWxsIGhpZGRlbiBmaWVsZHMgZnJvbSB0aGUgcmVzcG9uc2UgYW5kIHBsYWNlIHRoZW0gaW50byB0aGUgdGVzdCBjb250ZXh0LiI+DQogICAgICAgICAgPFJ1bGVQYXJhbWV0ZXJzPg0KICAgICAgICAgICAgPFJ1bGVQYXJhbWV0ZXIgTmFtZT0iUmVxdWlyZWQiIFZhbHVlPSJUcnVlIiAvPg0KICAgICAgICAgICAgPFJ1bGVQYXJhbWV0ZXIgTmFtZT0iSHRtbERlY29kZSIgVmFsdWU9IlRydWUiIC8+DQogICAgICAgICAgPC9SdWxlUGFyYW1ldGVycz4NCiAgICAgICAgPC9FeHRyYWN0aW9uUnVsZT4NCiAgICAgICAgPEV4dHJhY3Rpb25SdWxlIENsYXNzbmFtZT0iTWljcm9zb2Z0LlZpc3VhbFN0dWRpby5UZXN0VG9vbHMuV2ViVGVzdGluZy5SdWxlcy5FeHRyYWN0VGV4dCwgTWljcm9zb2Z0LlZpc3VhbFN0dWRpby5RdWFsaXR5VG9vbHMuV2ViVGVzdEZyYW1ld29yaywgVmVyc2lvbj0xMC4wLjAuMCwgQ3VsdHVyZT1uZXV0cmFsLCBQdWJsaWNLZXlUb2tlbj1iMDNmNWY3ZjExZDUwYTNhIiBWYXJpYWJsZU5hbWU9IlF1ZXJ5U3RyaW5nUGFyYW0yODkuYXR5cCIgRGlzcGxheU5hbWU9IkV4dHJhY3QgVGV4dCIgRGVzY3JpcHRpb249IkV4dHJhY3QgdGV4dCBmcm9tIHRoZSByZXNwb25zZSBhbmQgcGxhY2UgaXQgaW50byB0aGUgdGVzdCBjb250ZXh0LiI+DQogICAgICAgICAgPFJ1bGVQYXJhbWV0ZXJzPg0KICAgICAgICAgICAgPFJ1bGVQYXJhbWV0ZXIgTmFtZT0iU3RhcnRzV2l0aCIgVmFsdWU9IiZhbXA7YXR5cD0iIC8+DQogICAgICAgICAgICA8UnVsZVBhcmFtZXRlciBOYW1lPSJFbmRzV2l0aCIgVmFsdWU9IiZhbXA7IiAvPg0KICAgICAgICAgICAgPFJ1bGVQYXJhbWV0ZXIgTmFtZT0iSW5kZXgiIFZhbHVlPSIwIiAvPg0KICAgICAgICAgICAgPFJ1bGVQYXJhbWV0ZXIgTmFtZT0iSWdub3JlQ2FzZSIgVmFsdWU9IkZhbHNlIiAvPg0KICAgICAgICAgICAgPFJ1bGVQYXJhbWV0ZXIgTmFtZT0iVXNlUmVndWxhckV4cHJlc3Npb24iIFZhbHVlPSJGYWxzZSIgLz4NCiAgICAgICAgICAgIDxSdWxlUGFyYW1ldGVyIE5hbWU9Ikh0bWxEZWNvZGUiIFZhbHVlPSJUcnVlIiAvPg0KICAgICAgICAgICAgPFJ1bGVQYXJhbWV0ZXIgTmFtZT0iUmVxdWlyZWQiIFZhbHVlPSJGYWxzZSIgLz4NCiAgICAgICAgICA8L1J1bGVQYXJhbWV0ZXJzPg0KICAgICAgICA8L0V4dHJhY3Rpb25SdWxlPg0KICAgICAgICA8RXh0cmFjdGlvblJ1bGUgQ2xhc3NuYW1lPSJNaWNyb3NvZnQuVmlzdWFsU3R1ZGlvLlRlc3RUb29scy5XZWJUZXN0aW5nLlJ1bGVzLkV4dHJhY3RUZXh0LCBNaWNyb3NvZnQuVmlzdWFsU3R1ZGlvLlF1YWxpdHlUb29scy5XZWJUZXN0RnJhbWV3b3JrLCBWZXJzaW9uPTEwLjAuMC4wLCBDdWx0dXJlPW5ldXRyYWwsIFB1YmxpY0tleVRva2VuPWIwM2Y1ZjdmMTFkNTBhM2EiIFZhcmlhYmxlTmFtZT0iUXVlcnlTdHJpbmdQYXJhbTMxOC5hdHlwIiBEaXNwbGF5TmFtZT0iRXh0cmFjdCBUZXh0IiBEZXNjcmlwdGlvbj0iRXh0cmFjdCB0ZXh0IGZyb20gdGhlIHJlc3BvbnNlIGFuZCBwbGFjZSBpdCBpbnRvIHRoZSB0ZXN0IGNvbnRleHQuIj4NCiAgICAgICAgICA8UnVsZVBhcmFtZXRlcnM+DQogICAgICAgICAgICA8UnVsZVBhcmFtZXRlciBOYW1lPSJTdGFydHNXaXRoIiBWYWx1ZT0iJmFtcDthdHlwPSIgLz4NCiAgICAgICAgICAgIDxSdWxlUGFyYW1ldGVyIE5hbWU9IkVuZHNXaXRoIiBWYWx1ZT0iJmFtcDsiIC8+DQogICAgICAgICAgICA8UnVsZVBhcmFtZXRlciBOYW1lPSJJbmRleCIgVmFsdWU9IjAiIC8+DQogICAgICAgICAgICA8UnVsZVBhcmFtZXRlciBOYW1lPSJJZ25vcmVDYXNlIiBWYWx1ZT0iRmFsc2UiIC8+DQogICAgICAgICAgICA8UnVsZVBhcmFtZXRlciBOYW1lPSJVc2VSZWd1bGFyRXhwcmVzc2lvbiIgVmFsdWU9IkZhbHNlIiAvPg0KICAgICAgICAgICAgPFJ1bGVQYXJhbWV0ZXIgTmFtZT0iSHRtbERlY29kZSIgVmFsdWU9IlRydWUiIC8+DQogICAgICAgICAgICA8UnVsZVBhcmFtZXRlciBOYW1lPSJSZXF1aXJlZCIgVmFsdWU9IkZhbHNlIiAvPg0KICAgICAgICAgIDwvUnVsZVBhcmFtZXRlcnM+DQogICAgICAgIDwvRXh0cmFjdGlvblJ1bGU+DQogICAgICA8L0V4dHJhY3Rpb25SdWxlcz4NCiAgICAgIDxDb3JyZWxhdGlvbkV4dHJhY3Rpb25SdWxlcz4NCiAgICAgICAgPEV4dHJhY3Rpb25SdWxlIENsYXNzbmFtZT0iTWljcm9zb2Z0LlZpc3VhbFN0dWRpby5UZXN0VG9vbHMuV2ViVGVzdGluZy5SdWxlcy5FeHRyYWN0VGV4dCwgTWljcm9zb2Z0LlZpc3VhbFN0dWRpby5RdWFsaXR5VG9vbHMuV2ViVGVzdEZyYW1ld29yaywgVmVyc2lvbj0xMC4wLjAuMCwgQ3VsdHVyZT1uZXV0cmFsLCBQdWJsaWNLZXlUb2tlbj1iMDNmNWY3ZjExZDUwYTNhIiBWYXJpYWJsZU5hbWU9IlF1ZXJ5U3RyaW5nUGFyYW0yODgucyIgRGlzcGxheU5hbWU9IiIgRGVzY3JpcHRpb249IiI+DQogICAgICAgICAgPFJ1bGVQYXJhbWV0ZXJzPg0KICAgICAgICAgICAgPFJ1bGVQYXJhbWV0ZXIgTmFtZT0iU3RhcnRzV2l0aCIgVmFsdWU9Ij9zPSIgLz4NCiAgICAgICAgICAgIDxSdWxlUGFyYW1ldGVyIE5hbWU9IkVuZHNXaXRoIiBWYWx1ZT0iJmFtcDsiIC8+DQogICAgICAgICAgICA8UnVsZVBhcmFtZXRlciBOYW1lPSJJbmRleCIgVmFsdWU9IjAiIC8+DQogICAgICAgICAgICA8UnVsZVBhcmFtZXRlciBOYW1lPSJJZ25vcmVDYXNlIiBWYWx1ZT0iRmFsc2UiIC8+DQogICAgICAgICAgICA8UnVsZVBhcmFtZXRlciBOYW1lPSJVc2VSZWd1bGFyRXhwcmVzc2lvbiIgVmFsdWU9IkZhbHNlIiAvPg0KICAgICAgICAgICAgPFJ1bGVQYXJhbWV0ZXIgTmFtZT0iSHRtbERlY29kZSIgVmFsdWU9IlRydWUiIC8+DQogICAgICAgICAgICA8UnVsZVBhcmFtZXRlciBOYW1lPSJSZXF1aXJlZCIgVmFsdWU9IkZhbHNlIiAvPg0KICAgICAgICAgIDwvUnVsZVBhcmFtZXRlcnM+DQogICAgICAgIDwvRXh0cmFjdGlvblJ1bGU+DQogICAgICA8L0NvcnJlbGF0aW9uRXh0cmFjdGlvblJ1bGVzPg0KICAgIDwvUmVxdWVzdD4NCiAgICA8UmVxdWVzdCBNZXRob2Q9IkdFVCIgR3VpZD0iYmM0YTQzNzQtMGMxYi00MGRkLTkxYTQtYTJlYzQyNzljNzMyIiBWZXJzaW9uPSIxLjEiIFVybD0iaHR0cHM6Ly93d3cuZ29vZ2xlLmNvbS94anMvXy9qcy9rPXhqcy5zLmVuLmx5cjRybjh5Z2xnLk8vbT1zeCxzYixjZG9zLGNyLGVsb2csaHNtLGpzYSxyLGQsY3NpL2FtPXdDTGtkRUVBeVA4SmdvZ0VLd2dzUUlwZ0dCQS9ydD1qL2Q9MS90PXpjbXMvcnM9QUNUOTBvRTl4ZzVKWE5vcGNBWnRaUFYtdWZJUlozalBaQSIgVGhpbmtUaW1lPSIwIiBUaW1lb3V0PSIzMDAiIFBhcnNlRGVwZW5kZW50UmVxdWVzdHM9IlRydWUiIEZvbGxvd1JlZGlyZWN0cz0iVHJ1ZSIgUmVjb3JkUmVzdWx0PSJUcnVlIiBDYWNoZT0iRmFsc2UiIFJlc3BvbnNlVGltZUdvYWw9IjAiIEVuY29kaW5nPSJ1dGYtOCIgRXhwZWN0ZWRIdHRwU3RhdHVzQ29kZT0iMCIgRXhwZWN0ZWRSZXNwb25zZVVybD0iIiBSZXBvcnRpbmdOYW1lPSIiIElnbm9yZUh0dHBTdGF0dXNDb2RlPSJGYWxzZSI+DQogICAgICA8SGVhZGVycz4NCiAgICAgICAgPEhlYWRlciBOYW1lPSJSZWZlcmVyIiBWYWx1ZT0iaHR0cHM6Ly93d3cuZ29vZ2xlLmNvbS8/aGw9ancmYW1wO2d3c19yZD1zc2wiIC8+DQogICAgICA8L0hlYWRlcnM+DQogICAgPC9SZXF1ZXN0Pg0KICAgIDxSZXF1ZXN0IE1ldGhvZD0iR0VUIiBHdWlkPSI0OTNmY2EwMS0yZDBkLTQwMzMtYTgxYS0xYTYyNDUzODY1NDciIFZlcnNpb249IjEuMSIgVXJsPSJodHRwczovL3d3dy5nc3RhdGljLmNvbS9vZy9fL2pzL2s9b2cub2cyLmVuX1VTLlBoalh1Qks2NXdBLk8vcnQ9ai9tPWRlZi9leG09aW4sZm90L2Q9MS9lZD0xL3JzPUFBMllyVHZ5bnpRVzJoeDFjNTQ1SDd3TTNQdHVlb0ZrN1EiIFRoaW5rVGltZT0iMCIgVGltZW91dD0iMzAwIiBQYXJzZURlcGVuZGVudFJlcXVlc3RzPSJUcnVlIiBGb2xsb3dSZWRpcmVjdHM9IlRydWUiIFJlY29yZFJlc3VsdD0iVHJ1ZSIgQ2FjaGU9IkZhbHNlIiBSZXNwb25zZVRpbWVHb2FsPSIwIiBFbmNvZGluZz0idXRmLTgiIEV4cGVjdGVkSHR0cFN0YXR1c0NvZGU9IjAiIEV4cGVjdGVkUmVzcG9uc2VVcmw9IiIgUmVwb3J0aW5nTmFtZT0iIiBJZ25vcmVIdHRwU3RhdHVzQ29kZT0iRmFsc2UiPg0KICAgICAgPEhlYWRlcnM+DQogICAgICAgIDxIZWFkZXIgTmFtZT0iUmVmZXJlciIgVmFsdWU9Imh0dHBzOi8vd3d3Lmdvb2dsZS5jb20vP2hsPWp3JmFtcDtnd3NfcmQ9c3NsIiAvPg0KICAgICAgPC9IZWFkZXJzPg0KICAgIDwvUmVxdWVzdD4NCiAgICA8UmVxdWVzdCBNZXRob2Q9IkdFVCIgR3VpZD0iOWE5YmI5MTgtNjg1MS00NWZjLWEzOTEtYjg4Y2JiYjhjZDA5IiBWZXJzaW9uPSIxLjEiIFVybD0iaHR0cHM6Ly9hcGlzLmdvb2dsZS5jb20vXy9zY3MvYWJjLXN0YXRpYy9fL2pzL2s9Z2FwaS5nYXBpLmVuLjgxcWNOVkFkUFAwLk8vbT1nYXBpX2lmcmFtZXMsZ29vZ2xlYXBpc19jbGllbnQscGx1c29uZS9ydD1qL3N2PTEvZD0xL2VkPTEvYW09QUFFL3JzPUFIcE9vby1ybmpIcWN2UkFseHRHLTlnTWZUclY5MGJvSUEvY2I9Z2FwaS5sb2FkZWRfMCIgVGhpbmtUaW1lPSIwIiBUaW1lb3V0PSIzMDAiIFBhcnNlRGVwZW5kZW50UmVxdWVzdHM9IlRydWUiIEZvbGxvd1JlZGlyZWN0cz0iVHJ1ZSIgUmVjb3JkUmVzdWx0PSJUcnVlIiBDYWNoZT0iRmFsc2UiIFJlc3BvbnNlVGltZUdvYWw9IjAiIEVuY29kaW5nPSJ1dGYtOCIgRXhwZWN0ZWRIdHRwU3RhdHVzQ29kZT0iMCIgRXhwZWN0ZWRSZXNwb25zZVVybD0iIiBSZXBvcnRpbmdOYW1lPSIiIElnbm9yZUh0dHBTdGF0dXNDb2RlPSJGYWxzZSI+DQogICAgICA8SGVhZGVycz4NCiAgICAgICAgPEhlYWRlciBOYW1lPSJSZWZlcmVyIiBWYWx1ZT0iaHR0cHM6Ly93d3cuZ29vZ2xlLmNvbS8/aGw9ancmYW1wO2d3c19yZD1zc2wiIC8+DQogICAgICA8L0hlYWRlcnM+DQogICAgPC9SZXF1ZXN0Pg0KICAgIDxSZXF1ZXN0IE1ldGhvZD0iR0VUIiBHdWlkPSJmYTIzMzAyZi0zNDExLTQzMGUtOTcyNC1mZGI0YjgxYzFkNTgiIFZlcnNpb249IjEuMSIgVXJsPSJodHRwczovL3d3dy5nb29nbGUuY29tL3hqcy9fL2pzL2s9eGpzLnMuZW4uemxiUzFKWkJIMGsuTy9tPWFhLGFiZCxhc3luYyxkdmwsZm9vdCxmcGUsaXB2NixsdSxtLG11LHNmLHNvbmljLGQzbCxXZ0R2dmMvYW09d0NMa2RFRUF5UDhKZ29nRUt3Z3NRSXBnR0JBL2V4bT1zeCxzYixjZG9zLGNyLGVsb2csaHNtLGpzYSxyLGQsY3NpL3J0PWovZD0xL2VkPTEvdD16Y21zL3JzPUFDVDkwb0hLRmxrdlJ1RUNZWU5aWjVINmdQd0tPbkIyNGciIFRoaW5rVGltZT0iMCIgVGltZW91dD0iMzAwIiBQYXJzZURlcGVuZGVudFJlcXVlc3RzPSJUcnVlIiBGb2xsb3dSZWRpcmVjdHM9IlRydWUiIFJlY29yZFJlc3VsdD0iVHJ1ZSIgQ2FjaGU9IkZhbHNlIiBSZXNwb25zZVRpbWVHb2FsPSIwIiBFbmNvZGluZz0idXRmLTgiIEV4cGVjdGVkSHR0cFN0YXR1c0NvZGU9IjAiIEV4cGVjdGVkUmVzcG9uc2VVcmw9IiIgUmVwb3J0aW5nTmFtZT0iIiBJZ25vcmVIdHRwU3RhdHVzQ29kZT0iRmFsc2UiPg0KICAgICAgPEhlYWRlcnM+DQogICAgICAgIDxIZWFkZXIgTmFtZT0iUmVmZXJlciIgVmFsdWU9Imh0dHBzOi8vd3d3Lmdvb2dsZS5jb20vP2hsPWp3JmFtcDtnd3NfcmQ9c3NsIiAvPg0KICAgICAgPC9IZWFkZXJzPg0KICAgICAgPFF1ZXJ5U3RyaW5nUGFyYW1ldGVycz4NCiAgICAgICAgPFF1ZXJ5U3RyaW5nUGFyYW1ldGVyIE5hbWU9InhqcyIgVmFsdWU9InMxIiBSZWNvcmRlZFZhbHVlPSJzMSIgQ29ycmVsYXRpb25CaW5kaW5nPSIiIFVybEVuY29kZT0iRmFsc2UiIFVzZVRvR3JvdXBSZXN1bHRzPSJGYWxzZSIgLz4NCiAgICAgIDwvUXVlcnlTdHJpbmdQYXJhbWV0ZXJzPg0KICAgIDwvUmVxdWVzdD4NCiAgICA8UmVxdWVzdCBNZXRob2Q9IkdFVCIgR3VpZD0iMDA4NDllYTAtNDU1MC00ZTM3LWI3ODAtZGJjZDJjNTE2MDliIiBWZXJzaW9uPSIxLjEiIFVybD0iaHR0cHM6Ly93d3cuZ29vZ2xlLmNvbS9nZW5fMjA0IiBUaGlua1RpbWU9IjAiIFRpbWVvdXQ9IjMwMCIgUGFyc2VEZXBlbmRlbnRSZXF1ZXN0cz0iVHJ1ZSIgRm9sbG93UmVkaXJlY3RzPSJUcnVlIiBSZWNvcmRSZXN1bHQ9IlRydWUiIENhY2hlPSJGYWxzZSIgUmVzcG9uc2VUaW1lR29hbD0iMCIgRW5jb2Rpbmc9InV0Zi04IiBFeHBlY3RlZEh0dHBTdGF0dXNDb2RlPSIwIiBFeHBlY3RlZFJlc3BvbnNlVXJsPSIiIFJlcG9ydGluZ05hbWU9IiIgSWdub3JlSHR0cFN0YXR1c0NvZGU9IkZhbHNlIj4NCiAgICAgIDxIZWFkZXJzPg0KICAgICAgICA8SGVhZGVyIE5hbWU9IlJlZmVyZXIiIFZhbHVlPSJodHRwczovL3d3dy5nb29nbGUuY29tLz9obD1qdyZhbXA7Z3dzX3JkPXNzbCIgLz4NCiAgICAgIDwvSGVhZGVycz4NCiAgICAgIDxRdWVyeVN0cmluZ1BhcmFtZXRlcnM+DQogICAgICAgIDxRdWVyeVN0cmluZ1BhcmFtZXRlciBOYW1lPSJhdHlwIiBWYWx1ZT0ie3tRdWVyeVN0cmluZ1BhcmFtMzE4LmF0eXB9fSIgUmVjb3JkZWRWYWx1ZT0iY3NpIiBDb3JyZWxhdGlvbkJpbmRpbmc9Int7UXVlcnlTdHJpbmdQYXJhbTMxOC5hdHlwfX0iIFVybEVuY29kZT0iRmFsc2UiIFVzZVRvR3JvdXBSZXN1bHRzPSJGYWxzZSIgLz4NCiAgICAgICAgPFF1ZXJ5U3RyaW5nUGFyYW1ldGVyIE5hbWU9ImVpIiBWYWx1ZT0ie3skSElEREVOMS5laX19IiBSZWNvcmRlZFZhbHVlPSJhYnlXV29xNkxNbW41Z0tSN29fUURnIiBDb3JyZWxhdGlvbkJpbmRpbmc9IiIgVXJsRW5jb2RlPSJGYWxzZSIgVXNlVG9Hcm91cFJlc3VsdHM9IkZhbHNlIiAvPg0KICAgICAgICA8UXVlcnlTdHJpbmdQYXJhbWV0ZXIgTmFtZT0icyIgVmFsdWU9IndlYmhwIiBSZWNvcmRlZFZhbHVlPSJ3ZWJocCIgQ29ycmVsYXRpb25CaW5kaW5nPSIiIFVybEVuY29kZT0iRmFsc2UiIFVzZVRvR3JvdXBSZXN1bHRzPSJGYWxzZSIgLz4NCiAgICAgICAgPFF1ZXJ5U3RyaW5nUGFyYW1ldGVyIE5hbWU9ImltYyIgVmFsdWU9IjIiIFJlY29yZGVkVmFsdWU9IjIiIENvcnJlbGF0aW9uQmluZGluZz0iIiBVcmxFbmNvZGU9IkZhbHNlIiBVc2VUb0dyb3VwUmVzdWx0cz0iRmFsc2UiIC8+DQogICAgICAgIDxRdWVyeVN0cmluZ1BhcmFtZXRlciBOYW1lPSJpbW4iIFZhbHVlPSIyIiBSZWNvcmRlZFZhbHVlPSIyIiBDb3JyZWxhdGlvbkJpbmRpbmc9IiIgVXJsRW5jb2RlPSJGYWxzZSIgVXNlVG9Hcm91cFJlc3VsdHM9IkZhbHNlIiAvPg0KICAgICAgICA8UXVlcnlTdHJpbmdQYXJhbWV0ZXIgTmFtZT0iaW1wIiBWYWx1ZT0iMCIgUmVjb3JkZWRWYWx1ZT0iMCIgQ29ycmVsYXRpb25CaW5kaW5nPSIiIFVybEVuY29kZT0iRmFsc2UiIFVzZVRvR3JvdXBSZXN1bHRzPSJGYWxzZSIgLz4NCiAgICAgICAgPFF1ZXJ5U3RyaW5nUGFyYW1ldGVyIE5hbWU9ImFkaCIgVmFsdWU9IiIgUmVjb3JkZWRWYWx1ZT0iIiBDb3JyZWxhdGlvbkJpbmRpbmc9IiIgVXJsRW5jb2RlPSJGYWxzZSIgVXNlVG9Hcm91cFJlc3VsdHM9IkZhbHNlIiAvPg0KICAgICAgICA8UXVlcnlTdHJpbmdQYXJhbWV0ZXIgTmFtZT0iaW1hIiBWYWx1ZT0iMSIgUmVjb3JkZWRWYWx1ZT0iMSIgQ29ycmVsYXRpb25CaW5kaW5nPSIiIFVybEVuY29kZT0iRmFsc2UiIFVzZVRvR3JvdXBSZXN1bHRzPSJGYWxzZSIgLz4NCiAgICAgICAgPFF1ZXJ5U3RyaW5nUGFyYW1ldGVyIE5hbWU9ImltZSIgVmFsdWU9IjAiIFJlY29yZGVkVmFsdWU9IjAiIENvcnJlbGF0aW9uQmluZGluZz0iIiBVcmxFbmNvZGU9IkZhbHNlIiBVc2VUb0dyb3VwUmVzdWx0cz0iRmFsc2UiIC8+DQogICAgICAgIDxRdWVyeVN0cmluZ1BhcmFtZXRlciBOYW1lPSJydCIgVmFsdWU9ImFmdC4zMzYsZGNsLjM0MixpbWwuMzM2LG9sLjM3NyxwcnQuMzM2LHhqcy4xMTA4LHhqc2VlLjExMDgseGpzZXMuOTc5LHhqc2xzLjQ3MSx3c3J0Ljc1Myxjc3QuMCxkbnN0LjAscnFzdC4xMDEscnNwdC4xMDAscnFzdHQuNzAzLHVudC43MDMsY3N0dC43MDMsZGl0LjEwOTUiIFJlY29yZGVkVmFsdWU9ImFmdC4zMzYsZGNsLjM0MixpbWwuMzM2LG9sLjM3NyxwcnQuMzM2LHhqcy4xMTA4LHhqc2VlLjExMDgseGpzZXMuOTc5LHhqc2xzLjQ3MSx3c3J0Ljc1Myxjc3QuMCxkbnN0LjAscnFzdC4xMDEscnNwdC4xMDAscnFzdHQuNzAzLHVudC43MDMsY3N0dC43MDMsZGl0LjEwOTUiIENvcnJlbGF0aW9uQmluZGluZz0iIiBVcmxFbmNvZGU9IkZhbHNlIiBVc2VUb0dyb3VwUmVzdWx0cz0iRmFsc2UiIC8+DQogICAgICAgIDxRdWVyeVN0cmluZ1BhcmFtZXRlciBOYW1lPSJ6eCIgVmFsdWU9IjE1MTk4Mjc5NjY5NTUiIFJlY29yZGVkVmFsdWU9IjE1MTk4Mjc5NjY5NTUiIENvcnJlbGF0aW9uQmluZGluZz0iIiBVcmxFbmNvZGU9IkZhbHNlIiBVc2VUb0dyb3VwUmVzdWx0cz0iRmFsc2UiIC8+DQogICAgICA8L1F1ZXJ5U3RyaW5nUGFyYW1ldGVycz4NCiAgICA8L1JlcXVlc3Q+DQogICAgPFJlcXVlc3QgTWV0aG9kPSJHRVQiIEd1aWQ9IjgwYzJkOWE1LTczOWItNGM5Zi1iMmI5LTc2ZjlhMjFhNmE3YyIgVmVyc2lvbj0iMS4xIiBVcmw9Imh0dHBzOi8vYWRzZXJ2aWNlLmdvb2dsZS5jb20vYWRzaWQvZ29vZ2xlL3VpIiBUaGlua1RpbWU9IjAiIFRpbWVvdXQ9IjMwMCIgUGFyc2VEZXBlbmRlbnRSZXF1ZXN0cz0iVHJ1ZSIgRm9sbG93UmVkaXJlY3RzPSJUcnVlIiBSZWNvcmRSZXN1bHQ9IlRydWUiIENhY2hlPSJGYWxzZSIgUmVzcG9uc2VUaW1lR29hbD0iMCIgRW5jb2Rpbmc9InV0Zi04IiBFeHBlY3RlZEh0dHBTdGF0dXNDb2RlPSIwIiBFeHBlY3RlZFJlc3BvbnNlVXJsPSIiIFJlcG9ydGluZ05hbWU9IiIgSWdub3JlSHR0cFN0YXR1c0NvZGU9IkZhbHNlIj4NCiAgICAgIDxIZWFkZXJzPg0KICAgICAgICA8SGVhZGVyIE5hbWU9IlJlZmVyZXIiIFZhbHVlPSJodHRwczovL3d3dy5nb29nbGUuY29tLz9obD1qdyZhbXA7Z3dzX3JkPXNzbCIgLz4NCiAgICAgIDwvSGVhZGVycz4NCiAgICA8L1JlcXVlc3Q+DQogICAgPFJlcXVlc3QgTWV0aG9kPSJHRVQiIEd1aWQ9IjEyMzcwZjQ5LTczOGYtNDc4ZC05OTE5LWU1MTU5Y2IzMDMyYyIgVmVyc2lvbj0iMS4xIiBVcmw9Imh0dHBzOi8vd3d3Lmdvb2dsZS5jb20veGpzL18vanMvaz14anMucy5lbi56bGJTMUpaQkgway5PL209Uk1oQmZlL2FtPXdDTGtkRUVBeVA4SmdvZ0VLd2dzUUlwZ0dCQS9leG09c3gsc2IsY2RvcyxjcixlbG9nLGhzbSxqc2EscixkLGNzaSxhYSxhYmQsYXN5bmMsZHZsLGZvb3QsZnBlLGlwdjYsbHUsbSxtdSxzZixzb25pYyxkM2wsV2dEdnZjL3J0PWovZD0xL2VkPTEvdD16Y21zL3JzPUFDVDkwb0hLRmxrdlJ1RUNZWU5aWjVINmdQd0tPbkIyNGciIFRoaW5rVGltZT0iMCIgVGltZW91dD0iMzAwIiBQYXJzZURlcGVuZGVudFJlcXVlc3RzPSJUcnVlIiBGb2xsb3dSZWRpcmVjdHM9IlRydWUiIFJlY29yZFJlc3VsdD0iVHJ1ZSIgQ2FjaGU9IkZhbHNlIiBSZXNwb25zZVRpbWVHb2FsPSIwIiBFbmNvZGluZz0idXRmLTgiIEV4cGVjdGVkSHR0cFN0YXR1c0NvZGU9IjAiIEV4cGVjdGVkUmVzcG9uc2VVcmw9IiIgUmVwb3J0aW5nTmFtZT0iIiBJZ25vcmVIdHRwU3RhdHVzQ29kZT0iRmFsc2UiPg0KICAgICAgPEhlYWRlcnM+DQogICAgICAgIDxIZWFkZXIgTmFtZT0iUmVmZXJlciIgVmFsdWU9Imh0dHBzOi8vd3d3Lmdvb2dsZS5jb20vP2hsPWp3JmFtcDtnd3NfcmQ9c3NsIiAvPg0KICAgICAgPC9IZWFkZXJzPg0KICAgIDwvUmVxdWVzdD4NCiAgICA8UmVxdWVzdCBNZXRob2Q9IkdFVCIgR3VpZD0iOGE3NzMyNTUtZTgzOC00MTc4LWExYTQtNTc0NGRjZDNkODI5IiBWZXJzaW9uPSIxLjEiIFVybD0iaHR0cHM6Ly93d3cuZ29vZ2xlLmNvLmNyL2RvbWFpbmxlc3MvcmVhZCIgVGhpbmtUaW1lPSIwIiBUaW1lb3V0PSIzMDAiIFBhcnNlRGVwZW5kZW50UmVxdWVzdHM9IlRydWUiIEZvbGxvd1JlZGlyZWN0cz0iVHJ1ZSIgUmVjb3JkUmVzdWx0PSJUcnVlIiBDYWNoZT0iRmFsc2UiIFJlc3BvbnNlVGltZUdvYWw9IjAiIEVuY29kaW5nPSJ1dGYtOCIgRXhwZWN0ZWRIdHRwU3RhdHVzQ29kZT0iMCIgRXhwZWN0ZWRSZXNwb25zZVVybD0iIiBSZXBvcnRpbmdOYW1lPSIiIElnbm9yZUh0dHBTdGF0dXNDb2RlPSJGYWxzZSI+DQogICAgICA8SGVhZGVycz4NCiAgICAgICAgPEhlYWRlciBOYW1lPSJSZWZlcmVyIiBWYWx1ZT0iaHR0cHM6Ly93d3cuZ29vZ2xlLmNvbS8/aGw9ancmYW1wO2d3c19yZD1zc2wiIC8+DQogICAgICA8L0hlYWRlcnM+DQogICAgICA8UXVlcnlTdHJpbmdQYXJhbWV0ZXJzPg0KICAgICAgICA8UXVlcnlTdHJpbmdQYXJhbWV0ZXIgTmFtZT0iaWd1IiBWYWx1ZT0iMSIgUmVjb3JkZWRWYWx1ZT0iMSIgQ29ycmVsYXRpb25CaW5kaW5nPSIiIFVybEVuY29kZT0iRmFsc2UiIFVzZVRvR3JvdXBSZXN1bHRzPSJGYWxzZSIgLz4NCiAgICAgIDwvUXVlcnlTdHJpbmdQYXJhbWV0ZXJzPg0KICAgIDwvUmVxdWVzdD4NCiAgICA8UmVxdWVzdCBNZXRob2Q9IkdFVCIgR3VpZD0iOGRlOGNkNTctMzk0Yi00MDdlLWE1NTUtYjQ3M2FiYTlhZDFkIiBWZXJzaW9uPSIxLjEiIFVybD0iaHR0cHM6Ly93d3cuZ29vZ2xlLmNvbS9kb21haW5sZXNzL3dyaXRlIiBUaGlua1RpbWU9IjgiIFRpbWVvdXQ9IjMwMCIgUGFyc2VEZXBlbmRlbnRSZXF1ZXN0cz0iVHJ1ZSIgRm9sbG93UmVkaXJlY3RzPSJUcnVlIiBSZWNvcmRSZXN1bHQ9IlRydWUiIENhY2hlPSJGYWxzZSIgUmVzcG9uc2VUaW1lR29hbD0iMCIgRW5jb2Rpbmc9InV0Zi04IiBFeHBlY3RlZEh0dHBTdGF0dXNDb2RlPSIwIiBFeHBlY3RlZFJlc3BvbnNlVXJsPSIiIFJlcG9ydGluZ05hbWU9IiIgSWdub3JlSHR0cFN0YXR1c0NvZGU9IkZhbHNlIj4NCiAgICAgIDxIZWFkZXJzPg0KICAgICAgICA8SGVhZGVyIE5hbWU9IlJlZmVyZXIiIFZhbHVlPSJodHRwczovL3d3dy5nb29nbGUuY29tLz9obD1qdyZhbXA7Z3dzX3JkPXNzbCIgLz4NCiAgICAgIDwvSGVhZGVycz4NCiAgICAgIDxRdWVyeVN0cmluZ1BhcmFtZXRlcnM+DQogICAgICAgIDxRdWVyeVN0cmluZ1BhcmFtZXRlciBOYW1lPSJpZ3UiIFZhbHVlPSIxIiBSZWNvcmRlZFZhbHVlPSIxIiBDb3JyZWxhdGlvbkJpbmRpbmc9IiIgVXJsRW5jb2RlPSJGYWxzZSIgVXNlVG9Hcm91cFJlc3VsdHM9IkZhbHNlIiAvPg0KICAgICAgICA8UXVlcnlTdHJpbmdQYXJhbWV0ZXIgTmFtZT0iZGF0YSIgVmFsdWU9IiIgUmVjb3JkZWRWYWx1ZT0iIiBDb3JyZWxhdGlvbkJpbmRpbmc9IiIgVXJsRW5jb2RlPSJGYWxzZSIgVXNlVG9Hcm91cFJlc3VsdHM9IkZhbHNlIiAvPg0KICAgICAgICA8UXVlcnlTdHJpbmdQYXJhbWV0ZXIgTmFtZT0ieHNyZiIgVmFsdWU9IkFMQW1KZEZfNUhoSWxFZDJnWjNGWlJ5Tlg1Uk52UG1mRGc6MTUxOTgyODA3Mzc1NSIgUmVjb3JkZWRWYWx1ZT0iQUxBbUpkRl81SGhJbEVkMmdaM0ZaUnlOWDVSTnZQbWZEZzoxNTE5ODI4MDczNzU1IiBDb3JyZWxhdGlvbkJpbmRpbmc9IiIgVXJsRW5jb2RlPSJGYWxzZSIgVXNlVG9Hcm91cFJlc3VsdHM9IkZhbHNlIiAvPg0KICAgICAgPC9RdWVyeVN0cmluZ1BhcmFtZXRlcnM+DQogICAgPC9SZXF1ZXN0Pg0KICAgIDxSZXF1ZXN0IE1ldGhvZD0iR0VUIiBHdWlkPSJjOTVmYTk2ZC1jMWY3LTQ2ZjEtYjFhMy01YmYwNzk1ZGE1ZWUiIFZlcnNpb249IjEuMSIgVXJsPSJodHRwczovL3d3dy5nb29nbGUuY29tL3NlYXJjaCIgVGhpbmtUaW1lPSIwIiBUaW1lb3V0PSIzMDAiIFBhcnNlRGVwZW5kZW50UmVxdWVzdHM9IlRydWUiIEZvbGxvd1JlZGlyZWN0cz0iVHJ1ZSIgUmVjb3JkUmVzdWx0PSJUcnVlIiBDYWNoZT0iRmFsc2UiIFJlc3BvbnNlVGltZUdvYWw9IjAiIEVuY29kaW5nPSJ1dGYtOCIgRXhwZWN0ZWRIdHRwU3RhdHVzQ29kZT0iMCIgRXhwZWN0ZWRSZXNwb25zZVVybD0iIiBSZXBvcnRpbmdOYW1lPSIiIElnbm9yZUh0dHBTdGF0dXNDb2RlPSJGYWxzZSI+DQogICAgICA8SGVhZGVycz4NCiAgICAgICAgPEhlYWRlciBOYW1lPSJSZWZlcmVyIiBWYWx1ZT0iaHR0cHM6Ly93d3cuZ29vZ2xlLmNvbS8/aGw9ancmYW1wO2d3c19yZD1zc2wiIC8+DQogICAgICA8L0hlYWRlcnM+DQogICAgICA8Q29ycmVsYXRpb25FeHRyYWN0aW9uUnVsZXM+DQogICAgICAgIDxFeHRyYWN0aW9uUnVsZSBDbGFzc25hbWU9Ik1pY3Jvc29mdC5WaXN1YWxTdHVkaW8uVGVzdFRvb2xzLldlYlRlc3RpbmcuUnVsZXMuRXh0cmFjdFRleHQsIE1pY3Jvc29mdC5WaXN1YWxTdHVkaW8uUXVhbGl0eVRvb2xzLldlYlRlc3RGcmFtZXdvcmssIFZlcnNpb249MTAuMC4wLjAsIEN1bHR1cmU9bmV1dHJhbCwgUHVibGljS2V5VG9rZW49YjAzZjVmN2YxMWQ1MGEzYSIgVmFyaWFibGVOYW1lPSJRdWVyeVN0cmluZ1BhcmFtNTE1LnMiIERpc3BsYXlOYW1lPSIiIERlc2NyaXB0aW9uPSIiPg0KICAgICAgICAgIDxSdWxlUGFyYW1ldGVycz4NCiAgICAgICAgICAgIDxSdWxlUGFyYW1ldGVyIE5hbWU9IlN0YXJ0c1dpdGgiIFZhbHVlPSI/cz0iIC8+DQogICAgICAgICAgICA8UnVsZVBhcmFtZXRlciBOYW1lPSJFbmRzV2l0aCIgVmFsdWU9IiZhbXA7IiAvPg0KICAgICAgICAgICAgPFJ1bGVQYXJhbWV0ZXIgTmFtZT0iSW5kZXgiIFZhbHVlPSIwIiAvPg0KICAgICAgICAgICAgPFJ1bGVQYXJhbWV0ZXIgTmFtZT0iSWdub3JlQ2FzZSIgVmFsdWU9IkZhbHNlIiAvPg0KICAgICAgICAgICAgPFJ1bGVQYXJhbWV0ZXIgTmFtZT0iVXNlUmVndWxhckV4cHJlc3Npb24iIFZhbHVlPSJGYWxzZSIgLz4NCiAgICAgICAgICAgIDxSdWxlUGFyYW1ldGVyIE5hbWU9Ikh0bWxEZWNvZGUiIFZhbHVlPSJUcnVlIiAvPg0KICAgICAgICAgICAgPFJ1bGVQYXJhbWV0ZXIgTmFtZT0iUmVxdWlyZWQiIFZhbHVlPSJGYWxzZSIgLz4NCiAgICAgICAgICA8L1J1bGVQYXJhbWV0ZXJzPg0KICAgICAgICA8L0V4dHJhY3Rpb25SdWxlPg0KICAgICAgICA8RXh0cmFjdGlvblJ1bGUgQ2xhc3NuYW1lPSJNaWNyb3NvZnQuVmlzdWFsU3R1ZGlvLlRlc3RUb29scy5XZWJUZXN0aW5nLlJ1bGVzLkV4dHJhY3RUZXh0LCBNaWNyb3NvZnQuVmlzdWFsU3R1ZGlvLlF1YWxpdHlUb29scy5XZWJUZXN0RnJhbWV3b3JrLCBWZXJzaW9uPTEwLjAuMC4wLCBDdWx0dXJlPW5ldXRyYWwsIFB1YmxpY0tleVRva2VuPWIwM2Y1ZjdmMTFkNTBhM2EiIFZhcmlhYmxlTmFtZT0iUXVlcnlTdHJpbmdQYXJhbTUxNi5hdHlwIiBEaXNwbGF5TmFtZT0iIiBEZXNjcmlwdGlvbj0iIj4NCiAgICAgICAgICA8UnVsZVBhcmFtZXRlcnM+DQogICAgICAgICAgICA8UnVsZVBhcmFtZXRlciBOYW1lPSJTdGFydHNXaXRoIiBWYWx1ZT0iJmFtcDthdHlwPSIgLz4NCiAgICAgICAgICAgIDxSdWxlUGFyYW1ldGVyIE5hbWU9IkVuZHNXaXRoIiBWYWx1ZT0iJmFtcDsiIC8+DQogICAgICAgICAgICA8UnVsZVBhcmFtZXRlciBOYW1lPSJJbmRleCIgVmFsdWU9IjAiIC8+DQogICAgICAgICAgICA8UnVsZVBhcmFtZXRlciBOYW1lPSJJZ25vcmVDYXNlIiBWYWx1ZT0iRmFsc2UiIC8+DQogICAgICAgICAgICA8UnVsZVBhcmFtZXRlciBOYW1lPSJVc2VSZWd1bGFyRXhwcmVzc2lvbiIgVmFsdWU9IkZhbHNlIiAvPg0KICAgICAgICAgICAgPFJ1bGVQYXJhbWV0ZXIgTmFtZT0iSHRtbERlY29kZSIgVmFsdWU9IlRydWUiIC8+DQogICAgICAgICAgICA8UnVsZVBhcmFtZXRlciBOYW1lPSJSZXF1aXJlZCIgVmFsdWU9IkZhbHNlIiAvPg0KICAgICAgICAgIDwvUnVsZVBhcmFtZXRlcnM+DQogICAgICAgIDwvRXh0cmFjdGlvblJ1bGU+DQogICAgICAgIDxFeHRyYWN0aW9uUnVsZSBDbGFzc25hbWU9Ik1pY3Jvc29mdC5WaXN1YWxTdHVkaW8uVGVzdFRvb2xzLldlYlRlc3RpbmcuUnVsZXMuRXh0cmFjdFRleHQsIE1pY3Jvc29mdC5WaXN1YWxTdHVkaW8uUXVhbGl0eVRvb2xzLldlYlRlc3RGcmFtZXdvcmssIFZlcnNpb249MTAuMC4wLjAsIEN1bHR1cmU9bmV1dHJhbCwgUHVibGljS2V5VG9rZW49YjAzZjVmN2YxMWQ1MGEzYSIgVmFyaWFibGVOYW1lPSJRdWVyeVN0cmluZ1BhcmFtNTE3LmVpIiBEaXNwbGF5TmFtZT0iIiBEZXNjcmlwdGlvbj0iIj4NCiAgICAgICAgICA8UnVsZVBhcmFtZXRlcnM+DQogICAgICAgICAgICA8UnVsZVBhcmFtZXRlciBOYW1lPSJTdGFydHNXaXRoIiBWYWx1ZT0iJmFtcDthbXA7ZWk9IiAvPg0KICAgICAgICAgICAgPFJ1bGVQYXJhbWV0ZXIgTmFtZT0iRW5kc1dpdGgiIFZhbHVlPSImYW1wOyIgLz4NCiAgICAgICAgICAgIDxSdWxlUGFyYW1ldGVyIE5hbWU9IkluZGV4IiBWYWx1ZT0iMCIgLz4NCiAgICAgICAgICAgIDxSdWxlUGFyYW1ldGVyIE5hbWU9Iklnbm9yZUNhc2UiIFZhbHVlPSJGYWxzZSIgLz4NCiAgICAgICAgICAgIDxSdWxlUGFyYW1ldGVyIE5hbWU9IlVzZVJlZ3VsYXJFeHByZXNzaW9uIiBWYWx1ZT0iRmFsc2UiIC8+DQogICAgICAgICAgICA8UnVsZVBhcmFtZXRlciBOYW1lPSJIdG1sRGVjb2RlIiBWYWx1ZT0iVHJ1ZSIgLz4NCiAgICAgICAgICAgIDxSdWxlUGFyYW1ldGVyIE5hbWU9IlJlcXVpcmVkIiBWYWx1ZT0iRmFsc2UiIC8+DQogICAgICAgICAgPC9SdWxlUGFyYW1ldGVycz4NCiAgICAgICAgPC9FeHRyYWN0aW9uUnVsZT4NCiAgICAgICAgPEV4dHJhY3Rpb25SdWxlIENsYXNzbmFtZT0iTWljcm9zb2Z0LlZpc3VhbFN0dWRpby5UZXN0VG9vbHMuV2ViVGVzdGluZy5SdWxlcy5FeHRyYWN0VGV4dCwgTWljcm9zb2Z0LlZpc3VhbFN0dWRpby5RdWFsaXR5VG9vbHMuV2ViVGVzdEZyYW1ld29yaywgVmVyc2lvbj0xMC4wLjAuMCwgQ3VsdHVyZT1uZXV0cmFsLCBQdWJsaWNLZXlUb2tlbj1iMDNmNWY3ZjExZDUwYTNhIiBWYXJpYWJsZU5hbWU9IlF1ZXJ5U3RyaW5nUGFyYW01NDQuYXR5cCIgRGlzcGxheU5hbWU9IiIgRGVzY3JpcHRpb249IiI+DQogICAgICAgICAgPFJ1bGVQYXJhbWV0ZXJzPg0KICAgICAgICAgICAgPFJ1bGVQYXJhbWV0ZXIgTmFtZT0iU3RhcnRzV2l0aCIgVmFsdWU9Ij9hdHlwPSIgLz4NCiAgICAgICAgICAgIDxSdWxlUGFyYW1ldGVyIE5hbWU9IkVuZHNXaXRoIiBWYWx1ZT0iJmFtcDsiIC8+DQogICAgICAgICAgICA8UnVsZVBhcmFtZXRlciBOYW1lPSJJbmRleCIgVmFsdWU9IjAiIC8+DQogICAgICAgICAgICA8UnVsZVBhcmFtZXRlciBOYW1lPSJJZ25vcmVDYXNlIiBWYWx1ZT0iRmFsc2UiIC8+DQogICAgICAgICAgICA8UnVsZVBhcmFtZXRlciBOYW1lPSJVc2VSZWd1bGFyRXhwcmVzc2lvbiIgVmFsdWU9IkZhbHNlIiAvPg0KICAgICAgICAgICAgPFJ1bGVQYXJhbWV0ZXIgTmFtZT0iSHRtbERlY29kZSIgVmFsdWU9IlRydWUiIC8+DQogICAgICAgICAgICA8UnVsZVBhcmFtZXRlciBOYW1lPSJSZXF1aXJlZCIgVmFsdWU9IkZhbHNlIiAvPg0KICAgICAgICAgIDwvUnVsZVBhcmFtZXRlcnM+DQogICAgICAgIDwvRXh0cmFjdGlvblJ1bGU+DQogICAgICAgIDxFeHRyYWN0aW9uUnVsZSBDbGFzc25hbWU9Ik1pY3Jvc29mdC5WaXN1YWxTdHVkaW8uVGVzdFRvb2xzLldlYlRlc3RpbmcuUnVsZXMuRXh0cmFjdFRleHQsIE1pY3Jvc29mdC5WaXN1YWxTdHVkaW8uUXVhbGl0eVRvb2xzLldlYlRlc3RGcmFtZXdvcmssIFZlcnNpb249MTAuMC4wLjAsIEN1bHR1cmU9bmV1dHJhbCwgUHVibGljS2V5VG9rZW49YjAzZjVmN2YxMWQ1MGEzYSIgVmFyaWFibGVOYW1lPSJRdWVyeVN0cmluZ1BhcmFtNTQ3LmVpIiBEaXNwbGF5TmFtZT0iIiBEZXNjcmlwdGlvbj0iIj4NCiAgICAgICAgICA8UnVsZVBhcmFtZXRlcnM+DQogICAgICAgICAgICA8UnVsZVBhcmFtZXRlciBOYW1lPSJTdGFydHNXaXRoIiBWYWx1ZT0iJmFtcDthbXA7ZWk9IiAvPg0KICAgICAgICAgICAgPFJ1bGVQYXJhbWV0ZXIgTmFtZT0iRW5kc1dpdGgiIFZhbHVlPSImYW1wOyIgLz4NCiAgICAgICAgICAgIDxSdWxlUGFyYW1ldGVyIE5hbWU9IkluZGV4IiBWYWx1ZT0iMCIgLz4NCiAgICAgICAgICAgIDxSdWxlUGFyYW1ldGVyIE5hbWU9Iklnbm9yZUNhc2UiIFZhbHVlPSJGYWxzZSIgLz4NCiAgICAgICAgICAgIDxSdWxlUGFyYW1ldGVyIE5hbWU9IlVzZVJlZ3VsYXJFeHByZXNzaW9uIiBWYWx1ZT0iRmFsc2UiIC8+DQogICAgICAgICAgICA8UnVsZVBhcmFtZXRlciBOYW1lPSJIdG1sRGVjb2RlIiBWYWx1ZT0iVHJ1ZSIgLz4NCiAgICAgICAgICAgIDxSdWxlUGFyYW1ldGVyIE5hbWU9IlJlcXVpcmVkIiBWYWx1ZT0iRmFsc2UiIC8+DQogICAgICAgICAgPC9SdWxlUGFyYW1ldGVycz4NCiAgICAgICAgPC9FeHRyYWN0aW9uUnVsZT4NCiAgICAgICAgPEV4dHJhY3Rpb25SdWxlIENsYXNzbmFtZT0iTWljcm9zb2Z0LlZpc3VhbFN0dWRpby5UZXN0VG9vbHMuV2ViVGVzdGluZy5SdWxlcy5FeHRyYWN0VGV4dCwgTWljcm9zb2Z0LlZpc3VhbFN0dWRpby5RdWFsaXR5VG9vbHMuV2ViVGVzdEZyYW1ld29yaywgVmVyc2lvbj0xMC4wLjAuMCwgQ3VsdHVyZT1uZXV0cmFsLCBQdWJsaWNLZXlUb2tlbj1iMDNmNWY3ZjExZDUwYTNhIiBWYXJpYWJsZU5hbWU9IlF1ZXJ5U3RyaW5nUGFyYW01NzIuYXR5cCIgRGlzcGxheU5hbWU9IiIgRGVzY3JpcHRpb249IiI+DQogICAgICAgICAgPFJ1bGVQYXJhbWV0ZXJzPg0KICAgICAgICAgICAgPFJ1bGVQYXJhbWV0ZXIgTmFtZT0iU3RhcnRzV2l0aCIgVmFsdWU9IiZhbXA7YXR5cD0iIC8+DQogICAgICAgICAgICA8UnVsZVBhcmFtZXRlciBOYW1lPSJFbmRzV2l0aCIgVmFsdWU9IiZhbXA7IiAvPg0KICAgICAgICAgICAgPFJ1bGVQYXJhbWV0ZXIgTmFtZT0iSW5kZXgiIFZhbHVlPSIwIiAvPg0KICAgICAgICAgICAgPFJ1bGVQYXJhbWV0ZXIgTmFtZT0iSWdub3JlQ2FzZSIgVmFsdWU9IkZhbHNlIiAvPg0KICAgICAgICAgICAgPFJ1bGVQYXJhbWV0ZXIgTmFtZT0iVXNlUmVndWxhckV4cHJlc3Npb24iIFZhbHVlPSJGYWxzZSIgLz4NCiAgICAgICAgICAgIDxSdWxlUGFyYW1ldGVyIE5hbWU9Ikh0bWxEZWNvZGUiIFZhbHVlPSJUcnVlIiAvPg0KICAgICAgICAgICAgPFJ1bGVQYXJhbWV0ZXIgTmFtZT0iUmVxdWlyZWQiIFZhbHVlPSJGYWxzZSIgLz4NCiAgICAgICAgICA8L1J1bGVQYXJhbWV0ZXJzPg0KICAgICAgICA8L0V4dHJhY3Rpb25SdWxlPg0KICAgICAgICA8RXh0cmFjdGlvblJ1bGUgQ2xhc3NuYW1lPSJNaWNyb3NvZnQuVmlzdWFsU3R1ZGlvLlRlc3RUb29scy5XZWJUZXN0aW5nLlJ1bGVzLkV4dHJhY3RUZXh0LCBNaWNyb3NvZnQuVmlzdWFsU3R1ZGlvLlF1YWxpdHlUb29scy5XZWJUZXN0RnJhbWV3b3JrLCBWZXJzaW9uPTEwLjAuMC4wLCBDdWx0dXJlPW5ldXRyYWwsIFB1YmxpY0tleVRva2VuPWIwM2Y1ZjdmMTFkNTBhM2EiIFZhcmlhYmxlTmFtZT0iUXVlcnlTdHJpbmdQYXJhbTU3My5laSIgRGlzcGxheU5hbWU9IiIgRGVzY3JpcHRpb249IiI+DQogICAgICAgICAgPFJ1bGVQYXJhbWV0ZXJzPg0KICAgICAgICAgICAgPFJ1bGVQYXJhbWV0ZXIgTmFtZT0iU3RhcnRzV2l0aCIgVmFsdWU9IiZhbXA7YW1wO2VpPSIgLz4NCiAgICAgICAgICAgIDxSdWxlUGFyYW1ldGVyIE5hbWU9IkVuZHNXaXRoIiBWYWx1ZT0iJmFtcDsiIC8+DQogICAgICAgICAgICA8UnVsZVBhcmFtZXRlciBOYW1lPSJJbmRleCIgVmFsdWU9IjAiIC8+DQogICAgICAgICAgICA8UnVsZVBhcmFtZXRlciBOYW1lPSJJZ25vcmVDYXNlIiBWYWx1ZT0iRmFsc2UiIC8+DQogICAgICAgICAgICA8UnVsZVBhcmFtZXRlciBOYW1lPSJVc2VSZWd1bGFyRXhwcmVzc2lvbiIgVmFsdWU9IkZhbHNlIiAvPg0KICAgICAgICAgICAgPFJ1bGVQYXJhbWV0ZXIgTmFtZT0iSHRtbERlY29kZSIgVmFsdWU9IlRydWUiIC8+DQogICAgICAgICAgICA8UnVsZVBhcmFtZXRlciBOYW1lPSJSZXF1aXJlZCIgVmFsdWU9IkZhbHNlIiAvPg0KICAgICAgICAgIDwvUnVsZVBhcmFtZXRlcnM+DQogICAgICAgIDwvRXh0cmFjdGlvblJ1bGU+DQogICAgICAgIDxFeHRyYWN0aW9uUnVsZSBDbGFzc25hbWU9Ik1pY3Jvc29mdC5WaXN1YWxTdHVkaW8uVGVzdFRvb2xzLldlYlRlc3RpbmcuUnVsZXMuRXh0cmFjdFRleHQsIE1pY3Jvc29mdC5WaXN1YWxTdHVkaW8uUXVhbGl0eVRvb2xzLldlYlRlc3RGcmFtZXdvcmssIFZlcnNpb249MTAuMC4wLjAsIEN1bHR1cmU9bmV1dHJhbCwgUHVibGljS2V5VG9rZW49YjAzZjVmN2YxMWQ1MGEzYSIgVmFyaWFibGVOYW1lPSJRdWVyeVN0cmluZ1BhcmFtNTc0LnMiIERpc3BsYXlOYW1lPSIiIERlc2NyaXB0aW9uPSIiPg0KICAgICAgICAgIDxSdWxlUGFyYW1ldGVycz4NCiAgICAgICAgICAgIDxSdWxlUGFyYW1ldGVyIE5hbWU9IlN0YXJ0c1dpdGgiIFZhbHVlPSI/cz0iIC8+DQogICAgICAgICAgICA8UnVsZVBhcmFtZXRlciBOYW1lPSJFbmRzV2l0aCIgVmFsdWU9ImEiIC8+DQogICAgICAgICAgICA8UnVsZVBhcmFtZXRlciBOYW1lPSJJbmRleCIgVmFsdWU9IjAiIC8+DQogICAgICAgICAgICA8UnVsZVBhcmFtZXRlciBOYW1lPSJJZ25vcmVDYXNlIiBWYWx1ZT0iRmFsc2UiIC8+DQogICAgICAgICAgICA8UnVsZVBhcmFtZXRlciBOYW1lPSJVc2VSZWd1bGFyRXhwcmVzc2lvbiIgVmFsdWU9IkZhbHNlIiAvPg0KICAgICAgICAgICAgPFJ1bGVQYXJhbWV0ZXIgTmFtZT0iSHRtbERlY29kZSIgVmFsdWU9IlRydWUiIC8+DQogICAgICAgICAgICA8UnVsZVBhcmFtZXRlciBOYW1lPSJSZXF1aXJlZCIgVmFsdWU9IkZhbHNlIiAvPg0KICAgICAgICAgIDwvUnVsZVBhcmFtZXRlcnM+DQogICAgICAgIDwvRXh0cmFjdGlvblJ1bGU+DQogICAgICA8L0NvcnJlbGF0aW9uRXh0cmFjdGlvblJ1bGVzPg0KICAgICAgPFF1ZXJ5U3RyaW5nUGFyYW1ldGVycz4NCiAgICAgICAgPFF1ZXJ5U3RyaW5nUGFyYW1ldGVyIE5hbWU9ImhsIiBWYWx1ZT0ie3skSElEREVOMS5obH19IiBSZWNvcmRlZFZhbHVlPSJqdyIgQ29ycmVsYXRpb25CaW5kaW5nPSIiIFVybEVuY29kZT0iRmFsc2UiIFVzZVRvR3JvdXBSZXN1bHRzPSJGYWxzZSIgLz4NCiAgICAgICAgPFF1ZXJ5U3RyaW5nUGFyYW1ldGVyIE5hbWU9InNvdXJjZSIgVmFsdWU9Int7JEhJRERFTjEuc291cmNlfX0iIFJlY29yZGVkVmFsdWU9ImhwIiBDb3JyZWxhdGlvbkJpbmRpbmc9IiIgVXJsRW5jb2RlPSJGYWxzZSIgVXNlVG9Hcm91cFJlc3VsdHM9IkZhbHNlIiAvPg0KICAgICAgICA8UXVlcnlTdHJpbmdQYXJhbWV0ZXIgTmFtZT0iZWkiIFZhbHVlPSJ7eyRISURERU4xLmVpfX0iIFJlY29yZGVkVmFsdWU9ImFieVdXb3E2TE1tbjVnS1I3b19RRGciIENvcnJlbGF0aW9uQmluZGluZz0iIiBVcmxFbmNvZGU9IkZhbHNlIiBVc2VUb0dyb3VwUmVzdWx0cz0iRmFsc2UiIC8+DQogICAgICAgIDxRdWVyeVN0cmluZ1BhcmFtZXRlciBOYW1lPSJxIiBWYWx1ZT0iQnVzcXVlZGEiIFJlY29yZGVkVmFsdWU9IkJ1c3F1ZWRhIiBDb3JyZWxhdGlvbkJpbmRpbmc9IiIgVXJsRW5jb2RlPSJGYWxzZSIgVXNlVG9Hcm91cFJlc3VsdHM9IkZhbHNlIiAvPg0KICAgICAgICA8UXVlcnlTdHJpbmdQYXJhbWV0ZXIgTmFtZT0ib3EiIFZhbHVlPSJCdXNxdWVkYSIgUmVjb3JkZWRWYWx1ZT0iQnVzcXVlZGEiIENvcnJlbGF0aW9uQmluZGluZz0iIiBVcmxFbmNvZGU9IkZhbHNlIiBVc2VUb0dyb3VwUmVzdWx0cz0iRmFsc2UiIC8+DQogICAgICAgIDxRdWVyeVN0cmluZ1BhcmFtZXRlciBOYW1lPSJnc19sIiBWYWx1ZT0icHN5LWFiLjMuLi4xNDA2LjcxNDkuMC44NTY2LjAuMC4wLjAuMC4wLjAuMC4uMC4wLi4uLjAuLi4xYy4xLjY0LnBzeS1hYi4uMC4wLjAuLi4uMC5zd2FVSHpvLW9UYyIgUmVjb3JkZWRWYWx1ZT0icHN5LWFiLjMuLi4xNDA2LjcxNDkuMC44NTY2LjAuMC4wLjAuMC4wLjAuMC4uMC4wLi4uLjAuLi4xYy4xLjY0LnBzeS1hYi4uMC4wLjAuLi4uMC5zd2FVSHpvLW9UYyIgQ29ycmVsYXRpb25CaW5kaW5nPSIiIFVybEVuY29kZT0iRmFsc2UiIFVzZVRvR3JvdXBSZXN1bHRzPSJGYWxzZSIgLz4NCiAgICAgIDwvUXVlcnlTdHJpbmdQYXJhbWV0ZXJzPg0KICAgIDwvUmVxdWVzdD4NCiAgICA8UmVxdWVzdCBNZXRob2Q9IkdFVCIgR3VpZD0iMzM1MTY1NjQtMGJhNS00MjEwLTk4Y2EtNmFjNTdlNzQxMTJiIiBWZXJzaW9uPSIxLjEiIFVybD0iaHR0cHM6Ly93d3cuZ29vZ2xlLmNvbS9nZW5fMjA0IiBUaGlua1RpbWU9IjAiIFRpbWVvdXQ9IjMwMCIgUGFyc2VEZXBlbmRlbnRSZXF1ZXN0cz0iVHJ1ZSIgRm9sbG93UmVkaXJlY3RzPSJUcnVlIiBSZWNvcmRSZXN1bHQ9IlRydWUiIENhY2hlPSJGYWxzZSIgUmVzcG9uc2VUaW1lR29hbD0iMCIgRW5jb2Rpbmc9InV0Zi04IiBFeHBlY3RlZEh0dHBTdGF0dXNDb2RlPSIwIiBFeHBlY3RlZFJlc3BvbnNlVXJsPSIiIFJlcG9ydGluZ05hbWU9IiIgSWdub3JlSHR0cFN0YXR1c0NvZGU9IkZhbHNlIj4NCiAgICAgIDxIZWFkZXJzPg0KICAgICAgICA8SGVhZGVyIE5hbWU9IlJlZmVyZXIiIFZhbHVlPSJodHRwczovL3d3dy5nb29nbGUuY29tL3NlYXJjaD9obD1qdyZhbXA7c291cmNlPWhwJmFtcDtlaT1hYnlXV29xNkxNbW41Z0tSN29fUURnJmFtcDtxPUJ1c3F1ZWRhJmFtcDtvcT1CdXNxdWVkYSZhbXA7Z3NfbD1wc3ktYWIuMy4uLjE0MDYuNzE0OS4wLjg1NjYuMC4wLjAuMC4wLjAuMC4wLi4wLjAuLi4uMC4uLjFjLjEuNjQucHN5LWFiLi4wLjAuMC4uLi4wLnN3YVVIem8tb1RjIiAvPg0KICAgICAgPC9IZWFkZXJzPg0KICAgICAgPFF1ZXJ5U3RyaW5nUGFyYW1ldGVycz4NCiAgICAgICAgPFF1ZXJ5U3RyaW5nUGFyYW1ldGVyIE5hbWU9InMiIFZhbHVlPSJ3ZWJhZnQiIFJlY29yZGVkVmFsdWU9IndlYmFmdCIgQ29ycmVsYXRpb25CaW5kaW5nPSJ7e1F1ZXJ5U3RyaW5nUGFyYW01MTUuc319IiBVcmxFbmNvZGU9IkZhbHNlIiBVc2VUb0dyb3VwUmVzdWx0cz0iRmFsc2UiIC8+DQogICAgICAgIDxRdWVyeVN0cmluZ1BhcmFtZXRlciBOYW1lPSJhdHlwIiBWYWx1ZT0iY3NpIiBSZWNvcmRlZFZhbHVlPSJjc2kiIENvcnJlbGF0aW9uQmluZGluZz0ie3tRdWVyeVN0cmluZ1BhcmFtNTE2LmF0eXB9fSIgVXJsRW5jb2RlPSJGYWxzZSIgVXNlVG9Hcm91cFJlc3VsdHM9IkZhbHNlIiAvPg0KICAgICAgICA8UXVlcnlTdHJpbmdQYXJhbWV0ZXIgTmFtZT0iZWkiIFZhbHVlPSJjN3lXV3RlR0k2YnY1Z0tlc1llNENBIiBSZWNvcmRlZFZhbHVlPSJjN3lXV3RlR0k2YnY1Z0tlc1llNENBIiBDb3JyZWxhdGlvbkJpbmRpbmc9Int7UXVlcnlTdHJpbmdQYXJhbTUxNy5laX19IiBVcmxFbmNvZGU9IkZhbHNlIiBVc2VUb0dyb3VwUmVzdWx0cz0iRmFsc2UiIC8+DQogICAgICAgIDxRdWVyeVN0cmluZ1BhcmFtZXRlciBOYW1lPSJydCIgVmFsdWU9IndzcnQuMjc1LGFmdC4zNjQscHJ0LjM2NCxzY3QuMzAyIiBSZWNvcmRlZFZhbHVlPSJ3c3J0LjI3NSxhZnQuMzY0LHBydC4zNjQsc2N0LjMwMiIgQ29ycmVsYXRpb25CaW5kaW5nPSIiIFVybEVuY29kZT0iRmFsc2UiIFVzZVRvR3JvdXBSZXN1bHRzPSJGYWxzZSIgLz4NCiAgICAgIDwvUXVlcnlTdHJpbmdQYXJhbWV0ZXJzPg0KICAgIDwvUmVxdWVzdD4NCiAgICA8UmVxdWVzdCBNZXRob2Q9IkdFVCIgR3VpZD0iNWZkMjkwODUtOTBlZC00YmU2LWI3YjctNDBiOGY0ZjUwNTBjIiBWZXJzaW9uPSIxLjEiIFVybD0iaHR0cHM6Ly93d3cuZ29vZ2xlLmNvbS94anMvXy9qcy9rPXhqcy5zLmVuLmx5cjRybjh5Z2xnLk8vbT1zeCxzYixjZG9zLGNyLGVsb2csaHNtLGpzYSxyLGQsY3NpL2FtPXdDTGtkRUVBeVA4SmdvZ0VLd2dzUUlwZ0dCQS9ydD1qL2Q9MS90PXpjbXMvcnM9QUNUOTBvRTl4ZzVKWE5vcGNBWnRaUFYtdWZJUlozalBaQSIgVGhpbmtUaW1lPSIwIiBUaW1lb3V0PSIzMDAiIFBhcnNlRGVwZW5kZW50UmVxdWVzdHM9IlRydWUiIEZvbGxvd1JlZGlyZWN0cz0iVHJ1ZSIgUmVjb3JkUmVzdWx0PSJUcnVlIiBDYWNoZT0iRmFsc2UiIFJlc3BvbnNlVGltZUdvYWw9IjAiIEVuY29kaW5nPSJ1dGYtOCIgRXhwZWN0ZWRIdHRwU3RhdHVzQ29kZT0iMCIgRXhwZWN0ZWRSZXNwb25zZVVybD0iIiBSZXBvcnRpbmdOYW1lPSIiIElnbm9yZUh0dHBTdGF0dXNDb2RlPSJGYWxzZSI+DQogICAgICA8SGVhZGVycz4NCiAgICAgICAgPEhlYWRlciBOYW1lPSJSZWZlcmVyIiBWYWx1ZT0iaHR0cHM6Ly93d3cuZ29vZ2xlLmNvbS9zZWFyY2g/aGw9ancmYW1wO3NvdXJjZT1ocCZhbXA7ZWk9YWJ5V1dvcTZMTW1uNWdLUjdvX1FEZyZhbXA7cT1CdXNxdWVkYSZhbXA7b3E9QnVzcXVlZGEmYW1wO2dzX2w9cHN5LWFiLjMuLi4xNDA2LjcxNDkuMC44NTY2LjAuMC4wLjAuMC4wLjAuMC4uMC4wLi4uLjAuLi4xYy4xLjY0LnBzeS1hYi4uMC4wLjAuLi4uMC5zd2FVSHpvLW9UYyIgLz4NCiAgICAgIDwvSGVhZGVycz4NCiAgICA8L1JlcXVlc3Q+DQogICAgPFJlcXVlc3QgTWV0aG9kPSJHRVQiIEd1aWQ9IjljNjgwOTc0LTU1OTItNDg4MS1iMzMzLWM2YzdhNzE1YjQ4NCIgVmVyc2lvbj0iMS4xIiBVcmw9Imh0dHBzOi8vd3d3Lmdvb2dsZS5jb20veGpzL18vanMvaz14anMucy5lbi56bGJTMUpaQkgway5PL209YWEsYWJkLGFzeW5jLGR2bCxmb290LGZwZSxpcHY2LGx1LG0sbXUsc2Ysc29uaWMsdGwsdnMsZDNsLHRudixtcm4sbWUsYXRuLFdnRHZ2Yy9hbT13Q0xrZEVFQXlQOEpnb2dFS3dnc1FJcGdHQkEvZXhtPXN4LHNiLGNkb3MsY3IsZWxvZyxoc20sanNhLHIsZCxjc2kvcnQ9ai9kPTEvZWQ9MS90PXpjbXMvcnM9QUNUOTBvSEtGbGt2UnVFQ1lZTlpaNUg2Z1B3S09uQjI0ZyIgVGhpbmtUaW1lPSIwIiBUaW1lb3V0PSIzMDAiIFBhcnNlRGVwZW5kZW50UmVxdWVzdHM9IlRydWUiIEZvbGxvd1JlZGlyZWN0cz0iVHJ1ZSIgUmVjb3JkUmVzdWx0PSJUcnVlIiBDYWNoZT0iRmFsc2UiIFJlc3BvbnNlVGltZUdvYWw9IjAiIEVuY29kaW5nPSJ1dGYtOCIgRXhwZWN0ZWRIdHRwU3RhdHVzQ29kZT0iMCIgRXhwZWN0ZWRSZXNwb25zZVVybD0iIiBSZXBvcnRpbmdOYW1lPSIiIElnbm9yZUh0dHBTdGF0dXNDb2RlPSJGYWxzZSI+DQogICAgICA8SGVhZGVycz4NCiAgICAgICAgPEhlYWRlciBOYW1lPSJSZWZlcmVyIiBWYWx1ZT0iaHR0cHM6Ly93d3cuZ29vZ2xlLmNvbS9zZWFyY2g/aGw9ancmYW1wO3NvdXJjZT1ocCZhbXA7ZWk9YWJ5V1dvcTZMTW1uNWdLUjdvX1FEZyZhbXA7cT1CdXNxdWVkYSZhbXA7b3E9QnVzcXVlZGEmYW1wO2dzX2w9cHN5LWFiLjMuLi4xNDA2LjcxNDkuMC44NTY2LjAuMC4wLjAuMC4wLjAuMC4uMC4wLi4uLjAuLi4xYy4xLjY0LnBzeS1hYi4uMC4wLjAuLi4uMC5zd2FVSHpvLW9UYyIgLz4NCiAgICAgIDwvSGVhZGVycz4NCiAgICAgIDxRdWVyeVN0cmluZ1BhcmFtZXRlcnM+DQogICAgICAgIDxRdWVyeVN0cmluZ1BhcmFtZXRlciBOYW1lPSJ4anMiIFZhbHVlPSJzMSIgUmVjb3JkZWRWYWx1ZT0iczEiIENvcnJlbGF0aW9uQmluZGluZz0iIiBVcmxFbmNvZGU9IkZhbHNlIiBVc2VUb0dyb3VwUmVzdWx0cz0iRmFsc2UiIC8+DQogICAgICA8L1F1ZXJ5U3RyaW5nUGFyYW1ldGVycz4NCiAgICA8L1JlcXVlc3Q+DQogICAgPFJlcXVlc3QgTWV0aG9kPSJHRVQiIEd1aWQ9IjU4NmY0YTg1LWMwM2ItNGI0MS1hMTk3LTZmMWY4ODMwYzYzZSIgVmVyc2lvbj0iMS4xIiBVcmw9Imh0dHBzOi8vd3d3Lmdvb2dsZS5jb20vY2xpZW50XzIwNCIgVGhpbmtUaW1lPSIwIiBUaW1lb3V0PSIzMDAiIFBhcnNlRGVwZW5kZW50UmVxdWVzdHM9IlRydWUiIEZvbGxvd1JlZGlyZWN0cz0iVHJ1ZSIgUmVjb3JkUmVzdWx0PSJUcnVlIiBDYWNoZT0iRmFsc2UiIFJlc3BvbnNlVGltZUdvYWw9IjAiIEVuY29kaW5nPSJ1dGYtOCIgRXhwZWN0ZWRIdHRwU3RhdHVzQ29kZT0iMCIgRXhwZWN0ZWRSZXNwb25zZVVybD0iIiBSZXBvcnRpbmdOYW1lPSIiIElnbm9yZUh0dHBTdGF0dXNDb2RlPSJGYWxzZSI+DQogICAgICA8SGVhZGVycz4NCiAgICAgICAgPEhlYWRlciBOYW1lPSJSZWZlcmVyIiBWYWx1ZT0iaHR0cHM6Ly93d3cuZ29vZ2xlLmNvbS9zZWFyY2g/aGw9ancmYW1wO3NvdXJjZT1ocCZhbXA7ZWk9YWJ5V1dvcTZMTW1uNWdLUjdvX1FEZyZhbXA7cT1CdXNxdWVkYSZhbXA7b3E9QnVzcXVlZGEmYW1wO2dzX2w9cHN5LWFiLjMuLi4xNDA2LjcxNDkuMC44NTY2LjAuMC4wLjAuMC4wLjAuMC4uMC4wLi4uLjAuLi4xYy4xLjY0LnBzeS1hYi4uMC4wLjAuLi4uMC5zd2FVSHpvLW9UYyIgLz4NCiAgICAgIDwvSGVhZGVycz4NCiAgICAgIDxRdWVyeVN0cmluZ1BhcmFtZXRlcnM+DQogICAgICAgIDxRdWVyeVN0cmluZ1BhcmFtZXRlciBOYW1lPSIiIFZhbHVlPSIiIFJlY29yZGVkVmFsdWU9IiIgQ29ycmVsYXRpb25CaW5kaW5nPSIiIFVybEVuY29kZT0iRmFsc2UiIFVzZVRvR3JvdXBSZXN1bHRzPSJGYWxzZSIgLz4NCiAgICAgICAgPFF1ZXJ5U3RyaW5nUGFyYW1ldGVyIE5hbWU9ImF0eXAiIFZhbHVlPSJpIiBSZWNvcmRlZFZhbHVlPSJpIiBDb3JyZWxhdGlvbkJpbmRpbmc9Int7UXVlcnlTdHJpbmdQYXJhbTU0NC5hdHlwfX0iIFVybEVuY29kZT0iRmFsc2UiIFVzZVRvR3JvdXBSZXN1bHRzPSJGYWxzZSIgLz4NCiAgICAgICAgPFF1ZXJ5U3RyaW5nUGFyYW1ldGVyIE5hbWU9ImJpdyIgVmFsdWU9IjExNzgiIFJlY29yZGVkVmFsdWU9IjExNzgiIENvcnJlbGF0aW9uQmluZGluZz0iIiBVcmxFbmNvZGU9IkZhbHNlIiBVc2VUb0dyb3VwUmVzdWx0cz0iRmFsc2UiIC8+DQogICAgICAgIDxRdWVyeVN0cmluZ1BhcmFtZXRlciBOYW1lPSJiaWgiIFZhbHVlPSI3ODIiIFJlY29yZGVkVmFsdWU9Ijc4MiIgQ29ycmVsYXRpb25CaW5kaW5nPSIiIFVybEVuY29kZT0iRmFsc2UiIFVzZVRvR3JvdXBSZXN1bHRzPSJGYWxzZSIgLz4NCiAgICAgICAgPFF1ZXJ5U3RyaW5nUGFyYW1ldGVyIE5hbWU9ImVpIiBWYWx1ZT0iYzd5V1d0ZUdJNmJ2NWdLZXNZZTRDQSIgUmVjb3JkZWRWYWx1ZT0iYzd5V1d0ZUdJNmJ2NWdLZXNZZTRDQSIgQ29ycmVsYXRpb25CaW5kaW5nPSJ7e1F1ZXJ5U3RyaW5nUGFyYW01NDcuZWl9fSIgVXJsRW5jb2RlPSJGYWxzZSIgVXNlVG9Hcm91cFJlc3VsdHM9IkZhbHNlIiAvPg0KICAgICAgPC9RdWVyeVN0cmluZ1BhcmFtZXRlcnM+DQogICAgPC9SZXF1ZXN0Pg0KICAgIDxSZXF1ZXN0IE1ldGhvZD0iR0VUIiBHdWlkPSJmYjU3NzE3NC04Zjc2LTQ3NmItOTg5ZC05OGJiNjUyZmI0MzMiIFZlcnNpb249IjEuMSIgVXJsPSJodHRwczovL3d3dy5nb29nbGUuY29tL2dlbl8yMDQiIFRoaW5rVGltZT0iMCIgVGltZW91dD0iMzAwIiBQYXJzZURlcGVuZGVudFJlcXVlc3RzPSJUcnVlIiBGb2xsb3dSZWRpcmVjdHM9IlRydWUiIFJlY29yZFJlc3VsdD0iVHJ1ZSIgQ2FjaGU9IkZhbHNlIiBSZXNwb25zZVRpbWVHb2FsPSIwIiBFbmNvZGluZz0idXRmLTgiIEV4cGVjdGVkSHR0cFN0YXR1c0NvZGU9IjAiIEV4cGVjdGVkUmVzcG9uc2VVcmw9IiIgUmVwb3J0aW5nTmFtZT0iIiBJZ25vcmVIdHRwU3RhdHVzQ29kZT0iRmFsc2UiPg0KICAgICAgPEhlYWRlcnM+DQogICAgICAgIDxIZWFkZXIgTmFtZT0iUmVmZXJlciIgVmFsdWU9Imh0dHBzOi8vd3d3Lmdvb2dsZS5jb20vc2VhcmNoP2hsPWp3JmFtcDtzb3VyY2U9aHAmYW1wO2VpPWFieVdXb3E2TE1tbjVnS1I3b19RRGcmYW1wO3E9QnVzcXVlZGEmYW1wO29xPUJ1c3F1ZWRhJmFtcDtnc19sPXBzeS1hYi4zLi4uMTQwNi43MTQ5LjAuODU2Ni4wLjAuMC4wLjAuMC4wLjAuLjAuMC4uLi4wLi4uMWMuMS42NC5wc3ktYWIuLjAuMC4wLi4uLjAuc3dhVUh6by1vVGMiIC8+DQogICAgICA8L0hlYWRlcnM+DQogICAgICA8UXVlcnlTdHJpbmdQYXJhbWV0ZXJzPg0KICAgICAgICA8UXVlcnlTdHJpbmdQYXJhbWV0ZXIgTmFtZT0iYXR5cCIgVmFsdWU9ImNzaSIgUmVjb3JkZWRWYWx1ZT0iY3NpIiBDb3JyZWxhdGlvbkJpbmRpbmc9Int7UXVlcnlTdHJpbmdQYXJhbTU3Mi5hdHlwfX0iIFVybEVuY29kZT0iRmFsc2UiIFVzZVRvR3JvdXBSZXN1bHRzPSJGYWxzZSIgLz4NCiAgICAgICAgPFF1ZXJ5U3RyaW5nUGFyYW1ldGVyIE5hbWU9ImVpIiBWYWx1ZT0iYzd5V1d0ZUdJNmJ2NWdLZXNZZTRDQSIgUmVjb3JkZWRWYWx1ZT0iYzd5V1d0ZUdJNmJ2NWdLZXNZZTRDQSIgQ29ycmVsYXRpb25CaW5kaW5nPSJ7e1F1ZXJ5U3RyaW5nUGFyYW01NzMuZWl9fSIgVXJsRW5jb2RlPSJGYWxzZSIgVXNlVG9Hcm91cFJlc3VsdHM9IkZhbHNlIiAvPg0KICAgICAgICA8UXVlcnlTdHJpbmdQYXJhbWV0ZXIgTmFtZT0icyIgVmFsdWU9IndlYiIgUmVjb3JkZWRWYWx1ZT0id2ViIiBDb3JyZWxhdGlvbkJpbmRpbmc9Int7UXVlcnlTdHJpbmdQYXJhbTU3NC5zfX0iIFVybEVuY29kZT0iRmFsc2UiIFVzZVRvR3JvdXBSZXN1bHRzPSJGYWxzZSIgLz4NCiAgICAgICAgPFF1ZXJ5U3RyaW5nUGFyYW1ldGVyIE5hbWU9ImltYyIgVmFsdWU9IjciIFJlY29yZGVkVmFsdWU9IjciIENvcnJlbGF0aW9uQmluZGluZz0iIiBVcmxFbmNvZGU9IkZhbHNlIiBVc2VUb0dyb3VwUmVzdWx0cz0iRmFsc2UiIC8+DQogICAgICAgIDxRdWVyeVN0cmluZ1BhcmFtZXRlciBOYW1lPSJpbW4iIFZhbHVlPSI3IiBSZWNvcmRlZFZhbHVlPSI3IiBDb3JyZWxhdGlvbkJpbmRpbmc9IiIgVXJsRW5jb2RlPSJGYWxzZSIgVXNlVG9Hcm91cFJlc3VsdHM9IkZhbHNlIiAvPg0KICAgICAgICA8UXVlcnlTdHJpbmdQYXJhbWV0ZXIgTmFtZT0iaW1wIiBWYWx1ZT0iMCIgUmVjb3JkZWRWYWx1ZT0iMCIgQ29ycmVsYXRpb25CaW5kaW5nPSIiIFVybEVuY29kZT0iRmFsc2UiIFVzZVRvR3JvdXBSZXN1bHRzPSJGYWxzZSIgLz4NCiAgICAgICAgPFF1ZXJ5U3RyaW5nUGFyYW1ldGVyIE5hbWU9ImFkaCIgVmFsdWU9IiIgUmVjb3JkZWRWYWx1ZT0iIiBDb3JyZWxhdGlvbkJpbmRpbmc9IiIgVXJsRW5jb2RlPSJGYWxzZSIgVXNlVG9Hcm91cFJlc3VsdHM9IkZhbHNlIiAvPg0KICAgICAgICA8UXVlcnlTdHJpbmdQYXJhbWV0ZXIgTmFtZT0icnQiIFZhbHVlPSJhZnQuMzY0LGRjbC40MDEsaW1sLjM2NCxvbC40NjEscHJ0LjM2NCx4anMuNjg5LHhqc2VlLjY4OSx4anNlcy41ODYseGpzbHMuNTEyLHNjdC4zMDIsd3NydC4yNzUsY3N0LjAsZG5zdC4wLHJxc3QuNDcxLHJzcHQuNDcwLHJxc3R0LjE2Nyx1bnQuMixjc3R0LjIsZGl0LjY3NiIgUmVjb3JkZWRWYWx1ZT0iYWZ0LjM2NCxkY2wuNDAxLGltbC4zNjQsb2wuNDYxLHBydC4zNjQseGpzLjY4OSx4anNlZS42ODkseGpzZXMuNTg2LHhqc2xzLjUxMixzY3QuMzAyLHdzcnQuMjc1LGNzdC4wLGRuc3QuMCxycXN0LjQ3MSxyc3B0LjQ3MCxycXN0dC4xNjcsdW50LjIsY3N0dC4yLGRpdC42NzYiIENvcnJlbGF0aW9uQmluZGluZz0iIiBVcmxFbmNvZGU9IkZhbHNlIiBVc2VUb0dyb3VwUmVzdWx0cz0iRmFsc2UiIC8+DQogICAgICAgIDxRdWVyeVN0cmluZ1BhcmFtZXRlciBOYW1lPSJ6eCIgVmFsdWU9IjE1MTk4Mjc5NzY0OTAiIFJlY29yZGVkVmFsdWU9IjE1MTk4Mjc5NzY0OTAiIENvcnJlbGF0aW9uQmluZGluZz0iIiBVcmxFbmNvZGU9IkZhbHNlIiBVc2VUb0dyb3VwUmVzdWx0cz0iRmFsc2UiIC8+DQogICAgICA8L1F1ZXJ5U3RyaW5nUGFyYW1ldGVycz4NCiAgICA8L1JlcXVlc3Q+DQogICAgPFJlcXVlc3QgTWV0aG9kPSJHRVQiIEd1aWQ9IjM4NzZmMjlmLTM1NTctNDE3ZC04YzkwLWZlNDExZmQ1OGI3NCIgVmVyc2lvbj0iMS4xIiBVcmw9Imh0dHBzOi8vd3d3LmdzdGF0aWMuY29tL29nL18vanMvaz1vZy5vZzIuZW5fVVMuUGhqWHVCSzY1d0EuTy9ydD1qL209ZGVmL2V4bT1pbixmb3QvZD0xL2VkPTEvcnM9QUEyWXJUdnluelFXMmh4MWM1NDVIN3dNM1B0dWVvRms3USIgVGhpbmtUaW1lPSIwIiBUaW1lb3V0PSIzMDAiIFBhcnNlRGVwZW5kZW50UmVxdWVzdHM9IlRydWUiIEZvbGxvd1JlZGlyZWN0cz0iVHJ1ZSIgUmVjb3JkUmVzdWx0PSJUcnVlIiBDYWNoZT0iRmFsc2UiIFJlc3BvbnNlVGltZUdvYWw9IjAiIEVuY29kaW5nPSJ1dGYtOCIgRXhwZWN0ZWRIdHRwU3RhdHVzQ29kZT0iMCIgRXhwZWN0ZWRSZXNwb25zZVVybD0iIiBSZXBvcnRpbmdOYW1lPSIiIElnbm9yZUh0dHBTdGF0dXNDb2RlPSJGYWxzZSI+DQogICAgICA8SGVhZGVycz4NCiAgICAgICAgPEhlYWRlciBOYW1lPSJSZWZlcmVyIiBWYWx1ZT0iaHR0cHM6Ly93d3cuZ29vZ2xlLmNvbS9zZWFyY2g/aGw9ancmYW1wO3NvdXJjZT1ocCZhbXA7ZWk9YWJ5V1dvcTZMTW1uNWdLUjdvX1FEZyZhbXA7cT1CdXNxdWVkYSZhbXA7b3E9QnVzcXVlZGEmYW1wO2dzX2w9cHN5LWFiLjMuLi4xNDA2LjcxNDkuMC44NTY2LjAuMC4wLjAuMC4wLjAuMC4uMC4wLi4uLjAuLi4xYy4xLjY0LnBzeS1hYi4uMC4wLjAuLi4uMC5zd2FVSHpvLW9UYyIgLz4NCiAgICAgIDwvSGVhZGVycz4NCiAgICA8L1JlcXVlc3Q+DQogICAgPFJlcXVlc3QgTWV0aG9kPSJHRVQiIEd1aWQ9ImIwMmU1M2YzLWFlZDQtNDJiMi05NTVlLTk1MGJlMTIxODRkZSIgVmVyc2lvbj0iMS4xIiBVcmw9Imh0dHBzOi8vYXBpcy5nb29nbGUuY29tL18vc2NzL2FiYy1zdGF0aWMvXy9qcy9rPWdhcGkuZ2FwaS5lbi44MXFjTlZBZFBQMC5PL209Z2FwaV9pZnJhbWVzLGdvb2dsZWFwaXNfY2xpZW50LHBsdXNvbmUvcnQ9ai9zdj0xL2Q9MS9lZD0xL2FtPUFBRS9ycz1BSHBPb28tcm5qSHFjdlJBbHh0Ry05Z01mVHJWOTBib0lBL2NiPWdhcGkubG9hZGVkXzAiIFRoaW5rVGltZT0iMCIgVGltZW91dD0iMzAwIiBQYXJzZURlcGVuZGVudFJlcXVlc3RzPSJUcnVlIiBGb2xsb3dSZWRpcmVjdHM9IlRydWUiIFJlY29yZFJlc3VsdD0iVHJ1ZSIgQ2FjaGU9IkZhbHNlIiBSZXNwb25zZVRpbWVHb2FsPSIwIiBFbmNvZGluZz0idXRmLTgiIEV4cGVjdGVkSHR0cFN0YXR1c0NvZGU9IjAiIEV4cGVjdGVkUmVzcG9uc2VVcmw9IiIgUmVwb3J0aW5nTmFtZT0iIiBJZ25vcmVIdHRwU3RhdHVzQ29kZT0iRmFsc2UiPg0KICAgICAgPEhlYWRlcnM+DQogICAgICAgIDxIZWFkZXIgTmFtZT0iUmVmZXJlciIgVmFsdWU9Imh0dHBzOi8vd3d3Lmdvb2dsZS5jb20vc2VhcmNoP2hsPWp3JmFtcDtzb3VyY2U9aHAmYW1wO2VpPWFieVdXb3E2TE1tbjVnS1I3b19RRGcmYW1wO3E9QnVzcXVlZGEmYW1wO29xPUJ1c3F1ZWRhJmFtcDtnc19sPXBzeS1hYi4zLi4uMTQwNi43MTQ5LjAuODU2Ni4wLjAuMC4wLjAuMC4wLjAuLjAuMC4uLi4wLi4uMWMuMS42NC5wc3ktYWIuLjAuMC4wLi4uLjAuc3dhVUh6by1vVGMiIC8+DQogICAgICA8L0hlYWRlcnM+DQogICAgPC9SZXF1ZXN0Pg0KICAgIDxSZXF1ZXN0IE1ldGhvZD0iR0VUIiBHdWlkPSJmMDJhZWRiYi05ZGE3LTQyYWItYjM3OS1kYTMzNTBkMzFkNjYiIFZlcnNpb249IjEuMSIgVXJsPSJodHRwczovL2Fkc2VydmljZS5nb29nbGUuY29tL2Fkc2lkL2dvb2dsZS91aSIgVGhpbmtUaW1lPSIwIiBUaW1lb3V0PSIzMDAiIFBhcnNlRGVwZW5kZW50UmVxdWVzdHM9IlRydWUiIEZvbGxvd1JlZGlyZWN0cz0iVHJ1ZSIgUmVjb3JkUmVzdWx0PSJUcnVlIiBDYWNoZT0iRmFsc2UiIFJlc3BvbnNlVGltZUdvYWw9IjAiIEVuY29kaW5nPSJ1dGYtOCIgRXhwZWN0ZWRIdHRwU3RhdHVzQ29kZT0iMCIgRXhwZWN0ZWRSZXNwb25zZVVybD0iIiBSZXBvcnRpbmdOYW1lPSIiIElnbm9yZUh0dHBTdGF0dXNDb2RlPSJGYWxzZSI+DQogICAgICA8SGVhZGVycz4NCiAgICAgICAgPEhlYWRlciBOYW1lPSJSZWZlcmVyIiBWYWx1ZT0iaHR0cHM6Ly93d3cuZ29vZ2xlLmNvbS9zZWFyY2g/aGw9ancmYW1wO3NvdXJjZT1ocCZhbXA7ZWk9YWJ5V1dvcTZMTW1uNWdLUjdvX1FEZyZhbXA7cT1CdXNxdWVkYSZhbXA7b3E9QnVzcXVlZGEmYW1wO2dzX2w9cHN5LWFiLjMuLi4xNDA2LjcxNDkuMC44NTY2LjAuMC4wLjAuMC4wLjAuMC4uMC4wLi4uLjAuLi4xYy4xLjY0LnBzeS1hYi4uMC4wLjAuLi4uMC5zd2FVSHpvLW9UYyIgLz4NCiAgICAgIDwvSGVhZGVycz4NCiAgICA8L1JlcXVlc3Q+DQogICAgPFJlcXVlc3QgTWV0aG9kPSJHRVQiIEd1aWQ9ImRkZWZjOTMzLTBkNWMtNDY5OC04Y2FlLWM3MjYzYmZlMjJjMyIgVmVyc2lvbj0iMS4xIiBVcmw9Imh0dHBzOi8vd3d3Lmdvb2dsZS5jb20veGpzL18vanMvaz14anMucy5lbi56bGJTMUpaQkgway5PL209Uk1oQmZlL2FtPXdDTGtkRUVBeVA4SmdvZ0VLd2dzUUlwZ0dCQS9leG09c3gsc2IsY2RvcyxjcixlbG9nLGhzbSxqc2EscixkLGNzaSxhYSxhYmQsYXN5bmMsZHZsLGZvb3QsZnBlLGlwdjYsbHUsbSxtdSxzZixzb25pYyx0bCx2cyxkM2wsdG52LG1ybixtZSxhdG4sV2dEdnZjL3J0PWovZD0xL2VkPTEvdD16Y21zL3JzPUFDVDkwb0hLRmxrdlJ1RUNZWU5aWjVINmdQd0tPbkIyNGciIFRoaW5rVGltZT0iMCIgVGltZW91dD0iMzAwIiBQYXJzZURlcGVuZGVudFJlcXVlc3RzPSJUcnVlIiBGb2xsb3dSZWRpcmVjdHM9IlRydWUiIFJlY29yZFJlc3VsdD0iVHJ1ZSIgQ2FjaGU9IkZhbHNlIiBSZXNwb25zZVRpbWVHb2FsPSIwIiBFbmNvZGluZz0idXRmLTgiIEV4cGVjdGVkSHR0cFN0YXR1c0NvZGU9IjAiIEV4cGVjdGVkUmVzcG9uc2VVcmw9IiIgUmVwb3J0aW5nTmFtZT0iIiBJZ25vcmVIdHRwU3RhdHVzQ29kZT0iRmFsc2UiPg0KICAgICAgPEhlYWRlcnM+DQogICAgICAgIDxIZWFkZXIgTmFtZT0iUmVmZXJlciIgVmFsdWU9Imh0dHBzOi8vd3d3Lmdvb2dsZS5jb20vc2VhcmNoP2hsPWp3JmFtcDtzb3VyY2U9aHAmYW1wO2VpPWFieVdXb3E2TE1tbjVnS1I3b19RRGcmYW1wO3E9QnVzcXVlZGEmYW1wO29xPUJ1c3F1ZWRhJmFtcDtnc19sPXBzeS1hYi4zLi4uMTQwNi43MTQ5LjAuODU2Ni4wLjAuMC4wLjAuMC4wLjAuLjAuMC4uLi4wLi4uMWMuMS42NC5wc3ktYWIuLjAuMC4wLi4uLjAuc3dhVUh6by1vVGMiIC8+DQogICAgICA8L0hlYWRlcnM+DQogICAgPC9SZXF1ZXN0Pg0KICA8L0l0ZW1zPg0KICA8VmFsaWRhdGlvblJ1bGVzPg0KICAgIDxWYWxpZGF0aW9uUnVsZSBDbGFzc25hbWU9Ik1pY3Jvc29mdC5WaXN1YWxTdHVkaW8uVGVzdFRvb2xzLldlYlRlc3RpbmcuUnVsZXMuVmFsaWRhdGVSZXNwb25zZVVybCwgTWljcm9zb2Z0LlZpc3VhbFN0dWRpby5RdWFsaXR5VG9vbHMuV2ViVGVzdEZyYW1ld29yaywgVmVyc2lvbj0xMC4wLjAuMCwgQ3VsdHVyZT1uZXV0cmFsLCBQdWJsaWNLZXlUb2tlbj1iMDNmNWY3ZjExZDUwYTNhIiBEaXNwbGF5TmFtZT0iUmVzcG9uc2UgVVJMIiBEZXNjcmlwdGlvbj0iVmFsaWRhdGVzIHRoYXQgdGhlIHJlc3BvbnNlIFVSTCBhZnRlciByZWRpcmVjdHMgYXJlIGZvbGxvd2VkIGlzIHRoZSBzYW1lIGFzIHRoZSByZWNvcmRlZCByZXNwb25zZSBVUkwuICBRdWVyeVN0cmluZyBwYXJhbWV0ZXJzIGFyZSBpZ25vcmVkLiIgTGV2ZWw9IkxvdyIgRXhlY3R1aW9uT3JkZXI9IkJlZm9yZURlcGVuZGVudHMiIC8+DQogICAgPFZhbGlkYXRpb25SdWxlIENsYXNzbmFtZT0iTWljcm9zb2Z0LlZpc3VhbFN0dWRpby5UZXN0VG9vbHMuV2ViVGVzdGluZy5SdWxlcy5WYWxpZGF0aW9uUnVsZVJlc3BvbnNlVGltZUdvYWwsIE1pY3Jvc29mdC5WaXN1YWxTdHVkaW8uUXVhbGl0eVRvb2xzLldlYlRlc3RGcmFtZXdvcmssIFZlcnNpb249MTAuMC4wLjAsIEN1bHR1cmU9bmV1dHJhbCwgUHVibGljS2V5VG9rZW49YjAzZjVmN2YxMWQ1MGEzYSIgRGlzcGxheU5hbWU9IlJlc3BvbnNlIFRpbWUgR29hbCIgRGVzY3JpcHRpb249IlZhbGlkYXRlcyB0aGF0IHRoZSByZXNwb25zZSB0aW1lIGZvciB0aGUgcmVxdWVzdCBpcyBsZXNzIHRoYW4gb3IgZXF1YWwgdG8gdGhlIHJlc3BvbnNlIHRpbWUgZ29hbCBhcyBzcGVjaWZpZWQgb24gdGhlIHJlcXVlc3QuICBSZXNwb25zZSB0aW1lIGdvYWxzIG9mIHplcm8gd2lsbCBiZSBpZ25vcmVkLiIgTGV2ZWw9IkxvdyIgRXhlY3R1aW9uT3JkZXI9IkFmdGVyRGVwZW5kZW50cyI+DQogICAgICA8UnVsZVBhcmFtZXRlcnM+DQogICAgICAgIDxSdWxlUGFyYW1ldGVyIE5hbWU9IlRvbGVyYW5jZSIgVmFsdWU9IjAiIC8+DQogICAgICA8L1J1bGVQYXJhbWV0ZXJzPg0KICAgIDwvVmFsaWRhdGlvblJ1bGU+DQogIDwvVmFsaWRhdGlvblJ1bGVzPg0KPC9XZWJUZXN0Pg==">
      <Execution id="c9705675-f3d0-40d3-a873-064a0f541421" />
    </WebTest>
  </TestDefinitions>
  <TestLists>
    <TestList name="Results Not in a List" id="8c84fa94-04c1-424b-9868-57a2d4851a1d" />
    <TestList name="All Loaded Results" id="19431567-8539-422a-85d7-44ee4e166bda" />
  </TestLists>
  <TestEntries>
    <TestEntry isTransparent="false" testId="ce52c5be-b2c3-472c-bc59-73318cd1e4ec" executionId="c9705675-f3d0-40d3-a873-064a0f541421" testListId="8c84fa94-04c1-424b-9868-57a2d4851a1d" />
  </TestEntries>
  <Results>
    <WebTestResult executionId="c9705675-f3d0-40d3-a873-064a0f541421" testId="ce52c5be-b2c3-472c-bc59-73318cd1e4ec" testName="WebTest1" computerName="2CFDHS1" duration="00:00:04.7136489" startTime="2018-02-28T08:29:53.8106889-06:00" testType="4e7599fa-5ecb-43e9-a887-cd63cf72d207" testListId="8c84fa94-04c1-424b-9868-57a2d4851a1d" relativeResultsDirectory="c9705675-f3d0-40d3-a873-064a0f541421">
      <Output>
        <ErrorInfo>
          <Message>The test adapter 'WebTestAdapter' threw an exception while running test 'WebTest1'. Thread was being aborted.</Message>
        </ErrorInfo>
      </Output>
      <ResultFiles>
        <ResultFile path="WebTest1.webtestResult" />
      </ResultFiles>
      <TestSettings name="Local" id="08daa5cd-975a-458b-9aa8-97caecb1c000">
        <Description>These are default test settings for a local test run.</Description>
        <Execution>
          <TestTypeSpecific>
            <WebTestRunConfiguration testTypeId="4e7599fa-5ecb-43e9-a887-cd63cf72d207">
              <Browser name="Internet Explorer 9.0" MaxConnections="6">
                <Headers>
                  <Header name="User-Agent" value="Mozilla/5.0 (compatible; MSIE 9.0; Windows NT 6.1; Trident/5.0)" />
                  <Header name="Accept" value="*/*" />
                  <Header name="Accept-Language" value="{{$IEAcceptLanguage}}" />
                  <Header name="Accept-Encoding" value="GZIP" />
                </Headers>
              </Browser>
            </WebTestRunConfiguration>
          </TestTypeSpecific>
          <AgentRule name="Execution Agents">
          </AgentRule>
        </Execution>
        <Deployment runDeploymentRoot="dmorales_2CFDHS1 2018-02-28 08_29_53" />
        <Properties>
          <Property name="TestSettingsUIType" value="LoadTest" />
        </Properties>
      </TestSettings>
      <WebTestResultFilePath>dmorales_2CFDHS1 2018-02-28 08_29_53\In\c9705675-f3d0-40d3-a873-064a0f541421\WebTest1.webtestResult</WebTestResultFilePath>
    </WebTestResult>
  </Results>
</TestRun>